{"gl2_source_collector":"334daab2-1164-403b-a378-aa853de9d73b","AccountType":"User","@timestamp":"2023-05-04T09:16:51.000Z","source_host":"172.16.145.103","message":"%SYSTEM32%\\TASKHOSTW.EXE was allowed to run.","AccountName":"jaumma","Keywords":-9223372036854775808,"Channel":"Microsoft-Windows-AppLocker/EXE and DLL","Version":0,"RecordNumber":8484,"SourceModuleName":"eventlog","OpcodeValue":0,"Task":0,"host":"APPSERVER1.demo.io","Domain":"DEMO","ThreadID":2364,"version":"1.1","@version":"1","SeverityValue":2,"Opcode":"Info","level":6,"ProcessID":1480,"UserID":"S-1-5-21-1800276383-1142253265-156682520-1422","EventType":"INFO","SourceName":"Microsoft-Windows-AppLocker","ProviderGuid":"{CBDA4DBF-8D5D-4F69-9578-BE14AA540D22}","SourceModuleType":"im_msvistalog","EventReceivedTime":"2023-05-04 09:16:52","Severity":"INFO","EventID":8002,"collector_node_id":"APPSERVER1"}
{"gl2_source_collector":"334daab2-1164-403b-a378-aa853de9d73b","AccountType":"User","@timestamp":"2023-05-04T09:16:51.000Z","source_host":"172.16.145.103","message":"%SYSTEM32%\\WLRMDR.EXE was allowed to run.","AccountName":"jaumma","Keywords":-9223372036854775808,"Channel":"Microsoft-Windows-AppLocker/EXE and DLL","Version":0,"RecordNumber":8485,"SourceModuleName":"eventlog","OpcodeValue":0,"Task":0,"host":"APPSERVER1.demo.io","Domain":"DEMO","ThreadID":2792,"version":"1.1","@version":"1","SeverityValue":2,"Opcode":"Info","level":6,"ProcessID":568,"UserID":"S-1-5-21-1800276383-1142253265-156682520-1422","EventType":"INFO","SourceName":"Microsoft-Windows-AppLocker","ProviderGuid":"{CBDA4DBF-8D5D-4F69-9578-BE14AA540D22}","SourceModuleType":"im_msvistalog","EventReceivedTime":"2023-05-04 09:16:52","Severity":"INFO","EventID":8002,"collector_node_id":"APPSERVER1"}
{"gl2_source_collector":"334daab2-1164-403b-a378-aa853de9d73b","AccountType":"User","@timestamp":"2023-05-04T09:16:54.000Z","source_host":"172.16.145.103","message":"%PROGRAMFILES%\\MICROSOFT\\EDGE\\APPLICATION\\MSEDGE.EXE was allowed to run.","AccountName":"jaumma","Keywords":-9223372036854775808,"Channel":"Microsoft-Windows-AppLocker/EXE and DLL","Version":0,"RecordNumber":8486,"SourceModuleName":"eventlog","OpcodeValue":0,"Task":0,"host":"APPSERVER1.demo.io","Domain":"DEMO","ThreadID":4820,"version":"1.1","@version":"1","SeverityValue":2,"Opcode":"Info","level":6,"ProcessID":1412,"UserID":"S-1-5-21-1800276383-1142253265-156682520-1422","EventType":"INFO","SourceName":"Microsoft-Windows-AppLocker","ProviderGuid":"{CBDA4DBF-8D5D-4F69-9578-BE14AA540D22}","SourceModuleType":"im_msvistalog","EventReceivedTime":"2023-05-04 09:16:56","Severity":"INFO","EventID":8002,"collector_node_id":"APPSERVER1"}
{"gl2_source_collector":"334daab2-1164-403b-a378-aa853de9d73b","AccountType":"User","@timestamp":"2023-05-04T09:16:54.000Z","source_host":"172.16.145.103","message":"%PROGRAMFILES%\\MICROSOFT\\EDGE\\APPLICATION\\MSEDGE.EXE was allowed to run.","AccountName":"jaumma","Keywords":-9223372036854775808,"Channel":"Microsoft-Windows-AppLocker/EXE and DLL","Version":0,"RecordNumber":8487,"SourceModuleName":"eventlog","OpcodeValue":0,"Task":0,"host":"APPSERVER1.demo.io","Domain":"DEMO","ThreadID":4508,"version":"1.1","@version":"1","SeverityValue":2,"Opcode":"Info","level":6,"ProcessID":4824,"UserID":"S-1-5-21-1800276383-1142253265-156682520-1422","EventType":"INFO","SourceName":"Microsoft-Windows-AppLocker","ProviderGuid":"{CBDA4DBF-8D5D-4F69-9578-BE14AA540D22}","SourceModuleType":"im_msvistalog","EventReceivedTime":"2023-05-04 09:16:56","Severity":"INFO","EventID":8002,"collector_node_id":"APPSERVER1"}
{"gl2_source_collector":"334daab2-1164-403b-a378-aa853de9d73b","AccountType":"User","@timestamp":"2023-05-04T09:16:55.000Z","source_host":"172.16.145.103","message":"%PROGRAMFILES%\\MICROSOFT\\EDGE\\APPLICATION\\MSEDGE.EXE was allowed to run.","AccountName":"jaumma","Keywords":-9223372036854775808,"Channel":"Microsoft-Windows-AppLocker/EXE and DLL","Version":0,"RecordNumber":8488,"SourceModuleName":"eventlog","OpcodeValue":0,"Task":0,"host":"APPSERVER1.demo.io","Domain":"DEMO","ThreadID":5052,"version":"1.1","@version":"1","SeverityValue":2,"Opcode":"Info","level":6,"ProcessID":4824,"UserID":"S-1-5-21-1800276383-1142253265-156682520-1422","EventType":"INFO","SourceName":"Microsoft-Windows-AppLocker","ProviderGuid":"{CBDA4DBF-8D5D-4F69-9578-BE14AA540D22}","SourceModuleType":"im_msvistalog","EventReceivedTime":"2023-05-04 09:16:56","Severity":"INFO","EventID":8002,"collector_node_id":"APPSERVER1"}
{"gl2_source_collector":"334daab2-1164-403b-a378-aa853de9d73b","AccountType":"User","@timestamp":"2023-05-04T09:16:55.000Z","source_host":"172.16.145.103","message":"%PROGRAMFILES%\\MICROSOFT\\EDGE\\APPLICATION\\MSEDGE.EXE was allowed to run.","AccountName":"jaumma","Keywords":-9223372036854775808,"Channel":"Microsoft-Windows-AppLocker/EXE and DLL","Version":0,"RecordNumber":8489,"SourceModuleName":"eventlog","OpcodeValue":0,"Task":0,"host":"APPSERVER1.demo.io","Domain":"DEMO","ThreadID":5052,"version":"1.1","@version":"1","SeverityValue":2,"Opcode":"Info","level":6,"ProcessID":4824,"UserID":"S-1-5-21-1800276383-1142253265-156682520-1422","EventType":"INFO","SourceName":"Microsoft-Windows-AppLocker","ProviderGuid":"{CBDA4DBF-8D5D-4F69-9578-BE14AA540D22}","SourceModuleType":"im_msvistalog","EventReceivedTime":"2023-05-04 09:16:56","Severity":"INFO","EventID":8002,"collector_node_id":"APPSERVER1"}
{"gl2_source_collector":"334daab2-1164-403b-a378-aa853de9d73b","AccountType":"User","@timestamp":"2023-05-04T09:16:55.000Z","source_host":"172.16.145.103","message":"%PROGRAMFILES%\\MICROSOFT\\EDGE\\APPLICATION\\MSEDGE.EXE was allowed to run.","AccountName":"jaumma","Keywords":-9223372036854775808,"Channel":"Microsoft-Windows-AppLocker/EXE and DLL","Version":0,"RecordNumber":8490,"SourceModuleName":"eventlog","OpcodeValue":0,"Task":0,"host":"APPSERVER1.demo.io","Domain":"DEMO","ThreadID":5052,"version":"1.1","@version":"1","SeverityValue":2,"Opcode":"Info","level":6,"ProcessID":4824,"UserID":"S-1-5-21-1800276383-1142253265-156682520-1422","EventType":"INFO","SourceName":"Microsoft-Windows-AppLocker","ProviderGuid":"{CBDA4DBF-8D5D-4F69-9578-BE14AA540D22}","SourceModuleType":"im_msvistalog","EventReceivedTime":"2023-05-04 09:16:56","Severity":"INFO","EventID":8002,"collector_node_id":"APPSERVER1"}
{"gl2_source_collector":"334daab2-1164-403b-a378-aa853de9d73b","AccountType":"User","@timestamp":"2023-05-04T09:16:55.000Z","source_host":"172.16.145.103","message":"%PROGRAMFILES%\\MICROSOFT\\EDGE\\APPLICATION\\MSEDGE.EXE was allowed to run.","AccountName":"jaumma","Keywords":-9223372036854775808,"Channel":"Microsoft-Windows-AppLocker/EXE and DLL","Version":0,"RecordNumber":8491,"SourceModuleName":"eventlog","OpcodeValue":0,"Task":0,"host":"APPSERVER1.demo.io","Domain":"DEMO","ThreadID":5052,"version":"1.1","@version":"1","SeverityValue":2,"Opcode":"Info","level":6,"ProcessID":4824,"UserID":"S-1-5-21-1800276383-1142253265-156682520-1422","EventType":"INFO","SourceName":"Microsoft-Windows-AppLocker","ProviderGuid":"{CBDA4DBF-8D5D-4F69-9578-BE14AA540D22}","SourceModuleType":"im_msvistalog","EventReceivedTime":"2023-05-04 09:16:56","Severity":"INFO","EventID":8002,"collector_node_id":"APPSERVER1"}
{"gl2_source_collector":"334daab2-1164-403b-a378-aa853de9d73b","AccountType":"User","@timestamp":"2023-05-04T09:16:55.000Z","source_host":"172.16.145.103","message":"%PROGRAMFILES%\\MICROSOFT\\EDGE\\APPLICATION\\MSEDGE.EXE was allowed to run.","AccountName":"jaumma","Keywords":-9223372036854775808,"Channel":"Microsoft-Windows-AppLocker/EXE and DLL","Version":0,"RecordNumber":8492,"SourceModuleName":"eventlog","OpcodeValue":0,"Task":0,"host":"APPSERVER1.demo.io","Domain":"DEMO","ThreadID":5052,"version":"1.1","@version":"1","SeverityValue":2,"Opcode":"Info","level":6,"ProcessID":4824,"UserID":"S-1-5-21-1800276383-1142253265-156682520-1422","EventType":"INFO","SourceName":"Microsoft-Windows-AppLocker","ProviderGuid":"{CBDA4DBF-8D5D-4F69-9578-BE14AA540D22}","SourceModuleType":"im_msvistalog","EventReceivedTime":"2023-05-04 09:16:56","Severity":"INFO","EventID":8002,"collector_node_id":"APPSERVER1"}
{"gl2_source_collector":"334daab2-1164-403b-a378-aa853de9d73b","AccountType":"User","@timestamp":"2023-05-04T09:16:55.000Z","source_host":"172.16.145.103","message":"%PROGRAMFILES%\\MICROSOFT\\EDGE\\APPLICATION\\MSEDGE.EXE was allowed to run.","AccountName":"jaumma","Keywords":-9223372036854775808,"Channel":"Microsoft-Windows-AppLocker/EXE and DLL","Version":0,"RecordNumber":8493,"SourceModuleName":"eventlog","OpcodeValue":0,"Task":0,"host":"APPSERVER1.demo.io","Domain":"DEMO","ThreadID":5052,"version":"1.1","@version":"1","SeverityValue":2,"Opcode":"Info","level":6,"ProcessID":4824,"UserID":"S-1-5-21-1800276383-1142253265-156682520-1422","EventType":"INFO","SourceName":"Microsoft-Windows-AppLocker","ProviderGuid":"{CBDA4DBF-8D5D-4F69-9578-BE14AA540D22}","SourceModuleType":"im_msvistalog","EventReceivedTime":"2023-05-04 09:16:56","Severity":"INFO","EventID":8002,"collector_node_id":"APPSERVER1"}
{"gl2_source_collector":"334daab2-1164-403b-a378-aa853de9d73b","AccountType":"User","@timestamp":"2023-05-04T09:16:55.000Z","source_host":"172.16.145.103","message":"%PROGRAMFILES%\\MICROSOFT\\EDGE\\APPLICATION\\MSEDGE.EXE was allowed to run.","AccountName":"jaumma","Keywords":-9223372036854775808,"Channel":"Microsoft-Windows-AppLocker/EXE and DLL","Version":0,"RecordNumber":8494,"SourceModuleName":"eventlog","OpcodeValue":0,"Task":0,"host":"APPSERVER1.demo.io","Domain":"DEMO","ThreadID":5052,"version":"1.1","@version":"1","SeverityValue":2,"Opcode":"Info","level":6,"ProcessID":4824,"UserID":"S-1-5-21-1800276383-1142253265-156682520-1422","EventType":"INFO","SourceName":"Microsoft-Windows-AppLocker","ProviderGuid":"{CBDA4DBF-8D5D-4F69-9578-BE14AA540D22}","SourceModuleType":"im_msvistalog","EventReceivedTime":"2023-05-04 09:16:57","Severity":"INFO","EventID":8002,"collector_node_id":"APPSERVER1"}
{"gl2_source_collector":"334daab2-1164-403b-a378-aa853de9d73b","AccountType":"User","@timestamp":"2023-05-04T09:16:56.000Z","source_host":"172.16.145.103","message":"MICROSOFT.AAD.BROKERPLUGIN was allowed to run.","AccountName":"jaumma","Keywords":2305843009213693952,"Channel":"Microsoft-Windows-AppLocker/Packaged app-Execution","Version":0,"RecordNumber":885,"SourceModuleName":"eventlog","OpcodeValue":0,"Task":0,"host":"APPSERVER1.demo.io","Domain":"DEMO","ThreadID":944,"version":"1.1","@version":"1","SeverityValue":2,"Opcode":"Info","level":6,"ProcessID":764,"UserID":"S-1-5-21-1800276383-1142253265-156682520-1422","EventType":"INFO","SourceName":"Microsoft-Windows-AppLocker","ProviderGuid":"{CBDA4DBF-8D5D-4F69-9578-BE14AA540D22}","SourceModuleType":"im_msvistalog","EventReceivedTime":"2023-05-04 09:16:57","Severity":"INFO","EventID":8020,"collector_node_id":"APPSERVER1"}
{"gl2_source_collector":"334daab2-1164-403b-a378-aa853de9d73b","AccountType":"User","@timestamp":"2023-05-04T09:16:56.000Z","source_host":"172.16.145.103","message":"MICROSOFT.AAD.BROKERPLUGIN was allowed to run.","AccountName":"jaumma","Keywords":2305843009213693952,"Channel":"Microsoft-Windows-AppLocker/Packaged app-Execution","Version":0,"RecordNumber":886,"SourceModuleName":"eventlog","OpcodeValue":0,"Task":0,"host":"APPSERVER1.demo.io","Domain":"DEMO","ThreadID":944,"version":"1.1","@version":"1","SeverityValue":2,"Opcode":"Info","level":6,"ProcessID":764,"UserID":"S-1-5-21-1800276383-1142253265-156682520-1422","EventType":"INFO","SourceName":"Microsoft-Windows-AppLocker","ProviderGuid":"{CBDA4DBF-8D5D-4F69-9578-BE14AA540D22}","SourceModuleType":"im_msvistalog","EventReceivedTime":"2023-05-04 09:16:57","Severity":"INFO","EventID":8020,"collector_node_id":"APPSERVER1"}
{"gl2_source_collector":"334daab2-1164-403b-a378-aa853de9d73b","AccountType":"User","@timestamp":"2023-05-04T09:16:59.000Z","source_host":"172.16.145.103","message":"%SYSTEM32%\\MUSNOTIFICATIONUX.EXE was allowed to run.","AccountName":"SYSTEM","Keywords":-9223372036854775808,"Channel":"Microsoft-Windows-AppLocker/EXE and DLL","Version":0,"RecordNumber":8495,"SourceModuleName":"eventlog","OpcodeValue":0,"Task":0,"host":"APPSERVER1.demo.io","Domain":"NT AUTHORITY","ThreadID":3888,"version":"1.1","@version":"1","SeverityValue":2,"Opcode":"Info","level":6,"ProcessID":3964,"UserID":"S-1-5-18","EventType":"INFO","SourceName":"Microsoft-Windows-AppLocker","ProviderGuid":"{CBDA4DBF-8D5D-4F69-9578-BE14AA540D22}","SourceModuleType":"im_msvistalog","EventReceivedTime":"2023-05-04 09:17:00","Severity":"INFO","EventID":8002,"collector_node_id":"APPSERVER1"}
{"gl2_source_collector":"334daab2-1164-403b-a378-aa853de9d73b","AccountType":"User","@timestamp":"2023-05-04T09:16:59.000Z","source_host":"172.16.145.103","message":"%SYSTEM32%\\MUSNOTIFICATIONUX.EXE was allowed to run.","AccountName":"SYSTEM","Keywords":-9223372036854775808,"Channel":"Microsoft-Windows-AppLocker/EXE and DLL","Version":0,"RecordNumber":8496,"SourceModuleName":"eventlog","OpcodeValue":0,"Task":0,"host":"APPSERVER1.demo.io","Domain":"NT AUTHORITY","ThreadID":3888,"version":"1.1","@version":"1","SeverityValue":2,"Opcode":"Info","level":6,"ProcessID":3964,"UserID":"S-1-5-18","EventType":"INFO","SourceName":"Microsoft-Windows-AppLocker","ProviderGuid":"{CBDA4DBF-8D5D-4F69-9578-BE14AA540D22}","SourceModuleType":"im_msvistalog","EventReceivedTime":"2023-05-04 09:17:00","Severity":"INFO","EventID":8002,"collector_node_id":"APPSERVER1"}
{"gl2_source_collector":"334daab2-1164-403b-a378-aa853de9d73b","AccountType":"User","@timestamp":"2023-05-04T09:17:00.000Z","source_host":"172.16.145.103","message":"MICROSOFT.WINDOWS.SHELLEXPERIENCEHOST was allowed to run.","AccountName":"jaumma","Keywords":2305843009213693952,"Channel":"Microsoft-Windows-AppLocker/Packaged app-Execution","Version":0,"RecordNumber":887,"SourceModuleName":"eventlog","OpcodeValue":0,"Task":0,"host":"APPSERVER1.demo.io","Domain":"DEMO","ThreadID":2668,"version":"1.1","@version":"1","SeverityValue":2,"Opcode":"Info","level":6,"ProcessID":764,"UserID":"S-1-5-21-1800276383-1142253265-156682520-1422","EventType":"INFO","SourceName":"Microsoft-Windows-AppLocker","ProviderGuid":"{CBDA4DBF-8D5D-4F69-9578-BE14AA540D22}","SourceModuleType":"im_msvistalog","EventReceivedTime":"2023-05-04 09:17:00","Severity":"INFO","EventID":8020,"collector_node_id":"APPSERVER1"}
{"gl2_source_collector":"334daab2-1164-403b-a378-aa853de9d73b","AccountType":"User","@timestamp":"2023-05-04T09:17:00.000Z","source_host":"172.16.145.103","message":"MICROSOFT.WINDOWS.SHELLEXPERIENCEHOST was allowed to run.","AccountName":"jaumma","Keywords":2305843009213693952,"Channel":"Microsoft-Windows-AppLocker/Packaged app-Execution","Version":0,"RecordNumber":888,"SourceModuleName":"eventlog","OpcodeValue":0,"Task":0,"host":"APPSERVER1.demo.io","Domain":"DEMO","ThreadID":2668,"version":"1.1","@version":"1","SeverityValue":2,"Opcode":"Info","level":6,"ProcessID":764,"UserID":"S-1-5-21-1800276383-1142253265-156682520-1422","EventType":"INFO","SourceName":"Microsoft-Windows-AppLocker","ProviderGuid":"{CBDA4DBF-8D5D-4F69-9578-BE14AA540D22}","SourceModuleType":"im_msvistalog","EventReceivedTime":"2023-05-04 09:17:02","Severity":"INFO","EventID":8020,"collector_node_id":"APPSERVER1"}
{"gl2_source_collector":"334daab2-1164-403b-a378-aa853de9d73b","AccountType":"User","@timestamp":"2023-05-04T09:17:03.000Z","source_host":"172.16.145.103","message":"%SYSTEM32%\\WIN32CALC.EXE was allowed to run.","AccountName":"jaumma","Keywords":-9223372036854775808,"Channel":"Microsoft-Windows-AppLocker/EXE and DLL","Version":0,"RecordNumber":8497,"SourceModuleName":"eventlog","OpcodeValue":0,"Task":0,"host":"APPSERVER1.demo.io","Domain":"DEMO","ThreadID":3948,"version":"1.1","@version":"1","SeverityValue":2,"Opcode":"Info","level":6,"ProcessID":1412,"UserID":"S-1-5-21-1800276383-1142253265-156682520-1422","EventType":"INFO","SourceName":"Microsoft-Windows-AppLocker","ProviderGuid":"{CBDA4DBF-8D5D-4F69-9578-BE14AA540D22}","SourceModuleType":"im_msvistalog","EventReceivedTime":"2023-05-04 09:17:05","Severity":"INFO","EventID":8002,"collector_node_id":"APPSERVER1"}
{"gl2_source_collector":"334daab2-1164-403b-a378-aa853de9d73b","AccountType":"User","@timestamp":"2023-05-04T09:17:06.000Z","source_host":"172.16.145.103","message":"%SYSTEM32%\\CHARMAP.EXE was allowed to run.","AccountName":"jaumma","Keywords":-9223372036854775808,"Channel":"Microsoft-Windows-AppLocker/EXE and DLL","Version":0,"RecordNumber":8498,"SourceModuleName":"eventlog","OpcodeValue":0,"Task":0,"host":"APPSERVER1.demo.io","Domain":"DEMO","ThreadID":3948,"version":"1.1","@version":"1","SeverityValue":2,"Opcode":"Info","level":6,"ProcessID":1412,"UserID":"S-1-5-21-1800276383-1142253265-156682520-1422","EventType":"INFO","SourceName":"Microsoft-Windows-AppLocker","ProviderGuid":"{CBDA4DBF-8D5D-4F69-9578-BE14AA540D22}","SourceModuleType":"im_msvistalog","EventReceivedTime":"2023-05-04 09:17:07","Severity":"INFO","EventID":8002,"collector_node_id":"APPSERVER1"}
{"gl2_source_collector":"334daab2-1164-403b-a378-aa853de9d73b","AccountType":"User","@timestamp":"2023-05-04T09:17:09.000Z","source_host":"172.16.145.103","message":"%PROGRAMFILES%\\MICROSOFT\\EDGE\\APPLICATION\\112.0.1722.68\\BHO\\IE_TO_EDGE_STUB.EXE was allowed to run.","AccountName":"jaumma","Keywords":-9223372036854775808,"Channel":"Microsoft-Windows-AppLocker/EXE and DLL","Version":0,"RecordNumber":8503,"SourceModuleName":"eventlog","OpcodeValue":0,"Task":0,"host":"APPSERVER1.demo.io","Domain":"DEMO","ThreadID":5788,"version":"1.1","@version":"1","SeverityValue":2,"Opcode":"Info","level":6,"ProcessID":5736,"UserID":"S-1-5-21-1800276383-1142253265-156682520-1422","EventType":"INFO","SourceName":"Microsoft-Windows-AppLocker","ProviderGuid":"{CBDA4DBF-8D5D-4F69-9578-BE14AA540D22}","SourceModuleType":"im_msvistalog","EventReceivedTime":"2023-05-04 09:17:10","Severity":"INFO","EventID":8002,"collector_node_id":"APPSERVER1"}
{"gl2_source_collector":"334daab2-1164-403b-a378-aa853de9d73b","AccountType":"User","@timestamp":"2023-05-04T09:17:09.000Z","source_host":"172.16.145.103","message":"%PROGRAMFILES%\\MICROSOFT\\EDGE\\APPLICATION\\112.0.1722.68\\BHO\\IE_TO_EDGE_STUB.EXE was allowed to run.","AccountName":"jaumma","Keywords":-9223372036854775808,"Channel":"Microsoft-Windows-AppLocker/EXE and DLL","Version":0,"RecordNumber":8504,"SourceModuleName":"eventlog","OpcodeValue":0,"Task":0,"host":"APPSERVER1.demo.io","Domain":"DEMO","ThreadID":5708,"version":"1.1","@version":"1","SeverityValue":2,"Opcode":"Info","level":6,"ProcessID":5688,"UserID":"S-1-5-21-1800276383-1142253265-156682520-1422","EventType":"INFO","SourceName":"Microsoft-Windows-AppLocker","ProviderGuid":"{CBDA4DBF-8D5D-4F69-9578-BE14AA540D22}","SourceModuleType":"im_msvistalog","EventReceivedTime":"2023-05-04 09:17:10","Severity":"INFO","EventID":8002,"collector_node_id":"APPSERVER1"}
{"gl2_source_collector":"334daab2-1164-403b-a378-aa853de9d73b","AccountType":"User","@timestamp":"2023-05-04T09:17:09.000Z","source_host":"172.16.145.103","message":"%PROGRAMFILES%\\MICROSOFT\\EDGE\\APPLICATION\\MSEDGE.EXE was allowed to run.","AccountName":"jaumma","Keywords":-9223372036854775808,"Channel":"Microsoft-Windows-AppLocker/EXE and DLL","Version":0,"RecordNumber":8505,"SourceModuleName":"eventlog","OpcodeValue":0,"Task":0,"host":"APPSERVER1.demo.io","Domain":"DEMO","ThreadID":5808,"version":"1.1","@version":"1","SeverityValue":2,"Opcode":"Info","level":6,"ProcessID":5804,"UserID":"S-1-5-21-1800276383-1142253265-156682520-1422","EventType":"INFO","SourceName":"Microsoft-Windows-AppLocker","ProviderGuid":"{CBDA4DBF-8D5D-4F69-9578-BE14AA540D22}","SourceModuleType":"im_msvistalog","EventReceivedTime":"2023-05-04 09:17:10","Severity":"INFO","EventID":8002,"collector_node_id":"APPSERVER1"}
{"gl2_source_collector":"334daab2-1164-403b-a378-aa853de9d73b","AccountType":"User","@timestamp":"2023-05-04T09:17:09.000Z","source_host":"172.16.145.103","message":"%PROGRAMFILES%\\MICROSOFT\\EDGE\\APPLICATION\\MSEDGE.EXE was allowed to run.","AccountName":"jaumma","Keywords":-9223372036854775808,"Channel":"Microsoft-Windows-AppLocker/EXE and DLL","Version":0,"RecordNumber":8506,"SourceModuleName":"eventlog","OpcodeValue":0,"Task":0,"host":"APPSERVER1.demo.io","Domain":"DEMO","ThreadID":5880,"version":"1.1","@version":"1","SeverityValue":2,"Opcode":"Info","level":6,"ProcessID":5860,"UserID":"S-1-5-21-1800276383-1142253265-156682520-1422","EventType":"INFO","SourceName":"Microsoft-Windows-AppLocker","ProviderGuid":"{CBDA4DBF-8D5D-4F69-9578-BE14AA540D22}","SourceModuleType":"im_msvistalog","EventReceivedTime":"2023-05-04 09:17:10","Severity":"INFO","EventID":8002,"collector_node_id":"APPSERVER1"}
{"gl2_source_collector":"334daab2-1164-403b-a378-aa853de9d73b","AccountType":"User","@timestamp":"2023-05-04T09:17:08.000Z","source_host":"172.16.145.103","message":"%PROGRAMFILES%\\INTERNET EXPLORER\\IEXPLORE.EXE was allowed to run.","AccountName":"jaumma","Keywords":-9223372036854775808,"Channel":"Microsoft-Windows-AppLocker/EXE and DLL","Version":0,"RecordNumber":8499,"SourceModuleName":"eventlog","OpcodeValue":0,"Task":0,"host":"APPSERVER1.demo.io","Domain":"DEMO","ThreadID":3948,"version":"1.1","@version":"1","SeverityValue":2,"Opcode":"Info","level":6,"ProcessID":1412,"UserID":"S-1-5-21-1800276383-1142253265-156682520-1422","EventType":"INFO","SourceName":"Microsoft-Windows-AppLocker","ProviderGuid":"{CBDA4DBF-8D5D-4F69-9578-BE14AA540D22}","SourceModuleType":"im_msvistalog","EventReceivedTime":"2023-05-04 09:17:10","Severity":"INFO","EventID":8002,"collector_node_id":"APPSERVER1"}
{"gl2_source_collector":"334daab2-1164-403b-a378-aa853de9d73b","AccountType":"User","@timestamp":"2023-05-04T09:17:09.000Z","source_host":"172.16.145.103","message":"%PROGRAMFILES%\\MICROSOFT\\EDGE\\APPLICATION\\MSEDGE.EXE was allowed to run.","AccountName":"jaumma","Keywords":-9223372036854775808,"Channel":"Microsoft-Windows-AppLocker/EXE and DLL","Version":0,"RecordNumber":8507,"SourceModuleName":"eventlog","OpcodeValue":0,"Task":0,"host":"APPSERVER1.demo.io","Domain":"DEMO","ThreadID":6040,"version":"1.1","@version":"1","SeverityValue":2,"Opcode":"Info","level":6,"ProcessID":5860,"UserID":"S-1-5-21-1800276383-1142253265-156682520-1422","EventType":"INFO","SourceName":"Microsoft-Windows-AppLocker","ProviderGuid":"{CBDA4DBF-8D5D-4F69-9578-BE14AA540D22}","SourceModuleType":"im_msvistalog","EventReceivedTime":"2023-05-04 09:17:10","Severity":"INFO","EventID":8002,"collector_node_id":"APPSERVER1"}
{"gl2_source_collector":"334daab2-1164-403b-a378-aa853de9d73b","AccountType":"User","@timestamp":"2023-05-04T09:17:09.000Z","source_host":"172.16.145.103","message":"%PROGRAMFILES%\\INTERNET EXPLORER\\IEXPLORE.EXE was allowed to run.","AccountName":"jaumma","Keywords":-9223372036854775808,"Channel":"Microsoft-Windows-AppLocker/EXE and DLL","Version":0,"RecordNumber":8500,"SourceModuleName":"eventlog","OpcodeValue":0,"Task":0,"host":"APPSERVER1.demo.io","Domain":"DEMO","ThreadID":5692,"version":"1.1","@version":"1","SeverityValue":2,"Opcode":"Info","level":6,"ProcessID":5688,"UserID":"S-1-5-21-1800276383-1142253265-156682520-1422","EventType":"INFO","SourceName":"Microsoft-Windows-AppLocker","ProviderGuid":"{CBDA4DBF-8D5D-4F69-9578-BE14AA540D22}","SourceModuleType":"im_msvistalog","EventReceivedTime":"2023-05-04 09:17:10","Severity":"INFO","EventID":8002,"collector_node_id":"APPSERVER1"}
{"gl2_source_collector":"334daab2-1164-403b-a378-aa853de9d73b","AccountType":"User","@timestamp":"2023-05-04T09:17:09.000Z","source_host":"172.16.145.103","message":"%PROGRAMFILES%\\MICROSOFT\\EDGE\\APPLICATION\\MSEDGE.EXE was allowed to run.","AccountName":"jaumma","Keywords":-9223372036854775808,"Channel":"Microsoft-Windows-AppLocker/EXE and DLL","Version":0,"RecordNumber":8508,"SourceModuleName":"eventlog","OpcodeValue":0,"Task":0,"host":"APPSERVER1.demo.io","Domain":"DEMO","ThreadID":6040,"version":"1.1","@version":"1","SeverityValue":2,"Opcode":"Info","level":6,"ProcessID":5860,"UserID":"S-1-5-21-1800276383-1142253265-156682520-1422","EventType":"INFO","SourceName":"Microsoft-Windows-AppLocker","ProviderGuid":"{CBDA4DBF-8D5D-4F69-9578-BE14AA540D22}","SourceModuleType":"im_msvistalog","EventReceivedTime":"2023-05-04 09:17:10","Severity":"INFO","EventID":8002,"collector_node_id":"APPSERVER1"}
{"gl2_source_collector":"334daab2-1164-403b-a378-aa853de9d73b","AccountType":"User","@timestamp":"2023-05-04T09:17:09.000Z","source_host":"172.16.145.103","message":"%PROGRAMFILES%\\MICROSOFT\\EDGE\\APPLICATION\\112.0.1722.68\\BHO\\IE_TO_EDGE_STUB.EXE was allowed to run.","AccountName":"jaumma","Keywords":-9223372036854775808,"Channel":"Microsoft-Windows-AppLocker/EXE and DLL","Version":0,"RecordNumber":8501,"SourceModuleName":"eventlog","OpcodeValue":0,"Task":0,"host":"APPSERVER1.demo.io","Domain":"DEMO","ThreadID":5788,"version":"1.1","@version":"1","SeverityValue":2,"Opcode":"Info","level":6,"ProcessID":5736,"UserID":"S-1-5-21-1800276383-1142253265-156682520-1422","EventType":"INFO","SourceName":"Microsoft-Windows-AppLocker","ProviderGuid":"{CBDA4DBF-8D5D-4F69-9578-BE14AA540D22}","SourceModuleType":"im_msvistalog","EventReceivedTime":"2023-05-04 09:17:10","Severity":"INFO","EventID":8002,"collector_node_id":"APPSERVER1"}
{"gl2_source_collector":"334daab2-1164-403b-a378-aa853de9d73b","AccountType":"User","@timestamp":"2023-05-04T09:17:09.000Z","source_host":"172.16.145.103","message":"%PROGRAMFILES%\\MICROSOFT\\EDGE\\APPLICATION\\MSEDGE.EXE was allowed to run.","AccountName":"jaumma","Keywords":-9223372036854775808,"Channel":"Microsoft-Windows-AppLocker/EXE and DLL","Version":0,"RecordNumber":8509,"SourceModuleName":"eventlog","OpcodeValue":0,"Task":0,"host":"APPSERVER1.demo.io","Domain":"DEMO","ThreadID":6040,"version":"1.1","@version":"1","SeverityValue":2,"Opcode":"Info","level":6,"ProcessID":5860,"UserID":"S-1-5-21-1800276383-1142253265-156682520-1422","EventType":"INFO","SourceName":"Microsoft-Windows-AppLocker","ProviderGuid":"{CBDA4DBF-8D5D-4F69-9578-BE14AA540D22}","SourceModuleType":"im_msvistalog","EventReceivedTime":"2023-05-04 09:17:10","Severity":"INFO","EventID":8002,"collector_node_id":"APPSERVER1"}
{"gl2_source_collector":"334daab2-1164-403b-a378-aa853de9d73b","AccountType":"User","@timestamp":"2023-05-04T09:17:09.000Z","source_host":"172.16.145.103","message":"%PROGRAMFILES%\\MICROSOFT\\EDGE\\APPLICATION\\112.0.1722.68\\BHO\\IE_TO_EDGE_STUB.EXE was allowed to run.","AccountName":"jaumma","Keywords":-9223372036854775808,"Channel":"Microsoft-Windows-AppLocker/EXE and DLL","Version":0,"RecordNumber":8502,"SourceModuleName":"eventlog","OpcodeValue":0,"Task":0,"host":"APPSERVER1.demo.io","Domain":"DEMO","ThreadID":5708,"version":"1.1","@version":"1","SeverityValue":2,"Opcode":"Info","level":6,"ProcessID":5688,"UserID":"S-1-5-21-1800276383-1142253265-156682520-1422","EventType":"INFO","SourceName":"Microsoft-Windows-AppLocker","ProviderGuid":"{CBDA4DBF-8D5D-4F69-9578-BE14AA540D22}","SourceModuleType":"im_msvistalog","EventReceivedTime":"2023-05-04 09:17:10","Severity":"INFO","EventID":8002,"collector_node_id":"APPSERVER1"}
{"gl2_source_collector":"334daab2-1164-403b-a378-aa853de9d73b","AccountType":"User","@timestamp":"2023-05-04T09:17:09.000Z","source_host":"172.16.145.103","message":"%PROGRAMFILES%\\MICROSOFT\\EDGE\\APPLICATION\\MSEDGE.EXE was allowed to run.","AccountName":"jaumma","Keywords":-9223372036854775808,"Channel":"Microsoft-Windows-AppLocker/EXE and DLL","Version":0,"RecordNumber":8510,"SourceModuleName":"eventlog","OpcodeValue":0,"Task":0,"host":"APPSERVER1.demo.io","Domain":"DEMO","ThreadID":6040,"version":"1.1","@version":"1","SeverityValue":2,"Opcode":"Info","level":6,"ProcessID":5860,"UserID":"S-1-5-21-1800276383-1142253265-156682520-1422","EventType":"INFO","SourceName":"Microsoft-Windows-AppLocker","ProviderGuid":"{CBDA4DBF-8D5D-4F69-9578-BE14AA540D22}","SourceModuleType":"im_msvistalog","EventReceivedTime":"2023-05-04 09:17:10","Severity":"INFO","EventID":8002,"collector_node_id":"APPSERVER1"}
{"gl2_source_collector":"cb52b304-ef1b-4e79-9504-a33807a75612","AccountType":"User","@timestamp":"2023-05-04T09:17:11.000Z","source_host":"172.16.145.101","message":"%PROGRAMFILES%\\MICROSOFT\\EDGE\\APPLICATION\\MSEDGE.EXE was allowed to run.","AccountName":"daulwu","Keywords":-9223372036854775808,"Channel":"Microsoft-Windows-AppLocker/EXE and DLL","Version":0,"RecordNumber":3729,"SourceModuleName":"eventlog","OpcodeValue":0,"Task":0,"host":"DEMODC01.demo.io","Domain":"DEMO","ThreadID":4224,"version":"1.1","@version":"1","SeverityValue":2,"Opcode":"Info","level":6,"ProcessID":6792,"UserID":"S-1-5-21-1800276383-1142253265-156682520-1574","EventType":"INFO","SourceName":"Microsoft-Windows-AppLocker","ProviderGuid":"{CBDA4DBF-8D5D-4F69-9578-BE14AA540D22}","SourceModuleType":"im_msvistalog","EventReceivedTime":"2023-05-04 09:17:13","Severity":"INFO","EventID":8002,"collector_node_id":"DEMODC01"}
{"gl2_source_collector":"334daab2-1164-403b-a378-aa853de9d73b","AccountType":"User","@timestamp":"2023-05-04T09:17:11.000Z","source_host":"172.16.145.103","message":"%PROGRAMFILES%\\COMMON FILES\\MICROSOFT SHARED\\INK\\MIP.EXE was allowed to run.","AccountName":"jaumma","Keywords":-9223372036854775808,"Channel":"Microsoft-Windows-AppLocker/EXE and DLL","Version":0,"RecordNumber":8511,"SourceModuleName":"eventlog","OpcodeValue":0,"Task":0,"host":"APPSERVER1.demo.io","Domain":"DEMO","ThreadID":3948,"version":"1.1","@version":"1","SeverityValue":2,"Opcode":"Info","level":6,"ProcessID":1412,"UserID":"S-1-5-21-1800276383-1142253265-156682520-1422","EventType":"INFO","SourceName":"Microsoft-Windows-AppLocker","ProviderGuid":"{CBDA4DBF-8D5D-4F69-9578-BE14AA540D22}","SourceModuleType":"im_msvistalog","EventReceivedTime":"2023-05-04 09:17:13","Severity":"INFO","EventID":8002,"collector_node_id":"APPSERVER1"}
{"gl2_source_collector":"334daab2-1164-403b-a378-aa853de9d73b","AccountType":"User","@timestamp":"2023-05-04T09:17:14.000Z","source_host":"172.16.145.103","message":"%SYSTEM32%\\NOTEPAD.EXE was allowed to run.","AccountName":"jaumma","Keywords":-9223372036854775808,"Channel":"Microsoft-Windows-AppLocker/EXE and DLL","Version":0,"RecordNumber":8512,"SourceModuleName":"eventlog","OpcodeValue":0,"Task":0,"host":"APPSERVER1.demo.io","Domain":"DEMO","ThreadID":3948,"version":"1.1","@version":"1","SeverityValue":2,"Opcode":"Info","level":6,"ProcessID":1412,"UserID":"S-1-5-21-1800276383-1142253265-156682520-1422","EventType":"INFO","SourceName":"Microsoft-Windows-AppLocker","ProviderGuid":"{CBDA4DBF-8D5D-4F69-9578-BE14AA540D22}","SourceModuleType":"im_msvistalog","EventReceivedTime":"2023-05-04 09:17:15","Severity":"INFO","EventID":8002,"collector_node_id":"APPSERVER1"}
{"gl2_source_collector":"334daab2-1164-403b-a378-aa853de9d73b","AccountType":"User","@timestamp":"2023-05-04T09:17:16.000Z","source_host":"172.16.145.103","message":"%SYSTEM32%\\DLLHOST.EXE was allowed to run.","AccountName":"jaumma","Keywords":-9223372036854775808,"Channel":"Microsoft-Windows-AppLocker/EXE and DLL","Version":0,"RecordNumber":8513,"SourceModuleName":"eventlog","OpcodeValue":0,"Task":0,"host":"APPSERVER1.demo.io","Domain":"DEMO","ThreadID":3744,"version":"1.1","@version":"1","SeverityValue":2,"Opcode":"Info","level":6,"ProcessID":764,"UserID":"S-1-5-21-1800276383-1142253265-156682520-1422","EventType":"INFO","SourceName":"Microsoft-Windows-AppLocker","ProviderGuid":"{CBDA4DBF-8D5D-4F69-9578-BE14AA540D22}","SourceModuleType":"im_msvistalog","EventReceivedTime":"2023-05-04 09:17:17","Severity":"INFO","EventID":8002,"collector_node_id":"APPSERVER1"}
{"gl2_source_collector":"334daab2-1164-403b-a378-aa853de9d73b","AccountType":"User","@timestamp":"2023-05-04T09:17:16.000Z","source_host":"172.16.145.103","message":"%SYSTEM32%\\DLLHOST.EXE was allowed to run.","AccountName":"jaumma","Keywords":-9223372036854775808,"Channel":"Microsoft-Windows-AppLocker/EXE and DLL","Version":0,"RecordNumber":8514,"SourceModuleName":"eventlog","OpcodeValue":0,"Task":0,"host":"APPSERVER1.demo.io","Domain":"DEMO","ThreadID":3744,"version":"1.1","@version":"1","SeverityValue":2,"Opcode":"Info","level":6,"ProcessID":764,"UserID":"S-1-5-21-1800276383-1142253265-156682520-1422","EventType":"INFO","SourceName":"Microsoft-Windows-AppLocker","ProviderGuid":"{CBDA4DBF-8D5D-4F69-9578-BE14AA540D22}","SourceModuleType":"im_msvistalog","EventReceivedTime":"2023-05-04 09:17:17","Severity":"INFO","EventID":8002,"collector_node_id":"APPSERVER1"}
{"gl2_source_collector":"334daab2-1164-403b-a378-aa853de9d73b","AccountType":"User","@timestamp":"2023-05-04T09:17:17.000Z","source_host":"172.16.145.103","message":"%SYSTEM32%\\MSPAINT.EXE was allowed to run.","AccountName":"jaumma","Keywords":-9223372036854775808,"Channel":"Microsoft-Windows-AppLocker/EXE and DLL","Version":0,"RecordNumber":8515,"SourceModuleName":"eventlog","OpcodeValue":0,"Task":0,"host":"APPSERVER1.demo.io","Domain":"DEMO","ThreadID":3948,"version":"1.1","@version":"1","SeverityValue":2,"Opcode":"Info","level":6,"ProcessID":1412,"UserID":"S-1-5-21-1800276383-1142253265-156682520-1422","EventType":"INFO","SourceName":"Microsoft-Windows-AppLocker","ProviderGuid":"{CBDA4DBF-8D5D-4F69-9578-BE14AA540D22}","SourceModuleType":"im_msvistalog","EventReceivedTime":"2023-05-04 09:17:19","Severity":"INFO","EventID":8002,"collector_node_id":"APPSERVER1"}
{"gl2_source_collector":"cb52b304-ef1b-4e79-9504-a33807a75612","AccountType":"User","@timestamp":"2023-05-04T09:17:19.000Z","source_host":"172.16.145.101","message":"%PROGRAMFILES%\\MICROSOFT\\EDGE\\APPLICATION\\MSEDGE.EXE was allowed to run.","AccountName":"daulwu","Keywords":-9223372036854775808,"Channel":"Microsoft-Windows-AppLocker/EXE and DLL","Version":0,"RecordNumber":3730,"SourceModuleName":"eventlog","OpcodeValue":0,"Task":0,"host":"DEMODC01.demo.io","Domain":"DEMO","ThreadID":4224,"version":"1.1","@version":"1","SeverityValue":2,"Opcode":"Info","level":6,"ProcessID":6792,"UserID":"S-1-5-21-1800276383-1142253265-156682520-1574","EventType":"INFO","SourceName":"Microsoft-Windows-AppLocker","ProviderGuid":"{CBDA4DBF-8D5D-4F69-9578-BE14AA540D22}","SourceModuleType":"im_msvistalog","EventReceivedTime":"2023-05-04 09:17:21","Severity":"INFO","EventID":8002,"collector_node_id":"DEMODC01"}
{"gl2_source_collector":"334daab2-1164-403b-a378-aa853de9d73b","AccountType":"User","@timestamp":"2023-05-04T09:17:20.000Z","source_host":"172.16.145.103","message":"%SYSTEM32%\\SNIPPINGTOOL.EXE was allowed to run.","AccountName":"jaumma","Keywords":-9223372036854775808,"Channel":"Microsoft-Windows-AppLocker/EXE and DLL","Version":0,"RecordNumber":8516,"SourceModuleName":"eventlog","OpcodeValue":0,"Task":0,"host":"APPSERVER1.demo.io","Domain":"DEMO","ThreadID":3948,"version":"1.1","@version":"1","SeverityValue":2,"Opcode":"Info","level":6,"ProcessID":1412,"UserID":"S-1-5-21-1800276383-1142253265-156682520-1422","EventType":"INFO","SourceName":"Microsoft-Windows-AppLocker","ProviderGuid":"{CBDA4DBF-8D5D-4F69-9578-BE14AA540D22}","SourceModuleType":"im_msvistalog","EventReceivedTime":"2023-05-04 09:17:22","Severity":"INFO","EventID":8002,"collector_node_id":"APPSERVER1"}
{"gl2_source_collector":"334daab2-1164-403b-a378-aa853de9d73b","AccountType":"User","@timestamp":"2023-05-04T09:17:23.000Z","source_host":"172.16.145.103","message":"%SYSTEM32%\\MSTSC.EXE was allowed to run.","AccountName":"jaumma","Keywords":-9223372036854775808,"Channel":"Microsoft-Windows-AppLocker/EXE and DLL","Version":0,"RecordNumber":8517,"SourceModuleName":"eventlog","OpcodeValue":0,"Task":0,"host":"APPSERVER1.demo.io","Domain":"DEMO","ThreadID":3948,"version":"1.1","@version":"1","SeverityValue":2,"Opcode":"Info","level":6,"ProcessID":1412,"UserID":"S-1-5-21-1800276383-1142253265-156682520-1422","EventType":"INFO","SourceName":"Microsoft-Windows-AppLocker","ProviderGuid":"{CBDA4DBF-8D5D-4F69-9578-BE14AA540D22}","SourceModuleType":"im_msvistalog","EventReceivedTime":"2023-05-04 09:17:24","Severity":"INFO","EventID":8002,"collector_node_id":"APPSERVER1"}
{"gl2_source_collector":"cb52b304-ef1b-4e79-9504-a33807a75612","AccountType":"User","@timestamp":"2023-05-04T09:17:24.000Z","source_host":"172.16.145.101","message":"%PROGRAMFILES%\\MICROSOFT\\EDGE\\APPLICATION\\MSEDGE.EXE was allowed to run.","AccountName":"daulwu","Keywords":-9223372036854775808,"Channel":"Microsoft-Windows-AppLocker/EXE and DLL","Version":0,"RecordNumber":3731,"SourceModuleName":"eventlog","OpcodeValue":0,"Task":0,"host":"DEMODC01.demo.io","Domain":"DEMO","ThreadID":4224,"version":"1.1","@version":"1","SeverityValue":2,"Opcode":"Info","level":6,"ProcessID":6792,"UserID":"S-1-5-21-1800276383-1142253265-156682520-1574","EventType":"INFO","SourceName":"Microsoft-Windows-AppLocker","ProviderGuid":"{CBDA4DBF-8D5D-4F69-9578-BE14AA540D22}","SourceModuleType":"im_msvistalog","EventReceivedTime":"2023-05-04 09:17:25","Severity":"INFO","EventID":8002,"collector_node_id":"DEMODC01"}
{"gl2_source_collector":"334daab2-1164-403b-a378-aa853de9d73b","AccountType":"User","@timestamp":"2023-05-04T09:17:26.000Z","source_host":"172.16.145.103","message":"%PROGRAMFILES%\\WINDOWS MEDIA PLAYER\\WMPLAYER.EXE was allowed to run.","AccountName":"jaumma","Keywords":-9223372036854775808,"Channel":"Microsoft-Windows-AppLocker/EXE and DLL","Version":0,"RecordNumber":8518,"SourceModuleName":"eventlog","OpcodeValue":0,"Task":0,"host":"APPSERVER1.demo.io","Domain":"DEMO","ThreadID":3948,"version":"1.1","@version":"1","SeverityValue":2,"Opcode":"Info","level":6,"ProcessID":1412,"UserID":"S-1-5-21-1800276383-1142253265-156682520-1422","EventType":"INFO","SourceName":"Microsoft-Windows-AppLocker","ProviderGuid":"{CBDA4DBF-8D5D-4F69-9578-BE14AA540D22}","SourceModuleType":"im_msvistalog","EventReceivedTime":"2023-05-04 09:17:27","Severity":"INFO","EventID":8002,"collector_node_id":"APPSERVER1"}
{"gl2_source_collector":"334daab2-1164-403b-a378-aa853de9d73b","AccountType":"User","@timestamp":"2023-05-04T09:17:26.000Z","source_host":"172.16.145.103","message":"%PROGRAMFILES%\\WINDOWS MEDIA PLAYER\\SETUP_WM.EXE was allowed to run.","AccountName":"jaumma","Keywords":-9223372036854775808,"Channel":"Microsoft-Windows-AppLocker/EXE and DLL","Version":0,"RecordNumber":8519,"SourceModuleName":"eventlog","OpcodeValue":0,"Task":0,"host":"APPSERVER1.demo.io","Domain":"DEMO","ThreadID":4956,"version":"1.1","@version":"1","SeverityValue":2,"Opcode":"Info","level":6,"ProcessID":4964,"UserID":"S-1-5-21-1800276383-1142253265-156682520-1422","EventType":"INFO","SourceName":"Microsoft-Windows-AppLocker","ProviderGuid":"{CBDA4DBF-8D5D-4F69-9578-BE14AA540D22}","SourceModuleType":"im_msvistalog","EventReceivedTime":"2023-05-04 09:17:27","Severity":"INFO","EventID":8002,"collector_node_id":"APPSERVER1"}
{"gl2_source_collector":"cb52b304-ef1b-4e79-9504-a33807a75612","AccountType":"User","@timestamp":"2023-05-04T09:17:28.000Z","source_host":"172.16.145.101","message":"%PROGRAMFILES%\\MICROSOFT\\EDGE\\APPLICATION\\MSEDGE.EXE was allowed to run.","AccountName":"daulwu","Keywords":-9223372036854775808,"Channel":"Microsoft-Windows-AppLocker/EXE and DLL","Version":0,"RecordNumber":3732,"SourceModuleName":"eventlog","OpcodeValue":0,"Task":0,"host":"DEMODC01.demo.io","Domain":"DEMO","ThreadID":4224,"version":"1.1","@version":"1","SeverityValue":2,"Opcode":"Info","level":6,"ProcessID":6792,"UserID":"S-1-5-21-1800276383-1142253265-156682520-1574","EventType":"INFO","SourceName":"Microsoft-Windows-AppLocker","ProviderGuid":"{CBDA4DBF-8D5D-4F69-9578-BE14AA540D22}","SourceModuleType":"im_msvistalog","EventReceivedTime":"2023-05-04 09:17:29","Severity":"INFO","EventID":8002,"collector_node_id":"DEMODC01"}
{"gl2_source_collector":"334daab2-1164-403b-a378-aa853de9d73b","AccountType":"User","@timestamp":"2023-05-04T09:17:30.000Z","source_host":"172.16.145.103","message":"%SYSTEM32%\\MMC.EXE was allowed to run.","AccountName":"jaumma","Keywords":-9223372036854775808,"Channel":"Microsoft-Windows-AppLocker/EXE and DLL","Version":0,"RecordNumber":8520,"SourceModuleName":"eventlog","OpcodeValue":0,"Task":0,"host":"APPSERVER1.demo.io","Domain":"DEMO","ThreadID":3948,"version":"1.1","@version":"1","SeverityValue":2,"Opcode":"Info","level":6,"ProcessID":1412,"UserID":"S-1-5-21-1800276383-1142253265-156682520-1422","EventType":"INFO","SourceName":"Microsoft-Windows-AppLocker","ProviderGuid":"{CBDA4DBF-8D5D-4F69-9578-BE14AA540D22}","SourceModuleType":"im_msvistalog","EventReceivedTime":"2023-05-04 09:17:31","Severity":"INFO","EventID":8002,"collector_node_id":"APPSERVER1"}
{"gl2_source_collector":"334daab2-1164-403b-a378-aa853de9d73b","AccountType":"User","@timestamp":"2023-05-04T09:17:36.000Z","source_host":"172.16.145.103","message":"%SYSTEM32%\\XPSRCHVW.EXE was allowed to run.","AccountName":"jaumma","Keywords":-9223372036854775808,"Channel":"Microsoft-Windows-AppLocker/EXE and DLL","Version":0,"RecordNumber":8521,"SourceModuleName":"eventlog","OpcodeValue":0,"Task":0,"host":"APPSERVER1.demo.io","Domain":"DEMO","ThreadID":3948,"version":"1.1","@version":"1","SeverityValue":2,"Opcode":"Info","level":6,"ProcessID":1412,"UserID":"S-1-5-21-1800276383-1142253265-156682520-1422","EventType":"INFO","SourceName":"Microsoft-Windows-AppLocker","ProviderGuid":"{CBDA4DBF-8D5D-4F69-9578-BE14AA540D22}","SourceModuleType":"im_msvistalog","EventReceivedTime":"2023-05-04 09:17:37","Severity":"INFO","EventID":8002,"collector_node_id":"APPSERVER1"}
{"gl2_source_collector":"cb52b304-ef1b-4e79-9504-a33807a75612","AccountType":"User","@timestamp":"2023-05-04T09:17:36.000Z","source_host":"172.16.145.101","message":"%PROGRAMFILES%\\MICROSOFT\\EDGE\\APPLICATION\\MSEDGE.EXE was allowed to run.","AccountName":"daulwu","Keywords":-9223372036854775808,"Channel":"Microsoft-Windows-AppLocker/EXE and DLL","Version":0,"RecordNumber":3733,"SourceModuleName":"eventlog","OpcodeValue":0,"Task":0,"host":"DEMODC01.demo.io","Domain":"DEMO","ThreadID":4224,"version":"1.1","@version":"1","SeverityValue":2,"Opcode":"Info","level":6,"ProcessID":6792,"UserID":"S-1-5-21-1800276383-1142253265-156682520-1574","EventType":"INFO","SourceName":"Microsoft-Windows-AppLocker","ProviderGuid":"{CBDA4DBF-8D5D-4F69-9578-BE14AA540D22}","SourceModuleType":"im_msvistalog","EventReceivedTime":"2023-05-04 09:17:38","Severity":"INFO","EventID":8002,"collector_node_id":"DEMODC01"}
{"gl2_source_collector":"cb52b304-ef1b-4e79-9504-a33807a75612","AccountType":"User","@timestamp":"2023-05-04T09:17:40.000Z","source_host":"172.16.145.101","message":"%PROGRAMFILES%\\MICROSOFT\\EDGE\\APPLICATION\\MSEDGE.EXE was allowed to run.","AccountName":"daulwu","Keywords":-9223372036854775808,"Channel":"Microsoft-Windows-AppLocker/EXE and DLL","Version":0,"RecordNumber":3734,"SourceModuleName":"eventlog","OpcodeValue":0,"Task":0,"host":"DEMODC01.demo.io","Domain":"DEMO","ThreadID":4224,"version":"1.1","@version":"1","SeverityValue":2,"Opcode":"Info","level":6,"ProcessID":6792,"UserID":"S-1-5-21-1800276383-1142253265-156682520-1574","EventType":"INFO","SourceName":"Microsoft-Windows-AppLocker","ProviderGuid":"{CBDA4DBF-8D5D-4F69-9578-BE14AA540D22}","SourceModuleType":"im_msvistalog","EventReceivedTime":"2023-05-04 09:17:42","Severity":"INFO","EventID":8002,"collector_node_id":"DEMODC01"}
{"gl2_source_collector":"334daab2-1164-403b-a378-aa853de9d73b","AccountType":"User","@timestamp":"2023-05-04T09:17:46.000Z","source_host":"172.16.145.103","message":"%PROGRAMFILES%\\WINDOWS NT\\ACCESSORIES\\WORDPAD.EXE was allowed to run.","AccountName":"jaumma","Keywords":-9223372036854775808,"Channel":"Microsoft-Windows-AppLocker/EXE and DLL","Version":0,"RecordNumber":8522,"SourceModuleName":"eventlog","OpcodeValue":0,"Task":0,"host":"APPSERVER1.demo.io","Domain":"DEMO","ThreadID":3948,"version":"1.1","@version":"1","SeverityValue":2,"Opcode":"Info","level":6,"ProcessID":1412,"UserID":"S-1-5-21-1800276383-1142253265-156682520-1422","EventType":"INFO","SourceName":"Microsoft-Windows-AppLocker","ProviderGuid":"{CBDA4DBF-8D5D-4F69-9578-BE14AA540D22}","SourceModuleType":"im_msvistalog","EventReceivedTime":"2023-05-04 09:17:47","Severity":"INFO","EventID":8002,"collector_node_id":"APPSERVER1"}
{"gl2_source_collector":"334daab2-1164-403b-a378-aa853de9d73b","AccountType":"User","@timestamp":"2023-05-04T09:17:47.000Z","source_host":"172.16.145.103","message":"%SYSTEM32%\\SVCHOST.EXE was allowed to run.","AccountName":"jaumma","Keywords":-9223372036854775808,"Channel":"Microsoft-Windows-AppLocker/EXE and DLL","Version":0,"RecordNumber":8523,"SourceModuleName":"eventlog","OpcodeValue":0,"Task":0,"host":"APPSERVER1.demo.io","Domain":"DEMO","ThreadID":3404,"version":"1.1","@version":"1","SeverityValue":2,"Opcode":"Info","level":6,"ProcessID":636,"UserID":"S-1-5-21-1800276383-1142253265-156682520-1422","EventType":"INFO","SourceName":"Microsoft-Windows-AppLocker","ProviderGuid":"{CBDA4DBF-8D5D-4F69-9578-BE14AA540D22}","SourceModuleType":"im_msvistalog","EventReceivedTime":"2023-05-04 09:17:48","Severity":"INFO","EventID":8002,"collector_node_id":"APPSERVER1"}
{"gl2_source_collector":"cb52b304-ef1b-4e79-9504-a33807a75612","AccountType":"User","@timestamp":"2023-05-04T09:17:49.000Z","source_host":"172.16.145.101","message":"%PROGRAMFILES%\\MICROSOFT\\EDGE\\APPLICATION\\MSEDGE.EXE was allowed to run.","AccountName":"daulwu","Keywords":-9223372036854775808,"Channel":"Microsoft-Windows-AppLocker/EXE and DLL","Version":0,"RecordNumber":3735,"SourceModuleName":"eventlog","OpcodeValue":0,"Task":0,"host":"DEMODC01.demo.io","Domain":"DEMO","ThreadID":4224,"version":"1.1","@version":"1","SeverityValue":2,"Opcode":"Info","level":6,"ProcessID":6792,"UserID":"S-1-5-21-1800276383-1142253265-156682520-1574","EventType":"INFO","SourceName":"Microsoft-Windows-AppLocker","ProviderGuid":"{CBDA4DBF-8D5D-4F69-9578-BE14AA540D22}","SourceModuleType":"im_msvistalog","EventReceivedTime":"2023-05-04 09:17:50","Severity":"INFO","EventID":8002,"collector_node_id":"DEMODC01"}
{"gl2_source_collector":"334daab2-1164-403b-a378-aa853de9d73b","AccountType":"User","@timestamp":"2023-05-04T09:17:56.000Z","source_host":"172.16.145.103","message":"%SYSTEM32%\\DWM.EXE was allowed to run.","AccountName":"SYSTEM","Keywords":-9223372036854775808,"Channel":"Microsoft-Windows-AppLocker/EXE and DLL","Version":0,"RecordNumber":8524,"SourceModuleName":"eventlog","OpcodeValue":0,"Task":0,"host":"APPSERVER1.demo.io","Domain":"NT AUTHORITY","ThreadID":4828,"version":"1.1","@version":"1","SeverityValue":2,"Opcode":"Info","level":6,"ProcessID":968,"UserID":"S-1-5-18","EventType":"INFO","SourceName":"Microsoft-Windows-AppLocker","ProviderGuid":"{CBDA4DBF-8D5D-4F69-9578-BE14AA540D22}","SourceModuleType":"im_msvistalog","EventReceivedTime":"2023-05-04 09:17:56","Severity":"INFO","EventID":8002,"collector_node_id":"APPSERVER1"}
{"gl2_source_collector":"334daab2-1164-403b-a378-aa853de9d73b","AccountType":"User","@timestamp":"2023-05-04T09:17:56.000Z","source_host":"172.16.145.103","message":"%SYSTEM32%\\FONTDRVHOST.EXE was allowed to run.","AccountName":"SYSTEM","Keywords":-9223372036854775808,"Channel":"Microsoft-Windows-AppLocker/EXE and DLL","Version":0,"RecordNumber":8525,"SourceModuleName":"eventlog","OpcodeValue":0,"Task":0,"host":"APPSERVER1.demo.io","Domain":"NT AUTHORITY","ThreadID":4144,"version":"1.1","@version":"1","SeverityValue":2,"Opcode":"Info","level":6,"ProcessID":968,"UserID":"S-1-5-18","EventType":"INFO","SourceName":"Microsoft-Windows-AppLocker","ProviderGuid":"{CBDA4DBF-8D5D-4F69-9578-BE14AA540D22}","SourceModuleType":"im_msvistalog","EventReceivedTime":"2023-05-04 09:17:56","Severity":"INFO","EventID":8002,"collector_node_id":"APPSERVER1"}
{"gl2_source_collector":"cb52b304-ef1b-4e79-9504-a33807a75612","AccountType":"User","@timestamp":"2023-05-04T09:18:01.000Z","source_host":"172.16.145.101","message":"%PROGRAMFILES%\\MICROSOFT\\EDGE\\APPLICATION\\MSEDGE.EXE was allowed to run.","AccountName":"daulwu","Keywords":-9223372036854775808,"Channel":"Microsoft-Windows-AppLocker/EXE and DLL","Version":0,"RecordNumber":3736,"SourceModuleName":"eventlog","OpcodeValue":0,"Task":0,"host":"DEMODC01.demo.io","Domain":"DEMO","ThreadID":4224,"version":"1.1","@version":"1","SeverityValue":2,"Opcode":"Info","level":6,"ProcessID":6792,"UserID":"S-1-5-21-1800276383-1142253265-156682520-1574","EventType":"INFO","SourceName":"Microsoft-Windows-AppLocker","ProviderGuid":"{CBDA4DBF-8D5D-4F69-9578-BE14AA540D22}","SourceModuleType":"im_msvistalog","EventReceivedTime":"2023-05-04 09:18:03","Severity":"INFO","EventID":8002,"collector_node_id":"DEMODC01"}
{"gl2_source_collector":"ff6b1757-c7ff-43c3-beb5-82a3cb1baecf","AccountType":"User","@timestamp":"2023-05-04T09:18:03.000Z","source_host":"172.16.145.102","message":"%SYSTEM32%\\PCAUI.EXE was allowed to run.","AccountName":"SYSTEM","Keywords":-9223372036854775808,"Channel":"Microsoft-Windows-AppLocker/EXE and DLL","Version":0,"RecordNumber":2027,"SourceModuleName":"eventlog","OpcodeValue":0,"Task":0,"host":"DEMODC02.demo.io","Domain":"NT AUTHORITY","ThreadID":340,"version":"1.1","@version":"1","SeverityValue":2,"Opcode":"Info","level":6,"ProcessID":1140,"UserID":"S-1-5-18","EventType":"INFO","SourceName":"Microsoft-Windows-AppLocker","ProviderGuid":"{CBDA4DBF-8D5D-4F69-9578-BE14AA540D22}","SourceModuleType":"im_msvistalog","EventReceivedTime":"2023-05-04 09:18:04","Severity":"INFO","EventID":8002,"collector_node_id":"DEMODC02"}
