{"gl2_source_collector":"ff6b1757-c7ff-43c3-beb5-82a3cb1baecf","AccountType":"User","@timestamp":"2023-05-04T09:19:11.000Z","source_host":"172.16.145.102","message":"%SYSTEM32%\\WINDOWSPOWERSHELL\\V1.0\\MODULES\\MICROSOFT.POWERSHELL.SECURITY\\MICROSOFT.POWERSHELL.SECURITY.PSD1 was allowed to run.","AccountName":"granat","Keywords":4611686018427387904,"Channel":"Microsoft-Windows-AppLocker/MSI and Script","Version":0,"RecordNumber":481,"SourceModuleName":"eventlog","OpcodeValue":0,"Task":0,"host":"DEMODC02.demo.io","Domain":"DEMO","ThreadID":5436,"version":"1.1","@version":"1","SeverityValue":2,"Opcode":"Info","level":6,"ProcessID":5368,"UserID":"S-1-5-21-1800276383-1142253265-156682520-1334","EventType":"INFO","SourceName":"Microsoft-Windows-AppLocker","ActivityID":"{1C33A225-7E13-0001-5336-341C137ED901}","ProviderGuid":"{CBDA4DBF-8D5D-4F69-9578-BE14AA540D22}","SourceModuleType":"im_msvistalog","EventReceivedTime":"2023-05-04 09:19:12","Severity":"INFO","EventID":8005,"collector_node_id":"DEMODC02"}
{"gl2_source_collector":"ff6b1757-c7ff-43c3-beb5-82a3cb1baecf","AccountType":"User","@timestamp":"2023-05-04T09:19:11.000Z","source_host":"172.16.145.102","message":"%SYSTEM32%\\WINDOWSPOWERSHELL\\V1.0\\MODULES\\MICROSOFT.POWERSHELL.SECURITY\\MICROSOFT.POWERSHELL.SECURITY.PSD1 was allowed to run.","AccountName":"granat","Keywords":4611686018427387904,"Channel":"Microsoft-Windows-AppLocker/MSI and Script","Version":0,"RecordNumber":482,"SourceModuleName":"eventlog","OpcodeValue":0,"Task":0,"host":"DEMODC02.demo.io","Domain":"DEMO","ThreadID":5436,"version":"1.1","@version":"1","SeverityValue":2,"Opcode":"Info","level":6,"ProcessID":5368,"UserID":"S-1-5-21-1800276383-1142253265-156682520-1334","EventType":"INFO","SourceName":"Microsoft-Windows-AppLocker","ActivityID":"{1C33A225-7E13-0001-5336-341C137ED901}","ProviderGuid":"{CBDA4DBF-8D5D-4F69-9578-BE14AA540D22}","SourceModuleType":"im_msvistalog","EventReceivedTime":"2023-05-04 09:19:12","Severity":"INFO","EventID":8005,"collector_node_id":"DEMODC02"}
{"gl2_source_collector":"ff6b1757-c7ff-43c3-beb5-82a3cb1baecf","AccountType":"User","@timestamp":"2023-05-04T09:19:11.000Z","source_host":"172.16.145.102","message":"%OSDRIVE%\\USERS\\PUBLIC\\DOCUMENTS\\MY PERSONAL SCRIPTS\\ORIENTATION-POWER12.PS1 was prevented from running.","AccountName":"granat","Keywords":4611686018427387904,"Channel":"Microsoft-Windows-AppLocker/MSI and Script","Version":0,"RecordNumber":483,"SourceModuleName":"eventlog","OpcodeValue":0,"Task":0,"host":"DEMODC02.demo.io","Domain":"DEMO","ThreadID":5436,"version":"1.1","@version":"1","SeverityValue":4,"Opcode":"Info","level":3,"ProcessID":5368,"UserID":"S-1-5-21-1800276383-1142253265-156682520-1334","EventType":"ERROR","SourceName":"Microsoft-Windows-AppLocker","ActivityID":"{1C33A225-7E13-0000-023B-341C137ED901}","ProviderGuid":"{CBDA4DBF-8D5D-4F69-9578-BE14AA540D22}","SourceModuleType":"im_msvistalog","EventReceivedTime":"2023-05-04 09:19:12","Severity":"ERROR","EventID":8007,"collector_node_id":"DEMODC02"}
{"gl2_source_collector":"ff6b1757-c7ff-43c3-beb5-82a3cb1baecf","AccountType":"User","@timestamp":"2023-05-04T09:19:11.000Z","source_host":"172.16.145.102","message":"%OSDRIVE%\\USERS\\PUBLIC\\DOCUMENTS\\MY PERSONAL SCRIPTS\\ORIENTATION-POWER12.PS1 was prevented from running.","AccountName":"granat","Keywords":4611686018427387904,"Channel":"Microsoft-Windows-AppLocker/MSI and Script","Version":0,"RecordNumber":484,"SourceModuleName":"eventlog","OpcodeValue":0,"Task":0,"host":"DEMODC02.demo.io","Domain":"DEMO","ThreadID":5436,"version":"1.1","@version":"1","SeverityValue":4,"Opcode":"Info","level":3,"ProcessID":5368,"UserID":"S-1-5-21-1800276383-1142253265-156682520-1334","EventType":"ERROR","SourceName":"Microsoft-Windows-AppLocker","ActivityID":"{1C33A225-7E13-0000-023B-341C137ED901}","ProviderGuid":"{CBDA4DBF-8D5D-4F69-9578-BE14AA540D22}","SourceModuleType":"im_msvistalog","EventReceivedTime":"2023-05-04 09:19:12","Severity":"ERROR","EventID":8007,"collector_node_id":"DEMODC02"}
{"gl2_source_collector":"ff6b1757-c7ff-43c3-beb5-82a3cb1baecf","AccountType":"User","@timestamp":"2023-05-04T09:19:11.000Z","source_host":"172.16.145.102","message":"%OSDRIVE%\\USERS\\GRANAT\\APPDATA\\LOCAL\\TEMP\\1\\__PSSCRIPTPOLICYTEST_Q30FUB0M.RLN.PS1 was prevented from running.","AccountName":"granat","Keywords":4611686018427387904,"Channel":"Microsoft-Windows-AppLocker/MSI and Script","Version":0,"RecordNumber":479,"SourceModuleName":"eventlog","OpcodeValue":0,"Task":0,"host":"DEMODC02.demo.io","Domain":"DEMO","ThreadID":5404,"version":"1.1","@version":"1","SeverityValue":4,"Opcode":"Info","level":3,"ProcessID":5368,"UserID":"S-1-5-21-1800276383-1142253265-156682520-1334","EventType":"ERROR","SourceName":"Microsoft-Windows-AppLocker","ActivityID":"{1C33A225-7E13-0001-4336-341C137ED901}","ProviderGuid":"{CBDA4DBF-8D5D-4F69-9578-BE14AA540D22}","SourceModuleType":"im_msvistalog","EventReceivedTime":"2023-05-04 09:19:12","Severity":"ERROR","EventID":8007,"collector_node_id":"DEMODC02"}
{"gl2_source_collector":"ff6b1757-c7ff-43c3-beb5-82a3cb1baecf","AccountType":"User","@timestamp":"2023-05-04T09:19:11.000Z","source_host":"172.16.145.102","message":"%SYSTEM32%\\NLTEST.EXE was allowed to run.","AccountName":"granat","Keywords":-9223372036854775808,"Channel":"Microsoft-Windows-AppLocker/EXE and DLL","Version":0,"RecordNumber":2067,"SourceModuleName":"eventlog","OpcodeValue":0,"Task":0,"host":"DEMODC02.demo.io","Domain":"DEMO","ThreadID":5436,"version":"1.1","@version":"1","SeverityValue":2,"Opcode":"Info","level":6,"ProcessID":5368,"UserID":"S-1-5-21-1800276383-1142253265-156682520-1334","EventType":"INFO","SourceName":"Microsoft-Windows-AppLocker","ProviderGuid":"{CBDA4DBF-8D5D-4F69-9578-BE14AA540D22}","SourceModuleType":"im_msvistalog","EventReceivedTime":"2023-05-04 09:19:12","Severity":"INFO","EventID":8002,"collector_node_id":"DEMODC02"}
{"gl2_source_collector":"ff6b1757-c7ff-43c3-beb5-82a3cb1baecf","AccountType":"User","@timestamp":"2023-05-04T09:19:13.000Z","source_host":"172.16.145.102","message":"%OSDRIVE%\\USERS\\GRANAT\\APPDATA\\LOCAL\\TEMP\\1\\__PSSCRIPTPOLICYTEST_Z2NCIHAF.OGY.PS1 was prevented from running.","AccountName":"granat","Keywords":4611686018427387904,"Channel":"Microsoft-Windows-AppLocker/MSI and Script","Version":0,"RecordNumber":485,"SourceModuleName":"eventlog","OpcodeValue":0,"Task":0,"host":"DEMODC02.demo.io","Domain":"DEMO","ThreadID":5688,"version":"1.1","@version":"1","SeverityValue":4,"Opcode":"Info","level":3,"ProcessID":5320,"UserID":"S-1-5-21-1800276383-1142253265-156682520-1334","EventType":"ERROR","SourceName":"Microsoft-Windows-AppLocker","ActivityID":"{1C33A225-7E13-0001-0338-341C137ED901}","ProviderGuid":"{CBDA4DBF-8D5D-4F69-9578-BE14AA540D22}","SourceModuleType":"im_msvistalog","EventReceivedTime":"2023-05-04 09:19:14","Severity":"ERROR","EventID":8007,"collector_node_id":"DEMODC02"}
{"gl2_source_collector":"ff6b1757-c7ff-43c3-beb5-82a3cb1baecf","AccountType":"User","@timestamp":"2023-05-04T09:19:13.000Z","source_host":"172.16.145.102","message":"%OSDRIVE%\\USERS\\GRANAT\\APPDATA\\LOCAL\\TEMP\\1\\__PSSCRIPTPOLICYTEST_N5JCMUXE.BCR.PSM1 was prevented from running.","AccountName":"granat","Keywords":4611686018427387904,"Channel":"Microsoft-Windows-AppLocker/MSI and Script","Version":0,"RecordNumber":486,"SourceModuleName":"eventlog","OpcodeValue":0,"Task":0,"host":"DEMODC02.demo.io","Domain":"DEMO","ThreadID":5688,"version":"1.1","@version":"1","SeverityValue":4,"Opcode":"Info","level":3,"ProcessID":5320,"UserID":"S-1-5-21-1800276383-1142253265-156682520-1334","EventType":"ERROR","SourceName":"Microsoft-Windows-AppLocker","ActivityID":"{1C33A225-7E13-0001-0338-341C137ED901}","ProviderGuid":"{CBDA4DBF-8D5D-4F69-9578-BE14AA540D22}","SourceModuleType":"im_msvistalog","EventReceivedTime":"2023-05-04 09:19:14","Severity":"ERROR","EventID":8007,"collector_node_id":"DEMODC02"}
{"gl2_source_collector":"ff6b1757-c7ff-43c3-beb5-82a3cb1baecf","AccountType":"User","@timestamp":"2023-05-04T09:19:13.000Z","source_host":"172.16.145.102","message":"%SYSTEM32%\\WINDOWSPOWERSHELL\\V1.0\\MODULES\\MICROSOFT.POWERSHELL.SECURITY\\MICROSOFT.POWERSHELL.SECURITY.PSD1 was allowed to run.","AccountName":"granat","Keywords":4611686018427387904,"Channel":"Microsoft-Windows-AppLocker/MSI and Script","Version":0,"RecordNumber":487,"SourceModuleName":"eventlog","OpcodeValue":0,"Task":0,"host":"DEMODC02.demo.io","Domain":"DEMO","ThreadID":2812,"version":"1.1","@version":"1","SeverityValue":2,"Opcode":"Info","level":6,"ProcessID":5320,"UserID":"S-1-5-21-1800276383-1142253265-156682520-1334","EventType":"INFO","SourceName":"Microsoft-Windows-AppLocker","ActivityID":"{1C33A225-7E13-0000-F43C-341C137ED901}","ProviderGuid":"{CBDA4DBF-8D5D-4F69-9578-BE14AA540D22}","SourceModuleType":"im_msvistalog","EventReceivedTime":"2023-05-04 09:19:14","Severity":"INFO","EventID":8005,"collector_node_id":"DEMODC02"}
{"gl2_source_collector":"ff6b1757-c7ff-43c3-beb5-82a3cb1baecf","AccountType":"User","@timestamp":"2023-05-04T09:19:13.000Z","source_host":"172.16.145.102","message":"%SYSTEM32%\\WINDOWSPOWERSHELL\\V1.0\\MODULES\\MICROSOFT.POWERSHELL.SECURITY\\MICROSOFT.POWERSHELL.SECURITY.PSD1 was allowed to run.","AccountName":"granat","Keywords":4611686018427387904,"Channel":"Microsoft-Windows-AppLocker/MSI and Script","Version":0,"RecordNumber":488,"SourceModuleName":"eventlog","OpcodeValue":0,"Task":0,"host":"DEMODC02.demo.io","Domain":"DEMO","ThreadID":2812,"version":"1.1","@version":"1","SeverityValue":2,"Opcode":"Info","level":6,"ProcessID":5320,"UserID":"S-1-5-21-1800276383-1142253265-156682520-1334","EventType":"INFO","SourceName":"Microsoft-Windows-AppLocker","ActivityID":"{1C33A225-7E13-0000-F43C-341C137ED901}","ProviderGuid":"{CBDA4DBF-8D5D-4F69-9578-BE14AA540D22}","SourceModuleType":"im_msvistalog","EventReceivedTime":"2023-05-04 09:19:14","Severity":"INFO","EventID":8005,"collector_node_id":"DEMODC02"}
{"gl2_source_collector":"ff6b1757-c7ff-43c3-beb5-82a3cb1baecf","AccountType":"User","@timestamp":"2023-05-04T09:19:13.000Z","source_host":"172.16.145.102","message":"%OSDRIVE%\\USERS\\PUBLIC\\DOCUMENTS\\MY PERSONAL SCRIPTS\\ORIENTATION-POWER13.PS1 was prevented from running.","AccountName":"granat","Keywords":4611686018427387904,"Channel":"Microsoft-Windows-AppLocker/MSI and Script","Version":0,"RecordNumber":489,"SourceModuleName":"eventlog","OpcodeValue":0,"Task":0,"host":"DEMODC02.demo.io","Domain":"DEMO","ThreadID":2812,"version":"1.1","@version":"1","SeverityValue":4,"Opcode":"Info","level":3,"ProcessID":5320,"UserID":"S-1-5-21-1800276383-1142253265-156682520-1334","EventType":"ERROR","SourceName":"Microsoft-Windows-AppLocker","ActivityID":"{1C33A225-7E13-0001-0A38-341C137ED901}","ProviderGuid":"{CBDA4DBF-8D5D-4F69-9578-BE14AA540D22}","SourceModuleType":"im_msvistalog","EventReceivedTime":"2023-05-04 09:19:14","Severity":"ERROR","EventID":8007,"collector_node_id":"DEMODC02"}
{"gl2_source_collector":"ff6b1757-c7ff-43c3-beb5-82a3cb1baecf","AccountType":"User","@timestamp":"2023-05-04T09:19:13.000Z","source_host":"172.16.145.102","message":"%OSDRIVE%\\USERS\\PUBLIC\\DOCUMENTS\\MY PERSONAL SCRIPTS\\ORIENTATION-POWER13.PS1 was prevented from running.","AccountName":"granat","Keywords":4611686018427387904,"Channel":"Microsoft-Windows-AppLocker/MSI and Script","Version":0,"RecordNumber":490,"SourceModuleName":"eventlog","OpcodeValue":0,"Task":0,"host":"DEMODC02.demo.io","Domain":"DEMO","ThreadID":2812,"version":"1.1","@version":"1","SeverityValue":4,"Opcode":"Info","level":3,"ProcessID":5320,"UserID":"S-1-5-21-1800276383-1142253265-156682520-1334","EventType":"ERROR","SourceName":"Microsoft-Windows-AppLocker","ActivityID":"{1C33A225-7E13-0001-0A38-341C137ED901}","ProviderGuid":"{CBDA4DBF-8D5D-4F69-9578-BE14AA540D22}","SourceModuleType":"im_msvistalog","EventReceivedTime":"2023-05-04 09:19:14","Severity":"ERROR","EventID":8007,"collector_node_id":"DEMODC02"}
{"gl2_source_collector":"ff6b1757-c7ff-43c3-beb5-82a3cb1baecf","AccountType":"User","@timestamp":"2023-05-04T09:19:13.000Z","source_host":"172.16.145.102","message":"%SYSTEM32%\\WINDOWSPOWERSHELL\\V1.0\\POWERSHELL.EXE was allowed to run.","AccountName":"granat","Keywords":-9223372036854775808,"Channel":"Microsoft-Windows-AppLocker/EXE and DLL","Version":0,"RecordNumber":2068,"SourceModuleName":"eventlog","OpcodeValue":0,"Task":0,"host":"DEMODC02.demo.io","Domain":"DEMO","ThreadID":5388,"version":"1.1","@version":"1","SeverityValue":2,"Opcode":"Info","level":6,"ProcessID":2140,"UserID":"S-1-5-21-1800276383-1142253265-156682520-1334","EventType":"INFO","SourceName":"Microsoft-Windows-AppLocker","ProviderGuid":"{CBDA4DBF-8D5D-4F69-9578-BE14AA540D22}","SourceModuleType":"im_msvistalog","EventReceivedTime":"2023-05-04 09:19:15","Severity":"INFO","EventID":8002,"collector_node_id":"DEMODC02"}
{"gl2_source_collector":"ff6b1757-c7ff-43c3-beb5-82a3cb1baecf","AccountType":"User","@timestamp":"2023-05-04T09:19:13.000Z","source_host":"172.16.145.102","message":"%SYSTEM32%\\CONHOST.EXE was allowed to run.","AccountName":"granat","Keywords":-9223372036854775808,"Channel":"Microsoft-Windows-AppLocker/EXE and DLL","Version":0,"RecordNumber":2069,"SourceModuleName":"eventlog","OpcodeValue":0,"Task":0,"host":"DEMODC02.demo.io","Domain":"DEMO","ThreadID":5688,"version":"1.1","@version":"1","SeverityValue":2,"Opcode":"Info","level":6,"ProcessID":5320,"UserID":"S-1-5-21-1800276383-1142253265-156682520-1334","EventType":"INFO","SourceName":"Microsoft-Windows-AppLocker","ProviderGuid":"{CBDA4DBF-8D5D-4F69-9578-BE14AA540D22}","SourceModuleType":"im_msvistalog","EventReceivedTime":"2023-05-04 09:19:15","Severity":"INFO","EventID":8002,"collector_node_id":"DEMODC02"}
{"gl2_source_collector":"ff6b1757-c7ff-43c3-beb5-82a3cb1baecf","AccountType":"User","@timestamp":"2023-05-04T09:19:13.000Z","source_host":"172.16.145.102","message":"%SYSTEM32%\\NLTEST.EXE was allowed to run.","AccountName":"granat","Keywords":-9223372036854775808,"Channel":"Microsoft-Windows-AppLocker/EXE and DLL","Version":0,"RecordNumber":2070,"SourceModuleName":"eventlog","OpcodeValue":0,"Task":0,"host":"DEMODC02.demo.io","Domain":"DEMO","ThreadID":2812,"version":"1.1","@version":"1","SeverityValue":2,"Opcode":"Info","level":6,"ProcessID":5320,"UserID":"S-1-5-21-1800276383-1142253265-156682520-1334","EventType":"INFO","SourceName":"Microsoft-Windows-AppLocker","ProviderGuid":"{CBDA4DBF-8D5D-4F69-9578-BE14AA540D22}","SourceModuleType":"im_msvistalog","EventReceivedTime":"2023-05-04 09:19:15","Severity":"INFO","EventID":8002,"collector_node_id":"DEMODC02"}
{"gl2_source_collector":"ff6b1757-c7ff-43c3-beb5-82a3cb1baecf","AccountType":"User","@timestamp":"2023-05-04T09:19:15.000Z","source_host":"172.16.145.102","message":"%OSDRIVE%\\USERS\\PUBLIC\\DOCUMENTS\\HELPFUL PORTABLE APPS\\PROCEXP.EXE was prevented from running.","AccountName":"granat","Keywords":-9223372036854775808,"Channel":"Microsoft-Windows-AppLocker/EXE and DLL","Version":0,"RecordNumber":2071,"SourceModuleName":"eventlog","OpcodeValue":0,"Task":0,"host":"DEMODC02.demo.io","Domain":"DEMO","ThreadID":5828,"version":"1.1","@version":"1","SeverityValue":4,"Opcode":"Info","level":3,"ProcessID":2140,"UserID":"S-1-5-21-1800276383-1142253265-156682520-1334","EventType":"ERROR","SourceName":"Microsoft-Windows-AppLocker","ProviderGuid":"{CBDA4DBF-8D5D-4F69-9578-BE14AA540D22}","SourceModuleType":"im_msvistalog","EventReceivedTime":"2023-05-04 09:19:17","Severity":"ERROR","EventID":8004,"collector_node_id":"DEMODC02"}
{"gl2_source_collector":"ff6b1757-c7ff-43c3-beb5-82a3cb1baecf","AccountType":"User","@timestamp":"2023-05-04T09:19:18.000Z","source_host":"172.16.145.102","message":"%OSDRIVE%\\USERS\\PUBLIC\\DOCUMENTS\\HELPFUL PORTABLE APPS\\PWTECH.EXE was prevented from running.","AccountName":"granat","Keywords":-9223372036854775808,"Channel":"Microsoft-Windows-AppLocker/EXE and DLL","Version":0,"RecordNumber":2072,"SourceModuleName":"eventlog","OpcodeValue":0,"Task":0,"host":"DEMODC02.demo.io","Domain":"DEMO","ThreadID":1184,"version":"1.1","@version":"1","SeverityValue":4,"Opcode":"Info","level":3,"ProcessID":2140,"UserID":"S-1-5-21-1800276383-1142253265-156682520-1334","EventType":"ERROR","SourceName":"Microsoft-Windows-AppLocker","ProviderGuid":"{CBDA4DBF-8D5D-4F69-9578-BE14AA540D22}","SourceModuleType":"im_msvistalog","EventReceivedTime":"2023-05-04 09:19:20","Severity":"ERROR","EventID":8004,"collector_node_id":"DEMODC02"}
{"gl2_source_collector":"ff6b1757-c7ff-43c3-beb5-82a3cb1baecf","AccountType":"User","@timestamp":"2023-05-04T09:19:22.000Z","source_host":"172.16.145.102","message":"%SYSTEM32%\\WSCRIPT.EXE was allowed to run.","AccountName":"granat","Keywords":-9223372036854775808,"Channel":"Microsoft-Windows-AppLocker/EXE and DLL","Version":0,"RecordNumber":2073,"SourceModuleName":"eventlog","OpcodeValue":0,"Task":0,"host":"DEMODC02.demo.io","Domain":"DEMO","ThreadID":6036,"version":"1.1","@version":"1","SeverityValue":2,"Opcode":"Info","level":6,"ProcessID":2140,"UserID":"S-1-5-21-1800276383-1142253265-156682520-1334","EventType":"INFO","SourceName":"Microsoft-Windows-AppLocker","ProviderGuid":"{CBDA4DBF-8D5D-4F69-9578-BE14AA540D22}","SourceModuleType":"im_msvistalog","EventReceivedTime":"2023-05-04 09:19:24","Severity":"INFO","EventID":8002,"collector_node_id":"DEMODC02"}
{"gl2_source_collector":"ff6b1757-c7ff-43c3-beb5-82a3cb1baecf","AccountType":"User","@timestamp":"2023-05-04T09:19:22.000Z","source_host":"172.16.145.102","message":"%OSDRIVE%\\USERS\\PUBLIC\\DOCUMENTS\\MY PERSONAL SCRIPTS\\RECON-POWER.VBS was prevented from running.","AccountName":"granat","Keywords":4611686018427387904,"Channel":"Microsoft-Windows-AppLocker/MSI and Script","Version":0,"RecordNumber":491,"SourceModuleName":"eventlog","OpcodeValue":0,"Task":0,"host":"DEMODC02.demo.io","Domain":"DEMO","ThreadID":6044,"version":"1.1","@version":"1","SeverityValue":4,"Opcode":"Info","level":3,"ProcessID":6040,"UserID":"S-1-5-21-1800276383-1142253265-156682520-1334","EventType":"ERROR","SourceName":"Microsoft-Windows-AppLocker","ProviderGuid":"{CBDA4DBF-8D5D-4F69-9578-BE14AA540D22}","SourceModuleType":"im_msvistalog","EventReceivedTime":"2023-05-04 09:19:24","Severity":"ERROR","EventID":8007,"collector_node_id":"DEMODC02"}
{"gl2_source_collector":"ff6b1757-c7ff-43c3-beb5-82a3cb1baecf","AccountType":"User","@timestamp":"2023-05-04T09:19:31.000Z","source_host":"172.16.145.102","message":"%SYSTEM32%\\RUNDLL32.EXE was allowed to run.","AccountName":"granat","Keywords":-9223372036854775808,"Channel":"Microsoft-Windows-AppLocker/EXE and DLL","Version":0,"RecordNumber":2074,"SourceModuleName":"eventlog","OpcodeValue":0,"Task":0,"host":"DEMODC02.demo.io","Domain":"DEMO","ThreadID":2436,"version":"1.1","@version":"1","SeverityValue":2,"Opcode":"Info","level":6,"ProcessID":840,"UserID":"S-1-5-21-1800276383-1142253265-156682520-1334","EventType":"INFO","SourceName":"Microsoft-Windows-AppLocker","ProviderGuid":"{CBDA4DBF-8D5D-4F69-9578-BE14AA540D22}","SourceModuleType":"im_msvistalog","EventReceivedTime":"2023-05-04 09:19:33","Severity":"INFO","EventID":8002,"collector_node_id":"DEMODC02"}
{"gl2_source_collector":"ff6b1757-c7ff-43c3-beb5-82a3cb1baecf","AccountType":"User","@timestamp":"2023-05-04T09:19:45.000Z","source_host":"172.16.145.102","message":"\\\\DEMO.IO\\SYSVOL\\DEMO.IO\\POLICIES\\{3486EB2E-83CA-4E05-9810-AB24DC072788}\\USER\\PREFERENCES\\SOURCES\\HELPFUL PORTABLE APPS\\ADEXPLORER.EXE was allowed to run.","AccountName":"granat","Keywords":-9223372036854775808,"Channel":"Microsoft-Windows-AppLocker/EXE and DLL","Version":0,"RecordNumber":2075,"SourceModuleName":"eventlog","OpcodeValue":0,"Task":0,"host":"DEMODC02.demo.io","Domain":"DEMO","ThreadID":5160,"version":"1.1","@version":"1","SeverityValue":2,"Opcode":"Info","level":6,"ProcessID":2140,"UserID":"S-1-5-21-1800276383-1142253265-156682520-1334","EventType":"INFO","SourceName":"Microsoft-Windows-AppLocker","ProviderGuid":"{CBDA4DBF-8D5D-4F69-9578-BE14AA540D22}","SourceModuleType":"im_msvistalog","EventReceivedTime":"2023-05-04 09:19:47","Severity":"INFO","EventID":8002,"collector_node_id":"DEMODC02"}
{"gl2_source_collector":"ff6b1757-c7ff-43c3-beb5-82a3cb1baecf","AccountType":"User","@timestamp":"2023-05-04T09:19:45.000Z","source_host":"172.16.145.102","message":"%OSDRIVE%\\USERS\\GRANAT\\APPDATA\\LOCAL\\TEMP\\1\\SYS3634281197\\ADEXPLORER.EXE was allowed to run.","AccountName":"granat","Keywords":-9223372036854775808,"Channel":"Microsoft-Windows-AppLocker/EXE and DLL","Version":0,"RecordNumber":2076,"SourceModuleName":"eventlog","OpcodeValue":0,"Task":0,"host":"DEMODC02.demo.io","Domain":"DEMO","ThreadID":5188,"version":"1.1","@version":"1","SeverityValue":2,"Opcode":"Info","level":6,"ProcessID":5236,"UserID":"S-1-5-21-1800276383-1142253265-156682520-1334","EventType":"INFO","SourceName":"Microsoft-Windows-AppLocker","ProviderGuid":"{CBDA4DBF-8D5D-4F69-9578-BE14AA540D22}","SourceModuleType":"im_msvistalog","EventReceivedTime":"2023-05-04 09:19:47","Severity":"INFO","EventID":8002,"collector_node_id":"DEMODC02"}
{"gl2_source_collector":"ff6b1757-c7ff-43c3-beb5-82a3cb1baecf","AccountType":"User","@timestamp":"2023-05-04T09:19:52.000Z","source_host":"172.16.145.102","message":"\\\\DEMO.IO\\SYSVOL\\DEMO.IO\\POLICIES\\{3486EB2E-83CA-4E05-9810-AB24DC072788}\\USER\\PREFERENCES\\SOURCES\\HELPFUL PORTABLE APPS\\AUTORUNS64.EXE was prevented from running.","AccountName":"granat","Keywords":-9223372036854775808,"Channel":"Microsoft-Windows-AppLocker/EXE and DLL","Version":0,"RecordNumber":2077,"SourceModuleName":"eventlog","OpcodeValue":0,"Task":0,"host":"DEMODC02.demo.io","Domain":"DEMO","ThreadID":5284,"version":"1.1","@version":"1","SeverityValue":4,"Opcode":"Info","level":3,"ProcessID":2140,"UserID":"S-1-5-21-1800276383-1142253265-156682520-1334","EventType":"ERROR","SourceName":"Microsoft-Windows-AppLocker","ProviderGuid":"{CBDA4DBF-8D5D-4F69-9578-BE14AA540D22}","SourceModuleType":"im_msvistalog","EventReceivedTime":"2023-05-04 09:19:53","Severity":"ERROR","EventID":8004,"collector_node_id":"DEMODC02"}
{"gl2_source_collector":"ff6b1757-c7ff-43c3-beb5-82a3cb1baecf","AccountType":"User","@timestamp":"2023-05-04T09:19:57.000Z","source_host":"172.16.145.102","message":"\\\\DEMO.IO\\SYSVOL\\DEMO.IO\\POLICIES\\{3486EB2E-83CA-4E05-9810-AB24DC072788}\\USER\\PREFERENCES\\SOURCES\\HELPFUL PORTABLE APPS\\KITTY_PORTABLE.EXE was allowed to run.","AccountName":"granat","Keywords":-9223372036854775808,"Channel":"Microsoft-Windows-AppLocker/EXE and DLL","Version":0,"RecordNumber":2078,"SourceModuleName":"eventlog","OpcodeValue":0,"Task":0,"host":"DEMODC02.demo.io","Domain":"DEMO","ThreadID":5244,"version":"1.1","@version":"1","SeverityValue":2,"Opcode":"Info","level":6,"ProcessID":2140,"UserID":"S-1-5-21-1800276383-1142253265-156682520-1334","EventType":"INFO","SourceName":"Microsoft-Windows-AppLocker","ProviderGuid":"{CBDA4DBF-8D5D-4F69-9578-BE14AA540D22}","SourceModuleType":"im_msvistalog","EventReceivedTime":"2023-05-04 09:19:58","Severity":"INFO","EventID":8002,"collector_node_id":"DEMODC02"}
{"gl2_source_collector":"ff6b1757-c7ff-43c3-beb5-82a3cb1baecf","AccountType":"User","@timestamp":"2023-05-04T09:20:03.000Z","source_host":"172.16.145.102","message":"%SYSTEM32%\\SVCHOST.EXE was allowed to run.","AccountName":"granat","Keywords":-9223372036854775808,"Channel":"Microsoft-Windows-AppLocker/EXE and DLL","Version":0,"RecordNumber":2079,"SourceModuleName":"eventlog","OpcodeValue":0,"Task":0,"host":"DEMODC02.demo.io","Domain":"DEMO","ThreadID":1924,"version":"1.1","@version":"1","SeverityValue":2,"Opcode":"Info","level":6,"ProcessID":624,"UserID":"S-1-5-21-1800276383-1142253265-156682520-1334","EventType":"INFO","SourceName":"Microsoft-Windows-AppLocker","ProviderGuid":"{CBDA4DBF-8D5D-4F69-9578-BE14AA540D22}","SourceModuleType":"im_msvistalog","EventReceivedTime":"2023-05-04 09:20:05","Severity":"INFO","EventID":8002,"collector_node_id":"DEMODC02"}
{"gl2_source_collector":"ff6b1757-c7ff-43c3-beb5-82a3cb1baecf","AccountType":"User","@timestamp":"2023-05-04T09:20:04.000Z","source_host":"172.16.145.102","message":"%SYSTEM32%\\DEVICECENSUS.EXE was allowed to run.","AccountName":"granat","Keywords":-9223372036854775808,"Channel":"Microsoft-Windows-AppLocker/EXE and DLL","Version":0,"RecordNumber":2080,"SourceModuleName":"eventlog","OpcodeValue":0,"Task":0,"host":"DEMODC02.demo.io","Domain":"DEMO","ThreadID":2120,"version":"1.1","@version":"1","SeverityValue":2,"Opcode":"Info","level":6,"ProcessID":1384,"UserID":"S-1-5-21-1800276383-1142253265-156682520-1334","EventType":"INFO","SourceName":"Microsoft-Windows-AppLocker","ProviderGuid":"{CBDA4DBF-8D5D-4F69-9578-BE14AA540D22}","SourceModuleType":"im_msvistalog","EventReceivedTime":"2023-05-04 09:20:05","Severity":"INFO","EventID":8002,"collector_node_id":"DEMODC02"}
{"gl2_source_collector":"ff6b1757-c7ff-43c3-beb5-82a3cb1baecf","AccountType":"User","@timestamp":"2023-05-04T09:23:32.000Z","source_host":"172.16.145.102","message":"\\\\DEMODC02\\SYSVOL\\DEMO.IO\\POLICIES\\{3486EB2E-83CA-4E05-9810-AB24DC072788}\\USER\\PREFERENCES\\SOURCES\\HELPFUL PORTABLE APPS\\AUTORUNS64.EXE was prevented from running.","AccountName":"granat","Keywords":-9223372036854775808,"Channel":"Microsoft-Windows-AppLocker/EXE and DLL","Version":0,"RecordNumber":2081,"SourceModuleName":"eventlog","OpcodeValue":0,"Task":0,"host":"DEMODC02.demo.io","Domain":"DEMO","ThreadID":3556,"version":"1.1","@version":"1","SeverityValue":4,"Opcode":"Info","level":3,"ProcessID":2140,"UserID":"S-1-5-21-1800276383-1142253265-156682520-1334","EventType":"ERROR","SourceName":"Microsoft-Windows-AppLocker","ProviderGuid":"{CBDA4DBF-8D5D-4F69-9578-BE14AA540D22}","SourceModuleType":"im_msvistalog","EventReceivedTime":"2023-05-04 09:23:33","Severity":"ERROR","EventID":8004,"collector_node_id":"DEMODC02"}
{"gl2_source_collector":"ff6b1757-c7ff-43c3-beb5-82a3cb1baecf","AccountType":"User","@timestamp":"2023-05-04T09:23:35.000Z","source_host":"172.16.145.102","message":"\\\\DEMODC02\\SYSVOL\\DEMO.IO\\POLICIES\\{3486EB2E-83CA-4E05-9810-AB24DC072788}\\USER\\PREFERENCES\\SOURCES\\HELPFUL PORTABLE APPS\\ADEXPLORER.EXE was allowed to run.","AccountName":"granat","Keywords":-9223372036854775808,"Channel":"Microsoft-Windows-AppLocker/EXE and DLL","Version":0,"RecordNumber":2082,"SourceModuleName":"eventlog","OpcodeValue":0,"Task":0,"host":"DEMODC02.demo.io","Domain":"DEMO","ThreadID":5340,"version":"1.1","@version":"1","SeverityValue":2,"Opcode":"Info","level":6,"ProcessID":2140,"UserID":"S-1-5-21-1800276383-1142253265-156682520-1334","EventType":"INFO","SourceName":"Microsoft-Windows-AppLocker","ProviderGuid":"{CBDA4DBF-8D5D-4F69-9578-BE14AA540D22}","SourceModuleType":"im_msvistalog","EventReceivedTime":"2023-05-04 09:23:37","Severity":"INFO","EventID":8002,"collector_node_id":"DEMODC02"}
{"gl2_source_collector":"ff6b1757-c7ff-43c3-beb5-82a3cb1baecf","AccountType":"User","@timestamp":"2023-05-04T09:23:35.000Z","source_host":"172.16.145.102","message":"%OSDRIVE%\\USERS\\GRANAT\\APPDATA\\LOCAL\\TEMP\\1\\SYS2876111187\\ADEXPLORER.EXE was allowed to run.","AccountName":"granat","Keywords":-9223372036854775808,"Channel":"Microsoft-Windows-AppLocker/EXE and DLL","Version":0,"RecordNumber":2083,"SourceModuleName":"eventlog","OpcodeValue":0,"Task":0,"host":"DEMODC02.demo.io","Domain":"DEMO","ThreadID":5476,"version":"1.1","@version":"1","SeverityValue":2,"Opcode":"Info","level":6,"ProcessID":5560,"UserID":"S-1-5-21-1800276383-1142253265-156682520-1334","EventType":"INFO","SourceName":"Microsoft-Windows-AppLocker","ProviderGuid":"{CBDA4DBF-8D5D-4F69-9578-BE14AA540D22}","SourceModuleType":"im_msvistalog","EventReceivedTime":"2023-05-04 09:23:37","Severity":"INFO","EventID":8002,"collector_node_id":"DEMODC02"}
{"gl2_source_collector":"ff6b1757-c7ff-43c3-beb5-82a3cb1baecf","AccountType":"User","@timestamp":"2023-05-04T09:23:42.000Z","source_host":"172.16.145.102","message":"\\\\DEMODC02\\SYSVOL\\DEMO.IO\\POLICIES\\{3486EB2E-83CA-4E05-9810-AB24DC072788}\\USER\\PREFERENCES\\SOURCES\\HELPFUL PORTABLE APPS\\KITTY_PORTABLE.EXE was allowed to run.","AccountName":"granat","Keywords":-9223372036854775808,"Channel":"Microsoft-Windows-AppLocker/EXE and DLL","Version":0,"RecordNumber":2084,"SourceModuleName":"eventlog","OpcodeValue":0,"Task":0,"host":"DEMODC02.demo.io","Domain":"DEMO","ThreadID":5144,"version":"1.1","@version":"1","SeverityValue":2,"Opcode":"Info","level":6,"ProcessID":2140,"UserID":"S-1-5-21-1800276383-1142253265-156682520-1334","EventType":"INFO","SourceName":"Microsoft-Windows-AppLocker","ProviderGuid":"{CBDA4DBF-8D5D-4F69-9578-BE14AA540D22}","SourceModuleType":"im_msvistalog","EventReceivedTime":"2023-05-04 09:23:43","Severity":"INFO","EventID":8002,"collector_node_id":"DEMODC02"}
{"gl2_source_collector":"ff6b1757-c7ff-43c3-beb5-82a3cb1baecf","AccountType":"User","@timestamp":"2023-05-04T09:23:54.000Z","source_host":"172.16.145.102","message":"\\\\DEMODC02.DEMO.IO\\SYSVOL\\DEMO.IO\\POLICIES\\{3486EB2E-83CA-4E05-9810-AB24DC072788}\\USER\\PREFERENCES\\SOURCES\\HELPFUL PORTABLE APPS\\ADEXPLORER.EXE was allowed to run.","AccountName":"granat","Keywords":-9223372036854775808,"Channel":"Microsoft-Windows-AppLocker/EXE and DLL","Version":0,"RecordNumber":2085,"SourceModuleName":"eventlog","OpcodeValue":0,"Task":0,"host":"DEMODC02.demo.io","Domain":"DEMO","ThreadID":5444,"version":"1.1","@version":"1","SeverityValue":2,"Opcode":"Info","level":6,"ProcessID":2140,"UserID":"S-1-5-21-1800276383-1142253265-156682520-1334","EventType":"INFO","SourceName":"Microsoft-Windows-AppLocker","ProviderGuid":"{CBDA4DBF-8D5D-4F69-9578-BE14AA540D22}","SourceModuleType":"im_msvistalog","EventReceivedTime":"2023-05-04 09:23:55","Severity":"INFO","EventID":8002,"collector_node_id":"DEMODC02"}
{"gl2_source_collector":"ff6b1757-c7ff-43c3-beb5-82a3cb1baecf","AccountType":"User","@timestamp":"2023-05-04T09:23:54.000Z","source_host":"172.16.145.102","message":"%OSDRIVE%\\USERS\\GRANAT\\APPDATA\\LOCAL\\TEMP\\1\\SYS212644816\\ADEXPLORER.EXE was allowed to run.","AccountName":"granat","Keywords":-9223372036854775808,"Channel":"Microsoft-Windows-AppLocker/EXE and DLL","Version":0,"RecordNumber":2086,"SourceModuleName":"eventlog","OpcodeValue":0,"Task":0,"host":"DEMODC02.demo.io","Domain":"DEMO","ThreadID":4676,"version":"1.1","@version":"1","SeverityValue":2,"Opcode":"Info","level":6,"ProcessID":2664,"UserID":"S-1-5-21-1800276383-1142253265-156682520-1334","EventType":"INFO","SourceName":"Microsoft-Windows-AppLocker","ProviderGuid":"{CBDA4DBF-8D5D-4F69-9578-BE14AA540D22}","SourceModuleType":"im_msvistalog","EventReceivedTime":"2023-05-04 09:23:55","Severity":"INFO","EventID":8002,"collector_node_id":"DEMODC02"}
{"gl2_source_collector":"ff6b1757-c7ff-43c3-beb5-82a3cb1baecf","AccountType":"User","@timestamp":"2023-05-04T09:23:58.000Z","source_host":"172.16.145.102","message":"\\\\DEMODC02.DEMO.IO\\SYSVOL\\DEMO.IO\\POLICIES\\{3486EB2E-83CA-4E05-9810-AB24DC072788}\\USER\\PREFERENCES\\SOURCES\\HELPFUL PORTABLE APPS\\AUTORUNS64.EXE was prevented from running.","AccountName":"granat","Keywords":-9223372036854775808,"Channel":"Microsoft-Windows-AppLocker/EXE and DLL","Version":0,"RecordNumber":2087,"SourceModuleName":"eventlog","OpcodeValue":0,"Task":0,"host":"DEMODC02.demo.io","Domain":"DEMO","ThreadID":3624,"version":"1.1","@version":"1","SeverityValue":4,"Opcode":"Info","level":3,"ProcessID":2140,"UserID":"S-1-5-21-1800276383-1142253265-156682520-1334","EventType":"ERROR","SourceName":"Microsoft-Windows-AppLocker","ProviderGuid":"{CBDA4DBF-8D5D-4F69-9578-BE14AA540D22}","SourceModuleType":"im_msvistalog","EventReceivedTime":"2023-05-04 09:23:59","Severity":"ERROR","EventID":8004,"collector_node_id":"DEMODC02"}
{"gl2_source_collector":"ff6b1757-c7ff-43c3-beb5-82a3cb1baecf","AccountType":"User","@timestamp":"2023-05-04T09:24:03.000Z","source_host":"172.16.145.102","message":"\\\\DEMODC02.DEMO.IO\\SYSVOL\\DEMO.IO\\POLICIES\\{3486EB2E-83CA-4E05-9810-AB24DC072788}\\USER\\PREFERENCES\\SOURCES\\HELPFUL PORTABLE APPS\\KITTY_PORTABLE.EXE was allowed to run.","AccountName":"granat","Keywords":-9223372036854775808,"Channel":"Microsoft-Windows-AppLocker/EXE and DLL","Version":0,"RecordNumber":2088,"SourceModuleName":"eventlog","OpcodeValue":0,"Task":0,"host":"DEMODC02.demo.io","Domain":"DEMO","ThreadID":3004,"version":"1.1","@version":"1","SeverityValue":2,"Opcode":"Info","level":6,"ProcessID":2140,"UserID":"S-1-5-21-1800276383-1142253265-156682520-1334","EventType":"INFO","SourceName":"Microsoft-Windows-AppLocker","ProviderGuid":"{CBDA4DBF-8D5D-4F69-9578-BE14AA540D22}","SourceModuleType":"im_msvistalog","EventReceivedTime":"2023-05-04 09:24:04","Severity":"INFO","EventID":8002,"collector_node_id":"DEMODC02"}
{"gl2_source_collector":"ff6b1757-c7ff-43c3-beb5-82a3cb1baecf","AccountType":"User","@timestamp":"2023-05-04T09:24:09.000Z","source_host":"172.16.145.102","message":"%SYSTEM32%\\DWM.EXE was allowed to run.","AccountName":"SYSTEM","Keywords":-9223372036854775808,"Channel":"Microsoft-Windows-AppLocker/EXE and DLL","Version":0,"RecordNumber":2089,"SourceModuleName":"eventlog","OpcodeValue":0,"Task":0,"host":"DEMODC02.demo.io","Domain":"NT AUTHORITY","ThreadID":1996,"version":"1.1","@version":"1","SeverityValue":2,"Opcode":"Info","level":6,"ProcessID":3412,"UserID":"S-1-5-18","EventType":"INFO","SourceName":"Microsoft-Windows-AppLocker","ProviderGuid":"{CBDA4DBF-8D5D-4F69-9578-BE14AA540D22}","SourceModuleType":"im_msvistalog","EventReceivedTime":"2023-05-04 09:24:09","Severity":"INFO","EventID":8002,"collector_node_id":"DEMODC02"}
{"gl2_source_collector":"ff6b1757-c7ff-43c3-beb5-82a3cb1baecf","AccountType":"User","@timestamp":"2023-05-04T09:24:09.000Z","source_host":"172.16.145.102","message":"%SYSTEM32%\\FONTDRVHOST.EXE was allowed to run.","AccountName":"SYSTEM","Keywords":-9223372036854775808,"Channel":"Microsoft-Windows-AppLocker/EXE and DLL","Version":0,"RecordNumber":2090,"SourceModuleName":"eventlog","OpcodeValue":0,"Task":0,"host":"DEMODC02.demo.io","Domain":"NT AUTHORITY","ThreadID":4752,"version":"1.1","@version":"1","SeverityValue":2,"Opcode":"Info","level":6,"ProcessID":3412,"UserID":"S-1-5-18","EventType":"INFO","SourceName":"Microsoft-Windows-AppLocker","ProviderGuid":"{CBDA4DBF-8D5D-4F69-9578-BE14AA540D22}","SourceModuleType":"im_msvistalog","EventReceivedTime":"2023-05-04 09:24:09","Severity":"INFO","EventID":8002,"collector_node_id":"DEMODC02"}
