{"gl2_source_collector":"cb52b304-ef1b-4e79-9504-a33807a75612","AccountType":"User","@timestamp":"2023-05-04T09:15:52.000Z","source_host":"172.16.145.101","message":"%PROGRAMFILES%\\MICROSOFT\\EDGE\\APPLICATION\\MSEDGE.EXE was allowed to run.","AccountName":"daulwu","Keywords":-9223372036854775808,"Channel":"Microsoft-Windows-AppLocker/EXE and DLL","Version":0,"RecordNumber":3725,"SourceModuleName":"eventlog","OpcodeValue":0,"Task":0,"host":"DEMODC01.demo.io","Domain":"DEMO","ThreadID":4224,"version":"1.1","@version":"1","SeverityValue":2,"Opcode":"Info","level":6,"ProcessID":6792,"UserID":"S-1-5-21-1800276383-1142253265-156682520-1574","EventType":"INFO","SourceName":"Microsoft-Windows-AppLocker","ProviderGuid":"{CBDA4DBF-8D5D-4F69-9578-BE14AA540D22}","SourceModuleType":"im_msvistalog","EventReceivedTime":"2023-05-04 09:15:53","Severity":"INFO","EventID":8002,"collector_node_id":"DEMODC01"}
{"gl2_source_collector":"cb52b304-ef1b-4e79-9504-a33807a75612","AccountType":"User","@timestamp":"2023-05-04T09:16:11.000Z","source_host":"172.16.145.101","message":"%PROGRAMFILES%\\MICROSOFT\\EDGE\\APPLICATION\\MSEDGE.EXE was allowed to run.","AccountName":"daulwu","Keywords":-9223372036854775808,"Channel":"Microsoft-Windows-AppLocker/EXE and DLL","Version":0,"RecordNumber":3726,"SourceModuleName":"eventlog","OpcodeValue":0,"Task":0,"host":"DEMODC01.demo.io","Domain":"DEMO","ThreadID":4224,"version":"1.1","@version":"1","SeverityValue":2,"Opcode":"Info","level":6,"ProcessID":6792,"UserID":"S-1-5-21-1800276383-1142253265-156682520-1574","EventType":"INFO","SourceName":"Microsoft-Windows-AppLocker","ProviderGuid":"{CBDA4DBF-8D5D-4F69-9578-BE14AA540D22}","SourceModuleType":"im_msvistalog","EventReceivedTime":"2023-05-04 09:16:12","Severity":"INFO","EventID":8002,"collector_node_id":"DEMODC01"}
{"gl2_source_collector":"cb52b304-ef1b-4e79-9504-a33807a75612","AccountType":"User","@timestamp":"2023-05-04T09:16:17.000Z","source_host":"172.16.145.101","message":"%PROGRAMFILES%\\MICROSOFT\\EDGE\\APPLICATION\\MSEDGE.EXE was allowed to run.","AccountName":"daulwu","Keywords":-9223372036854775808,"Channel":"Microsoft-Windows-AppLocker/EXE and DLL","Version":0,"RecordNumber":3727,"SourceModuleName":"eventlog","OpcodeValue":0,"Task":0,"host":"DEMODC01.demo.io","Domain":"DEMO","ThreadID":4224,"version":"1.1","@version":"1","SeverityValue":2,"Opcode":"Info","level":6,"ProcessID":6792,"UserID":"S-1-5-21-1800276383-1142253265-156682520-1574","EventType":"INFO","SourceName":"Microsoft-Windows-AppLocker","ProviderGuid":"{CBDA4DBF-8D5D-4F69-9578-BE14AA540D22}","SourceModuleType":"im_msvistalog","EventReceivedTime":"2023-05-04 09:16:18","Severity":"INFO","EventID":8002,"collector_node_id":"DEMODC01"}
{"gl2_source_collector":"334daab2-1164-403b-a378-aa853de9d73b","AccountType":"User","@timestamp":"2023-05-04T09:16:21.000Z","source_host":"172.16.145.103","message":"%SYSTEM32%\\SVCHOST.EXE was allowed to run.","AccountName":"jaumma","Keywords":-9223372036854775808,"Channel":"Microsoft-Windows-AppLocker/EXE and DLL","Version":0,"RecordNumber":8447,"SourceModuleName":"eventlog","OpcodeValue":0,"Task":0,"host":"APPSERVER1.demo.io","Domain":"DEMO","ThreadID":1636,"version":"1.1","@version":"1","SeverityValue":2,"Opcode":"Info","level":6,"ProcessID":636,"UserID":"S-1-5-21-1800276383-1142253265-156682520-1422","EventType":"INFO","SourceName":"Microsoft-Windows-AppLocker","ProviderGuid":"{CBDA4DBF-8D5D-4F69-9578-BE14AA540D22}","SourceModuleType":"im_msvistalog","EventReceivedTime":"2023-05-04 09:16:22","Severity":"INFO","EventID":8002,"collector_node_id":"APPSERVER1"}
{"gl2_source_collector":"334daab2-1164-403b-a378-aa853de9d73b","AccountType":"User","@timestamp":"2023-05-04T09:16:21.000Z","source_host":"172.16.145.103","message":"%SYSTEM32%\\TASKHOSTW.EXE was allowed to run.","AccountName":"jaumma","Keywords":-9223372036854775808,"Channel":"Microsoft-Windows-AppLocker/EXE and DLL","Version":0,"RecordNumber":8448,"SourceModuleName":"eventlog","OpcodeValue":0,"Task":0,"host":"APPSERVER1.demo.io","Domain":"DEMO","ThreadID":976,"version":"1.1","@version":"1","SeverityValue":2,"Opcode":"Info","level":6,"ProcessID":1480,"UserID":"S-1-5-21-1800276383-1142253265-156682520-1422","EventType":"INFO","SourceName":"Microsoft-Windows-AppLocker","ProviderGuid":"{CBDA4DBF-8D5D-4F69-9578-BE14AA540D22}","SourceModuleType":"im_msvistalog","EventReceivedTime":"2023-05-04 09:16:22","Severity":"INFO","EventID":8002,"collector_node_id":"APPSERVER1"}
{"gl2_source_collector":"334daab2-1164-403b-a378-aa853de9d73b","AccountType":"User","@timestamp":"2023-05-04T09:16:21.000Z","source_host":"172.16.145.103","message":"%SYSTEM32%\\TASKHOSTW.EXE was allowed to run.","AccountName":"jaumma","Keywords":-9223372036854775808,"Channel":"Microsoft-Windows-AppLocker/EXE and DLL","Version":0,"RecordNumber":8449,"SourceModuleName":"eventlog","OpcodeValue":0,"Task":0,"host":"APPSERVER1.demo.io","Domain":"DEMO","ThreadID":1748,"version":"1.1","@version":"1","SeverityValue":2,"Opcode":"Info","level":6,"ProcessID":1480,"UserID":"S-1-5-21-1800276383-1142253265-156682520-1422","EventType":"INFO","SourceName":"Microsoft-Windows-AppLocker","ProviderGuid":"{CBDA4DBF-8D5D-4F69-9578-BE14AA540D22}","SourceModuleType":"im_msvistalog","EventReceivedTime":"2023-05-04 09:16:22","Severity":"INFO","EventID":8002,"collector_node_id":"APPSERVER1"}
{"gl2_source_collector":"334daab2-1164-403b-a378-aa853de9d73b","AccountType":"User","@timestamp":"2023-05-04T09:16:21.000Z","source_host":"172.16.145.103","message":"%SYSTEM32%\\TASKHOSTW.EXE was allowed to run.","AccountName":"jaumma","Keywords":-9223372036854775808,"Channel":"Microsoft-Windows-AppLocker/EXE and DLL","Version":0,"RecordNumber":8450,"SourceModuleName":"eventlog","OpcodeValue":0,"Task":0,"host":"APPSERVER1.demo.io","Domain":"DEMO","ThreadID":2364,"version":"1.1","@version":"1","SeverityValue":2,"Opcode":"Info","level":6,"ProcessID":1480,"UserID":"S-1-5-21-1800276383-1142253265-156682520-1422","EventType":"INFO","SourceName":"Microsoft-Windows-AppLocker","ProviderGuid":"{CBDA4DBF-8D5D-4F69-9578-BE14AA540D22}","SourceModuleType":"im_msvistalog","EventReceivedTime":"2023-05-04 09:16:22","Severity":"INFO","EventID":8002,"collector_node_id":"APPSERVER1"}
{"gl2_source_collector":"334daab2-1164-403b-a378-aa853de9d73b","AccountType":"User","@timestamp":"2023-05-04T09:16:21.000Z","source_host":"172.16.145.103","message":"%SYSTEM32%\\CTFMON.EXE was allowed to run.","AccountName":"SYSTEM","Keywords":-9223372036854775808,"Channel":"Microsoft-Windows-AppLocker/EXE and DLL","Version":0,"RecordNumber":8451,"SourceModuleName":"eventlog","OpcodeValue":0,"Task":0,"host":"APPSERVER1.demo.io","Domain":"NT AUTHORITY","ThreadID":516,"version":"1.1","@version":"1","SeverityValue":2,"Opcode":"Info","level":6,"ProcessID":1236,"UserID":"S-1-5-18","EventType":"INFO","SourceName":"Microsoft-Windows-AppLocker","ProviderGuid":"{CBDA4DBF-8D5D-4F69-9578-BE14AA540D22}","SourceModuleType":"im_msvistalog","EventReceivedTime":"2023-05-04 09:16:22","Severity":"INFO","EventID":8002,"collector_node_id":"APPSERVER1"}
{"gl2_source_collector":"334daab2-1164-403b-a378-aa853de9d73b","AccountType":"User","@timestamp":"2023-05-04T09:16:21.000Z","source_host":"172.16.145.103","message":"%SYSTEM32%\\PCAUI.EXE was allowed to run.","AccountName":"SYSTEM","Keywords":-9223372036854775808,"Channel":"Microsoft-Windows-AppLocker/EXE and DLL","Version":0,"RecordNumber":8445,"SourceModuleName":"eventlog","OpcodeValue":0,"Task":0,"host":"APPSERVER1.demo.io","Domain":"NT AUTHORITY","ThreadID":1344,"version":"1.1","@version":"1","SeverityValue":2,"Opcode":"Info","level":6,"ProcessID":1236,"UserID":"S-1-5-18","EventType":"INFO","SourceName":"Microsoft-Windows-AppLocker","ProviderGuid":"{CBDA4DBF-8D5D-4F69-9578-BE14AA540D22}","SourceModuleType":"im_msvistalog","EventReceivedTime":"2023-05-04 09:16:22","Severity":"INFO","EventID":8002,"collector_node_id":"APPSERVER1"}
{"gl2_source_collector":"334daab2-1164-403b-a378-aa853de9d73b","AccountType":"User","@timestamp":"2023-05-04T09:16:21.000Z","source_host":"172.16.145.103","message":"%SYSTEM32%\\USERINIT.EXE was allowed to run.","AccountName":"jaumma","Keywords":-9223372036854775808,"Channel":"Microsoft-Windows-AppLocker/EXE and DLL","Version":0,"RecordNumber":8452,"SourceModuleName":"eventlog","OpcodeValue":0,"Task":0,"host":"APPSERVER1.demo.io","Domain":"DEMO","ThreadID":980,"version":"1.1","@version":"1","SeverityValue":2,"Opcode":"Info","level":6,"ProcessID":568,"UserID":"S-1-5-21-1800276383-1142253265-156682520-1422","EventType":"INFO","SourceName":"Microsoft-Windows-AppLocker","ProviderGuid":"{CBDA4DBF-8D5D-4F69-9578-BE14AA540D22}","SourceModuleType":"im_msvistalog","EventReceivedTime":"2023-05-04 09:16:22","Severity":"INFO","EventID":8002,"collector_node_id":"APPSERVER1"}
{"gl2_source_collector":"334daab2-1164-403b-a378-aa853de9d73b","AccountType":"User","@timestamp":"2023-05-04T09:16:21.000Z","source_host":"172.16.145.103","message":"%SYSTEM32%\\SIHOST.EXE was allowed to run.","AccountName":"SYSTEM","Keywords":-9223372036854775808,"Channel":"Microsoft-Windows-AppLocker/EXE and DLL","Version":0,"RecordNumber":8446,"SourceModuleName":"eventlog","OpcodeValue":0,"Task":0,"host":"APPSERVER1.demo.io","Domain":"NT AUTHORITY","ThreadID":440,"version":"1.1","@version":"1","SeverityValue":2,"Opcode":"Info","level":6,"ProcessID":1480,"UserID":"S-1-5-18","EventType":"INFO","SourceName":"Microsoft-Windows-AppLocker","ProviderGuid":"{CBDA4DBF-8D5D-4F69-9578-BE14AA540D22}","SourceModuleType":"im_msvistalog","EventReceivedTime":"2023-05-04 09:16:22","Severity":"INFO","EventID":8002,"collector_node_id":"APPSERVER1"}
{"gl2_source_collector":"334daab2-1164-403b-a378-aa853de9d73b","AccountType":"User","@timestamp":"2023-05-04T09:16:21.000Z","source_host":"172.16.145.103","message":"%WINDIR%\\EXPLORER.EXE was allowed to run.","AccountName":"jaumma","Keywords":-9223372036854775808,"Channel":"Microsoft-Windows-AppLocker/EXE and DLL","Version":0,"RecordNumber":8453,"SourceModuleName":"eventlog","OpcodeValue":0,"Task":0,"host":"APPSERVER1.demo.io","Domain":"DEMO","ThreadID":660,"version":"1.1","@version":"1","SeverityValue":2,"Opcode":"Info","level":6,"ProcessID":128,"UserID":"S-1-5-21-1800276383-1142253265-156682520-1422","EventType":"INFO","SourceName":"Microsoft-Windows-AppLocker","ProviderGuid":"{CBDA4DBF-8D5D-4F69-9578-BE14AA540D22}","SourceModuleType":"im_msvistalog","EventReceivedTime":"2023-05-04 09:16:22","Severity":"INFO","EventID":8002,"collector_node_id":"APPSERVER1"}
{"gl2_source_collector":"334daab2-1164-403b-a378-aa853de9d73b","AccountType":"User","@timestamp":"2023-05-04T09:16:22.000Z","source_host":"172.16.145.103","message":"MICROSOFTWINDOWS.CLIENT.CBS was allowed to run.","AccountName":"jaumma","Keywords":2305843009213693952,"Channel":"Microsoft-Windows-AppLocker/Packaged app-Execution","Version":0,"RecordNumber":880,"SourceModuleName":"eventlog","OpcodeValue":0,"Task":0,"host":"APPSERVER1.demo.io","Domain":"DEMO","ThreadID":3124,"version":"1.1","@version":"1","SeverityValue":2,"Opcode":"Info","level":6,"ProcessID":764,"UserID":"S-1-5-21-1800276383-1142253265-156682520-1422","EventType":"INFO","SourceName":"Microsoft-Windows-AppLocker","ProviderGuid":"{CBDA4DBF-8D5D-4F69-9578-BE14AA540D22}","SourceModuleType":"im_msvistalog","EventReceivedTime":"2023-05-04 09:16:23","Severity":"INFO","EventID":8020,"collector_node_id":"APPSERVER1"}
{"gl2_source_collector":"334daab2-1164-403b-a378-aa853de9d73b","AccountType":"User","@timestamp":"2023-05-04T09:16:22.000Z","source_host":"172.16.145.103","message":"MICROSOFT.WINDOWS.STARTMENUEXPERIENCEHOST was allowed to run.","AccountName":"jaumma","Keywords":2305843009213693952,"Channel":"Microsoft-Windows-AppLocker/Packaged app-Execution","Version":0,"RecordNumber":881,"SourceModuleName":"eventlog","OpcodeValue":0,"Task":0,"host":"APPSERVER1.demo.io","Domain":"DEMO","ThreadID":944,"version":"1.1","@version":"1","SeverityValue":2,"Opcode":"Info","level":6,"ProcessID":764,"UserID":"S-1-5-21-1800276383-1142253265-156682520-1422","EventType":"INFO","SourceName":"Microsoft-Windows-AppLocker","ProviderGuid":"{CBDA4DBF-8D5D-4F69-9578-BE14AA540D22}","SourceModuleType":"im_msvistalog","EventReceivedTime":"2023-05-04 09:16:23","Severity":"INFO","EventID":8020,"collector_node_id":"APPSERVER1"}
{"gl2_source_collector":"334daab2-1164-403b-a378-aa853de9d73b","AccountType":"User","@timestamp":"2023-05-04T09:16:22.000Z","source_host":"172.16.145.103","message":"MICROSOFT.WINDOWS.STARTMENUEXPERIENCEHOST was allowed to run.","AccountName":"jaumma","Keywords":2305843009213693952,"Channel":"Microsoft-Windows-AppLocker/Packaged app-Execution","Version":0,"RecordNumber":882,"SourceModuleName":"eventlog","OpcodeValue":0,"Task":0,"host":"APPSERVER1.demo.io","Domain":"DEMO","ThreadID":740,"version":"1.1","@version":"1","SeverityValue":2,"Opcode":"Info","level":6,"ProcessID":764,"UserID":"S-1-5-21-1800276383-1142253265-156682520-1422","EventType":"INFO","SourceName":"Microsoft-Windows-AppLocker","ProviderGuid":"{CBDA4DBF-8D5D-4F69-9578-BE14AA540D22}","SourceModuleType":"im_msvistalog","EventReceivedTime":"2023-05-04 09:16:23","Severity":"INFO","EventID":8020,"collector_node_id":"APPSERVER1"}
{"gl2_source_collector":"334daab2-1164-403b-a378-aa853de9d73b","AccountType":"User","@timestamp":"2023-05-04T09:16:23.000Z","source_host":"172.16.145.103","message":"MICROSOFT.WINDOWS.SEARCH was allowed to run.","AccountName":"jaumma","Keywords":2305843009213693952,"Channel":"Microsoft-Windows-AppLocker/Packaged app-Execution","Version":0,"RecordNumber":883,"SourceModuleName":"eventlog","OpcodeValue":0,"Task":0,"host":"APPSERVER1.demo.io","Domain":"DEMO","ThreadID":3744,"version":"1.1","@version":"1","SeverityValue":2,"Opcode":"Info","level":6,"ProcessID":764,"UserID":"S-1-5-21-1800276383-1142253265-156682520-1422","EventType":"INFO","SourceName":"Microsoft-Windows-AppLocker","ProviderGuid":"{CBDA4DBF-8D5D-4F69-9578-BE14AA540D22}","SourceModuleType":"im_msvistalog","EventReceivedTime":"2023-05-04 09:16:25","Severity":"INFO","EventID":8020,"collector_node_id":"APPSERVER1"}
{"gl2_source_collector":"334daab2-1164-403b-a378-aa853de9d73b","AccountType":"User","@timestamp":"2023-05-04T09:16:23.000Z","source_host":"172.16.145.103","message":"MICROSOFT.WINDOWS.SEARCH was allowed to run.","AccountName":"jaumma","Keywords":2305843009213693952,"Channel":"Microsoft-Windows-AppLocker/Packaged app-Execution","Version":0,"RecordNumber":884,"SourceModuleName":"eventlog","OpcodeValue":0,"Task":0,"host":"APPSERVER1.demo.io","Domain":"DEMO","ThreadID":740,"version":"1.1","@version":"1","SeverityValue":2,"Opcode":"Info","level":6,"ProcessID":764,"UserID":"S-1-5-21-1800276383-1142253265-156682520-1422","EventType":"INFO","SourceName":"Microsoft-Windows-AppLocker","ProviderGuid":"{CBDA4DBF-8D5D-4F69-9578-BE14AA540D22}","SourceModuleType":"im_msvistalog","EventReceivedTime":"2023-05-04 09:16:25","Severity":"INFO","EventID":8020,"collector_node_id":"APPSERVER1"}
{"gl2_source_collector":"334daab2-1164-403b-a378-aa853de9d73b","AccountType":"User","@timestamp":"2023-05-04T09:16:24.000Z","source_host":"172.16.145.103","message":"%SYSTEM32%\\SMARTSCREEN.EXE was allowed to run.","AccountName":"jaumma","Keywords":-9223372036854775808,"Channel":"Microsoft-Windows-AppLocker/EXE and DLL","Version":0,"RecordNumber":8454,"SourceModuleName":"eventlog","OpcodeValue":0,"Task":0,"host":"APPSERVER1.demo.io","Domain":"DEMO","ThreadID":944,"version":"1.1","@version":"1","SeverityValue":2,"Opcode":"Info","level":6,"ProcessID":764,"UserID":"S-1-5-21-1800276383-1142253265-156682520-1422","EventType":"INFO","SourceName":"Microsoft-Windows-AppLocker","ProviderGuid":"{CBDA4DBF-8D5D-4F69-9578-BE14AA540D22}","SourceModuleType":"im_msvistalog","EventReceivedTime":"2023-05-04 09:16:26","Severity":"INFO","EventID":8002,"collector_node_id":"APPSERVER1"}
{"gl2_source_collector":"334daab2-1164-403b-a378-aa853de9d73b","AccountType":"User","@timestamp":"2023-05-04T09:16:24.000Z","source_host":"172.16.145.103","message":"%OSDRIVE%\\USERS\\PUBLIC\\DOCUMENTS\\HELPFUL PORTABLE APPS\\ADEXPLORER.EXE was allowed to run but would have been prevented from running if the AppLocker policy were enforced.","AccountName":"jaumma","Keywords":-9223372036854775808,"Channel":"Microsoft-Windows-AppLocker/EXE and DLL","Version":0,"RecordNumber":8455,"SourceModuleName":"eventlog","OpcodeValue":0,"Task":0,"host":"APPSERVER1.demo.io","Domain":"DEMO","ThreadID":3572,"version":"1.1","@version":"1","SeverityValue":3,"Opcode":"Info","level":4,"ProcessID":1412,"UserID":"S-1-5-21-1800276383-1142253265-156682520-1422","EventType":"WARNING","SourceName":"Microsoft-Windows-AppLocker","ProviderGuid":"{CBDA4DBF-8D5D-4F69-9578-BE14AA540D22}","SourceModuleType":"im_msvistalog","EventReceivedTime":"2023-05-04 09:16:26","Severity":"WARNING","EventID":8003,"collector_node_id":"APPSERVER1"}
{"gl2_source_collector":"334daab2-1164-403b-a378-aa853de9d73b","AccountType":"User","@timestamp":"2023-05-04T09:16:24.000Z","source_host":"172.16.145.103","message":"%OSDRIVE%\\USERS\\JAUMMA\\APPDATA\\LOCAL\\TEMP\\1\\ADEXPLORER.EXE was allowed to run but would have been prevented from running if the AppLocker policy were enforced.","AccountName":"jaumma","Keywords":-9223372036854775808,"Channel":"Microsoft-Windows-AppLocker/EXE and DLL","Version":0,"RecordNumber":8456,"SourceModuleName":"eventlog","OpcodeValue":0,"Task":0,"host":"APPSERVER1.demo.io","Domain":"DEMO","ThreadID":3036,"version":"1.1","@version":"1","SeverityValue":3,"Opcode":"Info","level":4,"ProcessID":1752,"UserID":"S-1-5-21-1800276383-1142253265-156682520-1422","EventType":"WARNING","SourceName":"Microsoft-Windows-AppLocker","ProviderGuid":"{CBDA4DBF-8D5D-4F69-9578-BE14AA540D22}","SourceModuleType":"im_msvistalog","EventReceivedTime":"2023-05-04 09:16:26","Severity":"WARNING","EventID":8003,"collector_node_id":"APPSERVER1"}
{"gl2_source_collector":"334daab2-1164-403b-a378-aa853de9d73b","AccountType":"User","@timestamp":"2023-05-04T09:16:25.000Z","source_host":"172.16.145.103","message":"%SYSTEM32%\\TASKHOSTW.EXE was allowed to run.","AccountName":"jaumma","Keywords":-9223372036854775808,"Channel":"Microsoft-Windows-AppLocker/EXE and DLL","Version":0,"RecordNumber":8457,"SourceModuleName":"eventlog","OpcodeValue":0,"Task":0,"host":"APPSERVER1.demo.io","Domain":"DEMO","ThreadID":1984,"version":"1.1","@version":"1","SeverityValue":2,"Opcode":"Info","level":6,"ProcessID":1480,"UserID":"S-1-5-21-1800276383-1142253265-156682520-1422","EventType":"INFO","SourceName":"Microsoft-Windows-AppLocker","ProviderGuid":"{CBDA4DBF-8D5D-4F69-9578-BE14AA540D22}","SourceModuleType":"im_msvistalog","EventReceivedTime":"2023-05-04 09:16:26","Severity":"INFO","EventID":8002,"collector_node_id":"APPSERVER1"}
{"gl2_source_collector":"334daab2-1164-403b-a378-aa853de9d73b","AccountType":"User","@timestamp":"2023-05-04T09:16:25.000Z","source_host":"172.16.145.103","message":"%SYSTEM32%\\APPHOSTREGISTRATIONVERIFIER.EXE was allowed to run.","AccountName":"jaumma","Keywords":-9223372036854775808,"Channel":"Microsoft-Windows-AppLocker/EXE and DLL","Version":0,"RecordNumber":8458,"SourceModuleName":"eventlog","OpcodeValue":0,"Task":0,"host":"APPSERVER1.demo.io","Domain":"DEMO","ThreadID":1984,"version":"1.1","@version":"1","SeverityValue":2,"Opcode":"Info","level":6,"ProcessID":1480,"UserID":"S-1-5-21-1800276383-1142253265-156682520-1422","EventType":"INFO","SourceName":"Microsoft-Windows-AppLocker","ProviderGuid":"{CBDA4DBF-8D5D-4F69-9578-BE14AA540D22}","SourceModuleType":"im_msvistalog","EventReceivedTime":"2023-05-04 09:16:26","Severity":"INFO","EventID":8002,"collector_node_id":"APPSERVER1"}
{"gl2_source_collector":"334daab2-1164-403b-a378-aa853de9d73b","AccountType":"User","@timestamp":"2023-05-04T09:16:25.000Z","source_host":"172.16.145.103","message":"%SYSTEM32%\\CLEANMGR.EXE was allowed to run.","AccountName":"jaumma","Keywords":-9223372036854775808,"Channel":"Microsoft-Windows-AppLocker/EXE and DLL","Version":0,"RecordNumber":8459,"SourceModuleName":"eventlog","OpcodeValue":0,"Task":0,"host":"APPSERVER1.demo.io","Domain":"DEMO","ThreadID":1984,"version":"1.1","@version":"1","SeverityValue":2,"Opcode":"Info","level":6,"ProcessID":1480,"UserID":"S-1-5-21-1800276383-1142253265-156682520-1422","EventType":"INFO","SourceName":"Microsoft-Windows-AppLocker","ProviderGuid":"{CBDA4DBF-8D5D-4F69-9578-BE14AA540D22}","SourceModuleType":"im_msvistalog","EventReceivedTime":"2023-05-04 09:16:26","Severity":"INFO","EventID":8002,"collector_node_id":"APPSERVER1"}
{"gl2_source_collector":"334daab2-1164-403b-a378-aa853de9d73b","AccountType":"User","@timestamp":"2023-05-04T09:16:26.000Z","source_host":"172.16.145.103","message":"%SYSTEM32%\\MOBSYNC.EXE was allowed to run.","AccountName":"jaumma","Keywords":-9223372036854775808,"Channel":"Microsoft-Windows-AppLocker/EXE and DLL","Version":0,"RecordNumber":8460,"SourceModuleName":"eventlog","OpcodeValue":0,"Task":0,"host":"APPSERVER1.demo.io","Domain":"DEMO","ThreadID":944,"version":"1.1","@version":"1","SeverityValue":2,"Opcode":"Info","level":6,"ProcessID":764,"UserID":"S-1-5-21-1800276383-1142253265-156682520-1422","EventType":"INFO","SourceName":"Microsoft-Windows-AppLocker","ProviderGuid":"{CBDA4DBF-8D5D-4F69-9578-BE14AA540D22}","SourceModuleType":"im_msvistalog","EventReceivedTime":"2023-05-04 09:16:27","Severity":"INFO","EventID":8002,"collector_node_id":"APPSERVER1"}
{"gl2_source_collector":"334daab2-1164-403b-a378-aa853de9d73b","AccountType":"User","@timestamp":"2023-05-04T09:16:27.000Z","source_host":"172.16.145.103","message":"%OSDRIVE%\\USERS\\PUBLIC\\DOCUMENTS\\HELPFUL PORTABLE APPS\\AUTORUNS64.EXE was allowed to run but would have been prevented from running if the AppLocker policy were enforced.","AccountName":"jaumma","Keywords":-9223372036854775808,"Channel":"Microsoft-Windows-AppLocker/EXE and DLL","Version":0,"RecordNumber":8461,"SourceModuleName":"eventlog","OpcodeValue":0,"Task":0,"host":"APPSERVER1.demo.io","Domain":"DEMO","ThreadID":4316,"version":"1.1","@version":"1","SeverityValue":3,"Opcode":"Info","level":4,"ProcessID":1412,"UserID":"S-1-5-21-1800276383-1142253265-156682520-1422","EventType":"WARNING","SourceName":"Microsoft-Windows-AppLocker","ProviderGuid":"{CBDA4DBF-8D5D-4F69-9578-BE14AA540D22}","SourceModuleType":"im_msvistalog","EventReceivedTime":"2023-05-04 09:16:29","Severity":"WARNING","EventID":8003,"collector_node_id":"APPSERVER1"}
{"gl2_source_collector":"334daab2-1164-403b-a378-aa853de9d73b","AccountType":"User","@timestamp":"2023-05-04T09:16:27.000Z","source_host":"172.16.145.103","message":"%OSDRIVE%\\USERS\\PUBLIC\\DOCUMENTS\\HELPFUL PORTABLE APPS\\KITTY_PORTABLE.EXE was allowed to run.","AccountName":"jaumma","Keywords":-9223372036854775808,"Channel":"Microsoft-Windows-AppLocker/EXE and DLL","Version":0,"RecordNumber":8462,"SourceModuleName":"eventlog","OpcodeValue":0,"Task":0,"host":"APPSERVER1.demo.io","Domain":"DEMO","ThreadID":4468,"version":"1.1","@version":"1","SeverityValue":2,"Opcode":"Info","level":6,"ProcessID":1412,"UserID":"S-1-5-21-1800276383-1142253265-156682520-1422","EventType":"INFO","SourceName":"Microsoft-Windows-AppLocker","ProviderGuid":"{CBDA4DBF-8D5D-4F69-9578-BE14AA540D22}","SourceModuleType":"im_msvistalog","EventReceivedTime":"2023-05-04 09:16:29","Severity":"INFO","EventID":8002,"collector_node_id":"APPSERVER1"}
{"gl2_source_collector":"334daab2-1164-403b-a378-aa853de9d73b","AccountType":"User","@timestamp":"2023-05-04T09:16:29.000Z","source_host":"172.16.145.103","message":"%SYSTEM32%\\CMD.EXE was allowed to run.","AccountName":"jaumma","Keywords":-9223372036854775808,"Channel":"Microsoft-Windows-AppLocker/EXE and DLL","Version":0,"RecordNumber":8463,"SourceModuleName":"eventlog","OpcodeValue":0,"Task":0,"host":"APPSERVER1.demo.io","Domain":"DEMO","ThreadID":4516,"version":"1.1","@version":"1","SeverityValue":2,"Opcode":"Info","level":6,"ProcessID":1412,"UserID":"S-1-5-21-1800276383-1142253265-156682520-1422","EventType":"INFO","SourceName":"Microsoft-Windows-AppLocker","ProviderGuid":"{CBDA4DBF-8D5D-4F69-9578-BE14AA540D22}","SourceModuleType":"im_msvistalog","EventReceivedTime":"2023-05-04 09:16:31","Severity":"INFO","EventID":8002,"collector_node_id":"APPSERVER1"}
{"gl2_source_collector":"334daab2-1164-403b-a378-aa853de9d73b","AccountType":"User","@timestamp":"2023-05-04T09:16:29.000Z","source_host":"172.16.145.103","message":"%SYSTEM32%\\CONHOST.EXE was allowed to run.","AccountName":"jaumma","Keywords":-9223372036854775808,"Channel":"Microsoft-Windows-AppLocker/EXE and DLL","Version":0,"RecordNumber":8464,"SourceModuleName":"eventlog","OpcodeValue":0,"Task":0,"host":"APPSERVER1.demo.io","Domain":"DEMO","ThreadID":4524,"version":"1.1","@version":"1","SeverityValue":2,"Opcode":"Info","level":6,"ProcessID":4520,"UserID":"S-1-5-21-1800276383-1142253265-156682520-1422","EventType":"INFO","SourceName":"Microsoft-Windows-AppLocker","ProviderGuid":"{CBDA4DBF-8D5D-4F69-9578-BE14AA540D22}","SourceModuleType":"im_msvistalog","EventReceivedTime":"2023-05-04 09:16:31","Severity":"INFO","EventID":8002,"collector_node_id":"APPSERVER1"}
{"gl2_source_collector":"334daab2-1164-403b-a378-aa853de9d73b","AccountType":"User","@timestamp":"2023-05-04T09:16:29.000Z","source_host":"172.16.145.103","message":"%OSDRIVE%\\USERS\\PUBLIC\\DOCUMENTS\\MY PERSONAL SCRIPTS\\ORIENTATION-POWER1.CMD was allowed to run but would have been prevented from running if the AppLocker policy were enforced.","AccountName":"jaumma","Keywords":4611686018427387904,"Channel":"Microsoft-Windows-AppLocker/MSI and Script","Version":0,"RecordNumber":1309,"SourceModuleName":"eventlog","OpcodeValue":0,"Task":0,"host":"APPSERVER1.demo.io","Domain":"DEMO","ThreadID":4524,"version":"1.1","@version":"1","SeverityValue":3,"Opcode":"Info","level":4,"ProcessID":4520,"UserID":"S-1-5-21-1800276383-1142253265-156682520-1422","EventType":"WARNING","SourceName":"Microsoft-Windows-AppLocker","ProviderGuid":"{CBDA4DBF-8D5D-4F69-9578-BE14AA540D22}","SourceModuleType":"im_msvistalog","EventReceivedTime":"2023-05-04 09:16:31","Severity":"WARNING","EventID":8006,"collector_node_id":"APPSERVER1"}
{"gl2_source_collector":"334daab2-1164-403b-a378-aa853de9d73b","AccountType":"User","@timestamp":"2023-05-04T09:16:29.000Z","source_host":"172.16.145.103","message":"%SYSTEM32%\\WHOAMI.EXE was allowed to run.","AccountName":"jaumma","Keywords":-9223372036854775808,"Channel":"Microsoft-Windows-AppLocker/EXE and DLL","Version":0,"RecordNumber":8465,"SourceModuleName":"eventlog","OpcodeValue":0,"Task":0,"host":"APPSERVER1.demo.io","Domain":"DEMO","ThreadID":4524,"version":"1.1","@version":"1","SeverityValue":2,"Opcode":"Info","level":6,"ProcessID":4520,"UserID":"S-1-5-21-1800276383-1142253265-156682520-1422","EventType":"INFO","SourceName":"Microsoft-Windows-AppLocker","ProviderGuid":"{CBDA4DBF-8D5D-4F69-9578-BE14AA540D22}","SourceModuleType":"im_msvistalog","EventReceivedTime":"2023-05-04 09:16:31","Severity":"INFO","EventID":8002,"collector_node_id":"APPSERVER1"}
{"gl2_source_collector":"334daab2-1164-403b-a378-aa853de9d73b","AccountType":"User","@timestamp":"2023-05-04T09:16:30.000Z","source_host":"172.16.145.103","message":"%SYSTEM32%\\CMD.EXE was allowed to run.","AccountName":"jaumma","Keywords":-9223372036854775808,"Channel":"Microsoft-Windows-AppLocker/EXE and DLL","Version":0,"RecordNumber":8466,"SourceModuleName":"eventlog","OpcodeValue":0,"Task":0,"host":"APPSERVER1.demo.io","Domain":"DEMO","ThreadID":4608,"version":"1.1","@version":"1","SeverityValue":2,"Opcode":"Info","level":6,"ProcessID":1412,"UserID":"S-1-5-21-1800276383-1142253265-156682520-1422","EventType":"INFO","SourceName":"Microsoft-Windows-AppLocker","ProviderGuid":"{CBDA4DBF-8D5D-4F69-9578-BE14AA540D22}","SourceModuleType":"im_msvistalog","EventReceivedTime":"2023-05-04 09:16:31","Severity":"INFO","EventID":8002,"collector_node_id":"APPSERVER1"}
{"gl2_source_collector":"334daab2-1164-403b-a378-aa853de9d73b","AccountType":"User","@timestamp":"2023-05-04T09:16:30.000Z","source_host":"172.16.145.103","message":"%SYSTEM32%\\CONHOST.EXE was allowed to run.","AccountName":"jaumma","Keywords":-9223372036854775808,"Channel":"Microsoft-Windows-AppLocker/EXE and DLL","Version":0,"RecordNumber":8467,"SourceModuleName":"eventlog","OpcodeValue":0,"Task":0,"host":"APPSERVER1.demo.io","Domain":"DEMO","ThreadID":4616,"version":"1.1","@version":"1","SeverityValue":2,"Opcode":"Info","level":6,"ProcessID":4612,"UserID":"S-1-5-21-1800276383-1142253265-156682520-1422","EventType":"INFO","SourceName":"Microsoft-Windows-AppLocker","ProviderGuid":"{CBDA4DBF-8D5D-4F69-9578-BE14AA540D22}","SourceModuleType":"im_msvistalog","EventReceivedTime":"2023-05-04 09:16:31","Severity":"INFO","EventID":8002,"collector_node_id":"APPSERVER1"}
{"gl2_source_collector":"334daab2-1164-403b-a378-aa853de9d73b","AccountType":"User","@timestamp":"2023-05-04T09:16:30.000Z","source_host":"172.16.145.103","message":"%OSDRIVE%\\USERS\\PUBLIC\\DOCUMENTS\\MY PERSONAL SCRIPTS\\ORIENTATION-POWER2.BAT was allowed to run but would have been prevented from running if the AppLocker policy were enforced.","AccountName":"jaumma","Keywords":4611686018427387904,"Channel":"Microsoft-Windows-AppLocker/MSI and Script","Version":0,"RecordNumber":1310,"SourceModuleName":"eventlog","OpcodeValue":0,"Task":0,"host":"APPSERVER1.demo.io","Domain":"DEMO","ThreadID":4616,"version":"1.1","@version":"1","SeverityValue":3,"Opcode":"Info","level":4,"ProcessID":4612,"UserID":"S-1-5-21-1800276383-1142253265-156682520-1422","EventType":"WARNING","SourceName":"Microsoft-Windows-AppLocker","ProviderGuid":"{CBDA4DBF-8D5D-4F69-9578-BE14AA540D22}","SourceModuleType":"im_msvistalog","EventReceivedTime":"2023-05-04 09:16:31","Severity":"WARNING","EventID":8006,"collector_node_id":"APPSERVER1"}
{"gl2_source_collector":"334daab2-1164-403b-a378-aa853de9d73b","AccountType":"User","@timestamp":"2023-05-04T09:16:30.000Z","source_host":"172.16.145.103","message":"%SYSTEM32%\\NLTEST.EXE was allowed to run.","AccountName":"jaumma","Keywords":-9223372036854775808,"Channel":"Microsoft-Windows-AppLocker/EXE and DLL","Version":0,"RecordNumber":8468,"SourceModuleName":"eventlog","OpcodeValue":0,"Task":0,"host":"APPSERVER1.demo.io","Domain":"DEMO","ThreadID":4616,"version":"1.1","@version":"1","SeverityValue":2,"Opcode":"Info","level":6,"ProcessID":4612,"UserID":"S-1-5-21-1800276383-1142253265-156682520-1422","EventType":"INFO","SourceName":"Microsoft-Windows-AppLocker","ProviderGuid":"{CBDA4DBF-8D5D-4F69-9578-BE14AA540D22}","SourceModuleType":"im_msvistalog","EventReceivedTime":"2023-05-04 09:16:31","Severity":"INFO","EventID":8002,"collector_node_id":"APPSERVER1"}
{"gl2_source_collector":"334daab2-1164-403b-a378-aa853de9d73b","AccountType":"User","@timestamp":"2023-05-04T09:16:32.000Z","source_host":"172.16.145.103","message":"%SYSTEM32%\\WINDOWSPOWERSHELL\\V1.0\\POWERSHELL.EXE was allowed to run.","AccountName":"jaumma","Keywords":-9223372036854775808,"Channel":"Microsoft-Windows-AppLocker/EXE and DLL","Version":0,"RecordNumber":8469,"SourceModuleName":"eventlog","OpcodeValue":0,"Task":0,"host":"APPSERVER1.demo.io","Domain":"DEMO","ThreadID":4704,"version":"1.1","@version":"1","SeverityValue":2,"Opcode":"Info","level":6,"ProcessID":1412,"UserID":"S-1-5-21-1800276383-1142253265-156682520-1422","EventType":"INFO","SourceName":"Microsoft-Windows-AppLocker","ProviderGuid":"{CBDA4DBF-8D5D-4F69-9578-BE14AA540D22}","SourceModuleType":"im_msvistalog","EventReceivedTime":"2023-05-04 09:16:34","Severity":"INFO","EventID":8002,"collector_node_id":"APPSERVER1"}
{"gl2_source_collector":"334daab2-1164-403b-a378-aa853de9d73b","AccountType":"User","@timestamp":"2023-05-04T09:16:32.000Z","source_host":"172.16.145.103","message":"%SYSTEM32%\\CONHOST.EXE was allowed to run.","AccountName":"jaumma","Keywords":-9223372036854775808,"Channel":"Microsoft-Windows-AppLocker/EXE and DLL","Version":0,"RecordNumber":8470,"SourceModuleName":"eventlog","OpcodeValue":0,"Task":0,"host":"APPSERVER1.demo.io","Domain":"DEMO","ThreadID":4712,"version":"1.1","@version":"1","SeverityValue":2,"Opcode":"Info","level":6,"ProcessID":4708,"UserID":"S-1-5-21-1800276383-1142253265-156682520-1422","EventType":"INFO","SourceName":"Microsoft-Windows-AppLocker","ProviderGuid":"{CBDA4DBF-8D5D-4F69-9578-BE14AA540D22}","SourceModuleType":"im_msvistalog","EventReceivedTime":"2023-05-04 09:16:34","Severity":"INFO","EventID":8002,"collector_node_id":"APPSERVER1"}
{"gl2_source_collector":"334daab2-1164-403b-a378-aa853de9d73b","AccountType":"User","@timestamp":"2023-05-04T09:16:33.000Z","source_host":"172.16.145.103","message":"%SYSTEM32%\\NLTEST.EXE was allowed to run.","AccountName":"jaumma","Keywords":-9223372036854775808,"Channel":"Microsoft-Windows-AppLocker/EXE and DLL","Version":0,"RecordNumber":8471,"SourceModuleName":"eventlog","OpcodeValue":0,"Task":0,"host":"APPSERVER1.demo.io","Domain":"DEMO","ThreadID":4824,"version":"1.1","@version":"1","SeverityValue":2,"Opcode":"Info","level":6,"ProcessID":4708,"UserID":"S-1-5-21-1800276383-1142253265-156682520-1422","EventType":"INFO","SourceName":"Microsoft-Windows-AppLocker","ProviderGuid":"{CBDA4DBF-8D5D-4F69-9578-BE14AA540D22}","SourceModuleType":"im_msvistalog","EventReceivedTime":"2023-05-04 09:16:34","Severity":"INFO","EventID":8002,"collector_node_id":"APPSERVER1"}
{"gl2_source_collector":"334daab2-1164-403b-a378-aa853de9d73b","AccountType":"User","@timestamp":"2023-05-04T09:16:32.000Z","source_host":"172.16.145.103","message":"%OSDRIVE%\\USERS\\JAUMMA\\APPDATA\\LOCAL\\TEMP\\1\\__PSSCRIPTPOLICYTEST_TE3LVWRX.FXA.PS1 was allowed to run but would have been prevented from running if the AppLocker policy were enforced.","AccountName":"jaumma","Keywords":4611686018427387904,"Channel":"Microsoft-Windows-AppLocker/MSI and Script","Version":0,"RecordNumber":1311,"SourceModuleName":"eventlog","OpcodeValue":0,"Task":0,"host":"APPSERVER1.demo.io","Domain":"DEMO","ThreadID":4712,"version":"1.1","@version":"1","SeverityValue":3,"Opcode":"Info","level":4,"ProcessID":4708,"UserID":"S-1-5-21-1800276383-1142253265-156682520-1422","EventType":"WARNING","SourceName":"Microsoft-Windows-AppLocker","ActivityID":"{79CA512A-7E13-0001-D2AE-CA79137ED901}","ProviderGuid":"{CBDA4DBF-8D5D-4F69-9578-BE14AA540D22}","SourceModuleType":"im_msvistalog","EventReceivedTime":"2023-05-04 09:16:34","Severity":"WARNING","EventID":8006,"collector_node_id":"APPSERVER1"}
{"gl2_source_collector":"334daab2-1164-403b-a378-aa853de9d73b","AccountType":"User","@timestamp":"2023-05-04T09:16:33.000Z","source_host":"172.16.145.103","message":"%SYSTEM32%\\RUNTIMEBROKER.EXE was allowed to run.","AccountName":"jaumma","Keywords":-9223372036854775808,"Channel":"Microsoft-Windows-AppLocker/EXE and DLL","Version":0,"RecordNumber":8472,"SourceModuleName":"eventlog","OpcodeValue":0,"Task":0,"host":"APPSERVER1.demo.io","Domain":"DEMO","ThreadID":740,"version":"1.1","@version":"1","SeverityValue":2,"Opcode":"Info","level":6,"ProcessID":764,"UserID":"S-1-5-21-1800276383-1142253265-156682520-1422","EventType":"INFO","SourceName":"Microsoft-Windows-AppLocker","ProviderGuid":"{CBDA4DBF-8D5D-4F69-9578-BE14AA540D22}","SourceModuleType":"im_msvistalog","EventReceivedTime":"2023-05-04 09:16:35","Severity":"INFO","EventID":8002,"collector_node_id":"APPSERVER1"}
{"gl2_source_collector":"334daab2-1164-403b-a378-aa853de9d73b","AccountType":"User","@timestamp":"2023-05-04T09:16:33.000Z","source_host":"172.16.145.103","message":"%SYSTEM32%\\SECURITYHEALTHSYSTRAY.EXE was allowed to run.","AccountName":"jaumma","Keywords":-9223372036854775808,"Channel":"Microsoft-Windows-AppLocker/EXE and DLL","Version":0,"RecordNumber":8473,"SourceModuleName":"eventlog","OpcodeValue":0,"Task":0,"host":"APPSERVER1.demo.io","Domain":"DEMO","ThreadID":968,"version":"1.1","@version":"1","SeverityValue":2,"Opcode":"Info","level":6,"ProcessID":1412,"UserID":"S-1-5-21-1800276383-1142253265-156682520-1422","EventType":"INFO","SourceName":"Microsoft-Windows-AppLocker","ProviderGuid":"{CBDA4DBF-8D5D-4F69-9578-BE14AA540D22}","SourceModuleType":"im_msvistalog","EventReceivedTime":"2023-05-04 09:16:35","Severity":"INFO","EventID":8002,"collector_node_id":"APPSERVER1"}
{"gl2_source_collector":"334daab2-1164-403b-a378-aa853de9d73b","AccountType":"User","@timestamp":"2023-05-04T09:16:35.000Z","source_host":"172.16.145.103","message":"%OSDRIVE%\\USERS\\JAUMMA\\APPDATA\\LOCAL\\TEMP\\1\\__PSSCRIPTPOLICYTEST_NSVJHJUI.D1R.PS1 was allowed to run but would have been prevented from running if the AppLocker policy were enforced.","AccountName":"jaumma","Keywords":4611686018427387904,"Channel":"Microsoft-Windows-AppLocker/MSI and Script","Version":0,"RecordNumber":1312,"SourceModuleName":"eventlog","OpcodeValue":0,"Task":0,"host":"APPSERVER1.demo.io","Domain":"DEMO","ThreadID":4992,"version":"1.1","@version":"1","SeverityValue":3,"Opcode":"Info","level":4,"ProcessID":4988,"UserID":"S-1-5-21-1800276383-1142253265-156682520-1422","EventType":"WARNING","SourceName":"Microsoft-Windows-AppLocker","ActivityID":"{79CA512A-7E13-0000-5AB1-CA79137ED901}","ProviderGuid":"{CBDA4DBF-8D5D-4F69-9578-BE14AA540D22}","SourceModuleType":"im_msvistalog","EventReceivedTime":"2023-05-04 09:16:36","Severity":"WARNING","EventID":8006,"collector_node_id":"APPSERVER1"}
{"gl2_source_collector":"334daab2-1164-403b-a378-aa853de9d73b","AccountType":"User","@timestamp":"2023-05-04T09:16:35.000Z","source_host":"172.16.145.103","message":"%SYSTEM32%\\WINDOWSPOWERSHELL\\V1.0\\POWERSHELL.EXE was allowed to run.","AccountName":"jaumma","Keywords":-9223372036854775808,"Channel":"Microsoft-Windows-AppLocker/EXE and DLL","Version":0,"RecordNumber":8474,"SourceModuleName":"eventlog","OpcodeValue":0,"Task":0,"host":"APPSERVER1.demo.io","Domain":"DEMO","ThreadID":4984,"version":"1.1","@version":"1","SeverityValue":2,"Opcode":"Info","level":6,"ProcessID":1412,"UserID":"S-1-5-21-1800276383-1142253265-156682520-1422","EventType":"INFO","SourceName":"Microsoft-Windows-AppLocker","ProviderGuid":"{CBDA4DBF-8D5D-4F69-9578-BE14AA540D22}","SourceModuleType":"im_msvistalog","EventReceivedTime":"2023-05-04 09:16:36","Severity":"INFO","EventID":8002,"collector_node_id":"APPSERVER1"}
{"gl2_source_collector":"334daab2-1164-403b-a378-aa853de9d73b","AccountType":"User","@timestamp":"2023-05-04T09:16:35.000Z","source_host":"172.16.145.103","message":"%SYSTEM32%\\CONHOST.EXE was allowed to run.","AccountName":"jaumma","Keywords":-9223372036854775808,"Channel":"Microsoft-Windows-AppLocker/EXE and DLL","Version":0,"RecordNumber":8475,"SourceModuleName":"eventlog","OpcodeValue":0,"Task":0,"host":"APPSERVER1.demo.io","Domain":"DEMO","ThreadID":4992,"version":"1.1","@version":"1","SeverityValue":2,"Opcode":"Info","level":6,"ProcessID":4988,"UserID":"S-1-5-21-1800276383-1142253265-156682520-1422","EventType":"INFO","SourceName":"Microsoft-Windows-AppLocker","ProviderGuid":"{CBDA4DBF-8D5D-4F69-9578-BE14AA540D22}","SourceModuleType":"im_msvistalog","EventReceivedTime":"2023-05-04 09:16:36","Severity":"INFO","EventID":8002,"collector_node_id":"APPSERVER1"}
{"gl2_source_collector":"334daab2-1164-403b-a378-aa853de9d73b","AccountType":"User","@timestamp":"2023-05-04T09:16:35.000Z","source_host":"172.16.145.103","message":"%SYSTEM32%\\NLTEST.EXE was allowed to run.","AccountName":"jaumma","Keywords":-9223372036854775808,"Channel":"Microsoft-Windows-AppLocker/EXE and DLL","Version":0,"RecordNumber":8476,"SourceModuleName":"eventlog","OpcodeValue":0,"Task":0,"host":"APPSERVER1.demo.io","Domain":"DEMO","ThreadID":5092,"version":"1.1","@version":"1","SeverityValue":2,"Opcode":"Info","level":6,"ProcessID":4988,"UserID":"S-1-5-21-1800276383-1142253265-156682520-1422","EventType":"INFO","SourceName":"Microsoft-Windows-AppLocker","ProviderGuid":"{CBDA4DBF-8D5D-4F69-9578-BE14AA540D22}","SourceModuleType":"im_msvistalog","EventReceivedTime":"2023-05-04 09:16:36","Severity":"INFO","EventID":8002,"collector_node_id":"APPSERVER1"}
{"gl2_source_collector":"334daab2-1164-403b-a378-aa853de9d73b","AccountType":"User","@timestamp":"2023-05-04T09:16:37.000Z","source_host":"172.16.145.103","message":"%OSDRIVE%\\USERS\\JAUMMA\\APPDATA\\LOCAL\\TEMP\\1\\__PSSCRIPTPOLICYTEST_US22UVE0.MF1.PS1 was allowed to run but would have been prevented from running if the AppLocker policy were enforced.","AccountName":"jaumma","Keywords":4611686018427387904,"Channel":"Microsoft-Windows-AppLocker/MSI and Script","Version":0,"RecordNumber":1313,"SourceModuleName":"eventlog","OpcodeValue":0,"Task":0,"host":"APPSERVER1.demo.io","Domain":"DEMO","ThreadID":4252,"version":"1.1","@version":"1","SeverityValue":3,"Opcode":"Info","level":4,"ProcessID":4228,"UserID":"S-1-5-21-1800276383-1142253265-156682520-1422","EventType":"WARNING","SourceName":"Microsoft-Windows-AppLocker","ActivityID":"{79CA512A-7E13-0001-45B6-CA79137ED901}","ProviderGuid":"{CBDA4DBF-8D5D-4F69-9578-BE14AA540D22}","SourceModuleType":"im_msvistalog","EventReceivedTime":"2023-05-04 09:16:38","Severity":"WARNING","EventID":8006,"collector_node_id":"APPSERVER1"}
{"gl2_source_collector":"334daab2-1164-403b-a378-aa853de9d73b","AccountType":"User","@timestamp":"2023-05-04T09:16:37.000Z","source_host":"172.16.145.103","message":"%SYSTEM32%\\WINDOWSPOWERSHELL\\V1.0\\POWERSHELL.EXE was allowed to run.","AccountName":"jaumma","Keywords":-9223372036854775808,"Channel":"Microsoft-Windows-AppLocker/EXE and DLL","Version":0,"RecordNumber":8477,"SourceModuleName":"eventlog","OpcodeValue":0,"Task":0,"host":"APPSERVER1.demo.io","Domain":"DEMO","ThreadID":4188,"version":"1.1","@version":"1","SeverityValue":2,"Opcode":"Info","level":6,"ProcessID":1412,"UserID":"S-1-5-21-1800276383-1142253265-156682520-1422","EventType":"INFO","SourceName":"Microsoft-Windows-AppLocker","ProviderGuid":"{CBDA4DBF-8D5D-4F69-9578-BE14AA540D22}","SourceModuleType":"im_msvistalog","EventReceivedTime":"2023-05-04 09:16:39","Severity":"INFO","EventID":8002,"collector_node_id":"APPSERVER1"}
{"gl2_source_collector":"334daab2-1164-403b-a378-aa853de9d73b","AccountType":"User","@timestamp":"2023-05-04T09:16:37.000Z","source_host":"172.16.145.103","message":"%SYSTEM32%\\CONHOST.EXE was allowed to run.","AccountName":"jaumma","Keywords":-9223372036854775808,"Channel":"Microsoft-Windows-AppLocker/EXE and DLL","Version":0,"RecordNumber":8478,"SourceModuleName":"eventlog","OpcodeValue":0,"Task":0,"host":"APPSERVER1.demo.io","Domain":"DEMO","ThreadID":4252,"version":"1.1","@version":"1","SeverityValue":2,"Opcode":"Info","level":6,"ProcessID":4228,"UserID":"S-1-5-21-1800276383-1142253265-156682520-1422","EventType":"INFO","SourceName":"Microsoft-Windows-AppLocker","ProviderGuid":"{CBDA4DBF-8D5D-4F69-9578-BE14AA540D22}","SourceModuleType":"im_msvistalog","EventReceivedTime":"2023-05-04 09:16:39","Severity":"INFO","EventID":8002,"collector_node_id":"APPSERVER1"}
{"gl2_source_collector":"334daab2-1164-403b-a378-aa853de9d73b","AccountType":"User","@timestamp":"2023-05-04T09:16:37.000Z","source_host":"172.16.145.103","message":"%SYSTEM32%\\NLTEST.EXE was allowed to run.","AccountName":"jaumma","Keywords":-9223372036854775808,"Channel":"Microsoft-Windows-AppLocker/EXE and DLL","Version":0,"RecordNumber":8479,"SourceModuleName":"eventlog","OpcodeValue":0,"Task":0,"host":"APPSERVER1.demo.io","Domain":"DEMO","ThreadID":3224,"version":"1.1","@version":"1","SeverityValue":2,"Opcode":"Info","level":6,"ProcessID":4228,"UserID":"S-1-5-21-1800276383-1142253265-156682520-1422","EventType":"INFO","SourceName":"Microsoft-Windows-AppLocker","ProviderGuid":"{CBDA4DBF-8D5D-4F69-9578-BE14AA540D22}","SourceModuleType":"im_msvistalog","EventReceivedTime":"2023-05-04 09:16:39","Severity":"INFO","EventID":8002,"collector_node_id":"APPSERVER1"}
{"gl2_source_collector":"334daab2-1164-403b-a378-aa853de9d73b","AccountType":"User","@timestamp":"2023-05-04T09:16:38.000Z","source_host":"172.16.145.103","message":"%OSDRIVE%\\USERS\\PUBLIC\\DOCUMENTS\\HELPFUL PORTABLE APPS\\PROCEXP.EXE was allowed to run but would have been prevented from running if the AppLocker policy were enforced.","AccountName":"jaumma","Keywords":-9223372036854775808,"Channel":"Microsoft-Windows-AppLocker/EXE and DLL","Version":0,"RecordNumber":8480,"SourceModuleName":"eventlog","OpcodeValue":0,"Task":0,"host":"APPSERVER1.demo.io","Domain":"DEMO","ThreadID":784,"version":"1.1","@version":"1","SeverityValue":3,"Opcode":"Info","level":4,"ProcessID":1412,"UserID":"S-1-5-21-1800276383-1142253265-156682520-1422","EventType":"WARNING","SourceName":"Microsoft-Windows-AppLocker","ProviderGuid":"{CBDA4DBF-8D5D-4F69-9578-BE14AA540D22}","SourceModuleType":"im_msvistalog","EventReceivedTime":"2023-05-04 09:16:40","Severity":"WARNING","EventID":8003,"collector_node_id":"APPSERVER1"}
{"gl2_source_collector":"334daab2-1164-403b-a378-aa853de9d73b","AccountType":"User","@timestamp":"2023-05-04T09:16:39.000Z","source_host":"172.16.145.103","message":"%OSDRIVE%\\USERS\\JAUMMA\\APPDATA\\LOCAL\\TEMP\\1\\PROCEXP64.EXE was allowed to run but would have been prevented from running if the AppLocker policy were enforced.","AccountName":"jaumma","Keywords":-9223372036854775808,"Channel":"Microsoft-Windows-AppLocker/EXE and DLL","Version":0,"RecordNumber":8481,"SourceModuleName":"eventlog","OpcodeValue":0,"Task":0,"host":"APPSERVER1.demo.io","Domain":"DEMO","ThreadID":3572,"version":"1.1","@version":"1","SeverityValue":3,"Opcode":"Info","level":4,"ProcessID":4072,"UserID":"S-1-5-21-1800276383-1142253265-156682520-1422","EventType":"WARNING","SourceName":"Microsoft-Windows-AppLocker","ProviderGuid":"{CBDA4DBF-8D5D-4F69-9578-BE14AA540D22}","SourceModuleType":"im_msvistalog","EventReceivedTime":"2023-05-04 09:16:40","Severity":"WARNING","EventID":8003,"collector_node_id":"APPSERVER1"}
{"gl2_source_collector":"334daab2-1164-403b-a378-aa853de9d73b","AccountType":"User","@timestamp":"2023-05-04T09:16:40.000Z","source_host":"172.16.145.103","message":"%OSDRIVE%\\USERS\\PUBLIC\\DOCUMENTS\\HELPFUL PORTABLE APPS\\PWTECH.EXE was allowed to run but would have been prevented from running if the AppLocker policy were enforced.","AccountName":"jaumma","Keywords":-9223372036854775808,"Channel":"Microsoft-Windows-AppLocker/EXE and DLL","Version":0,"RecordNumber":8482,"SourceModuleName":"eventlog","OpcodeValue":0,"Task":0,"host":"APPSERVER1.demo.io","Domain":"DEMO","ThreadID":4548,"version":"1.1","@version":"1","SeverityValue":3,"Opcode":"Info","level":4,"ProcessID":1412,"UserID":"S-1-5-21-1800276383-1142253265-156682520-1422","EventType":"WARNING","SourceName":"Microsoft-Windows-AppLocker","ProviderGuid":"{CBDA4DBF-8D5D-4F69-9578-BE14AA540D22}","SourceModuleType":"im_msvistalog","EventReceivedTime":"2023-05-04 09:16:42","Severity":"WARNING","EventID":8003,"collector_node_id":"APPSERVER1"}
{"gl2_source_collector":"cb52b304-ef1b-4e79-9504-a33807a75612","AccountType":"User","@timestamp":"2023-05-04T09:16:46.000Z","source_host":"172.16.145.101","message":"%PROGRAMFILES%\\MICROSOFT\\EDGE\\APPLICATION\\MSEDGE.EXE was allowed to run.","AccountName":"daulwu","Keywords":-9223372036854775808,"Channel":"Microsoft-Windows-AppLocker/EXE and DLL","Version":0,"RecordNumber":3728,"SourceModuleName":"eventlog","OpcodeValue":0,"Task":0,"host":"DEMODC01.demo.io","Domain":"DEMO","ThreadID":4224,"version":"1.1","@version":"1","SeverityValue":2,"Opcode":"Info","level":6,"ProcessID":6792,"UserID":"S-1-5-21-1800276383-1142253265-156682520-1574","EventType":"INFO","SourceName":"Microsoft-Windows-AppLocker","ProviderGuid":"{CBDA4DBF-8D5D-4F69-9578-BE14AA540D22}","SourceModuleType":"im_msvistalog","EventReceivedTime":"2023-05-04 09:16:48","Severity":"INFO","EventID":8002,"collector_node_id":"DEMODC01"}
{"gl2_source_collector":"334daab2-1164-403b-a378-aa853de9d73b","AccountType":"User","@timestamp":"2023-05-04T09:16:51.000Z","source_host":"172.16.145.103","message":"%SYSTEM32%\\WSCRIPT.EXE was allowed to run.","AccountName":"jaumma","Keywords":-9223372036854775808,"Channel":"Microsoft-Windows-AppLocker/EXE and DLL","Version":0,"RecordNumber":8483,"SourceModuleName":"eventlog","OpcodeValue":0,"Task":0,"host":"APPSERVER1.demo.io","Domain":"DEMO","ThreadID":4720,"version":"1.1","@version":"1","SeverityValue":2,"Opcode":"Info","level":6,"ProcessID":1412,"UserID":"S-1-5-21-1800276383-1142253265-156682520-1422","EventType":"INFO","SourceName":"Microsoft-Windows-AppLocker","ProviderGuid":"{CBDA4DBF-8D5D-4F69-9578-BE14AA540D22}","SourceModuleType":"im_msvistalog","EventReceivedTime":"2023-05-04 09:16:52","Severity":"INFO","EventID":8002,"collector_node_id":"APPSERVER1"}
{"gl2_source_collector":"334daab2-1164-403b-a378-aa853de9d73b","AccountType":"User","@timestamp":"2023-05-04T09:16:51.000Z","source_host":"172.16.145.103","message":"%OSDRIVE%\\USERS\\PUBLIC\\DOCUMENTS\\MY PERSONAL SCRIPTS\\RECON-POWER.VBS was allowed to run but would have been prevented from running if the AppLocker policy were enforced.","AccountName":"jaumma","Keywords":4611686018427387904,"Channel":"Microsoft-Windows-AppLocker/MSI and Script","Version":0,"RecordNumber":1314,"SourceModuleName":"eventlog","OpcodeValue":0,"Task":0,"host":"APPSERVER1.demo.io","Domain":"DEMO","ThreadID":4848,"version":"1.1","@version":"1","SeverityValue":3,"Opcode":"Info","level":4,"ProcessID":4468,"UserID":"S-1-5-21-1800276383-1142253265-156682520-1422","EventType":"WARNING","SourceName":"Microsoft-Windows-AppLocker","ProviderGuid":"{CBDA4DBF-8D5D-4F69-9578-BE14AA540D22}","SourceModuleType":"im_msvistalog","EventReceivedTime":"2023-05-04 09:16:52","Severity":"WARNING","EventID":8006,"collector_node_id":"APPSERVER1"}
