{"gl2_source_collector":"ff6b1757-c7ff-43c3-beb5-82a3cb1baecf","AccountType":"User","@timestamp":"2023-05-04T09:18:03.000Z","source_host":"172.16.145.102","message":"%SYSTEM32%\\SIHOST.EXE was allowed to run.","AccountName":"SYSTEM","Keywords":-9223372036854775808,"Channel":"Microsoft-Windows-AppLocker/EXE and DLL","Version":0,"RecordNumber":2028,"SourceModuleName":"eventlog","OpcodeValue":0,"Task":0,"host":"DEMODC02.demo.io","Domain":"NT AUTHORITY","ThreadID":1484,"version":"1.1","@version":"1","SeverityValue":2,"Opcode":"Info","level":6,"ProcessID":1384,"UserID":"S-1-5-18","EventType":"INFO","SourceName":"Microsoft-Windows-AppLocker","ProviderGuid":"{CBDA4DBF-8D5D-4F69-9578-BE14AA540D22}","SourceModuleType":"im_msvistalog","EventReceivedTime":"2023-05-04 09:18:04","Severity":"INFO","EventID":8002,"collector_node_id":"DEMODC02"}
{"gl2_source_collector":"ff6b1757-c7ff-43c3-beb5-82a3cb1baecf","AccountType":"User","@timestamp":"2023-05-04T09:18:03.000Z","source_host":"172.16.145.102","message":"%SYSTEM32%\\SVCHOST.EXE was allowed to run.","AccountName":"granat","Keywords":-9223372036854775808,"Channel":"Microsoft-Windows-AppLocker/EXE and DLL","Version":0,"RecordNumber":2029,"SourceModuleName":"eventlog","OpcodeValue":0,"Task":0,"host":"DEMODC02.demo.io","Domain":"DEMO","ThreadID":596,"version":"1.1","@version":"1","SeverityValue":2,"Opcode":"Info","level":6,"ProcessID":624,"UserID":"S-1-5-21-1800276383-1142253265-156682520-1334","EventType":"INFO","SourceName":"Microsoft-Windows-AppLocker","ProviderGuid":"{CBDA4DBF-8D5D-4F69-9578-BE14AA540D22}","SourceModuleType":"im_msvistalog","EventReceivedTime":"2023-05-04 09:18:04","Severity":"INFO","EventID":8002,"collector_node_id":"DEMODC02"}
{"gl2_source_collector":"ff6b1757-c7ff-43c3-beb5-82a3cb1baecf","AccountType":"User","@timestamp":"2023-05-04T09:18:03.000Z","source_host":"172.16.145.102","message":"%SYSTEM32%\\EFSUI.EXE was allowed to run.","AccountName":"granat","Keywords":-9223372036854775808,"Channel":"Microsoft-Windows-AppLocker/EXE and DLL","Version":0,"RecordNumber":2030,"SourceModuleName":"eventlog","OpcodeValue":0,"Task":0,"host":"DEMODC02.demo.io","Domain":"DEMO","ThreadID":688,"version":"1.1","@version":"1","SeverityValue":2,"Opcode":"Info","level":6,"ProcessID":644,"UserID":"S-1-5-21-1800276383-1142253265-156682520-1334","EventType":"INFO","SourceName":"Microsoft-Windows-AppLocker","ProviderGuid":"{CBDA4DBF-8D5D-4F69-9578-BE14AA540D22}","SourceModuleType":"im_msvistalog","EventReceivedTime":"2023-05-04 09:18:04","Severity":"INFO","EventID":8002,"collector_node_id":"DEMODC02"}
{"gl2_source_collector":"ff6b1757-c7ff-43c3-beb5-82a3cb1baecf","AccountType":"User","@timestamp":"2023-05-04T09:18:03.000Z","source_host":"172.16.145.102","message":"%SYSTEM32%\\TASKHOSTW.EXE was allowed to run.","AccountName":"granat","Keywords":-9223372036854775808,"Channel":"Microsoft-Windows-AppLocker/EXE and DLL","Version":0,"RecordNumber":2031,"SourceModuleName":"eventlog","OpcodeValue":0,"Task":0,"host":"DEMODC02.demo.io","Domain":"DEMO","ThreadID":1484,"version":"1.1","@version":"1","SeverityValue":2,"Opcode":"Info","level":6,"ProcessID":1384,"UserID":"S-1-5-21-1800276383-1142253265-156682520-1334","EventType":"INFO","SourceName":"Microsoft-Windows-AppLocker","ProviderGuid":"{CBDA4DBF-8D5D-4F69-9578-BE14AA540D22}","SourceModuleType":"im_msvistalog","EventReceivedTime":"2023-05-04 09:18:04","Severity":"INFO","EventID":8002,"collector_node_id":"DEMODC02"}
{"gl2_source_collector":"ff6b1757-c7ff-43c3-beb5-82a3cb1baecf","AccountType":"User","@timestamp":"2023-05-04T09:18:03.000Z","source_host":"172.16.145.102","message":"%SYSTEM32%\\TASKHOSTW.EXE was allowed to run.","AccountName":"granat","Keywords":-9223372036854775808,"Channel":"Microsoft-Windows-AppLocker/EXE and DLL","Version":0,"RecordNumber":2032,"SourceModuleName":"eventlog","OpcodeValue":0,"Task":0,"host":"DEMODC02.demo.io","Domain":"DEMO","ThreadID":1428,"version":"1.1","@version":"1","SeverityValue":2,"Opcode":"Info","level":6,"ProcessID":1384,"UserID":"S-1-5-21-1800276383-1142253265-156682520-1334","EventType":"INFO","SourceName":"Microsoft-Windows-AppLocker","ProviderGuid":"{CBDA4DBF-8D5D-4F69-9578-BE14AA540D22}","SourceModuleType":"im_msvistalog","EventReceivedTime":"2023-05-04 09:18:04","Severity":"INFO","EventID":8002,"collector_node_id":"DEMODC02"}
{"gl2_source_collector":"ff6b1757-c7ff-43c3-beb5-82a3cb1baecf","AccountType":"User","@timestamp":"2023-05-04T09:18:04.000Z","source_host":"172.16.145.102","message":"%SYSTEM32%\\TASKHOSTW.EXE was allowed to run.","AccountName":"granat","Keywords":-9223372036854775808,"Channel":"Microsoft-Windows-AppLocker/EXE and DLL","Version":0,"RecordNumber":2033,"SourceModuleName":"eventlog","OpcodeValue":0,"Task":0,"host":"DEMODC02.demo.io","Domain":"DEMO","ThreadID":1484,"version":"1.1","@version":"1","SeverityValue":2,"Opcode":"Info","level":6,"ProcessID":1384,"UserID":"S-1-5-21-1800276383-1142253265-156682520-1334","EventType":"INFO","SourceName":"Microsoft-Windows-AppLocker","ProviderGuid":"{CBDA4DBF-8D5D-4F69-9578-BE14AA540D22}","SourceModuleType":"im_msvistalog","EventReceivedTime":"2023-05-04 09:18:04","Severity":"INFO","EventID":8002,"collector_node_id":"DEMODC02"}
{"gl2_source_collector":"ff6b1757-c7ff-43c3-beb5-82a3cb1baecf","AccountType":"User","@timestamp":"2023-05-04T09:18:04.000Z","source_host":"172.16.145.102","message":"%SYSTEM32%\\CTFMON.EXE was allowed to run.","AccountName":"SYSTEM","Keywords":-9223372036854775808,"Channel":"Microsoft-Windows-AppLocker/EXE and DLL","Version":0,"RecordNumber":2034,"SourceModuleName":"eventlog","OpcodeValue":0,"Task":0,"host":"DEMODC02.demo.io","Domain":"NT AUTHORITY","ThreadID":2536,"version":"1.1","@version":"1","SeverityValue":2,"Opcode":"Info","level":6,"ProcessID":1140,"UserID":"S-1-5-18","EventType":"INFO","SourceName":"Microsoft-Windows-AppLocker","ProviderGuid":"{CBDA4DBF-8D5D-4F69-9578-BE14AA540D22}","SourceModuleType":"im_msvistalog","EventReceivedTime":"2023-05-04 09:18:04","Severity":"INFO","EventID":8002,"collector_node_id":"DEMODC02"}
{"gl2_source_collector":"ff6b1757-c7ff-43c3-beb5-82a3cb1baecf","AccountType":"User","@timestamp":"2023-05-04T09:18:04.000Z","source_host":"172.16.145.102","message":"%SYSTEM32%\\USERINIT.EXE was allowed to run.","AccountName":"granat","Keywords":-9223372036854775808,"Channel":"Microsoft-Windows-AppLocker/EXE and DLL","Version":0,"RecordNumber":2035,"SourceModuleName":"eventlog","OpcodeValue":0,"Task":0,"host":"DEMODC02.demo.io","Domain":"DEMO","ThreadID":988,"version":"1.1","@version":"1","SeverityValue":2,"Opcode":"Info","level":6,"ProcessID":556,"UserID":"S-1-5-21-1800276383-1142253265-156682520-1334","EventType":"INFO","SourceName":"Microsoft-Windows-AppLocker","ProviderGuid":"{CBDA4DBF-8D5D-4F69-9578-BE14AA540D22}","SourceModuleType":"im_msvistalog","EventReceivedTime":"2023-05-04 09:18:05","Severity":"INFO","EventID":8002,"collector_node_id":"DEMODC02"}
{"gl2_source_collector":"ff6b1757-c7ff-43c3-beb5-82a3cb1baecf","AccountType":"User","@timestamp":"2023-05-04T09:18:04.000Z","source_host":"172.16.145.102","message":"%WINDIR%\\EXPLORER.EXE was allowed to run.","AccountName":"granat","Keywords":-9223372036854775808,"Channel":"Microsoft-Windows-AppLocker/EXE and DLL","Version":0,"RecordNumber":2036,"SourceModuleName":"eventlog","OpcodeValue":0,"Task":0,"host":"DEMODC02.demo.io","Domain":"DEMO","ThreadID":3232,"version":"1.1","@version":"1","SeverityValue":2,"Opcode":"Info","level":6,"ProcessID":1080,"UserID":"S-1-5-21-1800276383-1142253265-156682520-1334","EventType":"INFO","SourceName":"Microsoft-Windows-AppLocker","ProviderGuid":"{CBDA4DBF-8D5D-4F69-9578-BE14AA540D22}","SourceModuleType":"im_msvistalog","EventReceivedTime":"2023-05-04 09:18:05","Severity":"INFO","EventID":8002,"collector_node_id":"DEMODC02"}
{"gl2_source_collector":"ff6b1757-c7ff-43c3-beb5-82a3cb1baecf","AccountType":"User","@timestamp":"2023-05-04T09:18:05.000Z","source_host":"172.16.145.102","message":"MICROSOFT.WINDOWS.STARTMENUEXPERIENCEHOST was allowed to run.","AccountName":"granat","Keywords":2305843009213693952,"Channel":"Microsoft-Windows-AppLocker/Packaged app-Execution","Version":0,"RecordNumber":345,"SourceModuleName":"eventlog","OpcodeValue":0,"Task":0,"host":"DEMODC02.demo.io","Domain":"DEMO","ThreadID":2016,"version":"1.1","@version":"1","SeverityValue":2,"Opcode":"Info","level":6,"ProcessID":840,"UserID":"S-1-5-21-1800276383-1142253265-156682520-1334","EventType":"INFO","SourceName":"Microsoft-Windows-AppLocker","ProviderGuid":"{CBDA4DBF-8D5D-4F69-9578-BE14AA540D22}","SourceModuleType":"im_msvistalog","EventReceivedTime":"2023-05-04 09:18:05","Severity":"INFO","EventID":8020,"collector_node_id":"DEMODC02"}
{"gl2_source_collector":"ff6b1757-c7ff-43c3-beb5-82a3cb1baecf","AccountType":"User","@timestamp":"2023-05-04T09:18:05.000Z","source_host":"172.16.145.102","message":"MICROSOFTWINDOWS.CLIENT.CBS was allowed to run.","AccountName":"granat","Keywords":2305843009213693952,"Channel":"Microsoft-Windows-AppLocker/Packaged app-Execution","Version":0,"RecordNumber":346,"SourceModuleName":"eventlog","OpcodeValue":0,"Task":0,"host":"DEMODC02.demo.io","Domain":"DEMO","ThreadID":972,"version":"1.1","@version":"1","SeverityValue":2,"Opcode":"Info","level":6,"ProcessID":840,"UserID":"S-1-5-21-1800276383-1142253265-156682520-1334","EventType":"INFO","SourceName":"Microsoft-Windows-AppLocker","ProviderGuid":"{CBDA4DBF-8D5D-4F69-9578-BE14AA540D22}","SourceModuleType":"im_msvistalog","EventReceivedTime":"2023-05-04 09:18:05","Severity":"INFO","EventID":8020,"collector_node_id":"DEMODC02"}
{"gl2_source_collector":"ff6b1757-c7ff-43c3-beb5-82a3cb1baecf","AccountType":"User","@timestamp":"2023-05-04T09:18:05.000Z","source_host":"172.16.145.102","message":"MICROSOFT.WINDOWS.STARTMENUEXPERIENCEHOST was allowed to run.","AccountName":"granat","Keywords":2305843009213693952,"Channel":"Microsoft-Windows-AppLocker/Packaged app-Execution","Version":0,"RecordNumber":347,"SourceModuleName":"eventlog","OpcodeValue":0,"Task":0,"host":"DEMODC02.demo.io","Domain":"DEMO","ThreadID":972,"version":"1.1","@version":"1","SeverityValue":2,"Opcode":"Info","level":6,"ProcessID":840,"UserID":"S-1-5-21-1800276383-1142253265-156682520-1334","EventType":"INFO","SourceName":"Microsoft-Windows-AppLocker","ProviderGuid":"{CBDA4DBF-8D5D-4F69-9578-BE14AA540D22}","SourceModuleType":"im_msvistalog","EventReceivedTime":"2023-05-04 09:18:06","Severity":"INFO","EventID":8020,"collector_node_id":"DEMODC02"}
{"gl2_source_collector":"ff6b1757-c7ff-43c3-beb5-82a3cb1baecf","AccountType":"User","@timestamp":"2023-05-04T09:18:06.000Z","source_host":"172.16.145.102","message":"MICROSOFT.WINDOWS.SEARCH was allowed to run.","AccountName":"granat","Keywords":2305843009213693952,"Channel":"Microsoft-Windows-AppLocker/Packaged app-Execution","Version":0,"RecordNumber":348,"SourceModuleName":"eventlog","OpcodeValue":0,"Task":0,"host":"DEMODC02.demo.io","Domain":"DEMO","ThreadID":2016,"version":"1.1","@version":"1","SeverityValue":2,"Opcode":"Info","level":6,"ProcessID":840,"UserID":"S-1-5-21-1800276383-1142253265-156682520-1334","EventType":"INFO","SourceName":"Microsoft-Windows-AppLocker","ProviderGuid":"{CBDA4DBF-8D5D-4F69-9578-BE14AA540D22}","SourceModuleType":"im_msvistalog","EventReceivedTime":"2023-05-04 09:18:06","Severity":"INFO","EventID":8020,"collector_node_id":"DEMODC02"}
{"gl2_source_collector":"ff6b1757-c7ff-43c3-beb5-82a3cb1baecf","AccountType":"User","@timestamp":"2023-05-04T09:18:06.000Z","source_host":"172.16.145.102","message":"MICROSOFT.WINDOWS.SEARCH was allowed to run.","AccountName":"granat","Keywords":2305843009213693952,"Channel":"Microsoft-Windows-AppLocker/Packaged app-Execution","Version":0,"RecordNumber":349,"SourceModuleName":"eventlog","OpcodeValue":0,"Task":0,"host":"DEMODC02.demo.io","Domain":"DEMO","ThreadID":2436,"version":"1.1","@version":"1","SeverityValue":2,"Opcode":"Info","level":6,"ProcessID":840,"UserID":"S-1-5-21-1800276383-1142253265-156682520-1334","EventType":"INFO","SourceName":"Microsoft-Windows-AppLocker","ProviderGuid":"{CBDA4DBF-8D5D-4F69-9578-BE14AA540D22}","SourceModuleType":"im_msvistalog","EventReceivedTime":"2023-05-04 09:18:06","Severity":"INFO","EventID":8020,"collector_node_id":"DEMODC02"}
{"gl2_source_collector":"cb52b304-ef1b-4e79-9504-a33807a75612","AccountType":"User","@timestamp":"2023-05-04T09:18:08.000Z","source_host":"172.16.145.101","message":"%OSDRIVE%\\USERS\\PUBLIC\\DOCUMENTS\\HELPFUL PORTABLE APPS\\ADEXPLORER.EXE was allowed to run but would have been prevented from running if the AppLocker policy were enforced.","AccountName":"daulwu","Keywords":-9223372036854775808,"Channel":"Microsoft-Windows-AppLocker/EXE and DLL","Version":0,"RecordNumber":3737,"SourceModuleName":"eventlog","OpcodeValue":0,"Task":0,"host":"DEMODC01.demo.io","Domain":"DEMO","ThreadID":6660,"version":"1.1","@version":"1","SeverityValue":3,"Opcode":"Info","level":4,"ProcessID":1156,"UserID":"S-1-5-21-1800276383-1142253265-156682520-1574","EventType":"WARNING","SourceName":"Microsoft-Windows-AppLocker","ProviderGuid":"{CBDA4DBF-8D5D-4F69-9578-BE14AA540D22}","SourceModuleType":"im_msvistalog","EventReceivedTime":"2023-05-04 09:18:09","Severity":"WARNING","EventID":8003,"collector_node_id":"DEMODC01"}
{"gl2_source_collector":"cb52b304-ef1b-4e79-9504-a33807a75612","AccountType":"User","@timestamp":"2023-05-04T09:18:08.000Z","source_host":"172.16.145.101","message":"%OSDRIVE%\\USERS\\DAULWU\\APPDATA\\LOCAL\\TEMP\\1\\SYS572139577\\ADEXPLORER.EXE was allowed to run but would have been prevented from running if the AppLocker policy were enforced.","AccountName":"daulwu","Keywords":-9223372036854775808,"Channel":"Microsoft-Windows-AppLocker/EXE and DLL","Version":0,"RecordNumber":3738,"SourceModuleName":"eventlog","OpcodeValue":0,"Task":0,"host":"DEMODC01.demo.io","Domain":"DEMO","ThreadID":6480,"version":"1.1","@version":"1","SeverityValue":3,"Opcode":"Info","level":4,"ProcessID":1064,"UserID":"S-1-5-21-1800276383-1142253265-156682520-1574","EventType":"WARNING","SourceName":"Microsoft-Windows-AppLocker","ProviderGuid":"{CBDA4DBF-8D5D-4F69-9578-BE14AA540D22}","SourceModuleType":"im_msvistalog","EventReceivedTime":"2023-05-04 09:18:09","Severity":"WARNING","EventID":8003,"collector_node_id":"DEMODC01"}
{"gl2_source_collector":"ff6b1757-c7ff-43c3-beb5-82a3cb1baecf","AccountType":"User","@timestamp":"2023-05-04T09:18:09.000Z","source_host":"172.16.145.102","message":"%SYSTEM32%\\MOBSYNC.EXE was allowed to run.","AccountName":"granat","Keywords":-9223372036854775808,"Channel":"Microsoft-Windows-AppLocker/EXE and DLL","Version":0,"RecordNumber":2037,"SourceModuleName":"eventlog","OpcodeValue":0,"Task":0,"host":"DEMODC02.demo.io","Domain":"DEMO","ThreadID":2016,"version":"1.1","@version":"1","SeverityValue":2,"Opcode":"Info","level":6,"ProcessID":840,"UserID":"S-1-5-21-1800276383-1142253265-156682520-1334","EventType":"INFO","SourceName":"Microsoft-Windows-AppLocker","ProviderGuid":"{CBDA4DBF-8D5D-4F69-9578-BE14AA540D22}","SourceModuleType":"im_msvistalog","EventReceivedTime":"2023-05-04 09:18:11","Severity":"INFO","EventID":8002,"collector_node_id":"DEMODC02"}
{"gl2_source_collector":"cb52b304-ef1b-4e79-9504-a33807a75612","AccountType":"User","@timestamp":"2023-05-04T09:18:09.000Z","source_host":"172.16.145.101","message":"%OSDRIVE%\\USERS\\PUBLIC\\DOCUMENTS\\HELPFUL PORTABLE APPS\\AUTORUNS64.EXE was allowed to run but would have been prevented from running if the AppLocker policy were enforced.","AccountName":"daulwu","Keywords":-9223372036854775808,"Channel":"Microsoft-Windows-AppLocker/EXE and DLL","Version":0,"RecordNumber":3739,"SourceModuleName":"eventlog","OpcodeValue":0,"Task":0,"host":"DEMODC01.demo.io","Domain":"DEMO","ThreadID":2628,"version":"1.1","@version":"1","SeverityValue":3,"Opcode":"Info","level":4,"ProcessID":1156,"UserID":"S-1-5-21-1800276383-1142253265-156682520-1574","EventType":"WARNING","SourceName":"Microsoft-Windows-AppLocker","ProviderGuid":"{CBDA4DBF-8D5D-4F69-9578-BE14AA540D22}","SourceModuleType":"im_msvistalog","EventReceivedTime":"2023-05-04 09:18:11","Severity":"WARNING","EventID":8003,"collector_node_id":"DEMODC01"}
{"gl2_source_collector":"ff6b1757-c7ff-43c3-beb5-82a3cb1baecf","AccountType":"User","@timestamp":"2023-05-04T09:18:15.000Z","source_host":"172.16.145.102","message":"%SYSTEM32%\\RUNTIMEBROKER.EXE was allowed to run.","AccountName":"granat","Keywords":-9223372036854775808,"Channel":"Microsoft-Windows-AppLocker/EXE and DLL","Version":0,"RecordNumber":2038,"SourceModuleName":"eventlog","OpcodeValue":0,"Task":0,"host":"DEMODC02.demo.io","Domain":"DEMO","ThreadID":2016,"version":"1.1","@version":"1","SeverityValue":2,"Opcode":"Info","level":6,"ProcessID":840,"UserID":"S-1-5-21-1800276383-1142253265-156682520-1334","EventType":"INFO","SourceName":"Microsoft-Windows-AppLocker","ProviderGuid":"{CBDA4DBF-8D5D-4F69-9578-BE14AA540D22}","SourceModuleType":"im_msvistalog","EventReceivedTime":"2023-05-04 09:18:17","Severity":"INFO","EventID":8002,"collector_node_id":"DEMODC02"}
{"gl2_source_collector":"ff6b1757-c7ff-43c3-beb5-82a3cb1baecf","AccountType":"User","@timestamp":"2023-05-04T09:18:16.000Z","source_host":"172.16.145.102","message":"%SYSTEM32%\\SMARTSCREEN.EXE was allowed to run.","AccountName":"granat","Keywords":-9223372036854775808,"Channel":"Microsoft-Windows-AppLocker/EXE and DLL","Version":0,"RecordNumber":2039,"SourceModuleName":"eventlog","OpcodeValue":0,"Task":0,"host":"DEMODC02.demo.io","Domain":"DEMO","ThreadID":952,"version":"1.1","@version":"1","SeverityValue":2,"Opcode":"Info","level":6,"ProcessID":840,"UserID":"S-1-5-21-1800276383-1142253265-156682520-1334","EventType":"INFO","SourceName":"Microsoft-Windows-AppLocker","ProviderGuid":"{CBDA4DBF-8D5D-4F69-9578-BE14AA540D22}","SourceModuleType":"im_msvistalog","EventReceivedTime":"2023-05-04 09:18:17","Severity":"INFO","EventID":8002,"collector_node_id":"DEMODC02"}
{"gl2_source_collector":"cb52b304-ef1b-4e79-9504-a33807a75612","AccountType":"User","@timestamp":"2023-05-04T09:18:16.000Z","source_host":"172.16.145.101","message":"%OSDRIVE%\\USERS\\PUBLIC\\DOCUMENTS\\HELPFUL PORTABLE APPS\\KITTY_PORTABLE.EXE was allowed to run.","AccountName":"daulwu","Keywords":-9223372036854775808,"Channel":"Microsoft-Windows-AppLocker/EXE and DLL","Version":0,"RecordNumber":3740,"SourceModuleName":"eventlog","OpcodeValue":0,"Task":0,"host":"DEMODC01.demo.io","Domain":"DEMO","ThreadID":6164,"version":"1.1","@version":"1","SeverityValue":2,"Opcode":"Info","level":6,"ProcessID":1156,"UserID":"S-1-5-21-1800276383-1142253265-156682520-1574","EventType":"INFO","SourceName":"Microsoft-Windows-AppLocker","ProviderGuid":"{CBDA4DBF-8D5D-4F69-9578-BE14AA540D22}","SourceModuleType":"im_msvistalog","EventReceivedTime":"2023-05-04 09:18:17","Severity":"INFO","EventID":8002,"collector_node_id":"DEMODC01"}
{"gl2_source_collector":"ff6b1757-c7ff-43c3-beb5-82a3cb1baecf","AccountType":"User","@timestamp":"2023-05-04T09:18:16.000Z","source_host":"172.16.145.102","message":"%SYSTEM32%\\SECURITYHEALTHSYSTRAY.EXE was allowed to run.","AccountName":"granat","Keywords":-9223372036854775808,"Channel":"Microsoft-Windows-AppLocker/EXE and DLL","Version":0,"RecordNumber":2040,"SourceModuleName":"eventlog","OpcodeValue":0,"Task":0,"host":"DEMODC02.demo.io","Domain":"DEMO","ThreadID":4600,"version":"1.1","@version":"1","SeverityValue":2,"Opcode":"Info","level":6,"ProcessID":2140,"UserID":"S-1-5-21-1800276383-1142253265-156682520-1334","EventType":"INFO","SourceName":"Microsoft-Windows-AppLocker","ProviderGuid":"{CBDA4DBF-8D5D-4F69-9578-BE14AA540D22}","SourceModuleType":"im_msvistalog","EventReceivedTime":"2023-05-04 09:18:18","Severity":"INFO","EventID":8002,"collector_node_id":"DEMODC02"}
{"gl2_source_collector":"cb52b304-ef1b-4e79-9504-a33807a75612","AccountType":"User","@timestamp":"2023-05-04T09:18:18.000Z","source_host":"172.16.145.101","message":"%SYSTEM32%\\CMD.EXE was allowed to run.","AccountName":"daulwu","Keywords":-9223372036854775808,"Channel":"Microsoft-Windows-AppLocker/EXE and DLL","Version":0,"RecordNumber":3741,"SourceModuleName":"eventlog","OpcodeValue":0,"Task":0,"host":"DEMODC01.demo.io","Domain":"DEMO","ThreadID":2996,"version":"1.1","@version":"1","SeverityValue":2,"Opcode":"Info","level":6,"ProcessID":1156,"UserID":"S-1-5-21-1800276383-1142253265-156682520-1574","EventType":"INFO","SourceName":"Microsoft-Windows-AppLocker","ProviderGuid":"{CBDA4DBF-8D5D-4F69-9578-BE14AA540D22}","SourceModuleType":"im_msvistalog","EventReceivedTime":"2023-05-04 09:18:19","Severity":"INFO","EventID":8002,"collector_node_id":"DEMODC01"}
{"gl2_source_collector":"cb52b304-ef1b-4e79-9504-a33807a75612","AccountType":"User","@timestamp":"2023-05-04T09:18:18.000Z","source_host":"172.16.145.101","message":"%SYSTEM32%\\CONHOST.EXE was allowed to run.","AccountName":"daulwu","Keywords":-9223372036854775808,"Channel":"Microsoft-Windows-AppLocker/EXE and DLL","Version":0,"RecordNumber":3742,"SourceModuleName":"eventlog","OpcodeValue":0,"Task":0,"host":"DEMODC01.demo.io","Domain":"DEMO","ThreadID":3384,"version":"1.1","@version":"1","SeverityValue":2,"Opcode":"Info","level":6,"ProcessID":5580,"UserID":"S-1-5-21-1800276383-1142253265-156682520-1574","EventType":"INFO","SourceName":"Microsoft-Windows-AppLocker","ProviderGuid":"{CBDA4DBF-8D5D-4F69-9578-BE14AA540D22}","SourceModuleType":"im_msvistalog","EventReceivedTime":"2023-05-04 09:18:19","Severity":"INFO","EventID":8002,"collector_node_id":"DEMODC01"}
{"gl2_source_collector":"cb52b304-ef1b-4e79-9504-a33807a75612","AccountType":"User","@timestamp":"2023-05-04T09:18:18.000Z","source_host":"172.16.145.101","message":"%OSDRIVE%\\USERS\\PUBLIC\\DOCUMENTS\\MY PERSONAL SCRIPTS\\ORIENTATION-POWER1.CMD was allowed to run but would have been prevented from running if the AppLocker policy were enforced.","AccountName":"daulwu","Keywords":4611686018427387904,"Channel":"Microsoft-Windows-AppLocker/MSI and Script","Version":0,"RecordNumber":121,"SourceModuleName":"eventlog","OpcodeValue":0,"Task":0,"host":"DEMODC01.demo.io","Domain":"DEMO","ThreadID":3384,"version":"1.1","@version":"1","SeverityValue":3,"Opcode":"Info","level":4,"ProcessID":5580,"UserID":"S-1-5-21-1800276383-1142253265-156682520-1574","EventType":"WARNING","SourceName":"Microsoft-Windows-AppLocker","ProviderGuid":"{CBDA4DBF-8D5D-4F69-9578-BE14AA540D22}","SourceModuleType":"im_msvistalog","EventReceivedTime":"2023-05-04 09:18:19","Severity":"WARNING","EventID":8006,"collector_node_id":"DEMODC01"}
{"gl2_source_collector":"cb52b304-ef1b-4e79-9504-a33807a75612","AccountType":"User","@timestamp":"2023-05-04T09:18:18.000Z","source_host":"172.16.145.101","message":"%SYSTEM32%\\WHOAMI.EXE was allowed to run.","AccountName":"daulwu","Keywords":-9223372036854775808,"Channel":"Microsoft-Windows-AppLocker/EXE and DLL","Version":0,"RecordNumber":3743,"SourceModuleName":"eventlog","OpcodeValue":0,"Task":0,"host":"DEMODC01.demo.io","Domain":"DEMO","ThreadID":3384,"version":"1.1","@version":"1","SeverityValue":2,"Opcode":"Info","level":6,"ProcessID":5580,"UserID":"S-1-5-21-1800276383-1142253265-156682520-1574","EventType":"INFO","SourceName":"Microsoft-Windows-AppLocker","ProviderGuid":"{CBDA4DBF-8D5D-4F69-9578-BE14AA540D22}","SourceModuleType":"im_msvistalog","EventReceivedTime":"2023-05-04 09:18:19","Severity":"INFO","EventID":8002,"collector_node_id":"DEMODC01"}
{"gl2_source_collector":"cb52b304-ef1b-4e79-9504-a33807a75612","AccountType":"User","@timestamp":"2023-05-04T09:18:20.000Z","source_host":"172.16.145.101","message":"%OSDRIVE%\\USERS\\PUBLIC\\DOCUMENTS\\MY PERSONAL SCRIPTS\\ORIENTATION-POWER2.BAT was allowed to run but would have been prevented from running if the AppLocker policy were enforced.","AccountName":"daulwu","Keywords":4611686018427387904,"Channel":"Microsoft-Windows-AppLocker/MSI and Script","Version":0,"RecordNumber":122,"SourceModuleName":"eventlog","OpcodeValue":0,"Task":0,"host":"DEMODC01.demo.io","Domain":"DEMO","ThreadID":7152,"version":"1.1","@version":"1","SeverityValue":3,"Opcode":"Info","level":4,"ProcessID":5608,"UserID":"S-1-5-21-1800276383-1142253265-156682520-1574","EventType":"WARNING","SourceName":"Microsoft-Windows-AppLocker","ProviderGuid":"{CBDA4DBF-8D5D-4F69-9578-BE14AA540D22}","SourceModuleType":"im_msvistalog","EventReceivedTime":"2023-05-04 09:18:20","Severity":"WARNING","EventID":8006,"collector_node_id":"DEMODC01"}
{"gl2_source_collector":"cb52b304-ef1b-4e79-9504-a33807a75612","AccountType":"User","@timestamp":"2023-05-04T09:18:20.000Z","source_host":"172.16.145.101","message":"%SYSTEM32%\\CMD.EXE was allowed to run.","AccountName":"daulwu","Keywords":-9223372036854775808,"Channel":"Microsoft-Windows-AppLocker/EXE and DLL","Version":0,"RecordNumber":3744,"SourceModuleName":"eventlog","OpcodeValue":0,"Task":0,"host":"DEMODC01.demo.io","Domain":"DEMO","ThreadID":7120,"version":"1.1","@version":"1","SeverityValue":2,"Opcode":"Info","level":6,"ProcessID":1156,"UserID":"S-1-5-21-1800276383-1142253265-156682520-1574","EventType":"INFO","SourceName":"Microsoft-Windows-AppLocker","ProviderGuid":"{CBDA4DBF-8D5D-4F69-9578-BE14AA540D22}","SourceModuleType":"im_msvistalog","EventReceivedTime":"2023-05-04 09:18:21","Severity":"INFO","EventID":8002,"collector_node_id":"DEMODC01"}
{"gl2_source_collector":"cb52b304-ef1b-4e79-9504-a33807a75612","AccountType":"User","@timestamp":"2023-05-04T09:18:20.000Z","source_host":"172.16.145.101","message":"%SYSTEM32%\\CONHOST.EXE was allowed to run.","AccountName":"daulwu","Keywords":-9223372036854775808,"Channel":"Microsoft-Windows-AppLocker/EXE and DLL","Version":0,"RecordNumber":3745,"SourceModuleName":"eventlog","OpcodeValue":0,"Task":0,"host":"DEMODC01.demo.io","Domain":"DEMO","ThreadID":7152,"version":"1.1","@version":"1","SeverityValue":2,"Opcode":"Info","level":6,"ProcessID":5608,"UserID":"S-1-5-21-1800276383-1142253265-156682520-1574","EventType":"INFO","SourceName":"Microsoft-Windows-AppLocker","ProviderGuid":"{CBDA4DBF-8D5D-4F69-9578-BE14AA540D22}","SourceModuleType":"im_msvistalog","EventReceivedTime":"2023-05-04 09:18:21","Severity":"INFO","EventID":8002,"collector_node_id":"DEMODC01"}
{"gl2_source_collector":"cb52b304-ef1b-4e79-9504-a33807a75612","AccountType":"User","@timestamp":"2023-05-04T09:18:20.000Z","source_host":"172.16.145.101","message":"%SYSTEM32%\\NLTEST.EXE was allowed to run.","AccountName":"daulwu","Keywords":-9223372036854775808,"Channel":"Microsoft-Windows-AppLocker/EXE and DLL","Version":0,"RecordNumber":3746,"SourceModuleName":"eventlog","OpcodeValue":0,"Task":0,"host":"DEMODC01.demo.io","Domain":"DEMO","ThreadID":7152,"version":"1.1","@version":"1","SeverityValue":2,"Opcode":"Info","level":6,"ProcessID":5608,"UserID":"S-1-5-21-1800276383-1142253265-156682520-1574","EventType":"INFO","SourceName":"Microsoft-Windows-AppLocker","ProviderGuid":"{CBDA4DBF-8D5D-4F69-9578-BE14AA540D22}","SourceModuleType":"im_msvistalog","EventReceivedTime":"2023-05-04 09:18:21","Severity":"INFO","EventID":8002,"collector_node_id":"DEMODC01"}
{"gl2_source_collector":"cb52b304-ef1b-4e79-9504-a33807a75612","AccountType":"User","@timestamp":"2023-05-04T09:18:22.000Z","source_host":"172.16.145.101","message":"%OSDRIVE%\\USERS\\DAULWU\\APPDATA\\LOCAL\\TEMP\\1\\__PSSCRIPTPOLICYTEST_2QFXZPPO.DMF.PS1 was allowed to run but would have been prevented from running if the AppLocker policy were enforced.","AccountName":"daulwu","Keywords":4611686018427387904,"Channel":"Microsoft-Windows-AppLocker/MSI and Script","Version":0,"RecordNumber":123,"SourceModuleName":"eventlog","OpcodeValue":0,"Task":0,"host":"DEMODC01.demo.io","Domain":"DEMO","ThreadID":7096,"version":"1.1","@version":"1","SeverityValue":3,"Opcode":"Info","level":4,"ProcessID":5852,"UserID":"S-1-5-21-1800276383-1142253265-156682520-1574","EventType":"WARNING","SourceName":"Microsoft-Windows-AppLocker","ActivityID":"{D5E0A964-7E12-0001-4368-E1D5127ED901}","ProviderGuid":"{CBDA4DBF-8D5D-4F69-9578-BE14AA540D22}","SourceModuleType":"im_msvistalog","EventReceivedTime":"2023-05-04 09:18:23","Severity":"WARNING","EventID":8006,"collector_node_id":"DEMODC01"}
{"gl2_source_collector":"cb52b304-ef1b-4e79-9504-a33807a75612","AccountType":"User","@timestamp":"2023-05-04T09:18:22.000Z","source_host":"172.16.145.101","message":"%SYSTEM32%\\WINDOWSPOWERSHELL\\V1.0\\POWERSHELL.EXE was allowed to run.","AccountName":"daulwu","Keywords":-9223372036854775808,"Channel":"Microsoft-Windows-AppLocker/EXE and DLL","Version":0,"RecordNumber":3747,"SourceModuleName":"eventlog","OpcodeValue":0,"Task":0,"host":"DEMODC01.demo.io","Domain":"DEMO","ThreadID":2660,"version":"1.1","@version":"1","SeverityValue":2,"Opcode":"Info","level":6,"ProcessID":1156,"UserID":"S-1-5-21-1800276383-1142253265-156682520-1574","EventType":"INFO","SourceName":"Microsoft-Windows-AppLocker","ProviderGuid":"{CBDA4DBF-8D5D-4F69-9578-BE14AA540D22}","SourceModuleType":"im_msvistalog","EventReceivedTime":"2023-05-04 09:18:23","Severity":"INFO","EventID":8002,"collector_node_id":"DEMODC01"}
{"gl2_source_collector":"cb52b304-ef1b-4e79-9504-a33807a75612","AccountType":"User","@timestamp":"2023-05-04T09:18:22.000Z","source_host":"172.16.145.101","message":"%SYSTEM32%\\CONHOST.EXE was allowed to run.","AccountName":"daulwu","Keywords":-9223372036854775808,"Channel":"Microsoft-Windows-AppLocker/EXE and DLL","Version":0,"RecordNumber":3748,"SourceModuleName":"eventlog","OpcodeValue":0,"Task":0,"host":"DEMODC01.demo.io","Domain":"DEMO","ThreadID":7096,"version":"1.1","@version":"1","SeverityValue":2,"Opcode":"Info","level":6,"ProcessID":5852,"UserID":"S-1-5-21-1800276383-1142253265-156682520-1574","EventType":"INFO","SourceName":"Microsoft-Windows-AppLocker","ProviderGuid":"{CBDA4DBF-8D5D-4F69-9578-BE14AA540D22}","SourceModuleType":"im_msvistalog","EventReceivedTime":"2023-05-04 09:18:23","Severity":"INFO","EventID":8002,"collector_node_id":"DEMODC01"}
{"gl2_source_collector":"cb52b304-ef1b-4e79-9504-a33807a75612","AccountType":"User","@timestamp":"2023-05-04T09:18:23.000Z","source_host":"172.16.145.101","message":"%OSDRIVE%\\USERS\\DAULWU\\APPDATA\\LOCAL\\TEMP\\1\\__PSSCRIPTPOLICYTEST_C2D0SWIY.CXX.PS1 was allowed to run but would have been prevented from running if the AppLocker policy were enforced.","AccountName":"daulwu","Keywords":4611686018427387904,"Channel":"Microsoft-Windows-AppLocker/MSI and Script","Version":0,"RecordNumber":124,"SourceModuleName":"eventlog","OpcodeValue":0,"Task":0,"host":"DEMODC01.demo.io","Domain":"DEMO","ThreadID":4636,"version":"1.1","@version":"1","SeverityValue":3,"Opcode":"Info","level":4,"ProcessID":5852,"UserID":"S-1-5-21-1800276383-1142253265-156682520-1574","EventType":"WARNING","SourceName":"Microsoft-Windows-AppLocker","ActivityID":"{D5E0A964-7E12-0001-6168-E1D5127ED901}","ProviderGuid":"{CBDA4DBF-8D5D-4F69-9578-BE14AA540D22}","SourceModuleType":"im_msvistalog","EventReceivedTime":"2023-05-04 09:18:24","Severity":"WARNING","EventID":8006,"collector_node_id":"DEMODC01"}
{"gl2_source_collector":"cb52b304-ef1b-4e79-9504-a33807a75612","AccountType":"User","@timestamp":"2023-05-04T09:18:24.000Z","source_host":"172.16.145.101","message":"%OSDRIVE%\\USERS\\DAULWU\\APPDATA\\LOCAL\\TEMP\\1\\__PSSCRIPTPOLICYTEST_NCTOOWOV.SVJ.PS1 was allowed to run but would have been prevented from running if the AppLocker policy were enforced.","AccountName":"daulwu","Keywords":4611686018427387904,"Channel":"Microsoft-Windows-AppLocker/MSI and Script","Version":0,"RecordNumber":125,"SourceModuleName":"eventlog","OpcodeValue":0,"Task":0,"host":"DEMODC01.demo.io","Domain":"DEMO","ThreadID":5072,"version":"1.1","@version":"1","SeverityValue":3,"Opcode":"Info","level":4,"ProcessID":4972,"UserID":"S-1-5-21-1800276383-1142253265-156682520-1574","EventType":"WARNING","SourceName":"Microsoft-Windows-AppLocker","ActivityID":"{D5E0A964-7E12-0000-C265-E1D5127ED901}","ProviderGuid":"{CBDA4DBF-8D5D-4F69-9578-BE14AA540D22}","SourceModuleType":"im_msvistalog","EventReceivedTime":"2023-05-04 09:18:25","Severity":"WARNING","EventID":8006,"collector_node_id":"DEMODC01"}
{"gl2_source_collector":"cb52b304-ef1b-4e79-9504-a33807a75612","AccountType":"User","@timestamp":"2023-05-04T09:18:24.000Z","source_host":"172.16.145.101","message":"%SYSTEM32%\\WINDOWSPOWERSHELL\\V1.0\\POWERSHELL.EXE was allowed to run.","AccountName":"daulwu","Keywords":-9223372036854775808,"Channel":"Microsoft-Windows-AppLocker/EXE and DLL","Version":0,"RecordNumber":3749,"SourceModuleName":"eventlog","OpcodeValue":0,"Task":0,"host":"DEMODC01.demo.io","Domain":"DEMO","ThreadID":4324,"version":"1.1","@version":"1","SeverityValue":2,"Opcode":"Info","level":6,"ProcessID":1156,"UserID":"S-1-5-21-1800276383-1142253265-156682520-1574","EventType":"INFO","SourceName":"Microsoft-Windows-AppLocker","ProviderGuid":"{CBDA4DBF-8D5D-4F69-9578-BE14AA540D22}","SourceModuleType":"im_msvistalog","EventReceivedTime":"2023-05-04 09:18:25","Severity":"INFO","EventID":8002,"collector_node_id":"DEMODC01"}
{"gl2_source_collector":"cb52b304-ef1b-4e79-9504-a33807a75612","AccountType":"User","@timestamp":"2023-05-04T09:18:24.000Z","source_host":"172.16.145.101","message":"%SYSTEM32%\\CONHOST.EXE was allowed to run.","AccountName":"daulwu","Keywords":-9223372036854775808,"Channel":"Microsoft-Windows-AppLocker/EXE and DLL","Version":0,"RecordNumber":3750,"SourceModuleName":"eventlog","OpcodeValue":0,"Task":0,"host":"DEMODC01.demo.io","Domain":"DEMO","ThreadID":5072,"version":"1.1","@version":"1","SeverityValue":2,"Opcode":"Info","level":6,"ProcessID":4972,"UserID":"S-1-5-21-1800276383-1142253265-156682520-1574","EventType":"INFO","SourceName":"Microsoft-Windows-AppLocker","ProviderGuid":"{CBDA4DBF-8D5D-4F69-9578-BE14AA540D22}","SourceModuleType":"im_msvistalog","EventReceivedTime":"2023-05-04 09:18:25","Severity":"INFO","EventID":8002,"collector_node_id":"DEMODC01"}
{"gl2_source_collector":"cb52b304-ef1b-4e79-9504-a33807a75612","AccountType":"User","@timestamp":"2023-05-04T09:18:24.000Z","source_host":"172.16.145.101","message":"%OSDRIVE%\\USERS\\DAULWU\\APPDATA\\LOCAL\\TEMP\\1\\__PSSCRIPTPOLICYTEST_JX2KI4S0.Z4E.PS1 was allowed to run but would have been prevented from running if the AppLocker policy were enforced.","AccountName":"daulwu","Keywords":4611686018427387904,"Channel":"Microsoft-Windows-AppLocker/MSI and Script","Version":0,"RecordNumber":126,"SourceModuleName":"eventlog","OpcodeValue":0,"Task":0,"host":"DEMODC01.demo.io","Domain":"DEMO","ThreadID":6748,"version":"1.1","@version":"1","SeverityValue":3,"Opcode":"Info","level":4,"ProcessID":4972,"UserID":"S-1-5-21-1800276383-1142253265-156682520-1574","EventType":"WARNING","SourceName":"Microsoft-Windows-AppLocker","ActivityID":"{D5E0A964-7E12-0001-FC6A-E1D5127ED901}","ProviderGuid":"{CBDA4DBF-8D5D-4F69-9578-BE14AA540D22}","SourceModuleType":"im_msvistalog","EventReceivedTime":"2023-05-04 09:18:25","Severity":"WARNING","EventID":8006,"collector_node_id":"DEMODC01"}
{"gl2_source_collector":"cb52b304-ef1b-4e79-9504-a33807a75612","AccountType":"User","@timestamp":"2023-05-04T09:18:25.000Z","source_host":"172.16.145.101","message":"%SYSTEM32%\\NLTEST.EXE was allowed to run.","AccountName":"daulwu","Keywords":-9223372036854775808,"Channel":"Microsoft-Windows-AppLocker/EXE and DLL","Version":0,"RecordNumber":3751,"SourceModuleName":"eventlog","OpcodeValue":0,"Task":0,"host":"DEMODC01.demo.io","Domain":"DEMO","ThreadID":6748,"version":"1.1","@version":"1","SeverityValue":2,"Opcode":"Info","level":6,"ProcessID":4972,"UserID":"S-1-5-21-1800276383-1142253265-156682520-1574","EventType":"INFO","SourceName":"Microsoft-Windows-AppLocker","ProviderGuid":"{CBDA4DBF-8D5D-4F69-9578-BE14AA540D22}","SourceModuleType":"im_msvistalog","EventReceivedTime":"2023-05-04 09:18:25","Severity":"INFO","EventID":8002,"collector_node_id":"DEMODC01"}
{"gl2_source_collector":"cb52b304-ef1b-4e79-9504-a33807a75612","AccountType":"User","@timestamp":"2023-05-04T09:18:27.000Z","source_host":"172.16.145.101","message":"%OSDRIVE%\\USERS\\DAULWU\\APPDATA\\LOCAL\\TEMP\\1\\__PSSCRIPTPOLICYTEST_GOXN241B.WDZ.PS1 was allowed to run but would have been prevented from running if the AppLocker policy were enforced.","AccountName":"daulwu","Keywords":4611686018427387904,"Channel":"Microsoft-Windows-AppLocker/MSI and Script","Version":0,"RecordNumber":127,"SourceModuleName":"eventlog","OpcodeValue":0,"Task":0,"host":"DEMODC01.demo.io","Domain":"DEMO","ThreadID":4652,"version":"1.1","@version":"1","SeverityValue":3,"Opcode":"Info","level":4,"ProcessID":5932,"UserID":"S-1-5-21-1800276383-1142253265-156682520-1574","EventType":"WARNING","SourceName":"Microsoft-Windows-AppLocker","ActivityID":"{D5E0A964-7E12-0001-6C71-E1D5127ED901}","ProviderGuid":"{CBDA4DBF-8D5D-4F69-9578-BE14AA540D22}","SourceModuleType":"im_msvistalog","EventReceivedTime":"2023-05-04 09:18:27","Severity":"WARNING","EventID":8006,"collector_node_id":"DEMODC01"}
{"gl2_source_collector":"cb52b304-ef1b-4e79-9504-a33807a75612","AccountType":"User","@timestamp":"2023-05-04T09:18:27.000Z","source_host":"172.16.145.101","message":"%SYSTEM32%\\WINDOWSPOWERSHELL\\V1.0\\POWERSHELL.EXE was allowed to run.","AccountName":"daulwu","Keywords":-9223372036854775808,"Channel":"Microsoft-Windows-AppLocker/EXE and DLL","Version":0,"RecordNumber":3752,"SourceModuleName":"eventlog","OpcodeValue":0,"Task":0,"host":"DEMODC01.demo.io","Domain":"DEMO","ThreadID":6388,"version":"1.1","@version":"1","SeverityValue":2,"Opcode":"Info","level":6,"ProcessID":1156,"UserID":"S-1-5-21-1800276383-1142253265-156682520-1574","EventType":"INFO","SourceName":"Microsoft-Windows-AppLocker","ProviderGuid":"{CBDA4DBF-8D5D-4F69-9578-BE14AA540D22}","SourceModuleType":"im_msvistalog","EventReceivedTime":"2023-05-04 09:18:28","Severity":"INFO","EventID":8002,"collector_node_id":"DEMODC01"}
{"gl2_source_collector":"cb52b304-ef1b-4e79-9504-a33807a75612","AccountType":"User","@timestamp":"2023-05-04T09:18:27.000Z","source_host":"172.16.145.101","message":"%SYSTEM32%\\CONHOST.EXE was allowed to run.","AccountName":"daulwu","Keywords":-9223372036854775808,"Channel":"Microsoft-Windows-AppLocker/EXE and DLL","Version":0,"RecordNumber":3753,"SourceModuleName":"eventlog","OpcodeValue":0,"Task":0,"host":"DEMODC01.demo.io","Domain":"DEMO","ThreadID":4652,"version":"1.1","@version":"1","SeverityValue":2,"Opcode":"Info","level":6,"ProcessID":5932,"UserID":"S-1-5-21-1800276383-1142253265-156682520-1574","EventType":"INFO","SourceName":"Microsoft-Windows-AppLocker","ProviderGuid":"{CBDA4DBF-8D5D-4F69-9578-BE14AA540D22}","SourceModuleType":"im_msvistalog","EventReceivedTime":"2023-05-04 09:18:28","Severity":"INFO","EventID":8002,"collector_node_id":"DEMODC01"}
{"gl2_source_collector":"cb52b304-ef1b-4e79-9504-a33807a75612","AccountType":"User","@timestamp":"2023-05-04T09:18:27.000Z","source_host":"172.16.145.101","message":"%OSDRIVE%\\USERS\\DAULWU\\APPDATA\\LOCAL\\TEMP\\1\\__PSSCRIPTPOLICYTEST_MXDZOYKL.B12.PS1 was allowed to run but would have been prevented from running if the AppLocker policy were enforced.","AccountName":"daulwu","Keywords":4611686018427387904,"Channel":"Microsoft-Windows-AppLocker/MSI and Script","Version":0,"RecordNumber":128,"SourceModuleName":"eventlog","OpcodeValue":0,"Task":0,"host":"DEMODC01.demo.io","Domain":"DEMO","ThreadID":6720,"version":"1.1","@version":"1","SeverityValue":3,"Opcode":"Info","level":4,"ProcessID":5932,"UserID":"S-1-5-21-1800276383-1142253265-156682520-1574","EventType":"WARNING","SourceName":"Microsoft-Windows-AppLocker","ActivityID":"{D5E0A964-7E12-0001-7C71-E1D5127ED901}","ProviderGuid":"{CBDA4DBF-8D5D-4F69-9578-BE14AA540D22}","SourceModuleType":"im_msvistalog","EventReceivedTime":"2023-05-04 09:18:28","Severity":"WARNING","EventID":8006,"collector_node_id":"DEMODC01"}
{"gl2_source_collector":"cb52b304-ef1b-4e79-9504-a33807a75612","AccountType":"User","@timestamp":"2023-05-04T09:18:27.000Z","source_host":"172.16.145.101","message":"%SYSTEM32%\\NLTEST.EXE was allowed to run.","AccountName":"daulwu","Keywords":-9223372036854775808,"Channel":"Microsoft-Windows-AppLocker/EXE and DLL","Version":0,"RecordNumber":3754,"SourceModuleName":"eventlog","OpcodeValue":0,"Task":0,"host":"DEMODC01.demo.io","Domain":"DEMO","ThreadID":6720,"version":"1.1","@version":"1","SeverityValue":2,"Opcode":"Info","level":6,"ProcessID":5932,"UserID":"S-1-5-21-1800276383-1142253265-156682520-1574","EventType":"INFO","SourceName":"Microsoft-Windows-AppLocker","ProviderGuid":"{CBDA4DBF-8D5D-4F69-9578-BE14AA540D22}","SourceModuleType":"im_msvistalog","EventReceivedTime":"2023-05-04 09:18:28","Severity":"INFO","EventID":8002,"collector_node_id":"DEMODC01"}
{"gl2_source_collector":"cb52b304-ef1b-4e79-9504-a33807a75612","AccountType":"User","@timestamp":"2023-05-04T09:18:29.000Z","source_host":"172.16.145.101","message":"%OSDRIVE%\\USERS\\PUBLIC\\DOCUMENTS\\HELPFUL PORTABLE APPS\\PROCEXP.EXE was allowed to run but would have been prevented from running if the AppLocker policy were enforced.","AccountName":"daulwu","Keywords":-9223372036854775808,"Channel":"Microsoft-Windows-AppLocker/EXE and DLL","Version":0,"RecordNumber":3755,"SourceModuleName":"eventlog","OpcodeValue":0,"Task":0,"host":"DEMODC01.demo.io","Domain":"DEMO","ThreadID":6632,"version":"1.1","@version":"1","SeverityValue":3,"Opcode":"Info","level":4,"ProcessID":1156,"UserID":"S-1-5-21-1800276383-1142253265-156682520-1574","EventType":"WARNING","SourceName":"Microsoft-Windows-AppLocker","ProviderGuid":"{CBDA4DBF-8D5D-4F69-9578-BE14AA540D22}","SourceModuleType":"im_msvistalog","EventReceivedTime":"2023-05-04 09:18:30","Severity":"WARNING","EventID":8003,"collector_node_id":"DEMODC01"}
{"gl2_source_collector":"cb52b304-ef1b-4e79-9504-a33807a75612","AccountType":"User","@timestamp":"2023-05-04T09:18:29.000Z","source_host":"172.16.145.101","message":"%OSDRIVE%\\USERS\\DAULWU\\APPDATA\\LOCAL\\TEMP\\1\\PROCEXP64.EXE was allowed to run but would have been prevented from running if the AppLocker policy were enforced.","AccountName":"daulwu","Keywords":-9223372036854775808,"Channel":"Microsoft-Windows-AppLocker/EXE and DLL","Version":0,"RecordNumber":3756,"SourceModuleName":"eventlog","OpcodeValue":0,"Task":0,"host":"DEMODC01.demo.io","Domain":"DEMO","ThreadID":3732,"version":"1.1","@version":"1","SeverityValue":3,"Opcode":"Info","level":4,"ProcessID":7132,"UserID":"S-1-5-21-1800276383-1142253265-156682520-1574","EventType":"WARNING","SourceName":"Microsoft-Windows-AppLocker","ProviderGuid":"{CBDA4DBF-8D5D-4F69-9578-BE14AA540D22}","SourceModuleType":"im_msvistalog","EventReceivedTime":"2023-05-04 09:18:30","Severity":"WARNING","EventID":8003,"collector_node_id":"DEMODC01"}
{"gl2_source_collector":"cb52b304-ef1b-4e79-9504-a33807a75612","AccountType":"User","@timestamp":"2023-05-04T09:18:30.000Z","source_host":"172.16.145.101","message":"%OSDRIVE%\\USERS\\PUBLIC\\DOCUMENTS\\HELPFUL PORTABLE APPS\\PWTECH.EXE was allowed to run but would have been prevented from running if the AppLocker policy were enforced.","AccountName":"daulwu","Keywords":-9223372036854775808,"Channel":"Microsoft-Windows-AppLocker/EXE and DLL","Version":0,"RecordNumber":3757,"SourceModuleName":"eventlog","OpcodeValue":0,"Task":0,"host":"DEMODC01.demo.io","Domain":"DEMO","ThreadID":5916,"version":"1.1","@version":"1","SeverityValue":3,"Opcode":"Info","level":4,"ProcessID":1156,"UserID":"S-1-5-21-1800276383-1142253265-156682520-1574","EventType":"WARNING","SourceName":"Microsoft-Windows-AppLocker","ProviderGuid":"{CBDA4DBF-8D5D-4F69-9578-BE14AA540D22}","SourceModuleType":"im_msvistalog","EventReceivedTime":"2023-05-04 09:18:31","Severity":"WARNING","EventID":8003,"collector_node_id":"DEMODC01"}
{"gl2_source_collector":"cb52b304-ef1b-4e79-9504-a33807a75612","AccountType":"User","@timestamp":"2023-05-04T09:18:33.000Z","source_host":"172.16.145.101","message":"%SYSTEM32%\\WSCRIPT.EXE was allowed to run.","AccountName":"daulwu","Keywords":-9223372036854775808,"Channel":"Microsoft-Windows-AppLocker/EXE and DLL","Version":0,"RecordNumber":3758,"SourceModuleName":"eventlog","OpcodeValue":0,"Task":0,"host":"DEMODC01.demo.io","Domain":"DEMO","ThreadID":6744,"version":"1.1","@version":"1","SeverityValue":2,"Opcode":"Info","level":6,"ProcessID":1156,"UserID":"S-1-5-21-1800276383-1142253265-156682520-1574","EventType":"INFO","SourceName":"Microsoft-Windows-AppLocker","ProviderGuid":"{CBDA4DBF-8D5D-4F69-9578-BE14AA540D22}","SourceModuleType":"im_msvistalog","EventReceivedTime":"2023-05-04 09:18:34","Severity":"INFO","EventID":8002,"collector_node_id":"DEMODC01"}
{"gl2_source_collector":"cb52b304-ef1b-4e79-9504-a33807a75612","AccountType":"User","@timestamp":"2023-05-04T09:18:33.000Z","source_host":"172.16.145.101","message":"%OSDRIVE%\\USERS\\PUBLIC\\DOCUMENTS\\MY PERSONAL SCRIPTS\\RECON-POWER.VBS was allowed to run but would have been prevented from running if the AppLocker policy were enforced.","AccountName":"daulwu","Keywords":4611686018427387904,"Channel":"Microsoft-Windows-AppLocker/MSI and Script","Version":0,"RecordNumber":129,"SourceModuleName":"eventlog","OpcodeValue":0,"Task":0,"host":"DEMODC01.demo.io","Domain":"DEMO","ThreadID":1988,"version":"1.1","@version":"1","SeverityValue":3,"Opcode":"Info","level":4,"ProcessID":3036,"UserID":"S-1-5-21-1800276383-1142253265-156682520-1574","EventType":"WARNING","SourceName":"Microsoft-Windows-AppLocker","ProviderGuid":"{CBDA4DBF-8D5D-4F69-9578-BE14AA540D22}","SourceModuleType":"im_msvistalog","EventReceivedTime":"2023-05-04 09:18:34","Severity":"WARNING","EventID":8006,"collector_node_id":"DEMODC01"}
{"gl2_source_collector":"ff6b1757-c7ff-43c3-beb5-82a3cb1baecf","AccountType":"User","@timestamp":"2023-05-04T09:18:34.000Z","source_host":"172.16.145.102","message":"%SYSTEM32%\\TASKHOSTW.EXE was allowed to run.","AccountName":"granat","Keywords":-9223372036854775808,"Channel":"Microsoft-Windows-AppLocker/EXE and DLL","Version":0,"RecordNumber":2041,"SourceModuleName":"eventlog","OpcodeValue":0,"Task":0,"host":"DEMODC02.demo.io","Domain":"DEMO","ThreadID":1484,"version":"1.1","@version":"1","SeverityValue":2,"Opcode":"Info","level":6,"ProcessID":1384,"UserID":"S-1-5-21-1800276383-1142253265-156682520-1334","EventType":"INFO","SourceName":"Microsoft-Windows-AppLocker","ProviderGuid":"{CBDA4DBF-8D5D-4F69-9578-BE14AA540D22}","SourceModuleType":"im_msvistalog","EventReceivedTime":"2023-05-04 09:18:36","Severity":"INFO","EventID":8002,"collector_node_id":"DEMODC02"}
{"gl2_source_collector":"ff6b1757-c7ff-43c3-beb5-82a3cb1baecf","AccountType":"User","@timestamp":"2023-05-04T09:18:34.000Z","source_host":"172.16.145.102","message":"%SYSTEM32%\\WLRMDR.EXE was allowed to run.","AccountName":"granat","Keywords":-9223372036854775808,"Channel":"Microsoft-Windows-AppLocker/EXE and DLL","Version":0,"RecordNumber":2042,"SourceModuleName":"eventlog","OpcodeValue":0,"Task":0,"host":"DEMODC02.demo.io","Domain":"DEMO","ThreadID":1764,"version":"1.1","@version":"1","SeverityValue":2,"Opcode":"Info","level":6,"ProcessID":556,"UserID":"S-1-5-21-1800276383-1142253265-156682520-1334","EventType":"INFO","SourceName":"Microsoft-Windows-AppLocker","ProviderGuid":"{CBDA4DBF-8D5D-4F69-9578-BE14AA540D22}","SourceModuleType":"im_msvistalog","EventReceivedTime":"2023-05-04 09:18:36","Severity":"INFO","EventID":8002,"collector_node_id":"DEMODC02"}
{"gl2_source_collector":"cb52b304-ef1b-4e79-9504-a33807a75612","AccountType":"User","@timestamp":"2023-05-04T09:18:37.000Z","source_host":"172.16.145.101","message":"%PROGRAMFILES%\\MICROSOFT\\EDGE\\APPLICATION\\MSEDGE.EXE was allowed to run.","AccountName":"daulwu","Keywords":-9223372036854775808,"Channel":"Microsoft-Windows-AppLocker/EXE and DLL","Version":0,"RecordNumber":3759,"SourceModuleName":"eventlog","OpcodeValue":0,"Task":0,"host":"DEMODC01.demo.io","Domain":"DEMO","ThreadID":4792,"version":"1.1","@version":"1","SeverityValue":2,"Opcode":"Info","level":6,"ProcessID":1156,"UserID":"S-1-5-21-1800276383-1142253265-156682520-1574","EventType":"INFO","SourceName":"Microsoft-Windows-AppLocker","ProviderGuid":"{CBDA4DBF-8D5D-4F69-9578-BE14AA540D22}","SourceModuleType":"im_msvistalog","EventReceivedTime":"2023-05-04 09:18:39","Severity":"INFO","EventID":8002,"collector_node_id":"DEMODC01"}
{"gl2_source_collector":"cb52b304-ef1b-4e79-9504-a33807a75612","AccountType":"User","@timestamp":"2023-05-04T09:18:37.000Z","source_host":"172.16.145.101","message":"%PROGRAMFILES%\\MICROSOFT\\EDGE\\APPLICATION\\MSEDGE.EXE was allowed to run.","AccountName":"daulwu","Keywords":-9223372036854775808,"Channel":"Microsoft-Windows-AppLocker/EXE and DLL","Version":0,"RecordNumber":3760,"SourceModuleName":"eventlog","OpcodeValue":0,"Task":0,"host":"DEMODC01.demo.io","Domain":"DEMO","ThreadID":5272,"version":"1.1","@version":"1","SeverityValue":2,"Opcode":"Info","level":6,"ProcessID":6048,"UserID":"S-1-5-21-1800276383-1142253265-156682520-1574","EventType":"INFO","SourceName":"Microsoft-Windows-AppLocker","ProviderGuid":"{CBDA4DBF-8D5D-4F69-9578-BE14AA540D22}","SourceModuleType":"im_msvistalog","EventReceivedTime":"2023-05-04 09:18:39","Severity":"INFO","EventID":8002,"collector_node_id":"DEMODC01"}
{"gl2_source_collector":"cb52b304-ef1b-4e79-9504-a33807a75612","AccountType":"User","@timestamp":"2023-05-04T09:18:37.000Z","source_host":"172.16.145.101","message":"%PROGRAMFILES%\\MICROSOFT\\EDGE\\APPLICATION\\MSEDGE.EXE was allowed to run.","AccountName":"daulwu","Keywords":-9223372036854775808,"Channel":"Microsoft-Windows-AppLocker/EXE and DLL","Version":0,"RecordNumber":3761,"SourceModuleName":"eventlog","OpcodeValue":0,"Task":0,"host":"DEMODC01.demo.io","Domain":"DEMO","ThreadID":5468,"version":"1.1","@version":"1","SeverityValue":2,"Opcode":"Info","level":6,"ProcessID":6048,"UserID":"S-1-5-21-1800276383-1142253265-156682520-1574","EventType":"INFO","SourceName":"Microsoft-Windows-AppLocker","ProviderGuid":"{CBDA4DBF-8D5D-4F69-9578-BE14AA540D22}","SourceModuleType":"im_msvistalog","EventReceivedTime":"2023-05-04 09:18:39","Severity":"INFO","EventID":8002,"collector_node_id":"DEMODC01"}
