{"gl2_source_collector":"cb52b304-ef1b-4e79-9504-a33807a75612","AccountType":"User","@timestamp":"2023-05-04T09:18:37.000Z","source_host":"172.16.145.101","message":"%PROGRAMFILES%\\MICROSOFT\\EDGE\\APPLICATION\\MSEDGE.EXE was allowed to run.","AccountName":"daulwu","Keywords":-9223372036854775808,"Channel":"Microsoft-Windows-AppLocker/EXE and DLL","Version":0,"RecordNumber":3762,"SourceModuleName":"eventlog","OpcodeValue":0,"Task":0,"host":"DEMODC01.demo.io","Domain":"DEMO","ThreadID":5468,"version":"1.1","@version":"1","SeverityValue":2,"Opcode":"Info","level":6,"ProcessID":6048,"UserID":"S-1-5-21-1800276383-1142253265-156682520-1574","EventType":"INFO","SourceName":"Microsoft-Windows-AppLocker","ProviderGuid":"{CBDA4DBF-8D5D-4F69-9578-BE14AA540D22}","SourceModuleType":"im_msvistalog","EventReceivedTime":"2023-05-04 09:18:39","Severity":"INFO","EventID":8002,"collector_node_id":"DEMODC01"}
{"gl2_source_collector":"cb52b304-ef1b-4e79-9504-a33807a75612","AccountType":"User","@timestamp":"2023-05-04T09:18:37.000Z","source_host":"172.16.145.101","message":"%PROGRAMFILES%\\MICROSOFT\\EDGE\\APPLICATION\\MSEDGE.EXE was allowed to run.","AccountName":"daulwu","Keywords":-9223372036854775808,"Channel":"Microsoft-Windows-AppLocker/EXE and DLL","Version":0,"RecordNumber":3763,"SourceModuleName":"eventlog","OpcodeValue":0,"Task":0,"host":"DEMODC01.demo.io","Domain":"DEMO","ThreadID":5468,"version":"1.1","@version":"1","SeverityValue":2,"Opcode":"Info","level":6,"ProcessID":6048,"UserID":"S-1-5-21-1800276383-1142253265-156682520-1574","EventType":"INFO","SourceName":"Microsoft-Windows-AppLocker","ProviderGuid":"{CBDA4DBF-8D5D-4F69-9578-BE14AA540D22}","SourceModuleType":"im_msvistalog","EventReceivedTime":"2023-05-04 09:18:39","Severity":"INFO","EventID":8002,"collector_node_id":"DEMODC01"}
{"gl2_source_collector":"cb52b304-ef1b-4e79-9504-a33807a75612","AccountType":"User","@timestamp":"2023-05-04T09:18:37.000Z","source_host":"172.16.145.101","message":"%PROGRAMFILES%\\MICROSOFT\\EDGE\\APPLICATION\\MSEDGE.EXE was allowed to run.","AccountName":"daulwu","Keywords":-9223372036854775808,"Channel":"Microsoft-Windows-AppLocker/EXE and DLL","Version":0,"RecordNumber":3764,"SourceModuleName":"eventlog","OpcodeValue":0,"Task":0,"host":"DEMODC01.demo.io","Domain":"DEMO","ThreadID":5468,"version":"1.1","@version":"1","SeverityValue":2,"Opcode":"Info","level":6,"ProcessID":6048,"UserID":"S-1-5-21-1800276383-1142253265-156682520-1574","EventType":"INFO","SourceName":"Microsoft-Windows-AppLocker","ProviderGuid":"{CBDA4DBF-8D5D-4F69-9578-BE14AA540D22}","SourceModuleType":"im_msvistalog","EventReceivedTime":"2023-05-04 09:18:39","Severity":"INFO","EventID":8002,"collector_node_id":"DEMODC01"}
{"gl2_source_collector":"cb52b304-ef1b-4e79-9504-a33807a75612","AccountType":"User","@timestamp":"2023-05-04T09:18:37.000Z","source_host":"172.16.145.101","message":"%PROGRAMFILES%\\MICROSOFT\\EDGE\\APPLICATION\\MSEDGE.EXE was allowed to run.","AccountName":"daulwu","Keywords":-9223372036854775808,"Channel":"Microsoft-Windows-AppLocker/EXE and DLL","Version":0,"RecordNumber":3765,"SourceModuleName":"eventlog","OpcodeValue":0,"Task":0,"host":"DEMODC01.demo.io","Domain":"DEMO","ThreadID":5468,"version":"1.1","@version":"1","SeverityValue":2,"Opcode":"Info","level":6,"ProcessID":6048,"UserID":"S-1-5-21-1800276383-1142253265-156682520-1574","EventType":"INFO","SourceName":"Microsoft-Windows-AppLocker","ProviderGuid":"{CBDA4DBF-8D5D-4F69-9578-BE14AA540D22}","SourceModuleType":"im_msvistalog","EventReceivedTime":"2023-05-04 09:18:39","Severity":"INFO","EventID":8002,"collector_node_id":"DEMODC01"}
{"gl2_source_collector":"cb52b304-ef1b-4e79-9504-a33807a75612","AccountType":"User","@timestamp":"2023-05-04T09:18:38.000Z","source_host":"172.16.145.101","message":"%PROGRAMFILES%\\MICROSOFT\\EDGE\\APPLICATION\\MSEDGE.EXE was allowed to run.","AccountName":"daulwu","Keywords":-9223372036854775808,"Channel":"Microsoft-Windows-AppLocker/EXE and DLL","Version":0,"RecordNumber":3766,"SourceModuleName":"eventlog","OpcodeValue":0,"Task":0,"host":"DEMODC01.demo.io","Domain":"DEMO","ThreadID":5468,"version":"1.1","@version":"1","SeverityValue":2,"Opcode":"Info","level":6,"ProcessID":6048,"UserID":"S-1-5-21-1800276383-1142253265-156682520-1574","EventType":"INFO","SourceName":"Microsoft-Windows-AppLocker","ProviderGuid":"{CBDA4DBF-8D5D-4F69-9578-BE14AA540D22}","SourceModuleType":"im_msvistalog","EventReceivedTime":"2023-05-04 09:18:40","Severity":"INFO","EventID":8002,"collector_node_id":"DEMODC01"}
{"gl2_source_collector":"cb52b304-ef1b-4e79-9504-a33807a75612","AccountType":"User","@timestamp":"2023-05-04T09:18:38.000Z","source_host":"172.16.145.101","message":"%PROGRAMFILES%\\MICROSOFT\\EDGE\\APPLICATION\\MSEDGE.EXE was allowed to run.","AccountName":"daulwu","Keywords":-9223372036854775808,"Channel":"Microsoft-Windows-AppLocker/EXE and DLL","Version":0,"RecordNumber":3767,"SourceModuleName":"eventlog","OpcodeValue":0,"Task":0,"host":"DEMODC01.demo.io","Domain":"DEMO","ThreadID":5468,"version":"1.1","@version":"1","SeverityValue":2,"Opcode":"Info","level":6,"ProcessID":6048,"UserID":"S-1-5-21-1800276383-1142253265-156682520-1574","EventType":"INFO","SourceName":"Microsoft-Windows-AppLocker","ProviderGuid":"{CBDA4DBF-8D5D-4F69-9578-BE14AA540D22}","SourceModuleType":"im_msvistalog","EventReceivedTime":"2023-05-04 09:18:40","Severity":"INFO","EventID":8002,"collector_node_id":"DEMODC01"}
{"gl2_source_collector":"cb52b304-ef1b-4e79-9504-a33807a75612","AccountType":"User","@timestamp":"2023-05-04T09:18:39.000Z","source_host":"172.16.145.101","message":"%SYSTEM32%\\TASKHOSTW.EXE was allowed to run.","AccountName":"daulwu","Keywords":-9223372036854775808,"Channel":"Microsoft-Windows-AppLocker/EXE and DLL","Version":0,"RecordNumber":3768,"SourceModuleName":"eventlog","OpcodeValue":0,"Task":0,"host":"DEMODC01.demo.io","Domain":"DEMO","ThreadID":5668,"version":"1.1","@version":"1","SeverityValue":2,"Opcode":"Info","level":6,"ProcessID":1392,"UserID":"S-1-5-21-1800276383-1142253265-156682520-1574","EventType":"INFO","SourceName":"Microsoft-Windows-AppLocker","ProviderGuid":"{CBDA4DBF-8D5D-4F69-9578-BE14AA540D22}","SourceModuleType":"im_msvistalog","EventReceivedTime":"2023-05-04 09:18:41","Severity":"INFO","EventID":8002,"collector_node_id":"DEMODC01"}
{"gl2_source_collector":"cb52b304-ef1b-4e79-9504-a33807a75612","AccountType":"User","@timestamp":"2023-05-04T09:18:39.000Z","source_host":"172.16.145.101","message":"%SYSTEM32%\\TASKHOSTW.EXE was allowed to run.","AccountName":"Administrator","Keywords":-9223372036854775808,"Channel":"Microsoft-Windows-AppLocker/EXE and DLL","Version":0,"RecordNumber":3769,"SourceModuleName":"eventlog","OpcodeValue":0,"Task":0,"host":"DEMODC01.demo.io","Domain":"DEMO","ThreadID":2824,"version":"1.1","@version":"1","SeverityValue":2,"Opcode":"Info","level":6,"ProcessID":1392,"UserID":"S-1-5-21-1800276383-1142253265-156682520-500","EventType":"INFO","SourceName":"Microsoft-Windows-AppLocker","ProviderGuid":"{CBDA4DBF-8D5D-4F69-9578-BE14AA540D22}","SourceModuleType":"im_msvistalog","EventReceivedTime":"2023-05-04 09:18:41","Severity":"INFO","EventID":8002,"collector_node_id":"DEMODC01"}
{"gl2_source_collector":"ff6b1757-c7ff-43c3-beb5-82a3cb1baecf","AccountType":"User","@timestamp":"2023-05-04T09:18:40.000Z","source_host":"172.16.145.102","message":"%SYSTEM32%\\MUSNOTIFYICON.EXE was allowed to run.","AccountName":"SYSTEM","Keywords":-9223372036854775808,"Channel":"Microsoft-Windows-AppLocker/EXE and DLL","Version":0,"RecordNumber":2044,"SourceModuleName":"eventlog","OpcodeValue":0,"Task":0,"host":"DEMODC02.demo.io","Domain":"NT AUTHORITY","ThreadID":5044,"version":"1.1","@version":"1","SeverityValue":2,"Opcode":"Info","level":6,"ProcessID":5040,"UserID":"S-1-5-18","EventType":"INFO","SourceName":"Microsoft-Windows-AppLocker","ProviderGuid":"{CBDA4DBF-8D5D-4F69-9578-BE14AA540D22}","SourceModuleType":"im_msvistalog","EventReceivedTime":"2023-05-04 09:18:41","Severity":"INFO","EventID":8002,"collector_node_id":"DEMODC02"}
{"gl2_source_collector":"ff6b1757-c7ff-43c3-beb5-82a3cb1baecf","AccountType":"User","@timestamp":"2023-05-04T09:18:39.000Z","source_host":"172.16.145.102","message":"%SYSTEM32%\\MUSNOTIFICATIONUX.EXE was allowed to run.","AccountName":"SYSTEM","Keywords":-9223372036854775808,"Channel":"Microsoft-Windows-AppLocker/EXE and DLL","Version":0,"RecordNumber":2043,"SourceModuleName":"eventlog","OpcodeValue":0,"Task":0,"host":"DEMODC02.demo.io","Domain":"NT AUTHORITY","ThreadID":5044,"version":"1.1","@version":"1","SeverityValue":2,"Opcode":"Info","level":6,"ProcessID":5040,"UserID":"S-1-5-18","EventType":"INFO","SourceName":"Microsoft-Windows-AppLocker","ProviderGuid":"{CBDA4DBF-8D5D-4F69-9578-BE14AA540D22}","SourceModuleType":"im_msvistalog","EventReceivedTime":"2023-05-04 09:18:41","Severity":"INFO","EventID":8002,"collector_node_id":"DEMODC02"}
{"gl2_source_collector":"cb52b304-ef1b-4e79-9504-a33807a75612","AccountType":"User","@timestamp":"2023-05-04T09:18:42.000Z","source_host":"172.16.145.101","message":"%SYSTEM32%\\WINDOWSPOWERSHELL\\V1.0\\POWERSHELL_ISE.EXE was allowed to run.","AccountName":"daulwu","Keywords":-9223372036854775808,"Channel":"Microsoft-Windows-AppLocker/EXE and DLL","Version":0,"RecordNumber":3770,"SourceModuleName":"eventlog","OpcodeValue":0,"Task":0,"host":"DEMODC01.demo.io","Domain":"DEMO","ThreadID":4940,"version":"1.1","@version":"1","SeverityValue":2,"Opcode":"Info","level":6,"ProcessID":1156,"UserID":"S-1-5-21-1800276383-1142253265-156682520-1574","EventType":"INFO","SourceName":"Microsoft-Windows-AppLocker","ProviderGuid":"{CBDA4DBF-8D5D-4F69-9578-BE14AA540D22}","SourceModuleType":"im_msvistalog","EventReceivedTime":"2023-05-04 09:18:44","Severity":"INFO","EventID":8002,"collector_node_id":"DEMODC01"}
{"gl2_source_collector":"cb52b304-ef1b-4e79-9504-a33807a75612","AccountType":"User","@timestamp":"2023-05-04T09:18:43.000Z","source_host":"172.16.145.101","message":"%OSDRIVE%\\USERS\\DAULWU\\APPDATA\\LOCAL\\TEMP\\1\\__PSSCRIPTPOLICYTEST_CK3TUJHA.MU1.PS1 was allowed to run but would have been prevented from running if the AppLocker policy were enforced.","AccountName":"daulwu","Keywords":4611686018427387904,"Channel":"Microsoft-Windows-AppLocker/MSI and Script","Version":0,"RecordNumber":130,"SourceModuleName":"eventlog","OpcodeValue":0,"Task":0,"host":"DEMODC01.demo.io","Domain":"DEMO","ThreadID":5604,"version":"1.1","@version":"1","SeverityValue":3,"Opcode":"Info","level":4,"ProcessID":6784,"UserID":"S-1-5-21-1800276383-1142253265-156682520-1574","EventType":"WARNING","SourceName":"Microsoft-Windows-AppLocker","ProviderGuid":"{CBDA4DBF-8D5D-4F69-9578-BE14AA540D22}","SourceModuleType":"im_msvistalog","EventReceivedTime":"2023-05-04 09:18:45","Severity":"WARNING","EventID":8006,"collector_node_id":"DEMODC01"}
{"gl2_source_collector":"cb52b304-ef1b-4e79-9504-a33807a75612","AccountType":"User","@timestamp":"2023-05-04T09:18:44.000Z","source_host":"172.16.145.101","message":"%PROGRAMFILES%\\MICROSOFT\\EDGE\\APPLICATION\\MSEDGE.EXE was allowed to run.","AccountName":"daulwu","Keywords":-9223372036854775808,"Channel":"Microsoft-Windows-AppLocker/EXE and DLL","Version":0,"RecordNumber":3771,"SourceModuleName":"eventlog","OpcodeValue":0,"Task":0,"host":"DEMODC01.demo.io","Domain":"DEMO","ThreadID":5468,"version":"1.1","@version":"1","SeverityValue":2,"Opcode":"Info","level":6,"ProcessID":6048,"UserID":"S-1-5-21-1800276383-1142253265-156682520-1574","EventType":"INFO","SourceName":"Microsoft-Windows-AppLocker","ProviderGuid":"{CBDA4DBF-8D5D-4F69-9578-BE14AA540D22}","SourceModuleType":"im_msvistalog","EventReceivedTime":"2023-05-04 09:18:46","Severity":"INFO","EventID":8002,"collector_node_id":"DEMODC01"}
{"gl2_source_collector":"cb52b304-ef1b-4e79-9504-a33807a75612","AccountType":"User","@timestamp":"2023-05-04T09:18:44.000Z","source_host":"172.16.145.101","message":"%PROGRAMFILES%\\MICROSOFT\\EDGE\\APPLICATION\\MSEDGE.EXE was allowed to run.","AccountName":"daulwu","Keywords":-9223372036854775808,"Channel":"Microsoft-Windows-AppLocker/EXE and DLL","Version":0,"RecordNumber":3772,"SourceModuleName":"eventlog","OpcodeValue":0,"Task":0,"host":"DEMODC01.demo.io","Domain":"DEMO","ThreadID":5468,"version":"1.1","@version":"1","SeverityValue":2,"Opcode":"Info","level":6,"ProcessID":6048,"UserID":"S-1-5-21-1800276383-1142253265-156682520-1574","EventType":"INFO","SourceName":"Microsoft-Windows-AppLocker","ProviderGuid":"{CBDA4DBF-8D5D-4F69-9578-BE14AA540D22}","SourceModuleType":"im_msvistalog","EventReceivedTime":"2023-05-04 09:18:46","Severity":"INFO","EventID":8002,"collector_node_id":"DEMODC01"}
{"gl2_source_collector":"cb52b304-ef1b-4e79-9504-a33807a75612","AccountType":"User","@timestamp":"2023-05-04T09:18:44.000Z","source_host":"172.16.145.101","message":"%PROGRAMFILES%\\MICROSOFT\\EDGE\\APPLICATION\\MSEDGE.EXE was allowed to run.","AccountName":"daulwu","Keywords":-9223372036854775808,"Channel":"Microsoft-Windows-AppLocker/EXE and DLL","Version":0,"RecordNumber":3773,"SourceModuleName":"eventlog","OpcodeValue":0,"Task":0,"host":"DEMODC01.demo.io","Domain":"DEMO","ThreadID":5468,"version":"1.1","@version":"1","SeverityValue":2,"Opcode":"Info","level":6,"ProcessID":6048,"UserID":"S-1-5-21-1800276383-1142253265-156682520-1574","EventType":"INFO","SourceName":"Microsoft-Windows-AppLocker","ProviderGuid":"{CBDA4DBF-8D5D-4F69-9578-BE14AA540D22}","SourceModuleType":"im_msvistalog","EventReceivedTime":"2023-05-04 09:18:46","Severity":"INFO","EventID":8002,"collector_node_id":"DEMODC01"}
{"gl2_source_collector":"cb52b304-ef1b-4e79-9504-a33807a75612","AccountType":"User","@timestamp":"2023-05-04T09:18:45.000Z","source_host":"172.16.145.101","message":"%OSDRIVE%\\USERS\\DAULWU\\APPDATA\\LOCAL\\TEMP\\1\\__PSSCRIPTPOLICYTEST_MXBSRR0Q.YVV.PS1 was allowed to run but would have been prevented from running if the AppLocker policy were enforced.","AccountName":"daulwu","Keywords":4611686018427387904,"Channel":"Microsoft-Windows-AppLocker/MSI and Script","Version":0,"RecordNumber":131,"SourceModuleName":"eventlog","OpcodeValue":0,"Task":0,"host":"DEMODC01.demo.io","Domain":"DEMO","ThreadID":3808,"version":"1.1","@version":"1","SeverityValue":3,"Opcode":"Info","level":4,"ProcessID":6784,"UserID":"S-1-5-21-1800276383-1142253265-156682520-1574","EventType":"WARNING","SourceName":"Microsoft-Windows-AppLocker","ActivityID":"{D5E0A964-7E12-0001-4A81-E1D5127ED901}","ProviderGuid":"{CBDA4DBF-8D5D-4F69-9578-BE14AA540D22}","SourceModuleType":"im_msvistalog","EventReceivedTime":"2023-05-04 09:18:47","Severity":"WARNING","EventID":8006,"collector_node_id":"DEMODC01"}
{"gl2_source_collector":"cb52b304-ef1b-4e79-9504-a33807a75612","AccountType":"User","@timestamp":"2023-05-04T09:18:46.000Z","source_host":"172.16.145.101","message":"%OSDRIVE%\\USERS\\DAULWU\\APPDATA\\LOCAL\\TEMP\\1\\__PSSCRIPTPOLICYTEST_VK01JOXL.XJB.PS1 was allowed to run but would have been prevented from running if the AppLocker policy were enforced.","AccountName":"daulwu","Keywords":4611686018427387904,"Channel":"Microsoft-Windows-AppLocker/MSI and Script","Version":0,"RecordNumber":132,"SourceModuleName":"eventlog","OpcodeValue":0,"Task":0,"host":"DEMODC01.demo.io","Domain":"DEMO","ThreadID":3808,"version":"1.1","@version":"1","SeverityValue":3,"Opcode":"Info","level":4,"ProcessID":6784,"UserID":"S-1-5-21-1800276383-1142253265-156682520-1574","EventType":"WARNING","SourceName":"Microsoft-Windows-AppLocker","ActivityID":"{D5E0A964-7E12-0001-4F81-E1D5127ED901}","ProviderGuid":"{CBDA4DBF-8D5D-4F69-9578-BE14AA540D22}","SourceModuleType":"im_msvistalog","EventReceivedTime":"2023-05-04 09:18:47","Severity":"WARNING","EventID":8006,"collector_node_id":"DEMODC01"}
{"gl2_source_collector":"cb52b304-ef1b-4e79-9504-a33807a75612","AccountType":"User","@timestamp":"2023-05-04T09:18:46.000Z","source_host":"172.16.145.101","message":"%OSDRIVE%\\USERS\\DAULWU\\APPDATA\\LOCAL\\TEMP\\1\\__PSSCRIPTPOLICYTEST_FVR5S1MW.42C.PS1 was allowed to run but would have been prevented from running if the AppLocker policy were enforced.","AccountName":"daulwu","Keywords":4611686018427387904,"Channel":"Microsoft-Windows-AppLocker/MSI and Script","Version":0,"RecordNumber":133,"SourceModuleName":"eventlog","OpcodeValue":0,"Task":0,"host":"DEMODC01.demo.io","Domain":"DEMO","ThreadID":3808,"version":"1.1","@version":"1","SeverityValue":3,"Opcode":"Info","level":4,"ProcessID":6784,"UserID":"S-1-5-21-1800276383-1142253265-156682520-1574","EventType":"WARNING","SourceName":"Microsoft-Windows-AppLocker","ActivityID":"{D5E0A964-7E12-0001-5881-E1D5127ED901}","ProviderGuid":"{CBDA4DBF-8D5D-4F69-9578-BE14AA540D22}","SourceModuleType":"im_msvistalog","EventReceivedTime":"2023-05-04 09:18:47","Severity":"WARNING","EventID":8006,"collector_node_id":"DEMODC01"}
{"gl2_source_collector":"cb52b304-ef1b-4e79-9504-a33807a75612","AccountType":"User","@timestamp":"2023-05-04T09:18:46.000Z","source_host":"172.16.145.101","message":"%OSDRIVE%\\USERS\\DAULWU\\APPDATA\\LOCAL\\TEMP\\1\\__PSSCRIPTPOLICYTEST_YTMIFEYC.WZD.PS1 was allowed to run but would have been prevented from running if the AppLocker policy were enforced.","AccountName":"daulwu","Keywords":4611686018427387904,"Channel":"Microsoft-Windows-AppLocker/MSI and Script","Version":0,"RecordNumber":134,"SourceModuleName":"eventlog","OpcodeValue":0,"Task":0,"host":"DEMODC01.demo.io","Domain":"DEMO","ThreadID":3808,"version":"1.1","@version":"1","SeverityValue":3,"Opcode":"Info","level":4,"ProcessID":6784,"UserID":"S-1-5-21-1800276383-1142253265-156682520-1574","EventType":"WARNING","SourceName":"Microsoft-Windows-AppLocker","ActivityID":"{D5E0A964-7E12-0001-D781-E1D5127ED901}","ProviderGuid":"{CBDA4DBF-8D5D-4F69-9578-BE14AA540D22}","SourceModuleType":"im_msvistalog","EventReceivedTime":"2023-05-04 09:18:47","Severity":"WARNING","EventID":8006,"collector_node_id":"DEMODC01"}
{"gl2_source_collector":"cb52b304-ef1b-4e79-9504-a33807a75612","AccountType":"User","@timestamp":"2023-05-04T09:18:47.000Z","source_host":"172.16.145.101","message":"%SYSTEM32%\\DWM.EXE was allowed to run.","AccountName":"SYSTEM","Keywords":-9223372036854775808,"Channel":"Microsoft-Windows-AppLocker/EXE and DLL","Version":0,"RecordNumber":3774,"SourceModuleName":"eventlog","OpcodeValue":0,"Task":0,"host":"DEMODC01.demo.io","Domain":"NT AUTHORITY","ThreadID":6452,"version":"1.1","@version":"1","SeverityValue":2,"Opcode":"Info","level":6,"ProcessID":7096,"UserID":"S-1-5-18","EventType":"INFO","SourceName":"Microsoft-Windows-AppLocker","ProviderGuid":"{CBDA4DBF-8D5D-4F69-9578-BE14AA540D22}","SourceModuleType":"im_msvistalog","EventReceivedTime":"2023-05-04 09:18:49","Severity":"INFO","EventID":8002,"collector_node_id":"DEMODC01"}
{"gl2_source_collector":"cb52b304-ef1b-4e79-9504-a33807a75612","AccountType":"User","@timestamp":"2023-05-04T09:18:47.000Z","source_host":"172.16.145.101","message":"%SYSTEM32%\\FONTDRVHOST.EXE was allowed to run.","AccountName":"SYSTEM","Keywords":-9223372036854775808,"Channel":"Microsoft-Windows-AppLocker/EXE and DLL","Version":0,"RecordNumber":3775,"SourceModuleName":"eventlog","OpcodeValue":0,"Task":0,"host":"DEMODC01.demo.io","Domain":"NT AUTHORITY","ThreadID":1988,"version":"1.1","@version":"1","SeverityValue":2,"Opcode":"Info","level":6,"ProcessID":7096,"UserID":"S-1-5-18","EventType":"INFO","SourceName":"Microsoft-Windows-AppLocker","ProviderGuid":"{CBDA4DBF-8D5D-4F69-9578-BE14AA540D22}","SourceModuleType":"im_msvistalog","EventReceivedTime":"2023-05-04 09:18:49","Severity":"INFO","EventID":8002,"collector_node_id":"DEMODC01"}
{"gl2_source_collector":"ff6b1757-c7ff-43c3-beb5-82a3cb1baecf","AccountType":"User","@timestamp":"2023-05-04T09:18:50.000Z","source_host":"172.16.145.102","message":"%PROGRAMFILES%\\MICROSOFT\\EDGE\\APPLICATION\\MSEDGE.EXE was allowed to run.","AccountName":"granat","Keywords":-9223372036854775808,"Channel":"Microsoft-Windows-AppLocker/EXE and DLL","Version":0,"RecordNumber":2046,"SourceModuleName":"eventlog","OpcodeValue":0,"Task":0,"host":"DEMODC02.demo.io","Domain":"DEMO","ThreadID":4872,"version":"1.1","@version":"1","SeverityValue":2,"Opcode":"Info","level":6,"ProcessID":5064,"UserID":"S-1-5-21-1800276383-1142253265-156682520-1334","EventType":"INFO","SourceName":"Microsoft-Windows-AppLocker","ProviderGuid":"{CBDA4DBF-8D5D-4F69-9578-BE14AA540D22}","SourceModuleType":"im_msvistalog","EventReceivedTime":"2023-05-04 09:18:51","Severity":"INFO","EventID":8002,"collector_node_id":"DEMODC02"}
{"gl2_source_collector":"ff6b1757-c7ff-43c3-beb5-82a3cb1baecf","AccountType":"User","@timestamp":"2023-05-04T09:18:50.000Z","source_host":"172.16.145.102","message":"%PROGRAMFILES%\\MICROSOFT\\EDGE\\APPLICATION\\MSEDGE.EXE was allowed to run.","AccountName":"granat","Keywords":-9223372036854775808,"Channel":"Microsoft-Windows-AppLocker/EXE and DLL","Version":0,"RecordNumber":2047,"SourceModuleName":"eventlog","OpcodeValue":0,"Task":0,"host":"DEMODC02.demo.io","Domain":"DEMO","ThreadID":1736,"version":"1.1","@version":"1","SeverityValue":2,"Opcode":"Info","level":6,"ProcessID":5064,"UserID":"S-1-5-21-1800276383-1142253265-156682520-1334","EventType":"INFO","SourceName":"Microsoft-Windows-AppLocker","ProviderGuid":"{CBDA4DBF-8D5D-4F69-9578-BE14AA540D22}","SourceModuleType":"im_msvistalog","EventReceivedTime":"2023-05-04 09:18:51","Severity":"INFO","EventID":8002,"collector_node_id":"DEMODC02"}
{"gl2_source_collector":"ff6b1757-c7ff-43c3-beb5-82a3cb1baecf","AccountType":"User","@timestamp":"2023-05-04T09:18:50.000Z","source_host":"172.16.145.102","message":"%PROGRAMFILES%\\MICROSOFT\\EDGE\\APPLICATION\\MSEDGE.EXE was allowed to run.","AccountName":"granat","Keywords":-9223372036854775808,"Channel":"Microsoft-Windows-AppLocker/EXE and DLL","Version":0,"RecordNumber":2048,"SourceModuleName":"eventlog","OpcodeValue":0,"Task":0,"host":"DEMODC02.demo.io","Domain":"DEMO","ThreadID":1736,"version":"1.1","@version":"1","SeverityValue":2,"Opcode":"Info","level":6,"ProcessID":5064,"UserID":"S-1-5-21-1800276383-1142253265-156682520-1334","EventType":"INFO","SourceName":"Microsoft-Windows-AppLocker","ProviderGuid":"{CBDA4DBF-8D5D-4F69-9578-BE14AA540D22}","SourceModuleType":"im_msvistalog","EventReceivedTime":"2023-05-04 09:18:51","Severity":"INFO","EventID":8002,"collector_node_id":"DEMODC02"}
{"gl2_source_collector":"ff6b1757-c7ff-43c3-beb5-82a3cb1baecf","AccountType":"User","@timestamp":"2023-05-04T09:18:50.000Z","source_host":"172.16.145.102","message":"%PROGRAMFILES%\\MICROSOFT\\EDGE\\APPLICATION\\MSEDGE.EXE was allowed to run.","AccountName":"granat","Keywords":-9223372036854775808,"Channel":"Microsoft-Windows-AppLocker/EXE and DLL","Version":0,"RecordNumber":2049,"SourceModuleName":"eventlog","OpcodeValue":0,"Task":0,"host":"DEMODC02.demo.io","Domain":"DEMO","ThreadID":1736,"version":"1.1","@version":"1","SeverityValue":2,"Opcode":"Info","level":6,"ProcessID":5064,"UserID":"S-1-5-21-1800276383-1142253265-156682520-1334","EventType":"INFO","SourceName":"Microsoft-Windows-AppLocker","ProviderGuid":"{CBDA4DBF-8D5D-4F69-9578-BE14AA540D22}","SourceModuleType":"im_msvistalog","EventReceivedTime":"2023-05-04 09:18:51","Severity":"INFO","EventID":8002,"collector_node_id":"DEMODC02"}
{"gl2_source_collector":"ff6b1757-c7ff-43c3-beb5-82a3cb1baecf","AccountType":"User","@timestamp":"2023-05-04T09:18:50.000Z","source_host":"172.16.145.102","message":"%PROGRAMFILES%\\MICROSOFT\\EDGE\\APPLICATION\\MSEDGE.EXE was allowed to run.","AccountName":"granat","Keywords":-9223372036854775808,"Channel":"Microsoft-Windows-AppLocker/EXE and DLL","Version":0,"RecordNumber":2045,"SourceModuleName":"eventlog","OpcodeValue":0,"Task":0,"host":"DEMODC02.demo.io","Domain":"DEMO","ThreadID":5052,"version":"1.1","@version":"1","SeverityValue":2,"Opcode":"Info","level":6,"ProcessID":2140,"UserID":"S-1-5-21-1800276383-1142253265-156682520-1334","EventType":"INFO","SourceName":"Microsoft-Windows-AppLocker","ProviderGuid":"{CBDA4DBF-8D5D-4F69-9578-BE14AA540D22}","SourceModuleType":"im_msvistalog","EventReceivedTime":"2023-05-04 09:18:51","Severity":"INFO","EventID":8002,"collector_node_id":"DEMODC02"}
{"gl2_source_collector":"ff6b1757-c7ff-43c3-beb5-82a3cb1baecf","AccountType":"User","@timestamp":"2023-05-04T09:18:50.000Z","source_host":"172.16.145.102","message":"%PROGRAMFILES%\\MICROSOFT\\EDGE\\APPLICATION\\MSEDGE.EXE was allowed to run.","AccountName":"granat","Keywords":-9223372036854775808,"Channel":"Microsoft-Windows-AppLocker/EXE and DLL","Version":0,"RecordNumber":2050,"SourceModuleName":"eventlog","OpcodeValue":0,"Task":0,"host":"DEMODC02.demo.io","Domain":"DEMO","ThreadID":1736,"version":"1.1","@version":"1","SeverityValue":2,"Opcode":"Info","level":6,"ProcessID":5064,"UserID":"S-1-5-21-1800276383-1142253265-156682520-1334","EventType":"INFO","SourceName":"Microsoft-Windows-AppLocker","ProviderGuid":"{CBDA4DBF-8D5D-4F69-9578-BE14AA540D22}","SourceModuleType":"im_msvistalog","EventReceivedTime":"2023-05-04 09:18:51","Severity":"INFO","EventID":8002,"collector_node_id":"DEMODC02"}
{"gl2_source_collector":"ff6b1757-c7ff-43c3-beb5-82a3cb1baecf","AccountType":"User","@timestamp":"2023-05-04T09:18:50.000Z","source_host":"172.16.145.102","message":"%PROGRAMFILES%\\MICROSOFT\\EDGE\\APPLICATION\\MSEDGE.EXE was allowed to run.","AccountName":"granat","Keywords":-9223372036854775808,"Channel":"Microsoft-Windows-AppLocker/EXE and DLL","Version":0,"RecordNumber":2051,"SourceModuleName":"eventlog","OpcodeValue":0,"Task":0,"host":"DEMODC02.demo.io","Domain":"DEMO","ThreadID":1736,"version":"1.1","@version":"1","SeverityValue":2,"Opcode":"Info","level":6,"ProcessID":5064,"UserID":"S-1-5-21-1800276383-1142253265-156682520-1334","EventType":"INFO","SourceName":"Microsoft-Windows-AppLocker","ProviderGuid":"{CBDA4DBF-8D5D-4F69-9578-BE14AA540D22}","SourceModuleType":"im_msvistalog","EventReceivedTime":"2023-05-04 09:18:51","Severity":"INFO","EventID":8002,"collector_node_id":"DEMODC02"}
{"gl2_source_collector":"ff6b1757-c7ff-43c3-beb5-82a3cb1baecf","AccountType":"User","@timestamp":"2023-05-04T09:18:51.000Z","source_host":"172.16.145.102","message":"MICROSOFT.AAD.BROKERPLUGIN was allowed to run.","AccountName":"granat","Keywords":2305843009213693952,"Channel":"Microsoft-Windows-AppLocker/Packaged app-Execution","Version":0,"RecordNumber":350,"SourceModuleName":"eventlog","OpcodeValue":0,"Task":0,"host":"DEMODC02.demo.io","Domain":"DEMO","ThreadID":1052,"version":"1.1","@version":"1","SeverityValue":2,"Opcode":"Info","level":6,"ProcessID":840,"UserID":"S-1-5-21-1800276383-1142253265-156682520-1334","EventType":"INFO","SourceName":"Microsoft-Windows-AppLocker","ProviderGuid":"{CBDA4DBF-8D5D-4F69-9578-BE14AA540D22}","SourceModuleType":"im_msvistalog","EventReceivedTime":"2023-05-04 09:18:53","Severity":"INFO","EventID":8020,"collector_node_id":"DEMODC02"}
{"gl2_source_collector":"ff6b1757-c7ff-43c3-beb5-82a3cb1baecf","AccountType":"User","@timestamp":"2023-05-04T09:18:51.000Z","source_host":"172.16.145.102","message":"%PROGRAMFILES%\\MICROSOFT\\EDGE\\APPLICATION\\MSEDGE.EXE was allowed to run.","AccountName":"granat","Keywords":-9223372036854775808,"Channel":"Microsoft-Windows-AppLocker/EXE and DLL","Version":0,"RecordNumber":2052,"SourceModuleName":"eventlog","OpcodeValue":0,"Task":0,"host":"DEMODC02.demo.io","Domain":"DEMO","ThreadID":1736,"version":"1.1","@version":"1","SeverityValue":2,"Opcode":"Info","level":6,"ProcessID":5064,"UserID":"S-1-5-21-1800276383-1142253265-156682520-1334","EventType":"INFO","SourceName":"Microsoft-Windows-AppLocker","ProviderGuid":"{CBDA4DBF-8D5D-4F69-9578-BE14AA540D22}","SourceModuleType":"im_msvistalog","EventReceivedTime":"2023-05-04 09:18:53","Severity":"INFO","EventID":8002,"collector_node_id":"DEMODC02"}
{"gl2_source_collector":"ff6b1757-c7ff-43c3-beb5-82a3cb1baecf","AccountType":"User","@timestamp":"2023-05-04T09:18:51.000Z","source_host":"172.16.145.102","message":"MICROSOFT.AAD.BROKERPLUGIN was allowed to run.","AccountName":"granat","Keywords":2305843009213693952,"Channel":"Microsoft-Windows-AppLocker/Packaged app-Execution","Version":0,"RecordNumber":351,"SourceModuleName":"eventlog","OpcodeValue":0,"Task":0,"host":"DEMODC02.demo.io","Domain":"DEMO","ThreadID":2436,"version":"1.1","@version":"1","SeverityValue":2,"Opcode":"Info","level":6,"ProcessID":840,"UserID":"S-1-5-21-1800276383-1142253265-156682520-1334","EventType":"INFO","SourceName":"Microsoft-Windows-AppLocker","ProviderGuid":"{CBDA4DBF-8D5D-4F69-9578-BE14AA540D22}","SourceModuleType":"im_msvistalog","EventReceivedTime":"2023-05-04 09:18:53","Severity":"INFO","EventID":8020,"collector_node_id":"DEMODC02"}
{"gl2_source_collector":"ff6b1757-c7ff-43c3-beb5-82a3cb1baecf","AccountType":"User","@timestamp":"2023-05-04T09:18:55.000Z","source_host":"172.16.145.102","message":"%OSDRIVE%\\USERS\\GRANAT\\APPDATA\\LOCAL\\TEMP\\1\\ADEXPLORER.EXE was allowed to run.","AccountName":"granat","Keywords":-9223372036854775808,"Channel":"Microsoft-Windows-AppLocker/EXE and DLL","Version":0,"RecordNumber":2054,"SourceModuleName":"eventlog","OpcodeValue":0,"Task":0,"host":"DEMODC02.demo.io","Domain":"DEMO","ThreadID":5736,"version":"1.1","@version":"1","SeverityValue":2,"Opcode":"Info","level":6,"ProcessID":5732,"UserID":"S-1-5-21-1800276383-1142253265-156682520-1334","EventType":"INFO","SourceName":"Microsoft-Windows-AppLocker","ProviderGuid":"{CBDA4DBF-8D5D-4F69-9578-BE14AA540D22}","SourceModuleType":"im_msvistalog","EventReceivedTime":"2023-05-04 09:18:56","Severity":"INFO","EventID":8002,"collector_node_id":"DEMODC02"}
{"gl2_source_collector":"ff6b1757-c7ff-43c3-beb5-82a3cb1baecf","AccountType":"User","@timestamp":"2023-05-04T09:18:55.000Z","source_host":"172.16.145.102","message":"%OSDRIVE%\\USERS\\PUBLIC\\DOCUMENTS\\HELPFUL PORTABLE APPS\\ADEXPLORER.EXE was allowed to run.","AccountName":"granat","Keywords":-9223372036854775808,"Channel":"Microsoft-Windows-AppLocker/EXE and DLL","Version":0,"RecordNumber":2053,"SourceModuleName":"eventlog","OpcodeValue":0,"Task":0,"host":"DEMODC02.demo.io","Domain":"DEMO","ThreadID":5728,"version":"1.1","@version":"1","SeverityValue":2,"Opcode":"Info","level":6,"ProcessID":2140,"UserID":"S-1-5-21-1800276383-1142253265-156682520-1334","EventType":"INFO","SourceName":"Microsoft-Windows-AppLocker","ProviderGuid":"{CBDA4DBF-8D5D-4F69-9578-BE14AA540D22}","SourceModuleType":"im_msvistalog","EventReceivedTime":"2023-05-04 09:18:56","Severity":"INFO","EventID":8002,"collector_node_id":"DEMODC02"}
{"gl2_source_collector":"ff6b1757-c7ff-43c3-beb5-82a3cb1baecf","AccountType":"User","@timestamp":"2023-05-04T09:18:56.000Z","source_host":"172.16.145.102","message":"%OSDRIVE%\\USERS\\PUBLIC\\DOCUMENTS\\HELPFUL PORTABLE APPS\\AUTORUNS64.EXE was prevented from running.","AccountName":"granat","Keywords":-9223372036854775808,"Channel":"Microsoft-Windows-AppLocker/EXE and DLL","Version":0,"RecordNumber":2055,"SourceModuleName":"eventlog","OpcodeValue":0,"Task":0,"host":"DEMODC02.demo.io","Domain":"DEMO","ThreadID":5808,"version":"1.1","@version":"1","SeverityValue":4,"Opcode":"Info","level":3,"ProcessID":2140,"UserID":"S-1-5-21-1800276383-1142253265-156682520-1334","EventType":"ERROR","SourceName":"Microsoft-Windows-AppLocker","ProviderGuid":"{CBDA4DBF-8D5D-4F69-9578-BE14AA540D22}","SourceModuleType":"im_msvistalog","EventReceivedTime":"2023-05-04 09:18:58","Severity":"ERROR","EventID":8004,"collector_node_id":"DEMODC02"}
{"gl2_source_collector":"ff6b1757-c7ff-43c3-beb5-82a3cb1baecf","AccountType":"User","@timestamp":"2023-05-04T09:18:56.000Z","source_host":"172.16.145.102","message":"%SYSTEM32%\\DLLHOST.EXE was allowed to run.","AccountName":"granat","Keywords":-9223372036854775808,"Channel":"Microsoft-Windows-AppLocker/EXE and DLL","Version":0,"RecordNumber":2056,"SourceModuleName":"eventlog","OpcodeValue":0,"Task":0,"host":"DEMODC02.demo.io","Domain":"DEMO","ThreadID":2436,"version":"1.1","@version":"1","SeverityValue":2,"Opcode":"Info","level":6,"ProcessID":840,"UserID":"S-1-5-21-1800276383-1142253265-156682520-1334","EventType":"INFO","SourceName":"Microsoft-Windows-AppLocker","ProviderGuid":"{CBDA4DBF-8D5D-4F69-9578-BE14AA540D22}","SourceModuleType":"im_msvistalog","EventReceivedTime":"2023-05-04 09:18:58","Severity":"INFO","EventID":8002,"collector_node_id":"DEMODC02"}
{"gl2_source_collector":"ff6b1757-c7ff-43c3-beb5-82a3cb1baecf","AccountType":"User","@timestamp":"2023-05-04T09:19:03.000Z","source_host":"172.16.145.102","message":"%OSDRIVE%\\USERS\\PUBLIC\\DOCUMENTS\\HELPFUL PORTABLE APPS\\KITTY_PORTABLE.EXE was allowed to run.","AccountName":"granat","Keywords":-9223372036854775808,"Channel":"Microsoft-Windows-AppLocker/EXE and DLL","Version":0,"RecordNumber":2057,"SourceModuleName":"eventlog","OpcodeValue":0,"Task":0,"host":"DEMODC02.demo.io","Domain":"DEMO","ThreadID":6124,"version":"1.1","@version":"1","SeverityValue":2,"Opcode":"Info","level":6,"ProcessID":2140,"UserID":"S-1-5-21-1800276383-1142253265-156682520-1334","EventType":"INFO","SourceName":"Microsoft-Windows-AppLocker","ProviderGuid":"{CBDA4DBF-8D5D-4F69-9578-BE14AA540D22}","SourceModuleType":"im_msvistalog","EventReceivedTime":"2023-05-04 09:19:05","Severity":"INFO","EventID":8002,"collector_node_id":"DEMODC02"}
{"gl2_source_collector":"ff6b1757-c7ff-43c3-beb5-82a3cb1baecf","AccountType":"User","@timestamp":"2023-05-04T09:19:05.000Z","source_host":"172.16.145.102","message":"%OSDRIVE%\\USERS\\PUBLIC\\DOCUMENTS\\MY PERSONAL SCRIPTS\\ORIENTATION-POWER1.CMD was prevented from running.","AccountName":"granat","Keywords":4611686018427387904,"Channel":"Microsoft-Windows-AppLocker/MSI and Script","Version":0,"RecordNumber":471,"SourceModuleName":"eventlog","OpcodeValue":0,"Task":0,"host":"DEMODC02.demo.io","Domain":"DEMO","ThreadID":5188,"version":"1.1","@version":"1","SeverityValue":4,"Opcode":"Info","level":3,"ProcessID":4916,"UserID":"S-1-5-21-1800276383-1142253265-156682520-1334","EventType":"ERROR","SourceName":"Microsoft-Windows-AppLocker","ProviderGuid":"{CBDA4DBF-8D5D-4F69-9578-BE14AA540D22}","SourceModuleType":"im_msvistalog","EventReceivedTime":"2023-05-04 09:19:07","Severity":"ERROR","EventID":8007,"collector_node_id":"DEMODC02"}
{"gl2_source_collector":"ff6b1757-c7ff-43c3-beb5-82a3cb1baecf","AccountType":"User","@timestamp":"2023-05-04T09:19:05.000Z","source_host":"172.16.145.102","message":"%SYSTEM32%\\CMD.EXE was allowed to run.","AccountName":"granat","Keywords":-9223372036854775808,"Channel":"Microsoft-Windows-AppLocker/EXE and DLL","Version":0,"RecordNumber":2058,"SourceModuleName":"eventlog","OpcodeValue":0,"Task":0,"host":"DEMODC02.demo.io","Domain":"DEMO","ThreadID":5344,"version":"1.1","@version":"1","SeverityValue":2,"Opcode":"Info","level":6,"ProcessID":2140,"UserID":"S-1-5-21-1800276383-1142253265-156682520-1334","EventType":"INFO","SourceName":"Microsoft-Windows-AppLocker","ProviderGuid":"{CBDA4DBF-8D5D-4F69-9578-BE14AA540D22}","SourceModuleType":"im_msvistalog","EventReceivedTime":"2023-05-04 09:19:07","Severity":"INFO","EventID":8002,"collector_node_id":"DEMODC02"}
{"gl2_source_collector":"ff6b1757-c7ff-43c3-beb5-82a3cb1baecf","AccountType":"User","@timestamp":"2023-05-04T09:19:05.000Z","source_host":"172.16.145.102","message":"%SYSTEM32%\\CONHOST.EXE was allowed to run.","AccountName":"granat","Keywords":-9223372036854775808,"Channel":"Microsoft-Windows-AppLocker/EXE and DLL","Version":0,"RecordNumber":2059,"SourceModuleName":"eventlog","OpcodeValue":0,"Task":0,"host":"DEMODC02.demo.io","Domain":"DEMO","ThreadID":5188,"version":"1.1","@version":"1","SeverityValue":2,"Opcode":"Info","level":6,"ProcessID":4916,"UserID":"S-1-5-21-1800276383-1142253265-156682520-1334","EventType":"INFO","SourceName":"Microsoft-Windows-AppLocker","ProviderGuid":"{CBDA4DBF-8D5D-4F69-9578-BE14AA540D22}","SourceModuleType":"im_msvistalog","EventReceivedTime":"2023-05-04 09:19:07","Severity":"INFO","EventID":8002,"collector_node_id":"DEMODC02"}
{"gl2_source_collector":"ff6b1757-c7ff-43c3-beb5-82a3cb1baecf","AccountType":"User","@timestamp":"2023-05-04T09:19:06.000Z","source_host":"172.16.145.102","message":"%SYSTEM32%\\CMD.EXE was allowed to run.","AccountName":"granat","Keywords":-9223372036854775808,"Channel":"Microsoft-Windows-AppLocker/EXE and DLL","Version":0,"RecordNumber":2060,"SourceModuleName":"eventlog","OpcodeValue":0,"Task":0,"host":"DEMODC02.demo.io","Domain":"DEMO","ThreadID":5128,"version":"1.1","@version":"1","SeverityValue":2,"Opcode":"Info","level":6,"ProcessID":2140,"UserID":"S-1-5-21-1800276383-1142253265-156682520-1334","EventType":"INFO","SourceName":"Microsoft-Windows-AppLocker","ProviderGuid":"{CBDA4DBF-8D5D-4F69-9578-BE14AA540D22}","SourceModuleType":"im_msvistalog","EventReceivedTime":"2023-05-04 09:19:07","Severity":"INFO","EventID":8002,"collector_node_id":"DEMODC02"}
{"gl2_source_collector":"ff6b1757-c7ff-43c3-beb5-82a3cb1baecf","AccountType":"User","@timestamp":"2023-05-04T09:19:06.000Z","source_host":"172.16.145.102","message":"%SYSTEM32%\\CONHOST.EXE was allowed to run.","AccountName":"granat","Keywords":-9223372036854775808,"Channel":"Microsoft-Windows-AppLocker/EXE and DLL","Version":0,"RecordNumber":2061,"SourceModuleName":"eventlog","OpcodeValue":0,"Task":0,"host":"DEMODC02.demo.io","Domain":"DEMO","ThreadID":5244,"version":"1.1","@version":"1","SeverityValue":2,"Opcode":"Info","level":6,"ProcessID":5248,"UserID":"S-1-5-21-1800276383-1142253265-156682520-1334","EventType":"INFO","SourceName":"Microsoft-Windows-AppLocker","ProviderGuid":"{CBDA4DBF-8D5D-4F69-9578-BE14AA540D22}","SourceModuleType":"im_msvistalog","EventReceivedTime":"2023-05-04 09:19:07","Severity":"INFO","EventID":8002,"collector_node_id":"DEMODC02"}
{"gl2_source_collector":"ff6b1757-c7ff-43c3-beb5-82a3cb1baecf","AccountType":"User","@timestamp":"2023-05-04T09:19:06.000Z","source_host":"172.16.145.102","message":"%OSDRIVE%\\USERS\\PUBLIC\\DOCUMENTS\\MY PERSONAL SCRIPTS\\ORIENTATION-POWER2.BAT was prevented from running.","AccountName":"granat","Keywords":4611686018427387904,"Channel":"Microsoft-Windows-AppLocker/MSI and Script","Version":0,"RecordNumber":472,"SourceModuleName":"eventlog","OpcodeValue":0,"Task":0,"host":"DEMODC02.demo.io","Domain":"DEMO","ThreadID":5244,"version":"1.1","@version":"1","SeverityValue":4,"Opcode":"Info","level":3,"ProcessID":5248,"UserID":"S-1-5-21-1800276383-1142253265-156682520-1334","EventType":"ERROR","SourceName":"Microsoft-Windows-AppLocker","ProviderGuid":"{CBDA4DBF-8D5D-4F69-9578-BE14AA540D22}","SourceModuleType":"im_msvistalog","EventReceivedTime":"2023-05-04 09:19:08","Severity":"ERROR","EventID":8007,"collector_node_id":"DEMODC02"}
{"gl2_source_collector":"ff6b1757-c7ff-43c3-beb5-82a3cb1baecf","AccountType":"User","@timestamp":"2023-05-04T09:19:09.000Z","source_host":"172.16.145.102","message":"%OSDRIVE%\\USERS\\GRANAT\\APPDATA\\LOCAL\\TEMP\\1\\__PSSCRIPTPOLICYTEST_TPCYHXLK.VI3.PS1 was prevented from running.","AccountName":"granat","Keywords":4611686018427387904,"Channel":"Microsoft-Windows-AppLocker/MSI and Script","Version":0,"RecordNumber":473,"SourceModuleName":"eventlog","OpcodeValue":0,"Task":0,"host":"DEMODC02.demo.io","Domain":"DEMO","ThreadID":4736,"version":"1.1","@version":"1","SeverityValue":4,"Opcode":"Info","level":3,"ProcessID":2688,"UserID":"S-1-5-21-1800276383-1142253265-156682520-1334","EventType":"ERROR","SourceName":"Microsoft-Windows-AppLocker","ActivityID":"{1C33A225-7E13-0000-1539-341C137ED901}","ProviderGuid":"{CBDA4DBF-8D5D-4F69-9578-BE14AA540D22}","SourceModuleType":"im_msvistalog","EventReceivedTime":"2023-05-04 09:19:10","Severity":"ERROR","EventID":8007,"collector_node_id":"DEMODC02"}
{"gl2_source_collector":"ff6b1757-c7ff-43c3-beb5-82a3cb1baecf","AccountType":"User","@timestamp":"2023-05-04T09:19:09.000Z","source_host":"172.16.145.102","message":"%SYSTEM32%\\WINDOWSPOWERSHELL\\V1.0\\POWERSHELL.EXE was allowed to run.","AccountName":"granat","Keywords":-9223372036854775808,"Channel":"Microsoft-Windows-AppLocker/EXE and DLL","Version":0,"RecordNumber":2062,"SourceModuleName":"eventlog","OpcodeValue":0,"Task":0,"host":"DEMODC02.demo.io","Domain":"DEMO","ThreadID":3604,"version":"1.1","@version":"1","SeverityValue":2,"Opcode":"Info","level":6,"ProcessID":2140,"UserID":"S-1-5-21-1800276383-1142253265-156682520-1334","EventType":"INFO","SourceName":"Microsoft-Windows-AppLocker","ProviderGuid":"{CBDA4DBF-8D5D-4F69-9578-BE14AA540D22}","SourceModuleType":"im_msvistalog","EventReceivedTime":"2023-05-04 09:19:10","Severity":"INFO","EventID":8002,"collector_node_id":"DEMODC02"}
{"gl2_source_collector":"ff6b1757-c7ff-43c3-beb5-82a3cb1baecf","AccountType":"User","@timestamp":"2023-05-04T09:19:09.000Z","source_host":"172.16.145.102","message":"%SYSTEM32%\\CONHOST.EXE was allowed to run.","AccountName":"granat","Keywords":-9223372036854775808,"Channel":"Microsoft-Windows-AppLocker/EXE and DLL","Version":0,"RecordNumber":2063,"SourceModuleName":"eventlog","OpcodeValue":0,"Task":0,"host":"DEMODC02.demo.io","Domain":"DEMO","ThreadID":4736,"version":"1.1","@version":"1","SeverityValue":2,"Opcode":"Info","level":6,"ProcessID":2688,"UserID":"S-1-5-21-1800276383-1142253265-156682520-1334","EventType":"INFO","SourceName":"Microsoft-Windows-AppLocker","ProviderGuid":"{CBDA4DBF-8D5D-4F69-9578-BE14AA540D22}","SourceModuleType":"im_msvistalog","EventReceivedTime":"2023-05-04 09:19:10","Severity":"INFO","EventID":8002,"collector_node_id":"DEMODC02"}
{"gl2_source_collector":"ff6b1757-c7ff-43c3-beb5-82a3cb1baecf","AccountType":"User","@timestamp":"2023-05-04T09:19:09.000Z","source_host":"172.16.145.102","message":"%OSDRIVE%\\USERS\\GRANAT\\APPDATA\\LOCAL\\TEMP\\1\\__PSSCRIPTPOLICYTEST_GBFWTNEA.FOG.PSM1 was prevented from running.","AccountName":"granat","Keywords":4611686018427387904,"Channel":"Microsoft-Windows-AppLocker/MSI and Script","Version":0,"RecordNumber":474,"SourceModuleName":"eventlog","OpcodeValue":0,"Task":0,"host":"DEMODC02.demo.io","Domain":"DEMO","ThreadID":4736,"version":"1.1","@version":"1","SeverityValue":4,"Opcode":"Info","level":3,"ProcessID":2688,"UserID":"S-1-5-21-1800276383-1142253265-156682520-1334","EventType":"ERROR","SourceName":"Microsoft-Windows-AppLocker","ActivityID":"{1C33A225-7E13-0000-1539-341C137ED901}","ProviderGuid":"{CBDA4DBF-8D5D-4F69-9578-BE14AA540D22}","SourceModuleType":"im_msvistalog","EventReceivedTime":"2023-05-04 09:19:10","Severity":"ERROR","EventID":8007,"collector_node_id":"DEMODC02"}
{"gl2_source_collector":"ff6b1757-c7ff-43c3-beb5-82a3cb1baecf","AccountType":"User","@timestamp":"2023-05-04T09:19:09.000Z","source_host":"172.16.145.102","message":"%SYSTEM32%\\NLTEST.EXE was allowed to run.","AccountName":"granat","Keywords":-9223372036854775808,"Channel":"Microsoft-Windows-AppLocker/EXE and DLL","Version":0,"RecordNumber":2064,"SourceModuleName":"eventlog","OpcodeValue":0,"Task":0,"host":"DEMODC02.demo.io","Domain":"DEMO","ThreadID":4784,"version":"1.1","@version":"1","SeverityValue":2,"Opcode":"Info","level":6,"ProcessID":2688,"UserID":"S-1-5-21-1800276383-1142253265-156682520-1334","EventType":"INFO","SourceName":"Microsoft-Windows-AppLocker","ProviderGuid":"{CBDA4DBF-8D5D-4F69-9578-BE14AA540D22}","SourceModuleType":"im_msvistalog","EventReceivedTime":"2023-05-04 09:19:10","Severity":"INFO","EventID":8002,"collector_node_id":"DEMODC02"}
{"gl2_source_collector":"ff6b1757-c7ff-43c3-beb5-82a3cb1baecf","AccountType":"User","@timestamp":"2023-05-04T09:19:09.000Z","source_host":"172.16.145.102","message":"%SYSTEM32%\\WINDOWSPOWERSHELL\\V1.0\\MODULES\\MICROSOFT.POWERSHELL.SECURITY\\MICROSOFT.POWERSHELL.SECURITY.PSD1 was allowed to run.","AccountName":"granat","Keywords":4611686018427387904,"Channel":"Microsoft-Windows-AppLocker/MSI and Script","Version":0,"RecordNumber":475,"SourceModuleName":"eventlog","OpcodeValue":0,"Task":0,"host":"DEMODC02.demo.io","Domain":"DEMO","ThreadID":4784,"version":"1.1","@version":"1","SeverityValue":2,"Opcode":"Info","level":6,"ProcessID":2688,"UserID":"S-1-5-21-1800276383-1142253265-156682520-1334","EventType":"INFO","SourceName":"Microsoft-Windows-AppLocker","ActivityID":"{1C33A225-7E13-0001-A334-341C137ED901}","ProviderGuid":"{CBDA4DBF-8D5D-4F69-9578-BE14AA540D22}","SourceModuleType":"im_msvistalog","EventReceivedTime":"2023-05-04 09:19:11","Severity":"INFO","EventID":8005,"collector_node_id":"DEMODC02"}
{"gl2_source_collector":"ff6b1757-c7ff-43c3-beb5-82a3cb1baecf","AccountType":"User","@timestamp":"2023-05-04T09:19:09.000Z","source_host":"172.16.145.102","message":"%SYSTEM32%\\WINDOWSPOWERSHELL\\V1.0\\MODULES\\MICROSOFT.POWERSHELL.SECURITY\\MICROSOFT.POWERSHELL.SECURITY.PSD1 was allowed to run.","AccountName":"granat","Keywords":4611686018427387904,"Channel":"Microsoft-Windows-AppLocker/MSI and Script","Version":0,"RecordNumber":476,"SourceModuleName":"eventlog","OpcodeValue":0,"Task":0,"host":"DEMODC02.demo.io","Domain":"DEMO","ThreadID":4784,"version":"1.1","@version":"1","SeverityValue":2,"Opcode":"Info","level":6,"ProcessID":2688,"UserID":"S-1-5-21-1800276383-1142253265-156682520-1334","EventType":"INFO","SourceName":"Microsoft-Windows-AppLocker","ActivityID":"{1C33A225-7E13-0001-A334-341C137ED901}","ProviderGuid":"{CBDA4DBF-8D5D-4F69-9578-BE14AA540D22}","SourceModuleType":"im_msvistalog","EventReceivedTime":"2023-05-04 09:19:11","Severity":"INFO","EventID":8005,"collector_node_id":"DEMODC02"}
{"gl2_source_collector":"ff6b1757-c7ff-43c3-beb5-82a3cb1baecf","AccountType":"User","@timestamp":"2023-05-04T09:19:09.000Z","source_host":"172.16.145.102","message":"%OSDRIVE%\\USERS\\PUBLIC\\DOCUMENTS\\MY PERSONAL SCRIPTS\\ORIENTATION-POWER11.PS1 was prevented from running.","AccountName":"granat","Keywords":4611686018427387904,"Channel":"Microsoft-Windows-AppLocker/MSI and Script","Version":0,"RecordNumber":477,"SourceModuleName":"eventlog","OpcodeValue":0,"Task":0,"host":"DEMODC02.demo.io","Domain":"DEMO","ThreadID":4784,"version":"1.1","@version":"1","SeverityValue":4,"Opcode":"Info","level":3,"ProcessID":2688,"UserID":"S-1-5-21-1800276383-1142253265-156682520-1334","EventType":"ERROR","SourceName":"Microsoft-Windows-AppLocker","ActivityID":"{1C33A225-7E13-0001-A534-341C137ED901}","ProviderGuid":"{CBDA4DBF-8D5D-4F69-9578-BE14AA540D22}","SourceModuleType":"im_msvistalog","EventReceivedTime":"2023-05-04 09:19:11","Severity":"ERROR","EventID":8007,"collector_node_id":"DEMODC02"}
{"gl2_source_collector":"ff6b1757-c7ff-43c3-beb5-82a3cb1baecf","AccountType":"User","@timestamp":"2023-05-04T09:19:09.000Z","source_host":"172.16.145.102","message":"%OSDRIVE%\\USERS\\PUBLIC\\DOCUMENTS\\MY PERSONAL SCRIPTS\\ORIENTATION-POWER11.PS1 was prevented from running.","AccountName":"granat","Keywords":4611686018427387904,"Channel":"Microsoft-Windows-AppLocker/MSI and Script","Version":0,"RecordNumber":478,"SourceModuleName":"eventlog","OpcodeValue":0,"Task":0,"host":"DEMODC02.demo.io","Domain":"DEMO","ThreadID":4784,"version":"1.1","@version":"1","SeverityValue":4,"Opcode":"Info","level":3,"ProcessID":2688,"UserID":"S-1-5-21-1800276383-1142253265-156682520-1334","EventType":"ERROR","SourceName":"Microsoft-Windows-AppLocker","ActivityID":"{1C33A225-7E13-0001-A534-341C137ED901}","ProviderGuid":"{CBDA4DBF-8D5D-4F69-9578-BE14AA540D22}","SourceModuleType":"im_msvistalog","EventReceivedTime":"2023-05-04 09:19:11","Severity":"ERROR","EventID":8007,"collector_node_id":"DEMODC02"}
{"gl2_source_collector":"ff6b1757-c7ff-43c3-beb5-82a3cb1baecf","AccountType":"User","@timestamp":"2023-05-04T09:19:11.000Z","source_host":"172.16.145.102","message":"%SYSTEM32%\\WINDOWSPOWERSHELL\\V1.0\\POWERSHELL.EXE was allowed to run.","AccountName":"granat","Keywords":-9223372036854775808,"Channel":"Microsoft-Windows-AppLocker/EXE and DLL","Version":0,"RecordNumber":2065,"SourceModuleName":"eventlog","OpcodeValue":0,"Task":0,"host":"DEMODC02.demo.io","Domain":"DEMO","ThreadID":5356,"version":"1.1","@version":"1","SeverityValue":2,"Opcode":"Info","level":6,"ProcessID":2140,"UserID":"S-1-5-21-1800276383-1142253265-156682520-1334","EventType":"INFO","SourceName":"Microsoft-Windows-AppLocker","ProviderGuid":"{CBDA4DBF-8D5D-4F69-9578-BE14AA540D22}","SourceModuleType":"im_msvistalog","EventReceivedTime":"2023-05-04 09:19:12","Severity":"INFO","EventID":8002,"collector_node_id":"DEMODC02"}
{"gl2_source_collector":"ff6b1757-c7ff-43c3-beb5-82a3cb1baecf","AccountType":"User","@timestamp":"2023-05-04T09:19:11.000Z","source_host":"172.16.145.102","message":"%SYSTEM32%\\CONHOST.EXE was allowed to run.","AccountName":"granat","Keywords":-9223372036854775808,"Channel":"Microsoft-Windows-AppLocker/EXE and DLL","Version":0,"RecordNumber":2066,"SourceModuleName":"eventlog","OpcodeValue":0,"Task":0,"host":"DEMODC02.demo.io","Domain":"DEMO","ThreadID":5404,"version":"1.1","@version":"1","SeverityValue":2,"Opcode":"Info","level":6,"ProcessID":5368,"UserID":"S-1-5-21-1800276383-1142253265-156682520-1334","EventType":"INFO","SourceName":"Microsoft-Windows-AppLocker","ProviderGuid":"{CBDA4DBF-8D5D-4F69-9578-BE14AA540D22}","SourceModuleType":"im_msvistalog","EventReceivedTime":"2023-05-04 09:19:12","Severity":"INFO","EventID":8002,"collector_node_id":"DEMODC02"}
{"gl2_source_collector":"ff6b1757-c7ff-43c3-beb5-82a3cb1baecf","AccountType":"User","@timestamp":"2023-05-04T09:19:11.000Z","source_host":"172.16.145.102","message":"%OSDRIVE%\\USERS\\GRANAT\\APPDATA\\LOCAL\\TEMP\\1\\__PSSCRIPTPOLICYTEST_PA13M125.2OV.PSM1 was prevented from running.","AccountName":"granat","Keywords":4611686018427387904,"Channel":"Microsoft-Windows-AppLocker/MSI and Script","Version":0,"RecordNumber":480,"SourceModuleName":"eventlog","OpcodeValue":0,"Task":0,"host":"DEMODC02.demo.io","Domain":"DEMO","ThreadID":5404,"version":"1.1","@version":"1","SeverityValue":4,"Opcode":"Info","level":3,"ProcessID":5368,"UserID":"S-1-5-21-1800276383-1142253265-156682520-1334","EventType":"ERROR","SourceName":"Microsoft-Windows-AppLocker","ActivityID":"{1C33A225-7E13-0001-4336-341C137ED901}","ProviderGuid":"{CBDA4DBF-8D5D-4F69-9578-BE14AA540D22}","SourceModuleType":"im_msvistalog","EventReceivedTime":"2023-05-04 09:19:12","Severity":"ERROR","EventID":8007,"collector_node_id":"DEMODC02"}
