{"@version":"1","message":"%SYSTEM32%\\CMD.EXE was allowed to run.","event":{"created":"2023-09-08T13:15:25.129Z","code":8002,"provider":"Microsoft-Windows-AppLocker","kind":"event","original":"%SYSTEM32%\\CMD.EXE was allowed to run."},"collector_node_id":"WINF148103EN","@timestamp":"2023-09-08T13:15:22.421Z","agent":{"id":"8a461181-cb3e-4de6-b2da-019fe221fa3a","ephemeral_id":"343f4297-6201-4238-bffe-46f62781abd1","name":"WINF148103EN","hostname":"WINF148103EN","type":"winlogbeat","version":"7.11.1"},"gl2_source_collector":"1df5757b-0293-45c8-beef-9cb7782160ac","log":{"level":"information"},"tags":["applocker","beats_input_codec_plain_applied"],"ecs":{"version":"1.7.0"},"host":{"name":"WINF148103EN.demo.io"},"winlog":{"record_id":2386,"opcode":"Info","task":"","user":{"name":"discho","type":"User","identifier":"S-1-5-21-2376127652-1403096981-1664155051-1338","domain":"DEMO"},"computer_name":"WINF148103EN.demo.io","user_data":{"RuleSddlLength":"57","Fqbn":"O=MICROSOFT CORPORATION, L=REDMOND, S=WASHINGTON, C=US\\MICROSOFT® WINDOWS® OPERATING SYSTEM\\CMD.EXE\\10.0.20348.01","FilePathLength":"18","PolicyNameLength":"3","RuleSddl":"D:(XA;;FX;;;S-1-1-0;(APPID://PATH Contains \"%WINDIR%\\*\"))","FileHash":"DF448CC4BCF0E3213CF29D7ECC05FA78A6CF093B98357D04EA7AFB0800869EFE","FullFilePath":"C:\\WINDOWS\\system32\\cmd.exe","xml_name":"RuleAndFileData","FilePath":"%SYSTEM32%\\CMD.EXE","RuleNameLength":"54","TargetLogonId":"0x10dc6eb","TargetUser":"S-1-5-21-2376127652-1403096981-1664155051-1338","RuleId":"{a61c8b2c-a319-4cd0-9690-d2177cad7b51}","FileHashLength":"32","FqbnLength":"113","TargetProcessId":"8856","PolicyName":"EXE","FullFilePathLength":"27","RuleName":"(Default Rule) All files located in the Windows folder"},"process":{"pid":9584,"thread":{"id":8268}},"channel":"Microsoft-Windows-AppLocker/EXE and DLL","api":"wineventlog","event_id":8002,"provider_guid":"{cbda4dbf-8d5d-4f69-9578-be14aa540d22}","provider_name":"Microsoft-Windows-AppLocker"}}
{"@version":"1","message":"%SYSTEM32%\\WHOAMI.EXE was allowed to run.","event":{"created":"2023-09-08T13:15:24.968Z","code":8002,"provider":"Microsoft-Windows-AppLocker","kind":"event","original":"%SYSTEM32%\\WHOAMI.EXE was allowed to run."},"collector_node_id":"WINF148103EN","@timestamp":"2023-09-08T13:15:21.292Z","agent":{"name":"WINF148103EN","ephemeral_id":"343f4297-6201-4238-bffe-46f62781abd1","id":"8a461181-cb3e-4de6-b2da-019fe221fa3a","hostname":"WINF148103EN","type":"winlogbeat","version":"7.11.1"},"gl2_source_collector":"1df5757b-0293-45c8-beef-9cb7782160ac","log":{"level":"information"},"tags":["applocker","beats_input_codec_plain_applied"],"ecs":{"version":"1.7.0"},"host":{"name":"WINF148103EN.demo.io"},"winlog":{"record_id":2385,"opcode":"Info","task":"","user":{"name":"discho","type":"User","identifier":"S-1-5-21-2376127652-1403096981-1664155051-1338","domain":"DEMO"},"computer_name":"WINF148103EN.demo.io","user_data":{"RuleSddlLength":"57","Fqbn":"O=MICROSOFT CORPORATION, L=REDMOND, S=WASHINGTON, C=US\\MICROSOFT® WINDOWS® OPERATING SYSTEM\\WHOAMI.EXE\\10.0.20348.01","FilePathLength":"21","PolicyNameLength":"3","FilePath":"%SYSTEM32%\\WHOAMI.EXE","FileHash":"2AC159CE1CD9BBDCA12A5C89C3358222A2E53CE255F7481ED4D32048AEDD2440","xml_name":"RuleAndFileData","FullFilePath":"C:\\WINDOWS\\system32\\whoami.exe","RuleSddl":"D:(XA;;FX;;;S-1-1-0;(APPID://PATH Contains \"%WINDIR%\\*\"))","RuleNameLength":"54","FileHashLength":"32","TargetUser":"S-1-5-21-2376127652-1403096981-1664155051-1338","TargetLogonId":"0x10dc6eb","RuleId":"{a61c8b2c-a319-4cd0-9690-d2177cad7b51}","FqbnLength":"116","TargetProcessId":"1516","PolicyName":"EXE","FullFilePathLength":"30","RuleName":"(Default Rule) All files located in the Windows folder"},"process":{"pid":3692,"thread":{"id":6760}},"channel":"Microsoft-Windows-AppLocker/EXE and DLL","api":"wineventlog","event_id":8002,"provider_guid":"{cbda4dbf-8d5d-4f69-9578-be14aa540d22}","provider_name":"Microsoft-Windows-AppLocker"}}
{"@version":"1","message":"%SYSTEM32%\\NLTEST.EXE was allowed to run.","event":{"created":"2023-09-08T13:15:25.129Z","code":8002,"provider":"Microsoft-Windows-AppLocker","kind":"event","original":"%SYSTEM32%\\NLTEST.EXE was allowed to run."},"collector_node_id":"WINF148103EN","@timestamp":"2023-09-08T13:15:22.630Z","agent":{"id":"8a461181-cb3e-4de6-b2da-019fe221fa3a","name":"WINF148103EN","ephemeral_id":"343f4297-6201-4238-bffe-46f62781abd1","hostname":"WINF148103EN","type":"winlogbeat","version":"7.11.1"},"gl2_source_collector":"1df5757b-0293-45c8-beef-9cb7782160ac","log":{"level":"information"},"tags":["applocker","beats_input_codec_plain_applied"],"ecs":{"version":"1.7.0"},"host":{"name":"WINF148103EN.demo.io"},"winlog":{"opcode":"Info","record_id":2387,"task":"","user":{"name":"discho","type":"User","identifier":"S-1-5-21-2376127652-1403096981-1664155051-1338","domain":"DEMO"},"computer_name":"WINF148103EN.demo.io","user_data":{"RuleSddlLength":"57","Fqbn":"O=MICROSOFT CORPORATION, L=REDMOND, S=WASHINGTON, C=US\\MICROSOFT® WINDOWS® OPERATING SYSTEM\\NLTESTRK.EXE\\10.0.20348.587","FilePathLength":"21","PolicyNameLength":"3","FilePath":"%SYSTEM32%\\NLTEST.EXE","RuleSddl":"D:(XA;;FX;;;S-1-1-0;(APPID://PATH Contains \"%WINDIR%\\*\"))","xml_name":"RuleAndFileData","FileHash":"90A98D32DC91326C8AD51FF1AA885A889361625B094B43D56B2207297622D9C9","FullFilePath":"C:\\WINDOWS\\system32\\nltest.exe","RuleNameLength":"54","TargetUser":"S-1-5-21-2376127652-1403096981-1664155051-1338","FileHashLength":"32","RuleId":"{a61c8b2c-a319-4cd0-9690-d2177cad7b51}","TargetLogonId":"0x10dc6eb","FqbnLength":"119","TargetProcessId":"2540","PolicyName":"EXE","FullFilePathLength":"30","RuleName":"(Default Rule) All files located in the Windows folder"},"process":{"pid":8856,"thread":{"id":796}},"channel":"Microsoft-Windows-AppLocker/EXE and DLL","api":"wineventlog","event_id":8002,"provider_guid":"{cbda4dbf-8d5d-4f69-9578-be14aa540d22}","provider_name":"Microsoft-Windows-AppLocker"}}
{"@version":"1","message":"%SYSTEM32%\\RUNTIMEBROKER.EXE was allowed to run.","event":{"created":"2023-09-08T13:15:25.129Z","code":8002,"provider":"Microsoft-Windows-AppLocker","kind":"event","original":"%SYSTEM32%\\RUNTIMEBROKER.EXE was allowed to run."},"collector_node_id":"WINF148103EN","@timestamp":"2023-09-08T13:15:22.749Z","agent":{"id":"8a461181-cb3e-4de6-b2da-019fe221fa3a","name":"WINF148103EN","ephemeral_id":"343f4297-6201-4238-bffe-46f62781abd1","hostname":"WINF148103EN","type":"winlogbeat","version":"7.11.1"},"gl2_source_collector":"1df5757b-0293-45c8-beef-9cb7782160ac","log":{"level":"information"},"tags":["applocker","beats_input_codec_plain_applied"],"host":{"name":"WINF148103EN.demo.io"},"ecs":{"version":"1.7.0"},"winlog":{"opcode":"Info","record_id":2388,"task":"","user":{"name":"discho","type":"User","identifier":"S-1-5-21-2376127652-1403096981-1664155051-1338","domain":"DEMO"},"computer_name":"WINF148103EN.demo.io","user_data":{"RuleSddlLength":"57","PolicyNameLength":"3","FilePathLength":"28","Fqbn":"O=MICROSOFT CORPORATION, L=REDMOND, S=WASHINGTON, C=US\\MICROSOFT® WINDOWS® OPERATING SYSTEM\\RUNTIMEBROKER.EXE\\10.0.20348.01","RuleSddl":"D:(XA;;FX;;;S-1-1-0;(APPID://PATH Contains \"%WINDIR%\\*\"))","FileHash":"4BB70B09E5501F7850EC79C0071040A5EAC4D1973E2B162D1ADD30A066CA7437","xml_name":"RuleAndFileData","FilePath":"%SYSTEM32%\\RUNTIMEBROKER.EXE","FullFilePath":"C:\\Windows\\System32\\RuntimeBroker.exe","RuleNameLength":"54","FileHashLength":"32","TargetUser":"S-1-5-21-2376127652-1403096981-1664155051-1338","RuleId":"{a61c8b2c-a319-4cd0-9690-d2177cad7b51}","TargetLogonId":"0x10dc6eb","FqbnLength":"123","TargetProcessId":"9400","PolicyName":"EXE","FullFilePathLength":"37","RuleName":"(Default Rule) All files located in the Windows folder"},"process":{"pid":820,"thread":{"id":4160}},"channel":"Microsoft-Windows-AppLocker/EXE and DLL","api":"wineventlog","event_id":8002,"provider_guid":"{cbda4dbf-8d5d-4f69-9578-be14aa540d22}","provider_name":"Microsoft-Windows-AppLocker"}}
{"@version":"1","message":"%SYSTEM32%\\CTFMON.EXE was allowed to run.","event":{"created":"2023-09-08T13:15:25.129Z","code":8002,"provider":"Microsoft-Windows-AppLocker","kind":"event","original":"%SYSTEM32%\\CTFMON.EXE was allowed to run."},"collector_node_id":"WINF148103EN","@timestamp":"2023-09-08T13:15:23.531Z","agent":{"id":"8a461181-cb3e-4de6-b2da-019fe221fa3a","name":"WINF148103EN","ephemeral_id":"343f4297-6201-4238-bffe-46f62781abd1","hostname":"WINF148103EN","type":"winlogbeat","version":"7.11.1"},"gl2_source_collector":"1df5757b-0293-45c8-beef-9cb7782160ac","log":{"level":"information"},"tags":["applocker","beats_input_codec_plain_applied"],"ecs":{"version":"1.7.0"},"host":{"name":"WINF148103EN.demo.io"},"winlog":{"opcode":"Info","record_id":2389,"task":"","user":{"name":"SYSTEM","type":"User","identifier":"S-1-5-18","domain":"NT AUTHORITY"},"computer_name":"WINF148103EN.demo.io","user_data":{"RuleSddlLength":"57","PolicyNameLength":"3","Fqbn":"O=MICROSOFT CORPORATION, L=REDMOND, S=WASHINGTON, C=US\\MICROSOFT® WINDOWS® OPERATING SYSTEM\\CTFMON.EXE\\10.0.20348.01","FilePathLength":"21","FilePath":"%SYSTEM32%\\CTFMON.EXE","FileHash":"E54C1F65CF555A2F070D3BF60D3E6AC3BFC092721AA9B9942EA8AF0968FD632F","xml_name":"RuleAndFileData","FullFilePath":"C:\\WINDOWS\\system32\\ctfmon.exe","RuleSddl":"D:(XA;;FX;;;S-1-1-0;(APPID://PATH Contains \"%WINDIR%\\*\"))","RuleNameLength":"54","FileHashLength":"32","TargetLogonId":"0x10dc6eb","RuleId":"{a61c8b2c-a319-4cd0-9690-d2177cad7b51}","TargetUser":"S-1-5-21-2376127652-1403096981-1664155051-1338","FqbnLength":"116","TargetProcessId":"8760","PolicyName":"EXE","FullFilePathLength":"30","RuleName":"(Default Rule) All files located in the Windows folder"},"process":{"thread":{"id":4652},"pid":1204},"channel":"Microsoft-Windows-AppLocker/EXE and DLL","api":"wineventlog","event_id":8002,"provider_guid":"{cbda4dbf-8d5d-4f69-9578-be14aa540d22}","provider_name":"Microsoft-Windows-AppLocker"}}
{"@version":"1","message":"%OSDRIVE%\\USERS\\DISCHO\\APPS\\SCRIPTS\\ORIENTATION-POWER2.BAT was allowed to run but would have been prevented from running if the AppLocker policy were enforced.","event":{"created":"2023-09-08T13:15:25.313Z","provider":"Microsoft-Windows-AppLocker","code":8006,"kind":"event","original":"%OSDRIVE%\\USERS\\DISCHO\\APPS\\SCRIPTS\\ORIENTATION-POWER2.BAT was allowed to run but would have been prevented from running if the AppLocker policy were enforced."},"collector_node_id":"WINF148103EN","@timestamp":"2023-09-08T13:15:22.549Z","agent":{"id":"8a461181-cb3e-4de6-b2da-019fe221fa3a","ephemeral_id":"343f4297-6201-4238-bffe-46f62781abd1","name":"WINF148103EN","hostname":"WINF148103EN","type":"winlogbeat","version":"7.11.1"},"gl2_source_collector":"1df5757b-0293-45c8-beef-9cb7782160ac","log":{"level":"warning"},"tags":["applocker","beats_input_codec_plain_applied"],"host":{"name":"WINF148103EN.demo.io"},"ecs":{"version":"1.7.0"},"winlog":{"record_id":363,"opcode":"Info","task":"","user":{"name":"discho","type":"User","identifier":"S-1-5-21-2376127652-1403096981-1664155051-1338","domain":"DEMO"},"computer_name":"WINF148103EN.demo.io","user_data":{"RuleSddlLength":"1","Fqbn":"-","FilePathLength":"58","PolicyNameLength":"6","RuleSddl":"-","FilePath":"%OSDRIVE%\\USERS\\DISCHO\\APPS\\SCRIPTS\\ORIENTATION-POWER2.BAT","FileHash":"27B29A63C004E2A4114CF35B713803BFE284947A289F7DB73D59385454FB0B48","FullFilePath":"C:\\Users\\DISCHO\\Apps\\Scripts\\orientation-power2.bat","xml_name":"RuleAndFileData","RuleNameLength":"1","TargetUser":"S-1-5-21-2376127652-1403096981-1664155051-1338","FileHashLength":"32","TargetLogonId":"0x10dc6eb","RuleId":"{00000000-0000-0000-0000-000000000000}","FqbnLength":"1","TargetProcessId":"8856","PolicyName":"SCRIPT","FullFilePathLength":"51","RuleName":"-"},"process":{"pid":8856,"thread":{"id":796}},"channel":"Microsoft-Windows-AppLocker/MSI and Script","api":"wineventlog","event_id":8006,"provider_guid":"{cbda4dbf-8d5d-4f69-9578-be14aa540d22}","provider_name":"Microsoft-Windows-AppLocker"}}
{"@version":"1","message":"L’exécution de %PROGRAMFILES%\\GOOGLE\\CHROME\\APPLICATION\\CHROME.EXE a été autorisée.","event":{"created":"2023-09-08T13:15:25.024Z","code":8002,"provider":"Microsoft-Windows-AppLocker","kind":"event","original":"L’exécution de %PROGRAMFILES%\\GOOGLE\\CHROME\\APPLICATION\\CHROME.EXE a été autorisée."},"collector_node_id":"WINF148104FR","@timestamp":"2023-09-08T13:15:23.876Z","agent":{"id":"f087d310-4eed-48d8-ba60-041b027dd6fa","ephemeral_id":"af4af741-de30-4778-8118-3d804a8b90a3","name":"WINF148104FR","hostname":"WINF148104FR","type":"winlogbeat","version":"7.11.1"},"gl2_source_collector":"f2fdff80-b545-496c-a718-b68f491f256a","log":{"level":"information"},"tags":["applocker","beats_input_codec_plain_applied"],"host":{"name":"WINF148104FR.demo.io"},"ecs":{"version":"1.7.0"},"winlog":{"opcode":"Informations","record_id":1617,"task":"","user":{"name":"aausmu","type":"User","identifier":"S-1-5-21-2376127652-1403096981-1664155051-1382","domain":"DEMO"},"computer_name":"WINF148104FR.demo.io","user_data":{"RuleSddlLength":"63","PolicyNameLength":"3","Fqbn":"O=GOOGLE LLC, L=MOUNTAIN VIEW, S=CALIFORNIA, C=US\\GOOGLE CHROME\\CHROME.EXE\\114.0.5735.199","FilePathLength":"51","FilePath":"%PROGRAMFILES%\\GOOGLE\\CHROME\\APPLICATION\\CHROME.EXE","FileHash":"AEF638992D1D27745EBDF06B1D63328534673D81784E73AF54DAE669C07024B4","RuleSddl":"D:(XA;;FX;;;S-1-1-0;(APPID://PATH Contains \"%PROGRAMFILES%\\*\"))","FullFilePath":"C:\\Program Files\\GOOGLE\\CHROME\\APPLICATION\\chrome.exe","xml_name":"RuleAndFileData","RuleNameLength":"60","FileHashLength":"32","TargetLogonId":"0x1004204","RuleId":"{921cc481-6e17-4653-8f75-050b80acca20}","TargetUser":"S-1-5-21-2376127652-1403096981-1664155051-1382","FqbnLength":"89","TargetProcessId":"9632","PolicyName":"EXE","FullFilePathLength":"53","RuleName":"(Default Rule) All files located in the Program Files folder"},"process":{"thread":{"id":6976},"pid":4976},"channel":"Microsoft-Windows-AppLocker/EXE and DLL","api":"wineventlog","event_id":8002,"provider_guid":"{cbda4dbf-8d5d-4f69-9578-be14aa540d22}","provider_name":"Microsoft-Windows-AppLocker"}}
{"@version":"1","message":"L’exécution de %PROGRAMFILES%\\GOOGLE\\CHROME\\APPLICATION\\CHROME.EXE a été autorisée.","event":{"created":"2023-09-08T13:15:25.024Z","provider":"Microsoft-Windows-AppLocker","code":8002,"kind":"event","original":"L’exécution de %PROGRAMFILES%\\GOOGLE\\CHROME\\APPLICATION\\CHROME.EXE a été autorisée."},"collector_node_id":"WINF148104FR","@timestamp":"2023-09-08T13:15:24.176Z","agent":{"id":"f087d310-4eed-48d8-ba60-041b027dd6fa","ephemeral_id":"af4af741-de30-4778-8118-3d804a8b90a3","name":"WINF148104FR","hostname":"WINF148104FR","type":"winlogbeat","version":"7.11.1"},"gl2_source_collector":"f2fdff80-b545-496c-a718-b68f491f256a","log":{"level":"information"},"tags":["applocker","beats_input_codec_plain_applied"],"ecs":{"version":"1.7.0"},"host":{"name":"WINF148104FR.demo.io"},"winlog":{"record_id":1618,"opcode":"Informations","task":"","user":{"name":"aausmu","type":"User","identifier":"S-1-5-21-2376127652-1403096981-1664155051-1382","domain":"DEMO"},"computer_name":"WINF148104FR.demo.io","user_data":{"RuleSddlLength":"63","PolicyNameLength":"3","FilePathLength":"51","Fqbn":"O=GOOGLE LLC, L=MOUNTAIN VIEW, S=CALIFORNIA, C=US\\GOOGLE CHROME\\CHROME.EXE\\114.0.5735.199","FilePath":"%PROGRAMFILES%\\GOOGLE\\CHROME\\APPLICATION\\CHROME.EXE","FileHash":"AEF638992D1D27745EBDF06B1D63328534673D81784E73AF54DAE669C07024B4","xml_name":"RuleAndFileData","FullFilePath":"C:\\Program Files\\GOOGLE\\CHROME\\APPLICATION\\chrome.exe","RuleSddl":"D:(XA;;FX;;;S-1-1-0;(APPID://PATH Contains \"%PROGRAMFILES%\\*\"))","RuleNameLength":"60","TargetUser":"S-1-5-21-2376127652-1403096981-1664155051-1382","TargetLogonId":"0x1004204","RuleId":"{921cc481-6e17-4653-8f75-050b80acca20}","FileHashLength":"32","FqbnLength":"89","TargetProcessId":"3724","PolicyName":"EXE","FullFilePathLength":"53","RuleName":"(Default Rule) All files located in the Program Files folder"},"process":{"pid":4976,"thread":{"id":6976}},"channel":"Microsoft-Windows-AppLocker/EXE and DLL","api":"wineventlog","event_id":8002,"provider_guid":"{cbda4dbf-8d5d-4f69-9578-be14aa540d22}","provider_name":"Microsoft-Windows-AppLocker"}}
{"@version":"1","message":"L’exécution de %SYSTEM32%\\SVCHOST.EXE a été autorisée.","event":{"created":"2023-09-08T13:15:25.024Z","code":8002,"provider":"Microsoft-Windows-AppLocker","kind":"event","original":"L’exécution de %SYSTEM32%\\SVCHOST.EXE a été autorisée."},"collector_node_id":"WINF148104FR","@timestamp":"2023-09-08T13:15:24.617Z","agent":{"name":"WINF148104FR","ephemeral_id":"af4af741-de30-4778-8118-3d804a8b90a3","id":"f087d310-4eed-48d8-ba60-041b027dd6fa","hostname":"WINF148104FR","type":"winlogbeat","version":"7.11.1"},"gl2_source_collector":"f2fdff80-b545-496c-a718-b68f491f256a","log":{"level":"information"},"tags":["applocker","beats_input_codec_plain_applied"],"host":{"name":"WINF148104FR.demo.io"},"ecs":{"version":"1.7.0"},"winlog":{"record_id":1619,"opcode":"Informations","task":"","user":{"name":"aausmu","type":"User","identifier":"S-1-5-21-2376127652-1403096981-1664155051-1382","domain":"DEMO"},"computer_name":"WINF148104FR.demo.io","user_data":{"RuleSddlLength":"57","Fqbn":"O=MICROSOFT CORPORATION, L=REDMOND, S=WASHINGTON, C=US\\MICROSOFT® WINDOWS® OPERATING SYSTEM\\SVCHOST.EXE\\10.0.20348.558","PolicyNameLength":"3","FilePathLength":"22","RuleSddl":"D:(XA;;FX;;;S-1-1-0;(APPID://PATH Contains \"%WINDIR%\\*\"))","FileHash":"075F3FC7F0BD26D40524BDA48081FD4F1ECF81EC0307288A0D7F87797A42D09A","FullFilePath":"C:\\WINDOWS\\system32\\svchost.exe","xml_name":"RuleAndFileData","FilePath":"%SYSTEM32%\\SVCHOST.EXE","RuleNameLength":"54","FileHashLength":"32","TargetUser":"S-1-5-21-2376127652-1403096981-1664155051-1382","TargetLogonId":"0x1004204","RuleId":"{a61c8b2c-a319-4cd0-9690-d2177cad7b51}","FqbnLength":"118","TargetProcessId":"6352","PolicyName":"EXE","FullFilePathLength":"31","RuleName":"(Default Rule) All files located in the Windows folder"},"process":{"thread":{"id":1852},"pid":676},"channel":"Microsoft-Windows-AppLocker/EXE and DLL","api":"wineventlog","event_id":8002,"provider_guid":"{cbda4dbf-8d5d-4f69-9578-be14aa540d22}","provider_name":"Microsoft-Windows-AppLocker"}}
{"@version":"1","message":"%OSDRIVE%\\USERS\\DISCHO\\APPS\\SCRIPTS\\ORIENTATION-POWER3.CMD was allowed to run but would have been prevented from running if the AppLocker policy were enforced.","event":{"created":"2023-09-08T13:15:26.427Z","code":8006,"provider":"Microsoft-Windows-AppLocker","kind":"event","original":"%OSDRIVE%\\USERS\\DISCHO\\APPS\\SCRIPTS\\ORIENTATION-POWER3.CMD was allowed to run but would have been prevented from running if the AppLocker policy were enforced."},"collector_node_id":"WINF148103EN","@timestamp":"2023-09-08T13:15:25.189Z","agent":{"id":"8a461181-cb3e-4de6-b2da-019fe221fa3a","ephemeral_id":"343f4297-6201-4238-bffe-46f62781abd1","name":"WINF148103EN","hostname":"WINF148103EN","type":"winlogbeat","version":"7.11.1"},"gl2_source_collector":"1df5757b-0293-45c8-beef-9cb7782160ac","log":{"level":"warning"},"tags":["applocker","beats_input_codec_plain_applied"],"ecs":{"version":"1.7.0"},"host":{"name":"WINF148103EN.demo.io"},"winlog":{"opcode":"Info","record_id":364,"task":"","user":{"name":"discho","type":"User","identifier":"S-1-5-21-2376127652-1403096981-1664155051-1338","domain":"DEMO"},"computer_name":"WINF148103EN.demo.io","user_data":{"RuleSddlLength":"1","Fqbn":"-","PolicyNameLength":"6","FilePathLength":"58","RuleSddl":"-","FilePath":"%OSDRIVE%\\USERS\\DISCHO\\APPS\\SCRIPTS\\ORIENTATION-POWER3.CMD","FullFilePath":"C:\\Users\\DISCHO\\Apps\\Scripts\\orientation-power3.cmd","FileHash":"AB1F69807DCA83DFF35E9E47F74026DA71497FF291D64A6E5E4C427F51C7B08B","xml_name":"RuleAndFileData","RuleNameLength":"1","FileHashLength":"32","TargetUser":"S-1-5-21-2376127652-1403096981-1664155051-1338","TargetLogonId":"0x10dc6eb","RuleId":"{00000000-0000-0000-0000-000000000000}","FqbnLength":"1","TargetProcessId":"7968","PolicyName":"SCRIPT","FullFilePathLength":"51","RuleName":"-"},"process":{"pid":7968,"thread":{"id":8488}},"channel":"Microsoft-Windows-AppLocker/MSI and Script","api":"wineventlog","event_id":8006,"provider_guid":"{cbda4dbf-8d5d-4f69-9578-be14aa540d22}","provider_name":"Microsoft-Windows-AppLocker"}}
{"@version":"1","message":"%SYSTEM32%\\CMD.EXE was allowed to run.","event":{"created":"2023-09-08T13:15:26.868Z","code":8002,"provider":"Microsoft-Windows-AppLocker","kind":"event","original":"%SYSTEM32%\\CMD.EXE was allowed to run."},"collector_node_id":"WINF148103EN","@timestamp":"2023-09-08T13:15:25.136Z","agent":{"id":"8a461181-cb3e-4de6-b2da-019fe221fa3a","ephemeral_id":"343f4297-6201-4238-bffe-46f62781abd1","name":"WINF148103EN","hostname":"WINF148103EN","type":"winlogbeat","version":"7.11.1"},"gl2_source_collector":"1df5757b-0293-45c8-beef-9cb7782160ac","log":{"level":"information"},"tags":["applocker","beats_input_codec_plain_applied"],"ecs":{"version":"1.7.0"},"host":{"name":"WINF148103EN.demo.io"},"winlog":{"opcode":"Info","record_id":2390,"task":"","user":{"name":"discho","type":"User","identifier":"S-1-5-21-2376127652-1403096981-1664155051-1338","domain":"DEMO"},"computer_name":"WINF148103EN.demo.io","user_data":{"RuleSddlLength":"57","Fqbn":"O=MICROSOFT CORPORATION, L=REDMOND, S=WASHINGTON, C=US\\MICROSOFT® WINDOWS® OPERATING SYSTEM\\CMD.EXE\\10.0.20348.01","PolicyNameLength":"3","FilePathLength":"18","RuleSddl":"D:(XA;;FX;;;S-1-1-0;(APPID://PATH Contains \"%WINDIR%\\*\"))","FileHash":"DF448CC4BCF0E3213CF29D7ECC05FA78A6CF093B98357D04EA7AFB0800869EFE","xml_name":"RuleAndFileData","FullFilePath":"C:\\WINDOWS\\system32\\cmd.exe","FilePath":"%SYSTEM32%\\CMD.EXE","RuleNameLength":"54","TargetUser":"S-1-5-21-2376127652-1403096981-1664155051-1338","TargetLogonId":"0x10dc6eb","RuleId":"{a61c8b2c-a319-4cd0-9690-d2177cad7b51}","FileHashLength":"32","FqbnLength":"113","TargetProcessId":"7968","PolicyName":"EXE","FullFilePathLength":"27","RuleName":"(Default Rule) All files located in the Windows folder"},"process":{"pid":9584,"thread":{"id":8268}},"channel":"Microsoft-Windows-AppLocker/EXE and DLL","api":"wineventlog","event_id":8002,"provider_guid":"{cbda4dbf-8d5d-4f69-9578-be14aa540d22}","provider_name":"Microsoft-Windows-AppLocker"}}
{"@version":"1","message":"%SYSTEM32%\\NET.EXE was allowed to run.","event":{"created":"2023-09-08T13:15:26.868Z","code":8002,"provider":"Microsoft-Windows-AppLocker","kind":"event","original":"%SYSTEM32%\\NET.EXE was allowed to run."},"collector_node_id":"WINF148103EN","@timestamp":"2023-09-08T13:15:25.204Z","agent":{"id":"8a461181-cb3e-4de6-b2da-019fe221fa3a","ephemeral_id":"343f4297-6201-4238-bffe-46f62781abd1","name":"WINF148103EN","hostname":"WINF148103EN","type":"winlogbeat","version":"7.11.1"},"gl2_source_collector":"1df5757b-0293-45c8-beef-9cb7782160ac","log":{"level":"information"},"tags":["applocker","beats_input_codec_plain_applied"],"ecs":{"version":"1.7.0"},"host":{"name":"WINF148103EN.demo.io"},"winlog":{"opcode":"Info","record_id":2391,"task":"","user":{"name":"discho","type":"User","identifier":"S-1-5-21-2376127652-1403096981-1664155051-1338","domain":"DEMO"},"computer_name":"WINF148103EN.demo.io","user_data":{"RuleSddlLength":"57","Fqbn":"O=MICROSOFT CORPORATION, L=REDMOND, S=WASHINGTON, C=US\\MICROSOFT® WINDOWS® OPERATING SYSTEM\\NET.EXE\\10.0.20348.01","FilePathLength":"18","PolicyNameLength":"3","RuleSddl":"D:(XA;;FX;;;S-1-1-0;(APPID://PATH Contains \"%WINDIR%\\*\"))","FileHash":"1533AD8F92894D7A1316F83CE38D0FC7B5D55DC44A4F60C7C506144BC531823A","FullFilePath":"C:\\WINDOWS\\system32\\net.exe","xml_name":"RuleAndFileData","FilePath":"%SYSTEM32%\\NET.EXE","RuleNameLength":"54","TargetLogonId":"0x10dc6eb","FileHashLength":"32","RuleId":"{a61c8b2c-a319-4cd0-9690-d2177cad7b51}","TargetUser":"S-1-5-21-2376127652-1403096981-1664155051-1338","FqbnLength":"113","TargetProcessId":"9388","PolicyName":"EXE","FullFilePathLength":"27","RuleName":"(Default Rule) All files located in the Windows folder"},"process":{"pid":7968,"thread":{"id":8488}},"channel":"Microsoft-Windows-AppLocker/EXE and DLL","api":"wineventlog","event_id":8002,"provider_guid":"{cbda4dbf-8d5d-4f69-9578-be14aa540d22}","provider_name":"Microsoft-Windows-AppLocker"}}
{"@version":"1","message":"%SYSTEM32%\\NET1.EXE was allowed to run.","event":{"created":"2023-09-08T13:15:26.868Z","code":8002,"provider":"Microsoft-Windows-AppLocker","kind":"event","original":"%SYSTEM32%\\NET1.EXE was allowed to run."},"collector_node_id":"WINF148103EN","@timestamp":"2023-09-08T13:15:25.242Z","agent":{"id":"8a461181-cb3e-4de6-b2da-019fe221fa3a","ephemeral_id":"343f4297-6201-4238-bffe-46f62781abd1","name":"WINF148103EN","hostname":"WINF148103EN","type":"winlogbeat","version":"7.11.1"},"gl2_source_collector":"1df5757b-0293-45c8-beef-9cb7782160ac","log":{"level":"information"},"tags":["applocker","beats_input_codec_plain_applied"],"host":{"name":"WINF148103EN.demo.io"},"ecs":{"version":"1.7.0"},"winlog":{"record_id":2392,"opcode":"Info","task":"","user":{"name":"discho","type":"User","identifier":"S-1-5-21-2376127652-1403096981-1664155051-1338","domain":"DEMO"},"computer_name":"WINF148103EN.demo.io","user_data":{"RuleSddlLength":"57","Fqbn":"O=MICROSOFT CORPORATION, L=REDMOND, S=WASHINGTON, C=US\\MICROSOFT® WINDOWS® OPERATING SYSTEM\\NET1.EXE\\10.0.20348.469","PolicyNameLength":"3","FilePathLength":"19","FilePath":"%SYSTEM32%\\NET1.EXE","FileHash":"6F5C984C940275F00FC9134E69EA3CAD99AAEDC95E54D03FEDA8F39AD3563E4F","RuleSddl":"D:(XA;;FX;;;S-1-1-0;(APPID://PATH Contains \"%WINDIR%\\*\"))","xml_name":"RuleAndFileData","FullFilePath":"C:\\WINDOWS\\system32\\net1.exe","RuleNameLength":"54","FileHashLength":"32","TargetUser":"S-1-5-21-2376127652-1403096981-1664155051-1338","RuleId":"{a61c8b2c-a319-4cd0-9690-d2177cad7b51}","TargetLogonId":"0x10dc6eb","FqbnLength":"115","TargetProcessId":"5568","PolicyName":"EXE","FullFilePathLength":"28","RuleName":"(Default Rule) All files located in the Windows folder"},"process":{"pid":9388,"thread":{"id":2652}},"channel":"Microsoft-Windows-AppLocker/EXE and DLL","api":"wineventlog","event_id":8002,"provider_guid":"{cbda4dbf-8d5d-4f69-9578-be14aa540d22}","provider_name":"Microsoft-Windows-AppLocker"}}
{"@version":"1","message":"%SYSTEM32%\\CMD.EXE was allowed to run.","event":{"created":"2023-09-08T13:15:26.868Z","code":8002,"provider":"Microsoft-Windows-AppLocker","kind":"event","original":"%SYSTEM32%\\CMD.EXE was allowed to run."},"collector_node_id":"WINF148103EN","@timestamp":"2023-09-08T13:15:25.325Z","agent":{"id":"8a461181-cb3e-4de6-b2da-019fe221fa3a","ephemeral_id":"343f4297-6201-4238-bffe-46f62781abd1","name":"WINF148103EN","hostname":"WINF148103EN","type":"winlogbeat","version":"7.11.1"},"gl2_source_collector":"1df5757b-0293-45c8-beef-9cb7782160ac","log":{"level":"information"},"tags":["applocker","beats_input_codec_plain_applied"],"ecs":{"version":"1.7.0"},"host":{"name":"WINF148103EN.demo.io"},"winlog":{"record_id":2393,"opcode":"Info","task":"","user":{"name":"discho","type":"User","identifier":"S-1-5-21-2376127652-1403096981-1664155051-1338","domain":"DEMO"},"computer_name":"WINF148103EN.demo.io","user_data":{"RuleSddlLength":"57","Fqbn":"O=MICROSOFT CORPORATION, L=REDMOND, S=WASHINGTON, C=US\\MICROSOFT® WINDOWS® OPERATING SYSTEM\\CMD.EXE\\10.0.20348.01","FilePathLength":"18","PolicyNameLength":"3","RuleSddl":"D:(XA;;FX;;;S-1-1-0;(APPID://PATH Contains \"%WINDIR%\\*\"))","FileHash":"DF448CC4BCF0E3213CF29D7ECC05FA78A6CF093B98357D04EA7AFB0800869EFE","FullFilePath":"C:\\WINDOWS\\system32\\cmd.exe","FilePath":"%SYSTEM32%\\CMD.EXE","xml_name":"RuleAndFileData","RuleNameLength":"54","TargetLogonId":"0x10dc6eb","TargetUser":"S-1-5-21-2376127652-1403096981-1664155051-1338","RuleId":"{a61c8b2c-a319-4cd0-9690-d2177cad7b51}","FileHashLength":"32","FqbnLength":"113","TargetProcessId":"404","PolicyName":"EXE","FullFilePathLength":"27","RuleName":"(Default Rule) All files located in the Windows folder"},"process":{"pid":9584,"thread":{"id":8268}},"channel":"Microsoft-Windows-AppLocker/EXE and DLL","api":"wineventlog","event_id":8002,"provider_guid":"{cbda4dbf-8d5d-4f69-9578-be14aa540d22}","provider_name":"Microsoft-Windows-AppLocker"}}
{"@version":"1","message":"%SYSTEM32%\\CONHOST.EXE was allowed to run.","event":{"created":"2023-09-08T13:15:26.868Z","code":8002,"provider":"Microsoft-Windows-AppLocker","kind":"event","original":"%SYSTEM32%\\CONHOST.EXE was allowed to run."},"collector_node_id":"WINF148103EN","@timestamp":"2023-09-08T13:15:25.336Z","agent":{"id":"8a461181-cb3e-4de6-b2da-019fe221fa3a","name":"WINF148103EN","ephemeral_id":"343f4297-6201-4238-bffe-46f62781abd1","hostname":"WINF148103EN","type":"winlogbeat","version":"7.11.1"},"gl2_source_collector":"1df5757b-0293-45c8-beef-9cb7782160ac","log":{"level":"information"},"tags":["applocker","beats_input_codec_plain_applied"],"host":{"name":"WINF148103EN.demo.io"},"ecs":{"version":"1.7.0"},"winlog":{"record_id":2394,"opcode":"Info","task":"","user":{"name":"discho","type":"User","identifier":"S-1-5-21-2376127652-1403096981-1664155051-1338","domain":"DEMO"},"computer_name":"WINF148103EN.demo.io","user_data":{"RuleSddlLength":"57","Fqbn":"O=MICROSOFT CORPORATION, L=REDMOND, S=WASHINGTON, C=US\\MICROSOFT® WINDOWS® OPERATING SYSTEM\\CONHOST.EXE\\10.0.20348.558","PolicyNameLength":"3","FilePathLength":"22","RuleSddl":"D:(XA;;FX;;;S-1-1-0;(APPID://PATH Contains \"%WINDIR%\\*\"))","FilePath":"%SYSTEM32%\\CONHOST.EXE","xml_name":"RuleAndFileData","FullFilePath":"\\SystemRoot\\System32\\Conhost.exe","FileHash":"1193ED0D8668057F34AA2C805BA48AFC6B65025131C75D32A647F50EF774B83C","RuleNameLength":"54","TargetUser":"S-1-5-21-2376127652-1403096981-1664155051-1338","FileHashLength":"32","RuleId":"{a61c8b2c-a319-4cd0-9690-d2177cad7b51}","TargetLogonId":"0x10dc6eb","FqbnLength":"118","TargetProcessId":"7872","PolicyName":"EXE","FullFilePathLength":"32","RuleName":"(Default Rule) All files located in the Windows folder"},"process":{"pid":404,"thread":{"id":10200}},"channel":"Microsoft-Windows-AppLocker/EXE and DLL","api":"wineventlog","event_id":8002,"provider_guid":"{cbda4dbf-8d5d-4f69-9578-be14aa540d22}","provider_name":"Microsoft-Windows-AppLocker"}}
{"@version":"1","message":"%SYSTEM32%\\WINDOWSPOWERSHELL\\V1.0\\POWERSHELL.EXE was allowed to run.","event":{"created":"2023-09-08T13:15:26.868Z","code":8002,"provider":"Microsoft-Windows-AppLocker","kind":"event","original":"%SYSTEM32%\\WINDOWSPOWERSHELL\\V1.0\\POWERSHELL.EXE was allowed to run."},"collector_node_id":"WINF148103EN","@timestamp":"2023-09-08T13:15:25.340Z","agent":{"id":"8a461181-cb3e-4de6-b2da-019fe221fa3a","ephemeral_id":"343f4297-6201-4238-bffe-46f62781abd1","name":"WINF148103EN","hostname":"WINF148103EN","type":"winlogbeat","version":"7.11.1"},"gl2_source_collector":"1df5757b-0293-45c8-beef-9cb7782160ac","log":{"level":"information"},"tags":["applocker","beats_input_codec_plain_applied"],"host":{"name":"WINF148103EN.demo.io"},"ecs":{"version":"1.7.0"},"winlog":{"record_id":2395,"opcode":"Info","task":"","user":{"name":"discho","type":"User","identifier":"S-1-5-21-2376127652-1403096981-1664155051-1338","domain":"DEMO"},"computer_name":"WINF148103EN.demo.io","user_data":{"RuleSddlLength":"57","Fqbn":"O=MICROSOFT CORPORATION, L=REDMOND, S=WASHINGTON, C=US\\MICROSOFT® WINDOWS® OPERATING SYSTEM\\POWERSHELL.EXE\\10.0.20348.01","FilePathLength":"48","PolicyNameLength":"3","FilePath":"%SYSTEM32%\\WINDOWSPOWERSHELL\\V1.0\\POWERSHELL.EXE","FileHash":"5EB31885E83725A3C0DECD7384DE4C76E4CA186F317880C7F82EEE4D948DA9E1","xml_name":"RuleAndFileData","FullFilePath":"C:\\WINDOWS\\System32\\WINDOWSPOWERSHELL\\V1.0\\powershell.exe","RuleSddl":"D:(XA;;FX;;;S-1-1-0;(APPID://PATH Contains \"%WINDIR%\\*\"))","RuleNameLength":"54","TargetLogonId":"0x10dc6eb","TargetUser":"S-1-5-21-2376127652-1403096981-1664155051-1338","FileHashLength":"32","RuleId":"{a61c8b2c-a319-4cd0-9690-d2177cad7b51}","FqbnLength":"120","TargetProcessId":"7780","PolicyName":"EXE","FullFilePathLength":"57","RuleName":"(Default Rule) All files located in the Windows folder"},"process":{"thread":{"id":8268},"pid":9584},"channel":"Microsoft-Windows-AppLocker/EXE and DLL","api":"wineventlog","event_id":8002,"provider_guid":"{cbda4dbf-8d5d-4f69-9578-be14aa540d22}","provider_name":"Microsoft-Windows-AppLocker"}}
{"@version":"1","message":"%SYSTEM32%\\WINDOWSPOWERSHELL\\V1.0\\POWERSHELL.EXE was allowed to run.","event":{"created":"2023-09-08T13:15:26.868Z","code":8002,"provider":"Microsoft-Windows-AppLocker","kind":"event","original":"%SYSTEM32%\\WINDOWSPOWERSHELL\\V1.0\\POWERSHELL.EXE was allowed to run."},"collector_node_id":"WINF148103EN","@timestamp":"2023-09-08T13:15:25.352Z","agent":{"id":"8a461181-cb3e-4de6-b2da-019fe221fa3a","ephemeral_id":"343f4297-6201-4238-bffe-46f62781abd1","name":"WINF148103EN","hostname":"WINF148103EN","type":"winlogbeat","version":"7.11.1"},"gl2_source_collector":"1df5757b-0293-45c8-beef-9cb7782160ac","log":{"level":"information"},"tags":["applocker","beats_input_codec_plain_applied"],"ecs":{"version":"1.7.0"},"host":{"name":"WINF148103EN.demo.io"},"winlog":{"record_id":2396,"opcode":"Info","task":"","user":{"name":"discho","type":"User","identifier":"S-1-5-21-2376127652-1403096981-1664155051-1338","domain":"DEMO"},"computer_name":"WINF148103EN.demo.io","user_data":{"RuleSddlLength":"57","PolicyNameLength":"3","Fqbn":"O=MICROSOFT CORPORATION, L=REDMOND, S=WASHINGTON, C=US\\MICROSOFT® WINDOWS® OPERATING SYSTEM\\POWERSHELL.EXE\\10.0.20348.01","FilePathLength":"48","RuleSddl":"D:(XA;;FX;;;S-1-1-0;(APPID://PATH Contains \"%WINDIR%\\*\"))","FilePath":"%SYSTEM32%\\WINDOWSPOWERSHELL\\V1.0\\POWERSHELL.EXE","xml_name":"RuleAndFileData","FileHash":"5EB31885E83725A3C0DECD7384DE4C76E4CA186F317880C7F82EEE4D948DA9E1","FullFilePath":"C:\\WINDOWS\\System32\\WINDOWSPOWERSHELL\\V1.0\\powershell.exe","RuleNameLength":"54","TargetUser":"S-1-5-21-2376127652-1403096981-1664155051-1338","FileHashLength":"32","RuleId":"{a61c8b2c-a319-4cd0-9690-d2177cad7b51}","TargetLogonId":"0x10dc6eb","FqbnLength":"120","TargetProcessId":"7180","PolicyName":"EXE","FullFilePathLength":"57","RuleName":"(Default Rule) All files located in the Windows folder"},"process":{"pid":9584,"thread":{"id":8268}},"channel":"Microsoft-Windows-AppLocker/EXE and DLL","api":"wineventlog","event_id":8002,"provider_guid":"{cbda4dbf-8d5d-4f69-9578-be14aa540d22}","provider_name":"Microsoft-Windows-AppLocker"}}
{"@version":"1","message":"%SYSTEM32%\\CONHOST.EXE was allowed to run.","event":{"created":"2023-09-08T13:15:26.868Z","provider":"Microsoft-Windows-AppLocker","code":8002,"kind":"event","original":"%SYSTEM32%\\CONHOST.EXE was allowed to run."},"collector_node_id":"WINF148103EN","@timestamp":"2023-09-08T13:15:25.362Z","agent":{"id":"8a461181-cb3e-4de6-b2da-019fe221fa3a","ephemeral_id":"343f4297-6201-4238-bffe-46f62781abd1","name":"WINF148103EN","hostname":"WINF148103EN","type":"winlogbeat","version":"7.11.1"},"gl2_source_collector":"1df5757b-0293-45c8-beef-9cb7782160ac","log":{"level":"information"},"tags":["applocker","beats_input_codec_plain_applied"],"host":{"name":"WINF148103EN.demo.io"},"ecs":{"version":"1.7.0"},"winlog":{"opcode":"Info","record_id":2397,"task":"","user":{"name":"discho","type":"User","identifier":"S-1-5-21-2376127652-1403096981-1664155051-1338","domain":"DEMO"},"computer_name":"WINF148103EN.demo.io","user_data":{"RuleSddlLength":"57","PolicyNameLength":"3","Fqbn":"O=MICROSOFT CORPORATION, L=REDMOND, S=WASHINGTON, C=US\\MICROSOFT® WINDOWS® OPERATING SYSTEM\\CONHOST.EXE\\10.0.20348.558","FilePathLength":"22","RuleSddl":"D:(XA;;FX;;;S-1-1-0;(APPID://PATH Contains \"%WINDIR%\\*\"))","FileHash":"1193ED0D8668057F34AA2C805BA48AFC6B65025131C75D32A647F50EF774B83C","FullFilePath":"\\SystemRoot\\System32\\Conhost.exe","FilePath":"%SYSTEM32%\\CONHOST.EXE","xml_name":"RuleAndFileData","RuleNameLength":"54","TargetUser":"S-1-5-21-2376127652-1403096981-1664155051-1338","FileHashLength":"32","TargetLogonId":"0x10dc6eb","RuleId":"{a61c8b2c-a319-4cd0-9690-d2177cad7b51}","FqbnLength":"118","TargetProcessId":"5604","PolicyName":"EXE","FullFilePathLength":"32","RuleName":"(Default Rule) All files located in the Windows folder"},"process":{"pid":7780,"thread":{"id":4420}},"channel":"Microsoft-Windows-AppLocker/EXE and DLL","api":"wineventlog","event_id":8002,"provider_guid":"{cbda4dbf-8d5d-4f69-9578-be14aa540d22}","provider_name":"Microsoft-Windows-AppLocker"}}
{"@version":"1","message":"%SYSTEM32%\\WINDOWSPOWERSHELL\\V1.0\\POWERSHELL.EXE was allowed to run.","event":{"created":"2023-09-08T13:15:26.868Z","code":8002,"provider":"Microsoft-Windows-AppLocker","kind":"event","original":"%SYSTEM32%\\WINDOWSPOWERSHELL\\V1.0\\POWERSHELL.EXE was allowed to run."},"collector_node_id":"WINF148103EN","@timestamp":"2023-09-08T13:15:25.375Z","agent":{"id":"8a461181-cb3e-4de6-b2da-019fe221fa3a","ephemeral_id":"343f4297-6201-4238-bffe-46f62781abd1","name":"WINF148103EN","hostname":"WINF148103EN","type":"winlogbeat","version":"7.11.1"},"gl2_source_collector":"1df5757b-0293-45c8-beef-9cb7782160ac","log":{"level":"information"},"tags":["applocker","beats_input_codec_plain_applied"],"host":{"name":"WINF148103EN.demo.io"},"ecs":{"version":"1.7.0"},"winlog":{"record_id":2398,"opcode":"Info","task":"","user":{"name":"discho","type":"User","identifier":"S-1-5-21-2376127652-1403096981-1664155051-1338","domain":"DEMO"},"computer_name":"WINF148103EN.demo.io","user_data":{"RuleSddlLength":"57","Fqbn":"O=MICROSOFT CORPORATION, L=REDMOND, S=WASHINGTON, C=US\\MICROSOFT® WINDOWS® OPERATING SYSTEM\\POWERSHELL.EXE\\10.0.20348.01","PolicyNameLength":"3","FilePathLength":"48","RuleSddl":"D:(XA;;FX;;;S-1-1-0;(APPID://PATH Contains \"%WINDIR%\\*\"))","FilePath":"%SYSTEM32%\\WINDOWSPOWERSHELL\\V1.0\\POWERSHELL.EXE","FullFilePath":"C:\\WINDOWS\\System32\\WINDOWSPOWERSHELL\\V1.0\\powershell.exe","xml_name":"RuleAndFileData","FileHash":"5EB31885E83725A3C0DECD7384DE4C76E4CA186F317880C7F82EEE4D948DA9E1","RuleNameLength":"54","FileHashLength":"32","TargetLogonId":"0x10dc6eb","RuleId":"{a61c8b2c-a319-4cd0-9690-d2177cad7b51}","TargetUser":"S-1-5-21-2376127652-1403096981-1664155051-1338","FqbnLength":"120","TargetProcessId":"6188","PolicyName":"EXE","FullFilePathLength":"57","RuleName":"(Default Rule) All files located in the Windows folder"},"process":{"pid":9584,"thread":{"id":8268}},"channel":"Microsoft-Windows-AppLocker/EXE and DLL","api":"wineventlog","event_id":8002,"provider_guid":"{cbda4dbf-8d5d-4f69-9578-be14aa540d22}","provider_name":"Microsoft-Windows-AppLocker"}}
{"@version":"1","message":"%SYSTEM32%\\CONHOST.EXE was allowed to run.","event":{"created":"2023-09-08T13:15:26.868Z","code":8002,"provider":"Microsoft-Windows-AppLocker","kind":"event","original":"%SYSTEM32%\\CONHOST.EXE was allowed to run."},"collector_node_id":"WINF148103EN","@timestamp":"2023-09-08T13:15:25.399Z","agent":{"id":"8a461181-cb3e-4de6-b2da-019fe221fa3a","ephemeral_id":"343f4297-6201-4238-bffe-46f62781abd1","name":"WINF148103EN","hostname":"WINF148103EN","type":"winlogbeat","version":"7.11.1"},"gl2_source_collector":"1df5757b-0293-45c8-beef-9cb7782160ac","log":{"level":"information"},"tags":["applocker","beats_input_codec_plain_applied"],"host":{"name":"WINF148103EN.demo.io"},"ecs":{"version":"1.7.0"},"winlog":{"record_id":2399,"opcode":"Info","task":"","user":{"name":"discho","type":"User","identifier":"S-1-5-21-2376127652-1403096981-1664155051-1338","domain":"DEMO"},"computer_name":"WINF148103EN.demo.io","user_data":{"RuleSddlLength":"57","PolicyNameLength":"3","FilePathLength":"22","Fqbn":"O=MICROSOFT CORPORATION, L=REDMOND, S=WASHINGTON, C=US\\MICROSOFT® WINDOWS® OPERATING SYSTEM\\CONHOST.EXE\\10.0.20348.558","RuleSddl":"D:(XA;;FX;;;S-1-1-0;(APPID://PATH Contains \"%WINDIR%\\*\"))","FileHash":"1193ED0D8668057F34AA2C805BA48AFC6B65025131C75D32A647F50EF774B83C","FullFilePath":"\\SystemRoot\\System32\\Conhost.exe","FilePath":"%SYSTEM32%\\CONHOST.EXE","xml_name":"RuleAndFileData","RuleNameLength":"54","FileHashLength":"32","TargetUser":"S-1-5-21-2376127652-1403096981-1664155051-1338","TargetLogonId":"0x10dc6eb","RuleId":"{a61c8b2c-a319-4cd0-9690-d2177cad7b51}","FqbnLength":"118","TargetProcessId":"5900","PolicyName":"EXE","FullFilePathLength":"32","RuleName":"(Default Rule) All files located in the Windows folder"},"process":{"pid":7180,"thread":{"id":6236}},"channel":"Microsoft-Windows-AppLocker/EXE and DLL","api":"wineventlog","event_id":8002,"provider_guid":"{cbda4dbf-8d5d-4f69-9578-be14aa540d22}","provider_name":"Microsoft-Windows-AppLocker"}}
{"@version":"1","message":"L:\\APPS\\FREECIV\\APP\\FREECIV\\FREECIV-GTK3.22.EXE was allowed to run but would have been prevented from running if the AppLocker policy were enforced.","event":{"created":"2023-09-08T13:15:26.868Z","code":8003,"provider":"Microsoft-Windows-AppLocker","kind":"event","original":"L:\\APPS\\FREECIV\\APP\\FREECIV\\FREECIV-GTK3.22.EXE was allowed to run but would have been prevented from running if the AppLocker policy were enforced."},"collector_node_id":"WINF148103EN","@timestamp":"2023-09-08T13:15:25.406Z","agent":{"id":"8a461181-cb3e-4de6-b2da-019fe221fa3a","ephemeral_id":"343f4297-6201-4238-bffe-46f62781abd1","name":"WINF148103EN","hostname":"WINF148103EN","type":"winlogbeat","version":"7.11.1"},"gl2_source_collector":"1df5757b-0293-45c8-beef-9cb7782160ac","log":{"level":"warning"},"tags":["applocker","beats_input_codec_plain_applied"],"ecs":{"version":"1.7.0"},"host":{"name":"WINF148103EN.demo.io"},"winlog":{"record_id":2400,"opcode":"Info","task":"","user":{"name":"discho","type":"User","identifier":"S-1-5-21-2376127652-1403096981-1664155051-1338","domain":"DEMO"},"computer_name":"WINF148103EN.demo.io","user_data":{"RuleSddlLength":"1","Fqbn":"-","FilePathLength":"47","PolicyNameLength":"3","RuleSddl":"-","FileHash":"86570D374723F0C8A06F302745AB0F6CD9F3856E373EB692A01B1B447BA271AF","FullFilePath":"L:\\Apps\\Freeciv\\App\\Freeciv\\freeciv-gtk3.22.exe","xml_name":"RuleAndFileData","FilePath":"L:\\APPS\\FREECIV\\APP\\FREECIV\\FREECIV-GTK3.22.EXE","RuleNameLength":"1","FileHashLength":"32","TargetUser":"S-1-5-21-2376127652-1403096981-1664155051-1338","RuleId":"{00000000-0000-0000-0000-000000000000}","TargetLogonId":"0x10dc6eb","FqbnLength":"1","TargetProcessId":"8556","PolicyName":"EXE","FullFilePathLength":"47","RuleName":"-"},"process":{"pid":9584,"thread":{"id":8268}},"channel":"Microsoft-Windows-AppLocker/EXE and DLL","api":"wineventlog","event_id":8003,"provider_guid":"{cbda4dbf-8d5d-4f69-9578-be14aa540d22}","provider_name":"Microsoft-Windows-AppLocker"}}
{"@version":"1","message":"%SYSTEM32%\\CONHOST.EXE was allowed to run.","event":{"created":"2023-09-08T13:15:26.868Z","code":8002,"provider":"Microsoft-Windows-AppLocker","kind":"event","original":"%SYSTEM32%\\CONHOST.EXE was allowed to run."},"collector_node_id":"WINF148103EN","@timestamp":"2023-09-08T13:15:25.411Z","agent":{"id":"8a461181-cb3e-4de6-b2da-019fe221fa3a","ephemeral_id":"343f4297-6201-4238-bffe-46f62781abd1","name":"WINF148103EN","hostname":"WINF148103EN","type":"winlogbeat","version":"7.11.1"},"gl2_source_collector":"1df5757b-0293-45c8-beef-9cb7782160ac","log":{"level":"information"},"tags":["applocker","beats_input_codec_plain_applied"],"host":{"name":"WINF148103EN.demo.io"},"ecs":{"version":"1.7.0"},"winlog":{"opcode":"Info","record_id":2401,"task":"","user":{"name":"discho","type":"User","identifier":"S-1-5-21-2376127652-1403096981-1664155051-1338","domain":"DEMO"},"computer_name":"WINF148103EN.demo.io","user_data":{"RuleSddlLength":"57","Fqbn":"O=MICROSOFT CORPORATION, L=REDMOND, S=WASHINGTON, C=US\\MICROSOFT® WINDOWS® OPERATING SYSTEM\\CONHOST.EXE\\10.0.20348.558","FilePathLength":"22","PolicyNameLength":"3","RuleSddl":"D:(XA;;FX;;;S-1-1-0;(APPID://PATH Contains \"%WINDIR%\\*\"))","FileHash":"1193ED0D8668057F34AA2C805BA48AFC6B65025131C75D32A647F50EF774B83C","FilePath":"%SYSTEM32%\\CONHOST.EXE","FullFilePath":"\\SystemRoot\\System32\\Conhost.exe","xml_name":"RuleAndFileData","RuleNameLength":"54","TargetUser":"S-1-5-21-2376127652-1403096981-1664155051-1338","FileHashLength":"32","RuleId":"{a61c8b2c-a319-4cd0-9690-d2177cad7b51}","TargetLogonId":"0x10dc6eb","FqbnLength":"118","TargetProcessId":"4908","PolicyName":"EXE","FullFilePathLength":"32","RuleName":"(Default Rule) All files located in the Windows folder"},"process":{"pid":6188,"thread":{"id":5372}},"channel":"Microsoft-Windows-AppLocker/EXE and DLL","api":"wineventlog","event_id":8002,"provider_guid":"{cbda4dbf-8d5d-4f69-9578-be14aa540d22}","provider_name":"Microsoft-Windows-AppLocker"}}
{"@version":"1","message":"%SYSTEM32%\\MOBSYNC.EXE was allowed to run.","event":{"created":"2023-09-08T13:15:26.868Z","code":8002,"provider":"Microsoft-Windows-AppLocker","kind":"event","original":"%SYSTEM32%\\MOBSYNC.EXE was allowed to run."},"collector_node_id":"WINF148103EN","@timestamp":"2023-09-08T13:15:25.437Z","agent":{"id":"8a461181-cb3e-4de6-b2da-019fe221fa3a","ephemeral_id":"343f4297-6201-4238-bffe-46f62781abd1","name":"WINF148103EN","hostname":"WINF148103EN","type":"winlogbeat","version":"7.11.1"},"gl2_source_collector":"1df5757b-0293-45c8-beef-9cb7782160ac","log":{"level":"information"},"tags":["applocker","beats_input_codec_plain_applied"],"host":{"name":"WINF148103EN.demo.io"},"ecs":{"version":"1.7.0"},"winlog":{"opcode":"Info","record_id":2402,"task":"","user":{"name":"discho","type":"User","identifier":"S-1-5-21-2376127652-1403096981-1664155051-1338","domain":"DEMO"},"computer_name":"WINF148103EN.demo.io","user_data":{"RuleSddlLength":"57","Fqbn":"O=MICROSOFT CORPORATION, L=REDMOND, S=WASHINGTON, C=US\\MICROSOFT® WINDOWS® OPERATING SYSTEM\\MOBSYNC.EXE\\10.0.20348.01","PolicyNameLength":"3","FilePathLength":"22","RuleSddl":"D:(XA;;FX;;;S-1-1-0;(APPID://PATH Contains \"%WINDIR%\\*\"))","FilePath":"%SYSTEM32%\\MOBSYNC.EXE","xml_name":"RuleAndFileData","FullFilePath":"C:\\WINDOWS\\System32\\mobsync.exe","FileHash":"6D967B3ECA1800D0E2F318E3A67A24EE48819669422B8EBDB7FD7FCCA89211BB","RuleNameLength":"54","FileHashLength":"32","TargetUser":"S-1-5-21-2376127652-1403096981-1664155051-1338","RuleId":"{a61c8b2c-a319-4cd0-9690-d2177cad7b51}","TargetLogonId":"0x10dc6eb","FqbnLength":"117","TargetProcessId":"5868","PolicyName":"EXE","FullFilePathLength":"31","RuleName":"(Default Rule) All files located in the Windows folder"},"process":{"pid":820,"thread":{"id":1800}},"channel":"Microsoft-Windows-AppLocker/EXE and DLL","api":"wineventlog","event_id":8002,"provider_guid":"{cbda4dbf-8d5d-4f69-9578-be14aa540d22}","provider_name":"Microsoft-Windows-AppLocker"}}
{"@version":"1","message":"%WINDIR%\\CCM\\SCNOTIFICATION.EXE was allowed to run.","event":{"created":"2023-09-08T13:15:26.957Z","code":8002,"provider":"Microsoft-Windows-AppLocker","kind":"event","original":"%WINDIR%\\CCM\\SCNOTIFICATION.EXE was allowed to run."},"collector_node_id":"WINF148103EN","@timestamp":"2023-09-08T13:15:25.651Z","agent":{"id":"8a461181-cb3e-4de6-b2da-019fe221fa3a","name":"WINF148103EN","ephemeral_id":"343f4297-6201-4238-bffe-46f62781abd1","hostname":"WINF148103EN","type":"winlogbeat","version":"7.11.1"},"gl2_source_collector":"1df5757b-0293-45c8-beef-9cb7782160ac","log":{"level":"information"},"tags":["applocker","beats_input_codec_plain_applied"],"ecs":{"version":"1.7.0"},"host":{"name":"WINF148103EN.demo.io"},"winlog":{"record_id":2403,"opcode":"Info","task":"","user":{"name":"SYSTEM","type":"User","identifier":"S-1-5-18","domain":"NT AUTHORITY"},"computer_name":"WINF148103EN.demo.io","user_data":{"RuleSddlLength":"57","Fqbn":"O=MICROSOFT CORPORATION, L=REDMOND, S=WASHINGTON, C=US\\MICROSOFT ENDPOINT CONFIGURATION MANAGER\\SCNOTIFICATION.EXE\\5.0.9078.1000","FilePathLength":"31","PolicyNameLength":"3","FilePath":"%WINDIR%\\CCM\\SCNOTIFICATION.EXE","RuleSddl":"D:(XA;;FX;;;S-1-1-0;(APPID://PATH Contains \"%WINDIR%\\*\"))","FullFilePath":"C:\\WINDOWS\\CCM\\SCNotification.exe","xml_name":"RuleAndFileData","FileHash":"090377AA90A3173B3A106D2E98F5BA686FA716C3CC5BF351676F9CB47862FB6C","RuleNameLength":"54","TargetLogonId":"0x10dc6eb","FileHashLength":"32","TargetUser":"S-1-5-21-2376127652-1403096981-1664155051-1338","RuleId":"{a61c8b2c-a319-4cd0-9690-d2177cad7b51}","FqbnLength":"128","TargetProcessId":"7920","PolicyName":"EXE","FullFilePathLength":"33","RuleName":"(Default Rule) All files located in the Windows folder"},"process":{"pid":6104,"thread":{"id":888}},"channel":"Microsoft-Windows-AppLocker/EXE and DLL","api":"wineventlog","event_id":8002,"provider_guid":"{cbda4dbf-8d5d-4f69-9578-be14aa540d22}","provider_name":"Microsoft-Windows-AppLocker"}}
