{"@version":"1","message":"L’exécution de %OSDRIVE%\\USERS\\AAUSMU\\APPS\\SYSINTERNALS\\ADEXPLORER.EXE a été autorisée mais elle aurait été empêchée si la stratégie AppLocker avait été appliquée.","event":{"created":"2023-09-08T13:15:18.832Z","code":8003,"provider":"Microsoft-Windows-AppLocker","kind":"event","original":"L’exécution de %OSDRIVE%\\USERS\\AAUSMU\\APPS\\SYSINTERNALS\\ADEXPLORER.EXE a été autorisée mais elle aurait été empêchée si la stratégie AppLocker avait été appliquée."},"collector_node_id":"WINF148104FR","@timestamp":"2023-09-08T13:15:16.445Z","agent":{"id":"f087d310-4eed-48d8-ba60-041b027dd6fa","ephemeral_id":"af4af741-de30-4778-8118-3d804a8b90a3","name":"WINF148104FR","hostname":"WINF148104FR","type":"winlogbeat","version":"7.11.1"},"gl2_source_collector":"f2fdff80-b545-496c-a718-b68f491f256a","log":{"level":"avertissement"},"tags":["applocker","beats_input_codec_plain_applied"],"host":{"name":"WINF148104FR.demo.io"},"ecs":{"version":"1.7.0"},"winlog":{"opcode":"Informations","record_id":1588,"task":"","user":{"name":"aausmu","type":"User","identifier":"S-1-5-21-2376127652-1403096981-1664155051-1382","domain":"DEMO"},"computer_name":"WINF148104FR.demo.io","user_data":{"RuleSddlLength":"1","Fqbn":"O=MICROSOFT CORPORATION, L=REDMOND, S=WASHINGTON, C=US\\SYSINTERNALS ADEXPLORER\\ADEXP\\1.52.0.00","FilePathLength":"55","PolicyNameLength":"3","RuleSddl":"-","FileHash":"31F5B70359C90A288965496766729ED51CB4B45712421204A92771F7C7F4065A","FullFilePath":"C:\\Users\\aausmu\\Apps\\Sysinternals\\ADExplorer.exe","xml_name":"RuleAndFileData","FilePath":"%OSDRIVE%\\USERS\\AAUSMU\\APPS\\SYSINTERNALS\\ADEXPLORER.EXE","RuleNameLength":"1","TargetUser":"S-1-5-21-2376127652-1403096981-1664155051-1382","TargetLogonId":"0x1004204","RuleId":"{00000000-0000-0000-0000-000000000000}","FileHashLength":"32","FqbnLength":"94","TargetProcessId":"6320","PolicyName":"EXE","FullFilePathLength":"48","RuleName":"-"},"process":{"pid":4108,"thread":{"id":5864}},"channel":"Microsoft-Windows-AppLocker/EXE and DLL","api":"wineventlog","event_id":8003,"provider_guid":"{cbda4dbf-8d5d-4f69-9578-be14aa540d22}","provider_name":"Microsoft-Windows-AppLocker"}}
{"@version":"1","message":"L’exécution de %OSDRIVE%\\USERS\\AAUSMU\\APPS\\SYSINTERNALS\\ADINSIGHT.EXE a été autorisée mais elle aurait été empêchée si la stratégie AppLocker avait été appliquée.","event":{"created":"2023-09-08T13:15:18.832Z","code":8003,"provider":"Microsoft-Windows-AppLocker","kind":"event","original":"L’exécution de %OSDRIVE%\\USERS\\AAUSMU\\APPS\\SYSINTERNALS\\ADINSIGHT.EXE a été autorisée mais elle aurait été empêchée si la stratégie AppLocker avait été appliquée."},"collector_node_id":"WINF148104FR","@timestamp":"2023-09-08T13:15:16.522Z","agent":{"id":"f087d310-4eed-48d8-ba60-041b027dd6fa","name":"WINF148104FR","ephemeral_id":"af4af741-de30-4778-8118-3d804a8b90a3","hostname":"WINF148104FR","type":"winlogbeat","version":"7.11.1"},"gl2_source_collector":"f2fdff80-b545-496c-a718-b68f491f256a","log":{"level":"avertissement"},"tags":["applocker","beats_input_codec_plain_applied"],"host":{"name":"WINF148104FR.demo.io"},"ecs":{"version":"1.7.0"},"winlog":{"record_id":1589,"opcode":"Informations","task":"","user":{"name":"aausmu","type":"User","identifier":"S-1-5-21-2376127652-1403096981-1664155051-1382","domain":"DEMO"},"computer_name":"WINF148104FR.demo.io","user_data":{"RuleSddlLength":"1","Fqbn":"O=MICROSOFT CORPORATION, L=REDMOND, S=WASHINGTON, C=US\\ADINSIGHT\\ADINSIGHT\\1.20.0.00","PolicyNameLength":"3","FilePathLength":"54","FilePath":"%OSDRIVE%\\USERS\\AAUSMU\\APPS\\SYSINTERNALS\\ADINSIGHT.EXE","FileHash":"8DFF94227C3A0A7DAB47082BFC7065DE57566456C999AB72CD69085A82C1A8B5","xml_name":"RuleAndFileData","FullFilePath":"C:\\Users\\aausmu\\Apps\\Sysinternals\\ADInsight.exe","RuleSddl":"-","RuleNameLength":"1","TargetLogonId":"0x1004204","FileHashLength":"32","TargetUser":"S-1-5-21-2376127652-1403096981-1664155051-1382","RuleId":"{00000000-0000-0000-0000-000000000000}","FqbnLength":"84","TargetProcessId":"3644","PolicyName":"EXE","FullFilePathLength":"47","RuleName":"-"},"process":{"pid":4108,"thread":{"id":5864}},"channel":"Microsoft-Windows-AppLocker/EXE and DLL","api":"wineventlog","event_id":8003,"provider_guid":"{cbda4dbf-8d5d-4f69-9578-be14aa540d22}","provider_name":"Microsoft-Windows-AppLocker"}}
{"@version":"1","message":"L’exécution de %OSDRIVE%\\USERS\\AAUSMU\\APPDATA\\LOCAL\\TEMP\\SYS3840647013\\ADEXPLORER.EXE a été autorisée mais elle aurait été empêchée si la stratégie AppLocker avait été appliquée.","event":{"created":"2023-09-08T13:15:18.832Z","code":8003,"provider":"Microsoft-Windows-AppLocker","kind":"event","original":"L’exécution de %OSDRIVE%\\USERS\\AAUSMU\\APPDATA\\LOCAL\\TEMP\\SYS3840647013\\ADEXPLORER.EXE a été autorisée mais elle aurait été empêchée si la stratégie AppLocker avait été appliquée."},"collector_node_id":"WINF148104FR","@timestamp":"2023-09-08T13:15:16.810Z","agent":{"name":"WINF148104FR","ephemeral_id":"af4af741-de30-4778-8118-3d804a8b90a3","id":"f087d310-4eed-48d8-ba60-041b027dd6fa","hostname":"WINF148104FR","type":"winlogbeat","version":"7.11.1"},"gl2_source_collector":"f2fdff80-b545-496c-a718-b68f491f256a","log":{"level":"avertissement"},"tags":["applocker","beats_input_codec_plain_applied"],"ecs":{"version":"1.7.0"},"host":{"name":"WINF148104FR.demo.io"},"winlog":{"record_id":1590,"opcode":"Informations","task":"","user":{"name":"aausmu","type":"User","identifier":"S-1-5-21-2376127652-1403096981-1664155051-1382","domain":"DEMO"},"computer_name":"WINF148104FR.demo.io","user_data":{"RuleSddlLength":"1","PolicyNameLength":"3","Fqbn":"O=MICROSOFT CORPORATION, L=REDMOND, S=WASHINGTON, C=US\\SYSINTERNALS ADEXPLORER\\ADEXP\\1.52.0.00","FilePathLength":"70","FilePath":"%OSDRIVE%\\USERS\\AAUSMU\\APPDATA\\LOCAL\\TEMP\\SYS3840647013\\ADEXPLORER.EXE","FileHash":"49F11624CF20C1471DD2F33620371DA6817506CC36B93756B9E34002391A4491","FullFilePath":"C:\\Users\\aausmu\\AppData\\Local\\Temp\\SYS3840647013\\ADExplorer.exe","xml_name":"RuleAndFileData","RuleSddl":"-","RuleNameLength":"1","FileHashLength":"32","TargetUser":"S-1-5-21-2376127652-1403096981-1664155051-1382","RuleId":"{00000000-0000-0000-0000-000000000000}","TargetLogonId":"0x1004204","FqbnLength":"94","TargetProcessId":"5108","PolicyName":"EXE","FullFilePathLength":"63","RuleName":"-"},"process":{"pid":6320,"thread":{"id":5852}},"channel":"Microsoft-Windows-AppLocker/EXE and DLL","api":"wineventlog","event_id":8003,"provider_guid":"{cbda4dbf-8d5d-4f69-9578-be14aa540d22}","provider_name":"Microsoft-Windows-AppLocker"}}
{"@version":"1","message":"L’exécution de %OSDRIVE%\\USERS\\AAUSMU\\APPS\\FREECIV\\APP\\FREECIV\\FREECIV-GTK3.22.EXE a été autorisée mais elle aurait été empêchée si la stratégie AppLocker avait été appliquée.","event":{"created":"2023-09-08T13:15:18.832Z","code":8003,"provider":"Microsoft-Windows-AppLocker","kind":"event","original":"L’exécution de %OSDRIVE%\\USERS\\AAUSMU\\APPS\\FREECIV\\APP\\FREECIV\\FREECIV-GTK3.22.EXE a été autorisée mais elle aurait été empêchée si la stratégie AppLocker avait été appliquée."},"collector_node_id":"WINF148104FR","@timestamp":"2023-09-08T13:15:17.122Z","agent":{"id":"f087d310-4eed-48d8-ba60-041b027dd6fa","name":"WINF148104FR","ephemeral_id":"af4af741-de30-4778-8118-3d804a8b90a3","hostname":"WINF148104FR","type":"winlogbeat","version":"7.11.1"},"gl2_source_collector":"f2fdff80-b545-496c-a718-b68f491f256a","log":{"level":"avertissement"},"tags":["applocker","beats_input_codec_plain_applied"],"ecs":{"version":"1.7.0"},"host":{"name":"WINF148104FR.demo.io"},"winlog":{"record_id":1591,"opcode":"Informations","task":"","user":{"name":"aausmu","type":"User","identifier":"S-1-5-21-2376127652-1403096981-1664155051-1382","domain":"DEMO"},"computer_name":"WINF148104FR.demo.io","user_data":{"RuleSddlLength":"1","PolicyNameLength":"3","FilePathLength":"67","Fqbn":"-","RuleSddl":"-","FileHash":"86570D374723F0C8A06F302745AB0F6CD9F3856E373EB692A01B1B447BA271AF","xml_name":"RuleAndFileData","FullFilePath":"C:\\Users\\aausmu\\Apps\\Freeciv\\App\\Freeciv\\freeciv-gtk3.22.exe","FilePath":"%OSDRIVE%\\USERS\\AAUSMU\\APPS\\FREECIV\\APP\\FREECIV\\FREECIV-GTK3.22.EXE","RuleNameLength":"1","TargetUser":"S-1-5-21-2376127652-1403096981-1664155051-1382","FileHashLength":"32","RuleId":"{00000000-0000-0000-0000-000000000000}","TargetLogonId":"0x1004204","FqbnLength":"1","TargetProcessId":"8336","PolicyName":"EXE","FullFilePathLength":"60","RuleName":"-"},"process":{"pid":4108,"thread":{"id":5864}},"channel":"Microsoft-Windows-AppLocker/EXE and DLL","api":"wineventlog","event_id":8003,"provider_guid":"{cbda4dbf-8d5d-4f69-9578-be14aa540d22}","provider_name":"Microsoft-Windows-AppLocker"}}
{"@version":"1","message":"L’exécution de %OSDRIVE%\\USERS\\AAUSMU\\APPDATA\\LOCAL\\TEMP\\ADINSIGHT64.EXE a été autorisée mais elle aurait été empêchée si la stratégie AppLocker avait été appliquée.","event":{"created":"2023-09-08T13:15:18.832Z","code":8003,"provider":"Microsoft-Windows-AppLocker","kind":"event","original":"L’exécution de %OSDRIVE%\\USERS\\AAUSMU\\APPDATA\\LOCAL\\TEMP\\ADINSIGHT64.EXE a été autorisée mais elle aurait été empêchée si la stratégie AppLocker avait été appliquée."},"collector_node_id":"WINF148104FR","@timestamp":"2023-09-08T13:15:17.171Z","agent":{"name":"WINF148104FR","ephemeral_id":"af4af741-de30-4778-8118-3d804a8b90a3","id":"f087d310-4eed-48d8-ba60-041b027dd6fa","hostname":"WINF148104FR","type":"winlogbeat","version":"7.11.1"},"gl2_source_collector":"f2fdff80-b545-496c-a718-b68f491f256a","log":{"level":"avertissement"},"tags":["applocker","beats_input_codec_plain_applied"],"host":{"name":"WINF148104FR.demo.io"},"ecs":{"version":"1.7.0"},"winlog":{"record_id":1592,"opcode":"Informations","task":"","user":{"name":"aausmu","type":"User","identifier":"S-1-5-21-2376127652-1403096981-1664155051-1382","domain":"DEMO"},"computer_name":"WINF148104FR.demo.io","user_data":{"RuleSddlLength":"1","PolicyNameLength":"3","Fqbn":"O=MICROSOFT CORPORATION, L=REDMOND, S=WASHINGTON, C=US\\ADINSIGHT\\ADINSIGHT\\1.20.0.00","FilePathLength":"57","FilePath":"%OSDRIVE%\\USERS\\AAUSMU\\APPDATA\\LOCAL\\TEMP\\ADINSIGHT64.EXE","RuleSddl":"-","FullFilePath":"C:\\Users\\aausmu\\AppData\\Local\\Temp\\ADInsight64.EXE","FileHash":"76FCAB4BEEC34F0230AA32D469FDC36173F6AF9DC1C2F49FD3AC35A01466413A","xml_name":"RuleAndFileData","RuleNameLength":"1","TargetUser":"S-1-5-21-2376127652-1403096981-1664155051-1382","FileHashLength":"32","RuleId":"{00000000-0000-0000-0000-000000000000}","TargetLogonId":"0x1004204","FqbnLength":"84","TargetProcessId":"9496","PolicyName":"EXE","FullFilePathLength":"50","RuleName":"-"},"process":{"pid":3644,"thread":{"id":9588}},"channel":"Microsoft-Windows-AppLocker/EXE and DLL","api":"wineventlog","event_id":8003,"provider_guid":"{cbda4dbf-8d5d-4f69-9578-be14aa540d22}","provider_name":"Microsoft-Windows-AppLocker"}}
{"@version":"1","message":"%SYSTEM32%\\RDPCLIP.EXE was allowed to run.","event":{"created":"2023-09-08T13:15:18.304Z","code":8002,"provider":"Microsoft-Windows-AppLocker","kind":"event","original":"%SYSTEM32%\\RDPCLIP.EXE was allowed to run."},"collector_node_id":"WINF148103EN","@timestamp":"2023-09-08T13:15:14.881Z","agent":{"id":"8a461181-cb3e-4de6-b2da-019fe221fa3a","ephemeral_id":"343f4297-6201-4238-bffe-46f62781abd1","name":"WINF148103EN","hostname":"WINF148103EN","type":"winlogbeat","version":"7.11.1"},"gl2_source_collector":"1df5757b-0293-45c8-beef-9cb7782160ac","log":{"level":"information"},"tags":["applocker","beats_input_codec_plain_applied"],"host":{"name":"WINF148103EN.demo.io"},"ecs":{"version":"1.7.0"},"winlog":{"opcode":"Info","record_id":2327,"task":"","user":{"name":"discho","type":"User","identifier":"S-1-5-21-2376127652-1403096981-1664155051-1338","domain":"DEMO"},"computer_name":"WINF148103EN.demo.io","user_data":{"RuleSddlLength":"57","PolicyNameLength":"3","Fqbn":"O=MICROSOFT CORPORATION, L=REDMOND, S=WASHINGTON, C=US\\MICROSOFT® WINDOWS® OPERATING SYSTEM\\RDPCLIP.EXE\\10.0.20348.405","FilePathLength":"22","RuleSddl":"D:(XA;;FX;;;S-1-1-0;(APPID://PATH Contains \"%WINDIR%\\*\"))","FilePath":"%SYSTEM32%\\RDPCLIP.EXE","xml_name":"RuleAndFileData","FullFilePath":"C:\\WINDOWS\\System32\\rdpclip.exe","FileHash":"0435785BEB4DBE74BA991AB3C1C850B745FF1827B9448DE15263FD86137BB842","RuleNameLength":"54","TargetLogonId":"0x10dc6eb","FileHashLength":"32","RuleId":"{a61c8b2c-a319-4cd0-9690-d2177cad7b51}","TargetUser":"S-1-5-21-2376127652-1403096981-1664155051-1338","FqbnLength":"118","TargetProcessId":"4044","PolicyName":"EXE","FullFilePathLength":"31","RuleName":"(Default Rule) All files located in the Windows folder"},"process":{"pid":1096,"thread":{"id":6088}},"channel":"Microsoft-Windows-AppLocker/EXE and DLL","api":"wineventlog","event_id":8002,"provider_guid":"{cbda4dbf-8d5d-4f69-9578-be14aa540d22}","provider_name":"Microsoft-Windows-AppLocker"}}
{"@version":"1","message":"%SYSTEM32%\\SIHOST.EXE was allowed to run.","event":{"created":"2023-09-08T13:15:18.304Z","code":8002,"provider":"Microsoft-Windows-AppLocker","kind":"event","original":"%SYSTEM32%\\SIHOST.EXE was allowed to run."},"collector_node_id":"WINF148103EN","@timestamp":"2023-09-08T13:15:14.968Z","agent":{"id":"8a461181-cb3e-4de6-b2da-019fe221fa3a","ephemeral_id":"343f4297-6201-4238-bffe-46f62781abd1","name":"WINF148103EN","hostname":"WINF148103EN","type":"winlogbeat","version":"7.11.1"},"gl2_source_collector":"1df5757b-0293-45c8-beef-9cb7782160ac","log":{"level":"information"},"tags":["applocker","beats_input_codec_plain_applied"],"host":{"name":"WINF148103EN.demo.io"},"ecs":{"version":"1.7.0"},"winlog":{"opcode":"Info","record_id":2328,"task":"","user":{"name":"SYSTEM","type":"User","identifier":"S-1-5-18","domain":"NT AUTHORITY"},"computer_name":"WINF148103EN.demo.io","user_data":{"RuleSddlLength":"57","PolicyNameLength":"3","Fqbn":"O=MICROSOFT CORPORATION, L=REDMOND, S=WASHINGTON, C=US\\MICROSOFT® WINDOWS® OPERATING SYSTEM\\SIHOST.EXE\\10.0.20348.01","FilePathLength":"21","RuleSddl":"D:(XA;;FX;;;S-1-1-0;(APPID://PATH Contains \"%WINDIR%\\*\"))","FilePath":"%SYSTEM32%\\SIHOST.EXE","FullFilePath":"C:\\WINDOWS\\system32\\sihost.exe","xml_name":"RuleAndFileData","FileHash":"2145C835140EC533A53F767A3DC78760A36FE5995BF247A493FEC02F126EB144","RuleNameLength":"54","TargetUser":"S-1-5-21-2376127652-1403096981-1664155051-1338","FileHashLength":"32","TargetLogonId":"0x10dc6eb","RuleId":"{a61c8b2c-a319-4cd0-9690-d2177cad7b51}","FqbnLength":"116","TargetProcessId":"5416","PolicyName":"EXE","FullFilePathLength":"30","RuleName":"(Default Rule) All files located in the Windows folder"},"process":{"pid":2712,"thread":{"id":6716}},"channel":"Microsoft-Windows-AppLocker/EXE and DLL","api":"wineventlog","event_id":8002,"provider_guid":"{cbda4dbf-8d5d-4f69-9578-be14aa540d22}","provider_name":"Microsoft-Windows-AppLocker"}}
{"@version":"1","message":"%SYSTEM32%\\SVCHOST.EXE was allowed to run.","event":{"created":"2023-09-08T13:15:18.304Z","code":8002,"provider":"Microsoft-Windows-AppLocker","kind":"event","original":"%SYSTEM32%\\SVCHOST.EXE was allowed to run."},"collector_node_id":"WINF148103EN","@timestamp":"2023-09-08T13:15:14.972Z","agent":{"id":"8a461181-cb3e-4de6-b2da-019fe221fa3a","ephemeral_id":"343f4297-6201-4238-bffe-46f62781abd1","name":"WINF148103EN","hostname":"WINF148103EN","type":"winlogbeat","version":"7.11.1"},"gl2_source_collector":"1df5757b-0293-45c8-beef-9cb7782160ac","log":{"level":"information"},"tags":["applocker","beats_input_codec_plain_applied"],"host":{"name":"WINF148103EN.demo.io"},"ecs":{"version":"1.7.0"},"winlog":{"record_id":2329,"opcode":"Info","task":"","user":{"name":"discho","type":"User","identifier":"S-1-5-21-2376127652-1403096981-1664155051-1338","domain":"DEMO"},"computer_name":"WINF148103EN.demo.io","user_data":{"RuleSddlLength":"57","PolicyNameLength":"3","Fqbn":"O=MICROSOFT CORPORATION, L=REDMOND, S=WASHINGTON, C=US\\MICROSOFT® WINDOWS® OPERATING SYSTEM\\SVCHOST.EXE\\10.0.20348.558","FilePathLength":"22","FilePath":"%SYSTEM32%\\SVCHOST.EXE","FileHash":"075F3FC7F0BD26D40524BDA48081FD4F1ECF81EC0307288A0D7F87797A42D09A","xml_name":"RuleAndFileData","RuleSddl":"D:(XA;;FX;;;S-1-1-0;(APPID://PATH Contains \"%WINDIR%\\*\"))","FullFilePath":"C:\\WINDOWS\\system32\\svchost.exe","RuleNameLength":"54","FileHashLength":"32","TargetLogonId":"0x10dc6eb","TargetUser":"S-1-5-21-2376127652-1403096981-1664155051-1338","RuleId":"{a61c8b2c-a319-4cd0-9690-d2177cad7b51}","FqbnLength":"118","TargetProcessId":"7376","PolicyName":"EXE","FullFilePathLength":"31","RuleName":"(Default Rule) All files located in the Windows folder"},"process":{"pid":680,"thread":{"id":6844}},"channel":"Microsoft-Windows-AppLocker/EXE and DLL","api":"wineventlog","event_id":8002,"provider_guid":"{cbda4dbf-8d5d-4f69-9578-be14aa540d22}","provider_name":"Microsoft-Windows-AppLocker"}}
{"@version":"1","message":"%SYSTEM32%\\SVCHOST.EXE was allowed to run.","event":{"created":"2023-09-08T13:15:18.304Z","code":8002,"provider":"Microsoft-Windows-AppLocker","kind":"event","original":"%SYSTEM32%\\SVCHOST.EXE was allowed to run."},"collector_node_id":"WINF148103EN","@timestamp":"2023-09-08T13:15:14.996Z","agent":{"name":"WINF148103EN","ephemeral_id":"343f4297-6201-4238-bffe-46f62781abd1","id":"8a461181-cb3e-4de6-b2da-019fe221fa3a","hostname":"WINF148103EN","type":"winlogbeat","version":"7.11.1"},"gl2_source_collector":"1df5757b-0293-45c8-beef-9cb7782160ac","log":{"level":"information"},"tags":["applocker","beats_input_codec_plain_applied"],"host":{"name":"WINF148103EN.demo.io"},"ecs":{"version":"1.7.0"},"winlog":{"opcode":"Info","record_id":2330,"task":"","user":{"name":"discho","type":"User","identifier":"S-1-5-21-2376127652-1403096981-1664155051-1338","domain":"DEMO"},"computer_name":"WINF148103EN.demo.io","user_data":{"RuleSddlLength":"57","PolicyNameLength":"3","FilePathLength":"22","Fqbn":"O=MICROSOFT CORPORATION, L=REDMOND, S=WASHINGTON, C=US\\MICROSOFT® WINDOWS® OPERATING SYSTEM\\SVCHOST.EXE\\10.0.20348.558","FilePath":"%SYSTEM32%\\SVCHOST.EXE","RuleSddl":"D:(XA;;FX;;;S-1-1-0;(APPID://PATH Contains \"%WINDIR%\\*\"))","xml_name":"RuleAndFileData","FullFilePath":"C:\\WINDOWS\\system32\\svchost.exe","FileHash":"075F3FC7F0BD26D40524BDA48081FD4F1ECF81EC0307288A0D7F87797A42D09A","RuleNameLength":"54","TargetLogonId":"0x10dc6eb","TargetUser":"S-1-5-21-2376127652-1403096981-1664155051-1338","RuleId":"{a61c8b2c-a319-4cd0-9690-d2177cad7b51}","FileHashLength":"32","FqbnLength":"118","TargetProcessId":"2660","PolicyName":"EXE","FullFilePathLength":"31","RuleName":"(Default Rule) All files located in the Windows folder"},"process":{"pid":680,"thread":{"id":6844}},"channel":"Microsoft-Windows-AppLocker/EXE and DLL","api":"wineventlog","event_id":8002,"provider_guid":"{cbda4dbf-8d5d-4f69-9578-be14aa540d22}","provider_name":"Microsoft-Windows-AppLocker"}}
{"@version":"1","message":"%SYSTEM32%\\TASKHOSTW.EXE was allowed to run.","event":{"created":"2023-09-08T13:15:18.304Z","code":8002,"provider":"Microsoft-Windows-AppLocker","kind":"event","original":"%SYSTEM32%\\TASKHOSTW.EXE was allowed to run."},"collector_node_id":"WINF148103EN","@timestamp":"2023-09-08T13:15:15.055Z","agent":{"id":"8a461181-cb3e-4de6-b2da-019fe221fa3a","ephemeral_id":"343f4297-6201-4238-bffe-46f62781abd1","name":"WINF148103EN","hostname":"WINF148103EN","type":"winlogbeat","version":"7.11.1"},"gl2_source_collector":"1df5757b-0293-45c8-beef-9cb7782160ac","log":{"level":"information"},"tags":["applocker","beats_input_codec_plain_applied"],"host":{"name":"WINF148103EN.demo.io"},"ecs":{"version":"1.7.0"},"winlog":{"record_id":2331,"opcode":"Info","task":"","user":{"name":"discho","type":"User","identifier":"S-1-5-21-2376127652-1403096981-1664155051-1338","domain":"DEMO"},"computer_name":"WINF148103EN.demo.io","user_data":{"RuleSddlLength":"57","PolicyNameLength":"3","FilePathLength":"24","Fqbn":"O=MICROSOFT CORPORATION, L=REDMOND, S=WASHINGTON, C=US\\MICROSOFT® WINDOWS® OPERATING SYSTEM\\TASKHOSTW.EXE\\10.0.20348.01","FilePath":"%SYSTEM32%\\TASKHOSTW.EXE","FileHash":"A1F3DA8C68E15AFA633ABFDA220A9CFB665F34071C4E41DADF9655F500FDF257","xml_name":"RuleAndFileData","FullFilePath":"C:\\WINDOWS\\system32\\taskhostw.exe","RuleSddl":"D:(XA;;FX;;;S-1-1-0;(APPID://PATH Contains \"%WINDIR%\\*\"))","RuleNameLength":"54","FileHashLength":"32","TargetUser":"S-1-5-21-2376127652-1403096981-1664155051-1338","RuleId":"{a61c8b2c-a319-4cd0-9690-d2177cad7b51}","TargetLogonId":"0x10dc6eb","FqbnLength":"119","TargetProcessId":"4760","PolicyName":"EXE","FullFilePathLength":"33","RuleName":"(Default Rule) All files located in the Windows folder"},"process":{"pid":1948,"thread":{"id":8832}},"channel":"Microsoft-Windows-AppLocker/EXE and DLL","api":"wineventlog","event_id":8002,"provider_guid":"{cbda4dbf-8d5d-4f69-9578-be14aa540d22}","provider_name":"Microsoft-Windows-AppLocker"}}
{"@version":"1","message":"%SYSTEM32%\\TASKHOSTW.EXE was allowed to run.","event":{"created":"2023-09-08T13:15:18.304Z","code":8002,"provider":"Microsoft-Windows-AppLocker","kind":"event","original":"%SYSTEM32%\\TASKHOSTW.EXE was allowed to run."},"collector_node_id":"WINF148103EN","@timestamp":"2023-09-08T13:15:15.061Z","agent":{"name":"WINF148103EN","ephemeral_id":"343f4297-6201-4238-bffe-46f62781abd1","id":"8a461181-cb3e-4de6-b2da-019fe221fa3a","hostname":"WINF148103EN","type":"winlogbeat","version":"7.11.1"},"gl2_source_collector":"1df5757b-0293-45c8-beef-9cb7782160ac","log":{"level":"information"},"tags":["applocker","beats_input_codec_plain_applied"],"host":{"name":"WINF148103EN.demo.io"},"ecs":{"version":"1.7.0"},"winlog":{"opcode":"Info","record_id":2332,"task":"","user":{"name":"discho","type":"User","identifier":"S-1-5-21-2376127652-1403096981-1664155051-1338","domain":"DEMO"},"computer_name":"WINF148103EN.demo.io","user_data":{"RuleSddlLength":"57","Fqbn":"O=MICROSOFT CORPORATION, L=REDMOND, S=WASHINGTON, C=US\\MICROSOFT® WINDOWS® OPERATING SYSTEM\\TASKHOSTW.EXE\\10.0.20348.01","PolicyNameLength":"3","FilePathLength":"24","RuleSddl":"D:(XA;;FX;;;S-1-1-0;(APPID://PATH Contains \"%WINDIR%\\*\"))","FileHash":"A1F3DA8C68E15AFA633ABFDA220A9CFB665F34071C4E41DADF9655F500FDF257","FullFilePath":"C:\\WINDOWS\\system32\\taskhostw.exe","xml_name":"RuleAndFileData","FilePath":"%SYSTEM32%\\TASKHOSTW.EXE","RuleNameLength":"54","TargetUser":"S-1-5-21-2376127652-1403096981-1664155051-1338","FileHashLength":"32","RuleId":"{a61c8b2c-a319-4cd0-9690-d2177cad7b51}","TargetLogonId":"0x10dc6eb","FqbnLength":"119","TargetProcessId":"5832","PolicyName":"EXE","FullFilePathLength":"33","RuleName":"(Default Rule) All files located in the Windows folder"},"process":{"pid":1948,"thread":{"id":5112}},"channel":"Microsoft-Windows-AppLocker/EXE and DLL","api":"wineventlog","event_id":8002,"provider_guid":"{cbda4dbf-8d5d-4f69-9578-be14aa540d22}","provider_name":"Microsoft-Windows-AppLocker"}}
{"@version":"1","message":"%SYSTEM32%\\GPSCRIPT.EXE was allowed to run.","event":{"created":"2023-09-08T13:15:18.304Z","code":8002,"provider":"Microsoft-Windows-AppLocker","kind":"event","original":"%SYSTEM32%\\GPSCRIPT.EXE was allowed to run."},"collector_node_id":"WINF148103EN","@timestamp":"2023-09-08T13:15:15.075Z","agent":{"id":"8a461181-cb3e-4de6-b2da-019fe221fa3a","ephemeral_id":"343f4297-6201-4238-bffe-46f62781abd1","name":"WINF148103EN","hostname":"WINF148103EN","type":"winlogbeat","version":"7.11.1"},"gl2_source_collector":"1df5757b-0293-45c8-beef-9cb7782160ac","log":{"level":"information"},"tags":["applocker","beats_input_codec_plain_applied"],"ecs":{"version":"1.7.0"},"host":{"name":"WINF148103EN.demo.io"},"winlog":{"opcode":"Info","record_id":2333,"task":"","user":{"name":"SYSTEM","type":"User","identifier":"S-1-5-18","domain":"NT AUTHORITY"},"computer_name":"WINF148103EN.demo.io","user_data":{"RuleSddlLength":"57","Fqbn":"O=MICROSOFT CORPORATION, L=REDMOND, S=WASHINGTON, C=US\\MICROSOFT® WINDOWS® OPERATING SYSTEM\\GPSCRIPT.EXE\\10.0.20348.01","FilePathLength":"23","PolicyNameLength":"3","FilePath":"%SYSTEM32%\\GPSCRIPT.EXE","RuleSddl":"D:(XA;;FX;;;S-1-1-0;(APPID://PATH Contains \"%WINDIR%\\*\"))","FullFilePath":"C:\\WINDOWS\\system32\\gpscript.exe","xml_name":"RuleAndFileData","FileHash":"3DD304EB35C47D3BAA69CC98911AC7D56E64A5FD46CF306801AB22EFD83E137C","RuleNameLength":"54","FileHashLength":"32","TargetUser":"S-1-5-21-2376127652-1403096981-1664155051-1338","TargetLogonId":"0x10dc6eb","RuleId":"{a61c8b2c-a319-4cd0-9690-d2177cad7b51}","FqbnLength":"118","TargetProcessId":"4080","PolicyName":"EXE","FullFilePathLength":"32","RuleName":"(Default Rule) All files located in the Windows folder"},"process":{"pid":1676,"thread":{"id":9412}},"channel":"Microsoft-Windows-AppLocker/EXE and DLL","api":"wineventlog","event_id":8002,"provider_guid":"{cbda4dbf-8d5d-4f69-9578-be14aa540d22}","provider_name":"Microsoft-Windows-AppLocker"}}
{"@version":"1","message":"%SYSTEM32%\\TASKHOSTW.EXE was allowed to run.","event":{"created":"2023-09-08T13:15:18.305Z","provider":"Microsoft-Windows-AppLocker","code":8002,"kind":"event","original":"%SYSTEM32%\\TASKHOSTW.EXE was allowed to run."},"collector_node_id":"WINF148103EN","@timestamp":"2023-09-08T13:15:15.087Z","agent":{"id":"8a461181-cb3e-4de6-b2da-019fe221fa3a","ephemeral_id":"343f4297-6201-4238-bffe-46f62781abd1","name":"WINF148103EN","hostname":"WINF148103EN","type":"winlogbeat","version":"7.11.1"},"gl2_source_collector":"1df5757b-0293-45c8-beef-9cb7782160ac","log":{"level":"information"},"tags":["applocker","beats_input_codec_plain_applied"],"host":{"name":"WINF148103EN.demo.io"},"ecs":{"version":"1.7.0"},"winlog":{"record_id":2334,"opcode":"Info","task":"","user":{"name":"discho","type":"User","identifier":"S-1-5-21-2376127652-1403096981-1664155051-1338","domain":"DEMO"},"computer_name":"WINF148103EN.demo.io","user_data":{"RuleSddlLength":"57","PolicyNameLength":"3","FilePathLength":"24","Fqbn":"O=MICROSOFT CORPORATION, L=REDMOND, S=WASHINGTON, C=US\\MICROSOFT® WINDOWS® OPERATING SYSTEM\\TASKHOSTW.EXE\\10.0.20348.01","RuleSddl":"D:(XA;;FX;;;S-1-1-0;(APPID://PATH Contains \"%WINDIR%\\*\"))","FileHash":"A1F3DA8C68E15AFA633ABFDA220A9CFB665F34071C4E41DADF9655F500FDF257","FullFilePath":"C:\\WINDOWS\\system32\\taskhostw.exe","xml_name":"RuleAndFileData","FilePath":"%SYSTEM32%\\TASKHOSTW.EXE","RuleNameLength":"54","FileHashLength":"32","TargetUser":"S-1-5-21-2376127652-1403096981-1664155051-1338","TargetLogonId":"0x10dc6eb","RuleId":"{a61c8b2c-a319-4cd0-9690-d2177cad7b51}","FqbnLength":"119","TargetProcessId":"4420","PolicyName":"EXE","FullFilePathLength":"33","RuleName":"(Default Rule) All files located in the Windows folder"},"process":{"thread":{"id":8832},"pid":1948},"channel":"Microsoft-Windows-AppLocker/EXE and DLL","api":"wineventlog","event_id":8002,"provider_guid":"{cbda4dbf-8d5d-4f69-9578-be14aa540d22}","provider_name":"Microsoft-Windows-AppLocker"}}
{"@version":"1","message":"%SYSTEM32%\\USERINIT.EXE was allowed to run.","event":{"created":"2023-09-08T13:15:18.305Z","provider":"Microsoft-Windows-AppLocker","code":8002,"kind":"event","original":"%SYSTEM32%\\USERINIT.EXE was allowed to run."},"collector_node_id":"WINF148103EN","@timestamp":"2023-09-08T13:15:15.212Z","agent":{"id":"8a461181-cb3e-4de6-b2da-019fe221fa3a","ephemeral_id":"343f4297-6201-4238-bffe-46f62781abd1","name":"WINF148103EN","hostname":"WINF148103EN","type":"winlogbeat","version":"7.11.1"},"gl2_source_collector":"1df5757b-0293-45c8-beef-9cb7782160ac","log":{"level":"information"},"tags":["applocker","beats_input_codec_plain_applied"],"ecs":{"version":"1.7.0"},"host":{"name":"WINF148103EN.demo.io"},"winlog":{"opcode":"Info","record_id":2335,"task":"","user":{"name":"discho","type":"User","identifier":"S-1-5-21-2376127652-1403096981-1664155051-1338","domain":"DEMO"},"computer_name":"WINF148103EN.demo.io","user_data":{"RuleSddlLength":"57","Fqbn":"O=MICROSOFT CORPORATION, L=REDMOND, S=WASHINGTON, C=US\\MICROSOFT® WINDOWS® OPERATING SYSTEM\\USERINIT.EXE\\10.0.20348.01","FilePathLength":"23","PolicyNameLength":"3","RuleSddl":"D:(XA;;FX;;;S-1-1-0;(APPID://PATH Contains \"%WINDIR%\\*\"))","FilePath":"%SYSTEM32%\\USERINIT.EXE","FullFilePath":"C:\\WINDOWS\\system32\\userinit.exe","xml_name":"RuleAndFileData","FileHash":"45E06D20E7D56CA8007715F086A23C6CE15934EEB1519D4A79F1A7D1C52D8623","RuleNameLength":"54","TargetUser":"S-1-5-21-2376127652-1403096981-1664155051-1338","FileHashLength":"32","RuleId":"{a61c8b2c-a319-4cd0-9690-d2177cad7b51}","TargetLogonId":"0x10dc6eb","FqbnLength":"118","TargetProcessId":"1776","PolicyName":"EXE","FullFilePathLength":"32","RuleName":"(Default Rule) All files located in the Windows folder"},"process":{"pid":8996,"thread":{"id":5600}},"channel":"Microsoft-Windows-AppLocker/EXE and DLL","api":"wineventlog","event_id":8002,"provider_guid":"{cbda4dbf-8d5d-4f69-9578-be14aa540d22}","provider_name":"Microsoft-Windows-AppLocker"}}
{"@version":"1","message":"%WINDIR%\\EXPLORER.EXE was allowed to run.","event":{"created":"2023-09-08T13:15:18.305Z","code":8002,"provider":"Microsoft-Windows-AppLocker","kind":"event","original":"%WINDIR%\\EXPLORER.EXE was allowed to run."},"collector_node_id":"WINF148103EN","@timestamp":"2023-09-08T13:15:15.269Z","agent":{"name":"WINF148103EN","ephemeral_id":"343f4297-6201-4238-bffe-46f62781abd1","id":"8a461181-cb3e-4de6-b2da-019fe221fa3a","hostname":"WINF148103EN","type":"winlogbeat","version":"7.11.1"},"gl2_source_collector":"1df5757b-0293-45c8-beef-9cb7782160ac","log":{"level":"information"},"tags":["applocker","beats_input_codec_plain_applied"],"ecs":{"version":"1.7.0"},"host":{"name":"WINF148103EN.demo.io"},"winlog":{"record_id":2336,"opcode":"Info","task":"","user":{"name":"discho","type":"User","identifier":"S-1-5-21-2376127652-1403096981-1664155051-1338","domain":"DEMO"},"computer_name":"WINF148103EN.demo.io","user_data":{"RuleSddlLength":"57","PolicyNameLength":"3","FilePathLength":"21","Fqbn":"O=MICROSOFT CORPORATION, L=REDMOND, S=WASHINGTON, C=US\\MICROSOFT® WINDOWS® OPERATING SYSTEM\\EXPLORER.EXE\\10.0.20348.558","FilePath":"%WINDIR%\\EXPLORER.EXE","FileHash":"19252086F34F4A76D2D43F0070511E2AE167278FDCC25C12506DC1B83649359E","xml_name":"RuleAndFileData","RuleSddl":"D:(XA;;FX;;;S-1-1-0;(APPID://PATH Contains \"%WINDIR%\\*\"))","FullFilePath":"C:\\WINDOWS\\Explorer.EXE","RuleNameLength":"54","TargetLogonId":"0x10dc6eb","FileHashLength":"32","RuleId":"{a61c8b2c-a319-4cd0-9690-d2177cad7b51}","TargetUser":"S-1-5-21-2376127652-1403096981-1664155051-1338","FqbnLength":"119","TargetProcessId":"6416","PolicyName":"EXE","FullFilePathLength":"23","RuleName":"(Default Rule) All files located in the Windows folder"},"process":{"pid":1776,"thread":{"id":3912}},"channel":"Microsoft-Windows-AppLocker/EXE and DLL","api":"wineventlog","event_id":8002,"provider_guid":"{cbda4dbf-8d5d-4f69-9578-be14aa540d22}","provider_name":"Microsoft-Windows-AppLocker"}}
{"@version":"1","message":"%SYSTEM32%\\CMD.EXE was allowed to run.","event":{"created":"2023-09-08T13:15:18.305Z","code":8002,"provider":"Microsoft-Windows-AppLocker","kind":"event","original":"%SYSTEM32%\\CMD.EXE was allowed to run."},"collector_node_id":"WINF148103EN","@timestamp":"2023-09-08T13:15:15.284Z","agent":{"id":"8a461181-cb3e-4de6-b2da-019fe221fa3a","ephemeral_id":"343f4297-6201-4238-bffe-46f62781abd1","name":"WINF148103EN","hostname":"WINF148103EN","type":"winlogbeat","version":"7.11.1"},"gl2_source_collector":"1df5757b-0293-45c8-beef-9cb7782160ac","log":{"level":"information"},"tags":["applocker","beats_input_codec_plain_applied"],"host":{"name":"WINF148103EN.demo.io"},"ecs":{"version":"1.7.0"},"winlog":{"opcode":"Info","record_id":2337,"task":"","user":{"name":"discho","type":"User","identifier":"S-1-5-21-2376127652-1403096981-1664155051-1338","domain":"DEMO"},"computer_name":"WINF148103EN.demo.io","user_data":{"RuleSddlLength":"57","PolicyNameLength":"3","FilePathLength":"18","Fqbn":"O=MICROSOFT CORPORATION, L=REDMOND, S=WASHINGTON, C=US\\MICROSOFT® WINDOWS® OPERATING SYSTEM\\CMD.EXE\\10.0.20348.01","RuleSddl":"D:(XA;;FX;;;S-1-1-0;(APPID://PATH Contains \"%WINDIR%\\*\"))","FilePath":"%SYSTEM32%\\CMD.EXE","xml_name":"RuleAndFileData","FullFilePath":"C:\\WINDOWS\\system32\\cmd.exe","FileHash":"DF448CC4BCF0E3213CF29D7ECC05FA78A6CF093B98357D04EA7AFB0800869EFE","RuleNameLength":"54","TargetUser":"S-1-5-21-2376127652-1403096981-1664155051-1338","TargetLogonId":"0x10dc6eb","RuleId":"{a61c8b2c-a319-4cd0-9690-d2177cad7b51}","FileHashLength":"32","FqbnLength":"113","TargetProcessId":"9584","PolicyName":"EXE","FullFilePathLength":"27","RuleName":"(Default Rule) All files located in the Windows folder"},"process":{"pid":4080,"thread":{"id":9388}},"channel":"Microsoft-Windows-AppLocker/EXE and DLL","api":"wineventlog","event_id":8002,"provider_guid":"{cbda4dbf-8d5d-4f69-9578-be14aa540d22}","provider_name":"Microsoft-Windows-AppLocker"}}
{"@version":"1","message":"%SYSTEM32%\\CONHOST.EXE was allowed to run.","event":{"created":"2023-09-08T13:15:18.305Z","code":8002,"provider":"Microsoft-Windows-AppLocker","kind":"event","original":"%SYSTEM32%\\CONHOST.EXE was allowed to run."},"collector_node_id":"WINF148103EN","@timestamp":"2023-09-08T13:15:15.313Z","agent":{"id":"8a461181-cb3e-4de6-b2da-019fe221fa3a","ephemeral_id":"343f4297-6201-4238-bffe-46f62781abd1","name":"WINF148103EN","hostname":"WINF148103EN","type":"winlogbeat","version":"7.11.1"},"gl2_source_collector":"1df5757b-0293-45c8-beef-9cb7782160ac","log":{"level":"information"},"tags":["applocker","beats_input_codec_plain_applied"],"host":{"name":"WINF148103EN.demo.io"},"ecs":{"version":"1.7.0"},"winlog":{"record_id":2338,"opcode":"Info","task":"","user":{"name":"discho","type":"User","identifier":"S-1-5-21-2376127652-1403096981-1664155051-1338","domain":"DEMO"},"computer_name":"WINF148103EN.demo.io","user_data":{"RuleSddlLength":"57","PolicyNameLength":"3","Fqbn":"O=MICROSOFT CORPORATION, L=REDMOND, S=WASHINGTON, C=US\\MICROSOFT® WINDOWS® OPERATING SYSTEM\\CONHOST.EXE\\10.0.20348.558","FilePathLength":"22","FilePath":"%SYSTEM32%\\CONHOST.EXE","FileHash":"1193ED0D8668057F34AA2C805BA48AFC6B65025131C75D32A647F50EF774B83C","FullFilePath":"\\SystemRoot\\System32\\Conhost.exe","xml_name":"RuleAndFileData","RuleSddl":"D:(XA;;FX;;;S-1-1-0;(APPID://PATH Contains \"%WINDIR%\\*\"))","RuleNameLength":"54","FileHashLength":"32","TargetLogonId":"0x10dc6eb","RuleId":"{a61c8b2c-a319-4cd0-9690-d2177cad7b51}","TargetUser":"S-1-5-21-2376127652-1403096981-1664155051-1338","FqbnLength":"118","TargetProcessId":"5588","PolicyName":"EXE","FullFilePathLength":"32","RuleName":"(Default Rule) All files located in the Windows folder"},"process":{"pid":9584,"thread":{"id":8268}},"channel":"Microsoft-Windows-AppLocker/EXE and DLL","api":"wineventlog","event_id":8002,"provider_guid":"{cbda4dbf-8d5d-4f69-9578-be14aa540d22}","provider_name":"Microsoft-Windows-AppLocker"}}
{"@version":"1","message":"%SYSTEM32%\\NOTEPAD.EXE was allowed to run.","event":{"created":"2023-09-08T13:15:18.305Z","provider":"Microsoft-Windows-AppLocker","code":8002,"kind":"event","original":"%SYSTEM32%\\NOTEPAD.EXE was allowed to run."},"collector_node_id":"WINF148103EN","@timestamp":"2023-09-08T13:15:15.508Z","agent":{"id":"8a461181-cb3e-4de6-b2da-019fe221fa3a","name":"WINF148103EN","ephemeral_id":"343f4297-6201-4238-bffe-46f62781abd1","hostname":"WINF148103EN","type":"winlogbeat","version":"7.11.1"},"gl2_source_collector":"1df5757b-0293-45c8-beef-9cb7782160ac","log":{"level":"information"},"tags":["applocker","beats_input_codec_plain_applied"],"ecs":{"version":"1.7.0"},"host":{"name":"WINF148103EN.demo.io"},"winlog":{"record_id":2340,"opcode":"Info","task":"","user":{"name":"discho","type":"User","identifier":"S-1-5-21-2376127652-1403096981-1664155051-1338","domain":"DEMO"},"computer_name":"WINF148103EN.demo.io","user_data":{"RuleSddlLength":"57","PolicyNameLength":"3","FilePathLength":"22","Fqbn":"O=MICROSOFT CORPORATION, L=REDMOND, S=WASHINGTON, C=US\\MICROSOFT® WINDOWS® OPERATING SYSTEM\\NOTEPAD.EXE\\10.0.20348.01","FilePath":"%SYSTEM32%\\NOTEPAD.EXE","FileHash":"F54C17D728D06BF888691A8B3622DEA5DCB59A11AFE4E3321D116DC0D02F544F","RuleSddl":"D:(XA;;FX;;;S-1-1-0;(APPID://PATH Contains \"%WINDIR%\\*\"))","xml_name":"RuleAndFileData","FullFilePath":"C:\\WINDOWS\\System32\\notepad.exe","RuleNameLength":"54","TargetLogonId":"0x10dc6eb","FileHashLength":"32","RuleId":"{a61c8b2c-a319-4cd0-9690-d2177cad7b51}","TargetUser":"S-1-5-21-2376127652-1403096981-1664155051-1338","FqbnLength":"117","TargetProcessId":"5024","PolicyName":"EXE","FullFilePathLength":"31","RuleName":"(Default Rule) All files located in the Windows folder"},"process":{"thread":{"id":8268},"pid":9584},"channel":"Microsoft-Windows-AppLocker/EXE and DLL","api":"wineventlog","event_id":8002,"provider_guid":"{cbda4dbf-8d5d-4f69-9578-be14aa540d22}","provider_name":"Microsoft-Windows-AppLocker"}}
{"@version":"1","message":"%WINDIR%\\CCM\\UPDATETRUSTEDSITES.EXE was allowed to run.","event":{"created":"2023-09-08T13:15:18.305Z","code":8002,"provider":"Microsoft-Windows-AppLocker","kind":"event","original":"%WINDIR%\\CCM\\UPDATETRUSTEDSITES.EXE was allowed to run."},"collector_node_id":"WINF148103EN","@timestamp":"2023-09-08T13:15:15.535Z","agent":{"id":"8a461181-cb3e-4de6-b2da-019fe221fa3a","ephemeral_id":"343f4297-6201-4238-bffe-46f62781abd1","name":"WINF148103EN","hostname":"WINF148103EN","type":"winlogbeat","version":"7.11.1"},"gl2_source_collector":"1df5757b-0293-45c8-beef-9cb7782160ac","log":{"level":"information"},"tags":["applocker","beats_input_codec_plain_applied"],"ecs":{"version":"1.7.0"},"host":{"name":"WINF148103EN.demo.io"},"winlog":{"record_id":2341,"opcode":"Info","task":"","user":{"name":"SYSTEM","type":"User","identifier":"S-1-5-18","domain":"NT AUTHORITY"},"computer_name":"WINF148103EN.demo.io","user_data":{"RuleSddlLength":"57","PolicyNameLength":"3","FilePathLength":"35","Fqbn":"O=MICROSOFT CORPORATION, L=REDMOND, S=WASHINGTON, C=US\\ENDPOINT CONFIGURATION MANAGER\\UPDATETRUSTEDSITES.EXE\\5.0.9078.1000","RuleSddl":"D:(XA;;FX;;;S-1-1-0;(APPID://PATH Contains \"%WINDIR%\\*\"))","FileHash":"BB55DDFDCFDAFB94837692A17F3E524BA8063ADEDB6D62B98F170F56BB4B0545","FilePath":"%WINDIR%\\CCM\\UPDATETRUSTEDSITES.EXE","FullFilePath":"C:\\WINDOWS\\CCM\\UpdateTrustedSites.exe","xml_name":"RuleAndFileData","RuleNameLength":"54","TargetUser":"S-1-5-21-2376127652-1403096981-1664155051-1338","FileHashLength":"32","TargetLogonId":"0x10dc6eb","RuleId":"{a61c8b2c-a319-4cd0-9690-d2177cad7b51}","FqbnLength":"122","TargetProcessId":"8296","PolicyName":"EXE","FullFilePathLength":"37","RuleName":"(Default Rule) All files located in the Windows folder"},"process":{"pid":6104,"thread":{"id":1740}},"channel":"Microsoft-Windows-AppLocker/EXE and DLL","api":"wineventlog","event_id":8002,"provider_guid":"{cbda4dbf-8d5d-4f69-9578-be14aa540d22}","provider_name":"Microsoft-Windows-AppLocker"}}
{"@version":"1","message":"%SYSTEM32%\\WIN32CALC.EXE was allowed to run.","event":{"created":"2023-09-08T13:15:18.305Z","provider":"Microsoft-Windows-AppLocker","code":8002,"kind":"event","original":"%SYSTEM32%\\WIN32CALC.EXE was allowed to run."},"collector_node_id":"WINF148103EN","@timestamp":"2023-09-08T13:15:15.537Z","agent":{"id":"8a461181-cb3e-4de6-b2da-019fe221fa3a","ephemeral_id":"343f4297-6201-4238-bffe-46f62781abd1","name":"WINF148103EN","hostname":"WINF148103EN","type":"winlogbeat","version":"7.11.1"},"gl2_source_collector":"1df5757b-0293-45c8-beef-9cb7782160ac","log":{"level":"information"},"tags":["applocker","beats_input_codec_plain_applied"],"ecs":{"version":"1.7.0"},"host":{"name":"WINF148103EN.demo.io"},"winlog":{"opcode":"Info","record_id":2342,"task":"","user":{"name":"discho","type":"User","identifier":"S-1-5-21-2376127652-1403096981-1664155051-1338","domain":"DEMO"},"computer_name":"WINF148103EN.demo.io","user_data":{"RuleSddlLength":"57","Fqbn":"O=MICROSOFT CORPORATION, L=REDMOND, S=WASHINGTON, C=US\\MICROSOFT® WINDOWS® OPERATING SYSTEM\\WIN32CALC.EXE\\10.0.20348.143","FilePathLength":"24","PolicyNameLength":"3","FilePath":"%SYSTEM32%\\WIN32CALC.EXE","FileHash":"169258CB97FAD8E6C9015A840FCFDBA8E20A5A58E1184EB517EA2CB5B948C180","xml_name":"RuleAndFileData","FullFilePath":"C:\\WINDOWS\\System32\\win32calc.exe","RuleSddl":"D:(XA;;FX;;;S-1-1-0;(APPID://PATH Contains \"%WINDIR%\\*\"))","RuleNameLength":"54","TargetLogonId":"0x10dc6eb","TargetUser":"S-1-5-21-2376127652-1403096981-1664155051-1338","FileHashLength":"32","RuleId":"{a61c8b2c-a319-4cd0-9690-d2177cad7b51}","FqbnLength":"120","TargetProcessId":"5352","PolicyName":"EXE","FullFilePathLength":"33","RuleName":"(Default Rule) All files located in the Windows folder"},"process":{"thread":{"id":8268},"pid":9584},"channel":"Microsoft-Windows-AppLocker/EXE and DLL","api":"wineventlog","event_id":8002,"provider_guid":"{cbda4dbf-8d5d-4f69-9578-be14aa540d22}","provider_name":"Microsoft-Windows-AppLocker"}}
{"@version":"1","message":"%SYSTEM32%\\SNIPPINGTOOL.EXE was allowed to run.","event":{"created":"2023-09-08T13:15:19.963Z","code":8002,"provider":"Microsoft-Windows-AppLocker","kind":"event","original":"%SYSTEM32%\\SNIPPINGTOOL.EXE was allowed to run."},"collector_node_id":"WINF148103EN","@timestamp":"2023-09-08T13:15:15.767Z","agent":{"id":"8a461181-cb3e-4de6-b2da-019fe221fa3a","ephemeral_id":"343f4297-6201-4238-bffe-46f62781abd1","name":"WINF148103EN","hostname":"WINF148103EN","type":"winlogbeat","version":"7.11.1"},"gl2_source_collector":"1df5757b-0293-45c8-beef-9cb7782160ac","log":{"level":"information"},"tags":["applocker","beats_input_codec_plain_applied"],"ecs":{"version":"1.7.0"},"host":{"name":"WINF148103EN.demo.io"},"winlog":{"record_id":2346,"opcode":"Info","task":"","user":{"name":"discho","type":"User","identifier":"S-1-5-21-2376127652-1403096981-1664155051-1338","domain":"DEMO"},"computer_name":"WINF148103EN.demo.io","user_data":{"RuleSddlLength":"57","PolicyNameLength":"3","Fqbn":"O=MICROSOFT CORPORATION, L=REDMOND, S=WASHINGTON, C=US\\MICROSOFT® WINDOWS® OPERATING SYSTEM\\SNIPPINGTOOL.EXE\\10.0.20348.143","FilePathLength":"27","FilePath":"%SYSTEM32%\\SNIPPINGTOOL.EXE","FileHash":"3EF5359AC19E7EC4B6415E478CCC94CCCE7691E0FB145BEBDD15219201C2210C","FullFilePath":"C:\\WINDOWS\\System32\\SnippingTool.exe","xml_name":"RuleAndFileData","RuleSddl":"D:(XA;;FX;;;S-1-1-0;(APPID://PATH Contains \"%WINDIR%\\*\"))","RuleNameLength":"54","FileHashLength":"32","TargetUser":"S-1-5-21-2376127652-1403096981-1664155051-1338","RuleId":"{a61c8b2c-a319-4cd0-9690-d2177cad7b51}","TargetLogonId":"0x10dc6eb","FqbnLength":"123","TargetProcessId":"10032","PolicyName":"EXE","FullFilePathLength":"36","RuleName":"(Default Rule) All files located in the Windows folder"},"process":{"pid":9584,"thread":{"id":8268}},"channel":"Microsoft-Windows-AppLocker/EXE and DLL","api":"wineventlog","event_id":8002,"provider_guid":"{cbda4dbf-8d5d-4f69-9578-be14aa540d22}","provider_name":"Microsoft-Windows-AppLocker"}}
{"@version":"1","message":"%SYSTEM32%\\PSR.EXE was allowed to run.","event":{"created":"2023-09-08T13:15:19.963Z","code":8002,"provider":"Microsoft-Windows-AppLocker","kind":"event","original":"%SYSTEM32%\\PSR.EXE was allowed to run."},"collector_node_id":"WINF148103EN","@timestamp":"2023-09-08T13:15:15.845Z","agent":{"id":"8a461181-cb3e-4de6-b2da-019fe221fa3a","ephemeral_id":"343f4297-6201-4238-bffe-46f62781abd1","name":"WINF148103EN","hostname":"WINF148103EN","type":"winlogbeat","version":"7.11.1"},"gl2_source_collector":"1df5757b-0293-45c8-beef-9cb7782160ac","log":{"level":"information"},"tags":["applocker","beats_input_codec_plain_applied"],"host":{"name":"WINF148103EN.demo.io"},"ecs":{"version":"1.7.0"},"winlog":{"record_id":2347,"opcode":"Info","task":"","user":{"name":"discho","type":"User","identifier":"S-1-5-21-2376127652-1403096981-1664155051-1338","domain":"DEMO"},"computer_name":"WINF148103EN.demo.io","user_data":{"RuleSddlLength":"57","Fqbn":"O=MICROSOFT CORPORATION, L=REDMOND, S=WASHINGTON, C=US\\MICROSOFT® WINDOWS® OPERATING SYSTEM\\PSR.EXE\\10.0.20348.01","FilePathLength":"18","PolicyNameLength":"3","FilePath":"%SYSTEM32%\\PSR.EXE","RuleSddl":"D:(XA;;FX;;;S-1-1-0;(APPID://PATH Contains \"%WINDIR%\\*\"))","FullFilePath":"C:\\WINDOWS\\System32\\psr.exe","xml_name":"RuleAndFileData","FileHash":"1B4E65F8066F4805BCC2762BEB6A61FC333E2C715DA7130726E7993481AC3739","RuleNameLength":"54","TargetLogonId":"0x10dc6eb","TargetUser":"S-1-5-21-2376127652-1403096981-1664155051-1338","RuleId":"{a61c8b2c-a319-4cd0-9690-d2177cad7b51}","FileHashLength":"32","FqbnLength":"113","TargetProcessId":"9920","PolicyName":"EXE","FullFilePathLength":"27","RuleName":"(Default Rule) All files located in the Windows folder"},"process":{"thread":{"id":8268},"pid":9584},"channel":"Microsoft-Windows-AppLocker/EXE and DLL","api":"wineventlog","event_id":8002,"provider_guid":"{cbda4dbf-8d5d-4f69-9578-be14aa540d22}","provider_name":"Microsoft-Windows-AppLocker"}}
{"@version":"1","message":"%SYSTEM32%\\PSR.EXE was allowed to run.","event":{"created":"2023-09-08T13:15:19.963Z","code":8002,"provider":"Microsoft-Windows-AppLocker","kind":"event","original":"%SYSTEM32%\\PSR.EXE was allowed to run."},"collector_node_id":"WINF148103EN","@timestamp":"2023-09-08T13:15:16.026Z","agent":{"id":"8a461181-cb3e-4de6-b2da-019fe221fa3a","ephemeral_id":"343f4297-6201-4238-bffe-46f62781abd1","name":"WINF148103EN","hostname":"WINF148103EN","type":"winlogbeat","version":"7.11.1"},"gl2_source_collector":"1df5757b-0293-45c8-beef-9cb7782160ac","log":{"level":"information"},"tags":["applocker","beats_input_codec_plain_applied"],"host":{"name":"WINF148103EN.demo.io"},"ecs":{"version":"1.7.0"},"winlog":{"record_id":2348,"opcode":"Info","task":"","user":{"name":"discho","type":"User","identifier":"S-1-5-21-2376127652-1403096981-1664155051-1338","domain":"DEMO"},"computer_name":"WINF148103EN.demo.io","user_data":{"RuleSddlLength":"57","PolicyNameLength":"3","FilePathLength":"18","Fqbn":"O=MICROSOFT CORPORATION, L=REDMOND, S=WASHINGTON, C=US\\MICROSOFT® WINDOWS® OPERATING SYSTEM\\PSR.EXE\\10.0.20348.01","FilePath":"%SYSTEM32%\\PSR.EXE","FileHash":"1B4E65F8066F4805BCC2762BEB6A61FC333E2C715DA7130726E7993481AC3739","xml_name":"RuleAndFileData","FullFilePath":"C:\\WINDOWS\\System32\\psr.exe","RuleSddl":"D:(XA;;FX;;;S-1-1-0;(APPID://PATH Contains \"%WINDIR%\\*\"))","RuleNameLength":"54","FileHashLength":"32","TargetUser":"S-1-5-21-2376127652-1403096981-1664155051-1338","RuleId":"{a61c8b2c-a319-4cd0-9690-d2177cad7b51}","TargetLogonId":"0x10dc6eb","FqbnLength":"113","TargetProcessId":"6344","PolicyName":"EXE","FullFilePathLength":"27","RuleName":"(Default Rule) All files located in the Windows folder"},"process":{"pid":9584,"thread":{"id":8268}},"channel":"Microsoft-Windows-AppLocker/EXE and DLL","api":"wineventlog","event_id":8002,"provider_guid":"{cbda4dbf-8d5d-4f69-9578-be14aa540d22}","provider_name":"Microsoft-Windows-AppLocker"}}
{"@version":"1","message":"%SYSTEM32%\\PSR.EXE was allowed to run.","event":{"created":"2023-09-08T13:15:19.963Z","code":8002,"provider":"Microsoft-Windows-AppLocker","kind":"event","original":"%SYSTEM32%\\PSR.EXE was allowed to run."},"collector_node_id":"WINF148103EN","@timestamp":"2023-09-08T13:15:16.150Z","agent":{"id":"8a461181-cb3e-4de6-b2da-019fe221fa3a","name":"WINF148103EN","ephemeral_id":"343f4297-6201-4238-bffe-46f62781abd1","hostname":"WINF148103EN","type":"winlogbeat","version":"7.11.1"},"gl2_source_collector":"1df5757b-0293-45c8-beef-9cb7782160ac","log":{"level":"information"},"tags":["applocker","beats_input_codec_plain_applied"],"host":{"name":"WINF148103EN.demo.io"},"ecs":{"version":"1.7.0"},"winlog":{"record_id":2349,"opcode":"Info","task":"","user":{"name":"discho","type":"User","identifier":"S-1-5-21-2376127652-1403096981-1664155051-1338","domain":"DEMO"},"computer_name":"WINF148103EN.demo.io","user_data":{"RuleSddlLength":"57","Fqbn":"O=MICROSOFT CORPORATION, L=REDMOND, S=WASHINGTON, C=US\\MICROSOFT® WINDOWS® OPERATING SYSTEM\\PSR.EXE\\10.0.20348.01","FilePathLength":"18","PolicyNameLength":"3","RuleSddl":"D:(XA;;FX;;;S-1-1-0;(APPID://PATH Contains \"%WINDIR%\\*\"))","FilePath":"%SYSTEM32%\\PSR.EXE","FullFilePath":"C:\\WINDOWS\\System32\\psr.exe","xml_name":"RuleAndFileData","FileHash":"1B4E65F8066F4805BCC2762BEB6A61FC333E2C715DA7130726E7993481AC3739","RuleNameLength":"54","TargetLogonId":"0x10dc6eb","TargetUser":"S-1-5-21-2376127652-1403096981-1664155051-1338","RuleId":"{a61c8b2c-a319-4cd0-9690-d2177cad7b51}","FileHashLength":"32","FqbnLength":"113","TargetProcessId":"5968","PolicyName":"EXE","FullFilePathLength":"27","RuleName":"(Default Rule) All files located in the Windows folder"},"process":{"pid":6376,"thread":{"id":1804}},"channel":"Microsoft-Windows-AppLocker/EXE and DLL","api":"wineventlog","event_id":8002,"provider_guid":"{cbda4dbf-8d5d-4f69-9578-be14aa540d22}","provider_name":"Microsoft-Windows-AppLocker"}}
