{"@version":"1","message":"%WINDIR%\\EXPLORER.EXE was allowed to run.","event":{"created":"2023-09-08T13:15:18.305Z","code":8002,"provider":"Microsoft-Windows-AppLocker","kind":"event","original":"%WINDIR%\\EXPLORER.EXE was allowed to run."},"collector_node_id":"WINF148103EN","@timestamp":"2023-09-08T13:15:15.500Z","agent":{"id":"8a461181-cb3e-4de6-b2da-019fe221fa3a","ephemeral_id":"343f4297-6201-4238-bffe-46f62781abd1","name":"WINF148103EN","hostname":"WINF148103EN","type":"winlogbeat","version":"7.11.1"},"gl2_source_collector":"1df5757b-0293-45c8-beef-9cb7782160ac","log":{"level":"information"},"tags":["applocker","beats_input_codec_plain_applied"],"host":{"name":"WINF148103EN.demo.io"},"ecs":{"version":"1.7.0"},"winlog":{"record_id":2339,"opcode":"Info","task":"","user":{"name":"discho","type":"User","identifier":"S-1-5-21-2376127652-1403096981-1664155051-1338","domain":"DEMO"},"computer_name":"WINF148103EN.demo.io","user_data":{"RuleSddlLength":"57","Fqbn":"O=MICROSOFT CORPORATION, L=REDMOND, S=WASHINGTON, C=US\\MICROSOFT® WINDOWS® OPERATING SYSTEM\\EXPLORER.EXE\\10.0.20348.558","FilePathLength":"21","PolicyNameLength":"3","RuleSddl":"D:(XA;;FX;;;S-1-1-0;(APPID://PATH Contains \"%WINDIR%\\*\"))","FilePath":"%WINDIR%\\EXPLORER.EXE","xml_name":"RuleAndFileData","FileHash":"19252086F34F4A76D2D43F0070511E2AE167278FDCC25C12506DC1B83649359E","FullFilePath":"C:\\WINDOWS\\explorer.exe","RuleNameLength":"54","FileHashLength":"32","TargetLogonId":"0x10dc6eb","RuleId":"{a61c8b2c-a319-4cd0-9690-d2177cad7b51}","TargetUser":"S-1-5-21-2376127652-1403096981-1664155051-1338","FqbnLength":"119","TargetProcessId":"3848","PolicyName":"EXE","FullFilePathLength":"23","RuleName":"(Default Rule) All files located in the Windows folder"},"process":{"pid":9584,"thread":{"id":8268}},"channel":"Microsoft-Windows-AppLocker/EXE and DLL","api":"wineventlog","event_id":8002,"provider_guid":"{cbda4dbf-8d5d-4f69-9578-be14aa540d22}","provider_name":"Microsoft-Windows-AppLocker"}}
{"@version":"1","message":"%SYSTEM32%\\CONHOST.EXE was allowed to run.","event":{"created":"2023-09-08T13:15:18.305Z","code":8002,"provider":"Microsoft-Windows-AppLocker","kind":"event","original":"%SYSTEM32%\\CONHOST.EXE was allowed to run."},"collector_node_id":"WINF148103EN","@timestamp":"2023-09-08T13:15:15.543Z","agent":{"id":"8a461181-cb3e-4de6-b2da-019fe221fa3a","name":"WINF148103EN","ephemeral_id":"343f4297-6201-4238-bffe-46f62781abd1","hostname":"WINF148103EN","type":"winlogbeat","version":"7.11.1"},"gl2_source_collector":"1df5757b-0293-45c8-beef-9cb7782160ac","log":{"level":"information"},"tags":["applocker","beats_input_codec_plain_applied"],"ecs":{"version":"1.7.0"},"host":{"name":"WINF148103EN.demo.io"},"winlog":{"record_id":2343,"opcode":"Info","task":"","user":{"name":"discho","type":"User","identifier":"S-1-5-21-2376127652-1403096981-1664155051-1338","domain":"DEMO"},"computer_name":"WINF148103EN.demo.io","user_data":{"RuleSddlLength":"57","Fqbn":"O=MICROSOFT CORPORATION, L=REDMOND, S=WASHINGTON, C=US\\MICROSOFT® WINDOWS® OPERATING SYSTEM\\CONHOST.EXE\\10.0.20348.558","FilePathLength":"22","PolicyNameLength":"3","FilePath":"%SYSTEM32%\\CONHOST.EXE","FileHash":"1193ED0D8668057F34AA2C805BA48AFC6B65025131C75D32A647F50EF774B83C","FullFilePath":"\\SystemRoot\\System32\\Conhost.exe","RuleSddl":"D:(XA;;FX;;;S-1-1-0;(APPID://PATH Contains \"%WINDIR%\\*\"))","xml_name":"RuleAndFileData","RuleNameLength":"54","TargetUser":"S-1-5-21-2376127652-1403096981-1664155051-1338","FileHashLength":"32","RuleId":"{a61c8b2c-a319-4cd0-9690-d2177cad7b51}","TargetLogonId":"0x10dc6eb","FqbnLength":"118","TargetProcessId":"6048","PolicyName":"EXE","FullFilePathLength":"32","RuleName":"(Default Rule) All files located in the Windows folder"},"process":{"pid":8296,"thread":{"id":5900}},"channel":"Microsoft-Windows-AppLocker/EXE and DLL","api":"wineventlog","event_id":8002,"provider_guid":"{cbda4dbf-8d5d-4f69-9578-be14aa540d22}","provider_name":"Microsoft-Windows-AppLocker"}}
{"@version":"1","message":"%SYSTEM32%\\CHARMAP.EXE was allowed to run.","event":{"created":"2023-09-08T13:15:18.305Z","provider":"Microsoft-Windows-AppLocker","code":8002,"kind":"event","original":"%SYSTEM32%\\CHARMAP.EXE was allowed to run."},"collector_node_id":"WINF148103EN","@timestamp":"2023-09-08T13:15:15.554Z","agent":{"id":"8a461181-cb3e-4de6-b2da-019fe221fa3a","ephemeral_id":"343f4297-6201-4238-bffe-46f62781abd1","name":"WINF148103EN","hostname":"WINF148103EN","type":"winlogbeat","version":"7.11.1"},"gl2_source_collector":"1df5757b-0293-45c8-beef-9cb7782160ac","log":{"level":"information"},"tags":["applocker","beats_input_codec_plain_applied"],"host":{"name":"WINF148103EN.demo.io"},"ecs":{"version":"1.7.0"},"winlog":{"record_id":2344,"opcode":"Info","task":"","user":{"name":"discho","type":"User","identifier":"S-1-5-21-2376127652-1403096981-1664155051-1338","domain":"DEMO"},"computer_name":"WINF148103EN.demo.io","user_data":{"RuleSddlLength":"57","Fqbn":"O=MICROSOFT CORPORATION, L=REDMOND, S=WASHINGTON, C=US\\MICROSOFT® WINDOWS® OPERATING SYSTEM\\CHARMAP.EXE\\5.2.3668.00","FilePathLength":"22","PolicyNameLength":"3","FilePath":"%SYSTEM32%\\CHARMAP.EXE","RuleSddl":"D:(XA;;FX;;;S-1-1-0;(APPID://PATH Contains \"%WINDIR%\\*\"))","xml_name":"RuleAndFileData","FullFilePath":"C:\\WINDOWS\\System32\\charmap.exe","FileHash":"467158CAC55038E1ED69226FBFD2F056BBC8E85892EEF5A94BFAEBBFED220E97","RuleNameLength":"54","TargetUser":"S-1-5-21-2376127652-1403096981-1664155051-1338","TargetLogonId":"0x10dc6eb","FileHashLength":"32","RuleId":"{a61c8b2c-a319-4cd0-9690-d2177cad7b51}","FqbnLength":"115","TargetProcessId":"9840","PolicyName":"EXE","FullFilePathLength":"31","RuleName":"(Default Rule) All files located in the Windows folder"},"process":{"thread":{"id":8268},"pid":9584},"channel":"Microsoft-Windows-AppLocker/EXE and DLL","api":"wineventlog","event_id":8002,"provider_guid":"{cbda4dbf-8d5d-4f69-9578-be14aa540d22}","provider_name":"Microsoft-Windows-AppLocker"}}
{"@version":"1","message":"%SYSTEM32%\\MSPAINT.EXE was allowed to run.","event":{"created":"2023-09-08T13:15:18.305Z","provider":"Microsoft-Windows-AppLocker","code":8002,"kind":"event","original":"%SYSTEM32%\\MSPAINT.EXE was allowed to run."},"collector_node_id":"WINF148103EN","@timestamp":"2023-09-08T13:15:15.582Z","agent":{"id":"8a461181-cb3e-4de6-b2da-019fe221fa3a","ephemeral_id":"343f4297-6201-4238-bffe-46f62781abd1","name":"WINF148103EN","hostname":"WINF148103EN","type":"winlogbeat","version":"7.11.1"},"gl2_source_collector":"1df5757b-0293-45c8-beef-9cb7782160ac","log":{"level":"information"},"tags":["applocker","beats_input_codec_plain_applied"],"ecs":{"version":"1.7.0"},"host":{"name":"WINF148103EN.demo.io"},"winlog":{"record_id":2345,"opcode":"Info","task":"","user":{"name":"discho","type":"User","identifier":"S-1-5-21-2376127652-1403096981-1664155051-1338","domain":"DEMO"},"computer_name":"WINF148103EN.demo.io","user_data":{"RuleSddlLength":"57","Fqbn":"O=MICROSOFT CORPORATION, L=REDMOND, S=WASHINGTON, C=US\\MICROSOFT® WINDOWS® OPERATING SYSTEM\\MSPAINT.EXE\\10.0.20348.01","FilePathLength":"22","PolicyNameLength":"3","RuleSddl":"D:(XA;;FX;;;S-1-1-0;(APPID://PATH Contains \"%WINDIR%\\*\"))","FileHash":"B7627231F1E5461A4C7B923670F556CD920ABA05B2C8CA1489E25C6AB295054A","FullFilePath":"C:\\WINDOWS\\System32\\mspaint.exe","xml_name":"RuleAndFileData","FilePath":"%SYSTEM32%\\MSPAINT.EXE","RuleNameLength":"54","TargetLogonId":"0x10dc6eb","TargetUser":"S-1-5-21-2376127652-1403096981-1664155051-1338","FileHashLength":"32","RuleId":"{a61c8b2c-a319-4cd0-9690-d2177cad7b51}","FqbnLength":"117","TargetProcessId":"7312","PolicyName":"EXE","FullFilePathLength":"31","RuleName":"(Default Rule) All files located in the Windows folder"},"process":{"pid":9584,"thread":{"id":8268}},"channel":"Microsoft-Windows-AppLocker/EXE and DLL","api":"wineventlog","event_id":8002,"provider_guid":"{cbda4dbf-8d5d-4f69-9578-be14aa540d22}","provider_name":"Microsoft-Windows-AppLocker"}}
{"@version":"1","message":"%OSDRIVE%\\USERS\\DISCHO\\APPDATA\\LOCAL\\TEMP\\__PSSCRIPTPOLICYTEST_PAG1OT2C.XDD.PS1 was allowed to run but would have been prevented from running if the AppLocker policy were enforced.","event":{"created":"2023-09-08T13:15:18.832Z","provider":"Microsoft-Windows-AppLocker","code":8006,"kind":"event","original":"%OSDRIVE%\\USERS\\DISCHO\\APPDATA\\LOCAL\\TEMP\\__PSSCRIPTPOLICYTEST_PAG1OT2C.XDD.PS1 was allowed to run but would have been prevented from running if the AppLocker policy were enforced."},"collector_node_id":"WINF148103EN","@timestamp":"2023-09-08T13:15:17.453Z","agent":{"id":"8a461181-cb3e-4de6-b2da-019fe221fa3a","ephemeral_id":"343f4297-6201-4238-bffe-46f62781abd1","name":"WINF148103EN","hostname":"WINF148103EN","type":"winlogbeat","version":"7.11.1"},"gl2_source_collector":"1df5757b-0293-45c8-beef-9cb7782160ac","log":{"level":"warning"},"tags":["applocker","beats_input_codec_plain_applied"],"host":{"name":"WINF148103EN.demo.io"},"ecs":{"version":"1.7.0"},"winlog":{"record_id":360,"opcode":"Info","task":"","user":{"name":"discho","type":"User","identifier":"S-1-5-21-2376127652-1403096981-1664155051-1338","domain":"DEMO"},"computer_name":"WINF148103EN.demo.io","user_data":{"RuleSddlLength":"1","Fqbn":"-","FilePathLength":"79","PolicyNameLength":"6","FilePath":"%OSDRIVE%\\USERS\\DISCHO\\APPDATA\\LOCAL\\TEMP\\__PSSCRIPTPOLICYTEST_PAG1OT2C.XDD.PS1","FileHash":"96AD1146EB96877EAB5942AE0736B82D8B5E2039A80D3D6932665C1A4C87DCF7","xml_name":"RuleAndFileData","RuleSddl":"-","FullFilePath":"C:\\Users\\DISCHO\\AppData\\Local\\Temp\\__PSScriptPolicyTest_pag1ot2c.xdd.ps1","RuleNameLength":"1","FileHashLength":"32","TargetLogonId":"0x10dc6eb","RuleId":"{00000000-0000-0000-0000-000000000000}","TargetUser":"S-1-5-21-2376127652-1403096981-1664155051-1338","FqbnLength":"1","TargetProcessId":"4316","PolicyName":"SCRIPT","FullFilePathLength":"72","RuleName":"-"},"process":{"pid":4316,"thread":{"id":5764}},"channel":"Microsoft-Windows-AppLocker/MSI and Script","api":"wineventlog","event_id":8006,"provider_guid":"{cbda4dbf-8d5d-4f69-9578-be14aa540d22}","provider_name":"Microsoft-Windows-AppLocker"}}
{"@version":"1","message":"%OSDRIVE%\\USERS\\DISCHO\\APPDATA\\LOCAL\\TEMP\\__PSSCRIPTPOLICYTEST_NV4DSAS3.JJH.PS1 was allowed to run but would have been prevented from running if the AppLocker policy were enforced.","event":{"created":"2023-09-08T13:15:18.832Z","code":8006,"provider":"Microsoft-Windows-AppLocker","kind":"event","original":"%OSDRIVE%\\USERS\\DISCHO\\APPDATA\\LOCAL\\TEMP\\__PSSCRIPTPOLICYTEST_NV4DSAS3.JJH.PS1 was allowed to run but would have been prevented from running if the AppLocker policy were enforced."},"collector_node_id":"WINF148103EN","@timestamp":"2023-09-08T13:15:18.188Z","agent":{"id":"8a461181-cb3e-4de6-b2da-019fe221fa3a","name":"WINF148103EN","ephemeral_id":"343f4297-6201-4238-bffe-46f62781abd1","hostname":"WINF148103EN","type":"winlogbeat","version":"7.11.1"},"gl2_source_collector":"1df5757b-0293-45c8-beef-9cb7782160ac","log":{"level":"warning"},"tags":["applocker","beats_input_codec_plain_applied"],"host":{"name":"WINF148103EN.demo.io"},"ecs":{"version":"1.7.0"},"winlog":{"opcode":"Info","record_id":361,"task":"","user":{"name":"discho","type":"User","identifier":"S-1-5-21-2376127652-1403096981-1664155051-1338","domain":"DEMO"},"computer_name":"WINF148103EN.demo.io","activity_id":"{729ae5f9-e225-0003-89a6-9b7225e2d901}","user_data":{"RuleSddlLength":"1","PolicyNameLength":"6","FilePathLength":"79","Fqbn":"-","RuleSddl":"-","FilePath":"%OSDRIVE%\\USERS\\DISCHO\\APPDATA\\LOCAL\\TEMP\\__PSSCRIPTPOLICYTEST_NV4DSAS3.JJH.PS1","xml_name":"RuleAndFileData","FileHash":"96AD1146EB96877EAB5942AE0736B82D8B5E2039A80D3D6932665C1A4C87DCF7","FullFilePath":"C:\\Users\\DISCHO\\AppData\\Local\\Temp\\__PSScriptPolicyTest_nv4dsas3.jjh.ps1","RuleNameLength":"1","TargetUser":"S-1-5-21-2376127652-1403096981-1664155051-1338","TargetLogonId":"0x10dc6eb","RuleId":"{00000000-0000-0000-0000-000000000000}","FileHashLength":"32","FqbnLength":"1","TargetProcessId":"7356","PolicyName":"SCRIPT","FullFilePathLength":"72","RuleName":"-"},"process":{"pid":7356,"thread":{"id":4328}},"channel":"Microsoft-Windows-AppLocker/MSI and Script","api":"wineventlog","event_id":8006,"provider_guid":"{cbda4dbf-8d5d-4f69-9578-be14aa540d22}","provider_name":"Microsoft-Windows-AppLocker"}}
{"@version":"1","message":"L’exécution de %PROGRAMFILES%\\COMMON FILES\\MICROSOFT SHARED\\INK\\MIP.EXE a été autorisée.","event":{"created":"2023-09-08T13:15:18.079Z","code":8002,"provider":"Microsoft-Windows-AppLocker","kind":"event","original":"L’exécution de %PROGRAMFILES%\\COMMON FILES\\MICROSOFT SHARED\\INK\\MIP.EXE a été autorisée."},"collector_node_id":"WINF148104FR","@timestamp":"2023-09-08T13:15:13.537Z","agent":{"id":"f087d310-4eed-48d8-ba60-041b027dd6fa","ephemeral_id":"af4af741-de30-4778-8118-3d804a8b90a3","name":"WINF148104FR","hostname":"WINF148104FR","type":"winlogbeat","version":"7.11.1"},"gl2_source_collector":"f2fdff80-b545-496c-a718-b68f491f256a","log":{"level":"information"},"tags":["applocker","beats_input_codec_plain_applied"],"host":{"name":"WINF148104FR.demo.io"},"ecs":{"version":"1.7.0"},"winlog":{"opcode":"Informations","record_id":1565,"task":"","user":{"name":"aausmu","type":"User","identifier":"S-1-5-21-2376127652-1403096981-1664155051-1382","domain":"DEMO"},"computer_name":"WINF148104FR.demo.io","user_data":{"RuleSddlLength":"63","Fqbn":"O=MICROSOFT CORPORATION, L=REDMOND, S=WASHINGTON, C=US\\MICROSOFT® WINDOWS® OPERATING SYSTEM\\MIP.EXE\\10.0.20348.143","FilePathLength":"56","PolicyNameLength":"3","RuleSddl":"D:(XA;;FX;;;S-1-1-0;(APPID://PATH Contains \"%PROGRAMFILES%\\*\"))","FileHash":"3B14C2678EE3439E416D2A2341324E8379E82FCB63A7277CA9029EE47BE857B8","xml_name":"RuleAndFileData","FullFilePath":"C:\\Program Files\\COMMON FILES\\MICROSOFT SHARED\\INK\\mip.exe","FilePath":"%PROGRAMFILES%\\COMMON FILES\\MICROSOFT SHARED\\INK\\MIP.EXE","RuleNameLength":"60","FileHashLength":"32","TargetUser":"S-1-5-21-2376127652-1403096981-1664155051-1382","RuleId":"{921cc481-6e17-4653-8f75-050b80acca20}","TargetLogonId":"0x1004204","FqbnLength":"114","TargetProcessId":"8804","PolicyName":"EXE","FullFilePathLength":"58","RuleName":"(Default Rule) All files located in the Program Files folder"},"process":{"pid":4108,"thread":{"id":5864}},"channel":"Microsoft-Windows-AppLocker/EXE and DLL","api":"wineventlog","event_id":8002,"provider_guid":"{cbda4dbf-8d5d-4f69-9578-be14aa540d22}","provider_name":"Microsoft-Windows-AppLocker"}}
{"@version":"1","message":"L’exécution de %PROGRAMFILES%\\WINDOWS MEDIA PLAYER\\WMPLAYER.EXE a été autorisée.","event":{"created":"2023-09-08T13:15:18.079Z","code":8002,"provider":"Microsoft-Windows-AppLocker","kind":"event","original":"L’exécution de %PROGRAMFILES%\\WINDOWS MEDIA PLAYER\\WMPLAYER.EXE a été autorisée."},"collector_node_id":"WINF148104FR","@timestamp":"2023-09-08T13:15:13.552Z","agent":{"id":"f087d310-4eed-48d8-ba60-041b027dd6fa","ephemeral_id":"af4af741-de30-4778-8118-3d804a8b90a3","name":"WINF148104FR","hostname":"WINF148104FR","type":"winlogbeat","version":"7.11.1"},"gl2_source_collector":"f2fdff80-b545-496c-a718-b68f491f256a","log":{"level":"information"},"tags":["applocker","beats_input_codec_plain_applied"],"host":{"name":"WINF148104FR.demo.io"},"ecs":{"version":"1.7.0"},"winlog":{"record_id":1566,"opcode":"Informations","task":"","user":{"name":"aausmu","type":"User","identifier":"S-1-5-21-2376127652-1403096981-1664155051-1382","domain":"DEMO"},"computer_name":"WINF148104FR.demo.io","user_data":{"RuleSddlLength":"63","PolicyNameLength":"3","FilePathLength":"48","Fqbn":"O=MICROSOFT CORPORATION, L=REDMOND, S=WASHINGTON, C=US\\MICROSOFT® WINDOWS® OPERATING SYSTEM\\WMPLAYER.EXE\\12.0.20348.502","FilePath":"%PROGRAMFILES%\\WINDOWS MEDIA PLAYER\\WMPLAYER.EXE","RuleSddl":"D:(XA;;FX;;;S-1-1-0;(APPID://PATH Contains \"%PROGRAMFILES%\\*\"))","xml_name":"RuleAndFileData","FullFilePath":"C:\\Program Files\\WINDOWS MEDIA PLAYER\\wmplayer.exe","FileHash":"99ACA71C92786D795FA7896C65994C9B24A5FE5097645770549889F1D210F414","RuleNameLength":"60","FileHashLength":"32","TargetUser":"S-1-5-21-2376127652-1403096981-1664155051-1382","RuleId":"{921cc481-6e17-4653-8f75-050b80acca20}","TargetLogonId":"0x1004204","FqbnLength":"119","TargetProcessId":"3292","PolicyName":"EXE","FullFilePathLength":"50","RuleName":"(Default Rule) All files located in the Program Files folder"},"process":{"pid":4108,"thread":{"id":5864}},"channel":"Microsoft-Windows-AppLocker/EXE and DLL","api":"wineventlog","event_id":8002,"provider_guid":"{cbda4dbf-8d5d-4f69-9578-be14aa540d22}","provider_name":"Microsoft-Windows-AppLocker"}}
{"@version":"1","message":"L’exécution de %PROGRAMFILES%\\WINDOWS NT\\ACCESSORIES\\WORDPAD.EXE a été autorisée.","event":{"created":"2023-09-08T13:15:18.079Z","code":8002,"provider":"Microsoft-Windows-AppLocker","kind":"event","original":"L’exécution de %PROGRAMFILES%\\WINDOWS NT\\ACCESSORIES\\WORDPAD.EXE a été autorisée."},"collector_node_id":"WINF148104FR","@timestamp":"2023-09-08T13:15:13.584Z","agent":{"name":"WINF148104FR","ephemeral_id":"af4af741-de30-4778-8118-3d804a8b90a3","id":"f087d310-4eed-48d8-ba60-041b027dd6fa","hostname":"WINF148104FR","type":"winlogbeat","version":"7.11.1"},"gl2_source_collector":"f2fdff80-b545-496c-a718-b68f491f256a","log":{"level":"information"},"tags":["applocker","beats_input_codec_plain_applied"],"ecs":{"version":"1.7.0"},"host":{"name":"WINF148104FR.demo.io"},"winlog":{"record_id":1567,"opcode":"Informations","task":"","user":{"name":"aausmu","type":"User","identifier":"S-1-5-21-2376127652-1403096981-1664155051-1382","domain":"DEMO"},"computer_name":"WINF148104FR.demo.io","user_data":{"RuleSddlLength":"63","Fqbn":"O=MICROSOFT CORPORATION, L=REDMOND, S=WASHINGTON, C=US\\MICROSOFT® WINDOWS® OPERATING SYSTEM\\WORDPAD.EXE\\10.0.20348.01","FilePathLength":"49","PolicyNameLength":"3","FilePath":"%PROGRAMFILES%\\WINDOWS NT\\ACCESSORIES\\WORDPAD.EXE","FileHash":"7354CC44651D009B368DE589919D76D72AD927C416F62699C4EF514D99CBF048","xml_name":"RuleAndFileData","FullFilePath":"C:\\Program Files\\WINDOWS NT\\ACCESSORIES\\wordpad.exe","RuleSddl":"D:(XA;;FX;;;S-1-1-0;(APPID://PATH Contains \"%PROGRAMFILES%\\*\"))","RuleNameLength":"60","TargetUser":"S-1-5-21-2376127652-1403096981-1664155051-1382","FileHashLength":"32","RuleId":"{921cc481-6e17-4653-8f75-050b80acca20}","TargetLogonId":"0x1004204","FqbnLength":"117","TargetProcessId":"3084","PolicyName":"EXE","FullFilePathLength":"51","RuleName":"(Default Rule) All files located in the Program Files folder"},"process":{"pid":4108,"thread":{"id":5864}},"channel":"Microsoft-Windows-AppLocker/EXE and DLL","api":"wineventlog","event_id":8002,"provider_guid":"{cbda4dbf-8d5d-4f69-9578-be14aa540d22}","provider_name":"Microsoft-Windows-AppLocker"}}
{"@version":"1","message":"L’exécution de %OSDRIVE%\\USERS\\AAUSMU\\APPS\\SYSINTERNALS\\AUTORUNS.EXE a été autorisée mais elle aurait été empêchée si la stratégie AppLocker avait été appliquée.","event":{"created":"2023-09-08T13:15:18.079Z","code":8003,"provider":"Microsoft-Windows-AppLocker","kind":"event","original":"L’exécution de %OSDRIVE%\\USERS\\AAUSMU\\APPS\\SYSINTERNALS\\AUTORUNS.EXE a été autorisée mais elle aurait été empêchée si la stratégie AppLocker avait été appliquée."},"collector_node_id":"WINF148104FR","@timestamp":"2023-09-08T13:15:13.612Z","agent":{"id":"f087d310-4eed-48d8-ba60-041b027dd6fa","ephemeral_id":"af4af741-de30-4778-8118-3d804a8b90a3","name":"WINF148104FR","hostname":"WINF148104FR","type":"winlogbeat","version":"7.11.1"},"gl2_source_collector":"f2fdff80-b545-496c-a718-b68f491f256a","log":{"level":"avertissement"},"tags":["applocker","beats_input_codec_plain_applied"],"ecs":{"version":"1.7.0"},"host":{"name":"WINF148104FR.demo.io"},"winlog":{"record_id":1568,"opcode":"Informations","task":"","user":{"name":"aausmu","type":"User","identifier":"S-1-5-21-2376127652-1403096981-1664155051-1382","domain":"DEMO"},"computer_name":"WINF148104FR.demo.io","user_data":{"RuleSddlLength":"1","Fqbn":"O=MICROSOFT CORPORATION, L=REDMOND, S=WASHINGTON, C=US\\SYSINTERNALS AUTORUNS\\AUTORUNS.EXE\\14.10.0.00","PolicyNameLength":"3","FilePathLength":"53","RuleSddl":"-","FilePath":"%OSDRIVE%\\USERS\\AAUSMU\\APPS\\SYSINTERNALS\\AUTORUNS.EXE","FullFilePath":"C:\\Users\\aausmu\\Apps\\Sysinternals\\Autoruns.exe","xml_name":"RuleAndFileData","FileHash":"BF3020A0420E265E60734349B441B7EDC7D897FA20FC381203A59353984E0DCB","RuleNameLength":"1","TargetLogonId":"0x1004204","FileHashLength":"32","RuleId":"{00000000-0000-0000-0000-000000000000}","TargetUser":"S-1-5-21-2376127652-1403096981-1664155051-1382","FqbnLength":"100","TargetProcessId":"7308","PolicyName":"EXE","FullFilePathLength":"46","RuleName":"-"},"process":{"pid":4108,"thread":{"id":5864}},"channel":"Microsoft-Windows-AppLocker/EXE and DLL","api":"wineventlog","event_id":8003,"provider_guid":"{cbda4dbf-8d5d-4f69-9578-be14aa540d22}","provider_name":"Microsoft-Windows-AppLocker"}}
{"@version":"1","message":"L’exécution de %PROGRAMFILES%\\WINDOWS MEDIA PLAYER\\SETUP_WM.EXE a été autorisée.","event":{"created":"2023-09-08T13:15:18.079Z","code":8002,"provider":"Microsoft-Windows-AppLocker","kind":"event","original":"L’exécution de %PROGRAMFILES%\\WINDOWS MEDIA PLAYER\\SETUP_WM.EXE a été autorisée."},"collector_node_id":"WINF148104FR","@timestamp":"2023-09-08T13:15:13.670Z","agent":{"name":"WINF148104FR","ephemeral_id":"af4af741-de30-4778-8118-3d804a8b90a3","id":"f087d310-4eed-48d8-ba60-041b027dd6fa","hostname":"WINF148104FR","type":"winlogbeat","version":"7.11.1"},"gl2_source_collector":"f2fdff80-b545-496c-a718-b68f491f256a","log":{"level":"information"},"tags":["applocker","beats_input_codec_plain_applied"],"ecs":{"version":"1.7.0"},"host":{"name":"WINF148104FR.demo.io"},"winlog":{"opcode":"Informations","record_id":1569,"task":"","user":{"name":"aausmu","type":"User","identifier":"S-1-5-21-2376127652-1403096981-1664155051-1382","domain":"DEMO"},"computer_name":"WINF148104FR.demo.io","user_data":{"RuleSddlLength":"63","PolicyNameLength":"3","FilePathLength":"48","Fqbn":"O=MICROSOFT CORPORATION, L=REDMOND, S=WASHINGTON, C=US\\MICROSOFT® WINDOWS® OPERATING SYSTEM\\SETUP_WM.EXE\\12.0.20348.202","RuleSddl":"D:(XA;;FX;;;S-1-1-0;(APPID://PATH Contains \"%PROGRAMFILES%\\*\"))","FilePath":"%PROGRAMFILES%\\WINDOWS MEDIA PLAYER\\SETUP_WM.EXE","xml_name":"RuleAndFileData","FullFilePath":"C:\\Program Files (x86)\\Windows Media Player\\setup_wm.exe","FileHash":"1AE74F75F15A5A2726174A2F83329F0756D87619A3DCC216433339D7895F99DD","RuleNameLength":"60","TargetUser":"S-1-5-21-2376127652-1403096981-1664155051-1382","TargetLogonId":"0x1004204","RuleId":"{921cc481-6e17-4653-8f75-050b80acca20}","FileHashLength":"32","FqbnLength":"119","TargetProcessId":"6128","PolicyName":"EXE","FullFilePathLength":"56","RuleName":"(Default Rule) All files located in the Program Files folder"},"process":{"pid":3292,"thread":{"id":7376}},"channel":"Microsoft-Windows-AppLocker/EXE and DLL","api":"wineventlog","event_id":8002,"provider_guid":"{cbda4dbf-8d5d-4f69-9578-be14aa540d22}","provider_name":"Microsoft-Windows-AppLocker"}}
{"@version":"1","message":"L’exécution de %OSDRIVE%\\USERS\\AAUSMU\\APPS\\SYSINTERNALS\\AUTORUNSC64.EXE a été autorisée mais elle aurait été empêchée si la stratégie AppLocker avait été appliquée.","event":{"created":"2023-09-08T13:15:18.079Z","code":8003,"provider":"Microsoft-Windows-AppLocker","kind":"event","original":"L’exécution de %OSDRIVE%\\USERS\\AAUSMU\\APPS\\SYSINTERNALS\\AUTORUNSC64.EXE a été autorisée mais elle aurait été empêchée si la stratégie AppLocker avait été appliquée."},"collector_node_id":"WINF148104FR","@timestamp":"2023-09-08T13:15:13.716Z","agent":{"id":"f087d310-4eed-48d8-ba60-041b027dd6fa","ephemeral_id":"af4af741-de30-4778-8118-3d804a8b90a3","name":"WINF148104FR","hostname":"WINF148104FR","type":"winlogbeat","version":"7.11.1"},"gl2_source_collector":"f2fdff80-b545-496c-a718-b68f491f256a","log":{"level":"avertissement"},"tags":["applocker","beats_input_codec_plain_applied"],"host":{"name":"WINF148104FR.demo.io"},"ecs":{"version":"1.7.0"},"winlog":{"record_id":1570,"opcode":"Informations","task":"","user":{"name":"aausmu","type":"User","identifier":"S-1-5-21-2376127652-1403096981-1664155051-1382","domain":"DEMO"},"computer_name":"WINF148104FR.demo.io","user_data":{"RuleSddlLength":"1","PolicyNameLength":"3","Fqbn":"O=MICROSOFT CORPORATION, L=REDMOND, S=WASHINGTON, C=US\\SYSINTERNALS AUTORUNS\\AUTORUNS.EXE\\14.10.0.00","FilePathLength":"56","RuleSddl":"-","FilePath":"%OSDRIVE%\\USERS\\AAUSMU\\APPS\\SYSINTERNALS\\AUTORUNSC64.EXE","FullFilePath":"C:\\Users\\aausmu\\Apps\\Sysinternals\\autorunsc64.exe","xml_name":"RuleAndFileData","FileHash":"1CB18F8816C491EB86CED541B057FA4E8C696AD323924757F72DB6ACE1F31393","RuleNameLength":"1","TargetLogonId":"0x1004204","FileHashLength":"32","TargetUser":"S-1-5-21-2376127652-1403096981-1664155051-1382","RuleId":"{00000000-0000-0000-0000-000000000000}","FqbnLength":"100","TargetProcessId":"9320","PolicyName":"EXE","FullFilePathLength":"49","RuleName":"-"},"process":{"pid":4108,"thread":{"id":5864}},"channel":"Microsoft-Windows-AppLocker/EXE and DLL","api":"wineventlog","event_id":8003,"provider_guid":"{cbda4dbf-8d5d-4f69-9578-be14aa540d22}","provider_name":"Microsoft-Windows-AppLocker"}}
{"@version":"1","message":"L’exécution de %OSDRIVE%\\USERS\\AAUSMU\\APPS\\SYSINTERNALS\\PROCDUMP64.EXE a été autorisée mais elle aurait été empêchée si la stratégie AppLocker avait été appliquée.","event":{"created":"2023-09-08T13:15:18.079Z","provider":"Microsoft-Windows-AppLocker","code":8003,"kind":"event","original":"L’exécution de %OSDRIVE%\\USERS\\AAUSMU\\APPS\\SYSINTERNALS\\PROCDUMP64.EXE a été autorisée mais elle aurait été empêchée si la stratégie AppLocker avait été appliquée."},"collector_node_id":"WINF148104FR","@timestamp":"2023-09-08T13:15:13.725Z","agent":{"id":"f087d310-4eed-48d8-ba60-041b027dd6fa","ephemeral_id":"af4af741-de30-4778-8118-3d804a8b90a3","name":"WINF148104FR","hostname":"WINF148104FR","type":"winlogbeat","version":"7.11.1"},"gl2_source_collector":"f2fdff80-b545-496c-a718-b68f491f256a","log":{"level":"avertissement"},"tags":["applocker","beats_input_codec_plain_applied"],"host":{"name":"WINF148104FR.demo.io"},"ecs":{"version":"1.7.0"},"winlog":{"record_id":1571,"opcode":"Informations","task":"","user":{"name":"aausmu","type":"User","identifier":"S-1-5-21-2376127652-1403096981-1664155051-1382","domain":"DEMO"},"computer_name":"WINF148104FR.demo.io","user_data":{"RuleSddlLength":"1","PolicyNameLength":"3","FilePathLength":"55","Fqbn":"O=MICROSOFT CORPORATION, L=REDMOND, S=WASHINGTON, C=US\\PROCDUMP\\PROCDUMP\\11.0.0.00","RuleSddl":"-","FilePath":"%OSDRIVE%\\USERS\\AAUSMU\\APPS\\SYSINTERNALS\\PROCDUMP64.EXE","xml_name":"RuleAndFileData","FullFilePath":"C:\\Users\\aausmu\\Apps\\Sysinternals\\procdump64.exe","FileHash":"3A57370A5FC7A8B5150FCD78788FF7BDE2BA34D48BEFE98F9DB82DE88E9985C3","RuleNameLength":"1","TargetUser":"S-1-5-21-2376127652-1403096981-1664155051-1382","FileHashLength":"32","RuleId":"{00000000-0000-0000-0000-000000000000}","TargetLogonId":"0x1004204","FqbnLength":"82","TargetProcessId":"5060","PolicyName":"EXE","FullFilePathLength":"48","RuleName":"-"},"process":{"pid":4108,"thread":{"id":5864}},"channel":"Microsoft-Windows-AppLocker/EXE and DLL","api":"wineventlog","event_id":8003,"provider_guid":"{cbda4dbf-8d5d-4f69-9578-be14aa540d22}","provider_name":"Microsoft-Windows-AppLocker"}}
{"@version":"1","message":"L’exécution de %SYSTEM32%\\CONHOST.EXE a été autorisée.","event":{"created":"2023-09-08T13:15:18.080Z","code":8002,"provider":"Microsoft-Windows-AppLocker","kind":"event","original":"L’exécution de %SYSTEM32%\\CONHOST.EXE a été autorisée."},"collector_node_id":"WINF148104FR","@timestamp":"2023-09-08T13:15:13.731Z","agent":{"id":"f087d310-4eed-48d8-ba60-041b027dd6fa","ephemeral_id":"af4af741-de30-4778-8118-3d804a8b90a3","name":"WINF148104FR","hostname":"WINF148104FR","type":"winlogbeat","version":"7.11.1"},"gl2_source_collector":"f2fdff80-b545-496c-a718-b68f491f256a","log":{"level":"information"},"tags":["applocker","beats_input_codec_plain_applied"],"ecs":{"version":"1.7.0"},"host":{"name":"WINF148104FR.demo.io"},"winlog":{"record_id":1572,"opcode":"Informations","task":"","user":{"name":"aausmu","type":"User","identifier":"S-1-5-21-2376127652-1403096981-1664155051-1382","domain":"DEMO"},"computer_name":"WINF148104FR.demo.io","user_data":{"RuleSddlLength":"57","PolicyNameLength":"3","Fqbn":"O=MICROSOFT CORPORATION, L=REDMOND, S=WASHINGTON, C=US\\MICROSOFT® WINDOWS® OPERATING SYSTEM\\CONHOST.EXE\\10.0.20348.558","FilePathLength":"22","FilePath":"%SYSTEM32%\\CONHOST.EXE","RuleSddl":"D:(XA;;FX;;;S-1-1-0;(APPID://PATH Contains \"%WINDIR%\\*\"))","xml_name":"RuleAndFileData","FullFilePath":"\\SystemRoot\\System32\\Conhost.exe","FileHash":"1193ED0D8668057F34AA2C805BA48AFC6B65025131C75D32A647F50EF774B83C","RuleNameLength":"54","FileHashLength":"32","TargetLogonId":"0x1004204","RuleId":"{a61c8b2c-a319-4cd0-9690-d2177cad7b51}","TargetUser":"S-1-5-21-2376127652-1403096981-1664155051-1382","FqbnLength":"118","TargetProcessId":"7852","PolicyName":"EXE","FullFilePathLength":"32","RuleName":"(Default Rule) All files located in the Windows folder"},"process":{"thread":{"id":8080},"pid":9320},"channel":"Microsoft-Windows-AppLocker/EXE and DLL","api":"wineventlog","event_id":8002,"provider_guid":"{cbda4dbf-8d5d-4f69-9578-be14aa540d22}","provider_name":"Microsoft-Windows-AppLocker"}}
{"@version":"1","message":"L’exécution de %SYSTEM32%\\CONHOST.EXE a été autorisée.","event":{"created":"2023-09-08T13:15:18.080Z","code":8002,"provider":"Microsoft-Windows-AppLocker","kind":"event","original":"L’exécution de %SYSTEM32%\\CONHOST.EXE a été autorisée."},"collector_node_id":"WINF148104FR","@timestamp":"2023-09-08T13:15:13.747Z","agent":{"id":"f087d310-4eed-48d8-ba60-041b027dd6fa","ephemeral_id":"af4af741-de30-4778-8118-3d804a8b90a3","name":"WINF148104FR","hostname":"WINF148104FR","type":"winlogbeat","version":"7.11.1"},"gl2_source_collector":"f2fdff80-b545-496c-a718-b68f491f256a","log":{"level":"information"},"tags":["applocker","beats_input_codec_plain_applied"],"host":{"name":"WINF148104FR.demo.io"},"ecs":{"version":"1.7.0"},"winlog":{"record_id":1573,"opcode":"Informations","task":"","user":{"name":"aausmu","type":"User","identifier":"S-1-5-21-2376127652-1403096981-1664155051-1382","domain":"DEMO"},"computer_name":"WINF148104FR.demo.io","user_data":{"RuleSddlLength":"57","PolicyNameLength":"3","Fqbn":"O=MICROSOFT CORPORATION, L=REDMOND, S=WASHINGTON, C=US\\MICROSOFT® WINDOWS® OPERATING SYSTEM\\CONHOST.EXE\\10.0.20348.558","FilePathLength":"22","FilePath":"%SYSTEM32%\\CONHOST.EXE","FileHash":"1193ED0D8668057F34AA2C805BA48AFC6B65025131C75D32A647F50EF774B83C","FullFilePath":"\\SystemRoot\\System32\\Conhost.exe","xml_name":"RuleAndFileData","RuleSddl":"D:(XA;;FX;;;S-1-1-0;(APPID://PATH Contains \"%WINDIR%\\*\"))","RuleNameLength":"54","FileHashLength":"32","TargetLogonId":"0x1004204","TargetUser":"S-1-5-21-2376127652-1403096981-1664155051-1382","RuleId":"{a61c8b2c-a319-4cd0-9690-d2177cad7b51}","FqbnLength":"118","TargetProcessId":"9252","PolicyName":"EXE","FullFilePathLength":"32","RuleName":"(Default Rule) All files located in the Windows folder"},"process":{"pid":5060,"thread":{"id":8276}},"channel":"Microsoft-Windows-AppLocker/EXE and DLL","api":"wineventlog","event_id":8002,"provider_guid":"{cbda4dbf-8d5d-4f69-9578-be14aa540d22}","provider_name":"Microsoft-Windows-AppLocker"}}
{"@version":"1","message":"L’exécution de %SYSTEM32%\\RUNDLL32.EXE a été autorisée.","event":{"created":"2023-09-08T13:15:18.080Z","code":8002,"provider":"Microsoft-Windows-AppLocker","kind":"event","original":"L’exécution de %SYSTEM32%\\RUNDLL32.EXE a été autorisée."},"collector_node_id":"WINF148104FR","@timestamp":"2023-09-08T13:15:13.775Z","agent":{"id":"f087d310-4eed-48d8-ba60-041b027dd6fa","name":"WINF148104FR","ephemeral_id":"af4af741-de30-4778-8118-3d804a8b90a3","hostname":"WINF148104FR","type":"winlogbeat","version":"7.11.1"},"gl2_source_collector":"f2fdff80-b545-496c-a718-b68f491f256a","log":{"level":"information"},"tags":["applocker","beats_input_codec_plain_applied"],"host":{"name":"WINF148104FR.demo.io"},"ecs":{"version":"1.7.0"},"winlog":{"record_id":1574,"opcode":"Informations","task":"","user":{"name":"aausmu","type":"User","identifier":"S-1-5-21-2376127652-1403096981-1664155051-1382","domain":"DEMO"},"computer_name":"WINF148104FR.demo.io","user_data":{"RuleSddlLength":"57","PolicyNameLength":"3","FilePathLength":"23","Fqbn":"O=MICROSOFT CORPORATION, L=REDMOND, S=WASHINGTON, C=US\\MICROSOFT® WINDOWS® OPERATING SYSTEM\\RUNDLL32.EXE\\10.0.20348.01","RuleSddl":"D:(XA;;FX;;;S-1-1-0;(APPID://PATH Contains \"%WINDIR%\\*\"))","FileHash":"4029ECE87D76E6249EBE517D629860B43F76926DB53EB12B395D8CB980FD9F3B","xml_name":"RuleAndFileData","FullFilePath":"C:\\WINDOWS\\System32\\rundll32.exe","FilePath":"%SYSTEM32%\\RUNDLL32.EXE","RuleNameLength":"54","FileHashLength":"32","TargetUser":"S-1-5-21-2376127652-1403096981-1664155051-1382","TargetLogonId":"0x1004204","RuleId":"{a61c8b2c-a319-4cd0-9690-d2177cad7b51}","FqbnLength":"118","TargetProcessId":"7612","PolicyName":"EXE","FullFilePathLength":"32","RuleName":"(Default Rule) All files located in the Windows folder"},"process":{"thread":{"id":8480},"pid":816},"channel":"Microsoft-Windows-AppLocker/EXE and DLL","api":"wineventlog","event_id":8002,"provider_guid":"{cbda4dbf-8d5d-4f69-9578-be14aa540d22}","provider_name":"Microsoft-Windows-AppLocker"}}
{"@version":"1","message":"L’exécution de %PROGRAMFILES%\\GOOGLE\\CHROME\\APPLICATION\\CHROME.EXE a été autorisée.","event":{"created":"2023-09-08T13:15:18.080Z","code":8002,"provider":"Microsoft-Windows-AppLocker","kind":"event","original":"L’exécution de %PROGRAMFILES%\\GOOGLE\\CHROME\\APPLICATION\\CHROME.EXE a été autorisée."},"collector_node_id":"WINF148104FR","@timestamp":"2023-09-08T13:15:13.980Z","agent":{"id":"f087d310-4eed-48d8-ba60-041b027dd6fa","name":"WINF148104FR","ephemeral_id":"af4af741-de30-4778-8118-3d804a8b90a3","hostname":"WINF148104FR","type":"winlogbeat","version":"7.11.1"},"gl2_source_collector":"f2fdff80-b545-496c-a718-b68f491f256a","log":{"level":"information"},"tags":["applocker","beats_input_codec_plain_applied"],"host":{"name":"WINF148104FR.demo.io"},"ecs":{"version":"1.7.0"},"winlog":{"record_id":1576,"opcode":"Informations","task":"","user":{"name":"aausmu","type":"User","identifier":"S-1-5-21-2376127652-1403096981-1664155051-1382","domain":"DEMO"},"computer_name":"WINF148104FR.demo.io","user_data":{"RuleSddlLength":"63","Fqbn":"O=GOOGLE LLC, L=MOUNTAIN VIEW, S=CALIFORNIA, C=US\\GOOGLE CHROME\\CHROME.EXE\\114.0.5735.199","PolicyNameLength":"3","FilePathLength":"51","RuleSddl":"D:(XA;;FX;;;S-1-1-0;(APPID://PATH Contains \"%PROGRAMFILES%\\*\"))","FileHash":"AEF638992D1D27745EBDF06B1D63328534673D81784E73AF54DAE669C07024B4","FullFilePath":"C:\\Program Files\\GOOGLE\\CHROME\\APPLICATION\\chrome.exe","xml_name":"RuleAndFileData","FilePath":"%PROGRAMFILES%\\GOOGLE\\CHROME\\APPLICATION\\CHROME.EXE","RuleNameLength":"60","TargetUser":"S-1-5-21-2376127652-1403096981-1664155051-1382","TargetLogonId":"0x1004204","RuleId":"{921cc481-6e17-4653-8f75-050b80acca20}","FileHashLength":"32","FqbnLength":"89","TargetProcessId":"8732","PolicyName":"EXE","FullFilePathLength":"53","RuleName":"(Default Rule) All files located in the Program Files folder"},"process":{"pid":4976,"thread":{"id":6976}},"channel":"Microsoft-Windows-AppLocker/EXE and DLL","api":"wineventlog","event_id":8002,"provider_guid":"{cbda4dbf-8d5d-4f69-9578-be14aa540d22}","provider_name":"Microsoft-Windows-AppLocker"}}
{"@version":"1","message":"L’exécution de %PROGRAMFILES%\\GOOGLE\\CHROME\\APPLICATION\\CHROME.EXE a été autorisée.","event":{"created":"2023-09-08T13:15:18.080Z","code":8002,"provider":"Microsoft-Windows-AppLocker","kind":"event","original":"L’exécution de %PROGRAMFILES%\\GOOGLE\\CHROME\\APPLICATION\\CHROME.EXE a été autorisée."},"collector_node_id":"WINF148104FR","@timestamp":"2023-09-08T13:15:14.204Z","agent":{"name":"WINF148104FR","ephemeral_id":"af4af741-de30-4778-8118-3d804a8b90a3","id":"f087d310-4eed-48d8-ba60-041b027dd6fa","hostname":"WINF148104FR","type":"winlogbeat","version":"7.11.1"},"gl2_source_collector":"f2fdff80-b545-496c-a718-b68f491f256a","log":{"level":"information"},"tags":["applocker","beats_input_codec_plain_applied"],"host":{"name":"WINF148104FR.demo.io"},"ecs":{"version":"1.7.0"},"winlog":{"record_id":1578,"opcode":"Informations","task":"","user":{"name":"aausmu","type":"User","identifier":"S-1-5-21-2376127652-1403096981-1664155051-1382","domain":"DEMO"},"computer_name":"WINF148104FR.demo.io","user_data":{"RuleSddlLength":"63","PolicyNameLength":"3","FilePathLength":"51","Fqbn":"O=GOOGLE LLC, L=MOUNTAIN VIEW, S=CALIFORNIA, C=US\\GOOGLE CHROME\\CHROME.EXE\\114.0.5735.199","RuleSddl":"D:(XA;;FX;;;S-1-1-0;(APPID://PATH Contains \"%PROGRAMFILES%\\*\"))","FilePath":"%PROGRAMFILES%\\GOOGLE\\CHROME\\APPLICATION\\CHROME.EXE","xml_name":"RuleAndFileData","FullFilePath":"C:\\Program Files\\GOOGLE\\CHROME\\APPLICATION\\chrome.exe","FileHash":"AEF638992D1D27745EBDF06B1D63328534673D81784E73AF54DAE669C07024B4","RuleNameLength":"60","TargetLogonId":"0x1004204","TargetUser":"S-1-5-21-2376127652-1403096981-1664155051-1382","RuleId":"{921cc481-6e17-4653-8f75-050b80acca20}","FileHashLength":"32","FqbnLength":"89","TargetProcessId":"3888","PolicyName":"EXE","FullFilePathLength":"53","RuleName":"(Default Rule) All files located in the Program Files folder"},"process":{"pid":4976,"thread":{"id":6976}},"channel":"Microsoft-Windows-AppLocker/EXE and DLL","api":"wineventlog","event_id":8002,"provider_guid":"{cbda4dbf-8d5d-4f69-9578-be14aa540d22}","provider_name":"Microsoft-Windows-AppLocker"}}
{"@version":"1","message":"L’exécution de %PROGRAMFILES%\\GOOGLE\\CHROME\\APPLICATION\\CHROME.EXE a été autorisée.","event":{"created":"2023-09-08T13:15:18.080Z","code":8002,"provider":"Microsoft-Windows-AppLocker","kind":"event","original":"L’exécution de %PROGRAMFILES%\\GOOGLE\\CHROME\\APPLICATION\\CHROME.EXE a été autorisée."},"collector_node_id":"WINF148104FR","@timestamp":"2023-09-08T13:15:14.209Z","agent":{"id":"f087d310-4eed-48d8-ba60-041b027dd6fa","ephemeral_id":"af4af741-de30-4778-8118-3d804a8b90a3","name":"WINF148104FR","hostname":"WINF148104FR","type":"winlogbeat","version":"7.11.1"},"gl2_source_collector":"f2fdff80-b545-496c-a718-b68f491f256a","log":{"level":"information"},"tags":["applocker","beats_input_codec_plain_applied"],"host":{"name":"WINF148104FR.demo.io"},"ecs":{"version":"1.7.0"},"winlog":{"record_id":1580,"opcode":"Informations","task":"","user":{"name":"aausmu","type":"User","identifier":"S-1-5-21-2376127652-1403096981-1664155051-1382","domain":"DEMO"},"computer_name":"WINF148104FR.demo.io","user_data":{"RuleSddlLength":"63","PolicyNameLength":"3","FilePathLength":"51","Fqbn":"O=GOOGLE LLC, L=MOUNTAIN VIEW, S=CALIFORNIA, C=US\\GOOGLE CHROME\\CHROME.EXE\\114.0.5735.199","FilePath":"%PROGRAMFILES%\\GOOGLE\\CHROME\\APPLICATION\\CHROME.EXE","FileHash":"AEF638992D1D27745EBDF06B1D63328534673D81784E73AF54DAE669C07024B4","xml_name":"RuleAndFileData","FullFilePath":"C:\\Program Files\\GOOGLE\\CHROME\\APPLICATION\\chrome.exe","RuleSddl":"D:(XA;;FX;;;S-1-1-0;(APPID://PATH Contains \"%PROGRAMFILES%\\*\"))","RuleNameLength":"60","TargetLogonId":"0x1004204","TargetUser":"S-1-5-21-2376127652-1403096981-1664155051-1382","FileHashLength":"32","RuleId":"{921cc481-6e17-4653-8f75-050b80acca20}","FqbnLength":"89","TargetProcessId":"5324","PolicyName":"EXE","FullFilePathLength":"53","RuleName":"(Default Rule) All files located in the Program Files folder"},"process":{"pid":4976,"thread":{"id":6976}},"channel":"Microsoft-Windows-AppLocker/EXE and DLL","api":"wineventlog","event_id":8002,"provider_guid":"{cbda4dbf-8d5d-4f69-9578-be14aa540d22}","provider_name":"Microsoft-Windows-AppLocker"}}
{"@version":"1","message":"L’exécution de %OSDRIVE%\\USERS\\AAUSMU\\APPS\\SYSINTERNALS\\PSEXEC.EXE a été autorisée mais elle aurait été empêchée si la stratégie AppLocker avait été appliquée.","event":{"created":"2023-09-08T13:15:18.080Z","code":8003,"provider":"Microsoft-Windows-AppLocker","kind":"event","original":"L’exécution de %OSDRIVE%\\USERS\\AAUSMU\\APPS\\SYSINTERNALS\\PSEXEC.EXE a été autorisée mais elle aurait été empêchée si la stratégie AppLocker avait été appliquée."},"collector_node_id":"WINF148104FR","@timestamp":"2023-09-08T13:15:15.360Z","agent":{"id":"f087d310-4eed-48d8-ba60-041b027dd6fa","ephemeral_id":"af4af741-de30-4778-8118-3d804a8b90a3","name":"WINF148104FR","hostname":"WINF148104FR","type":"winlogbeat","version":"7.11.1"},"gl2_source_collector":"f2fdff80-b545-496c-a718-b68f491f256a","log":{"level":"avertissement"},"tags":["applocker","beats_input_codec_plain_applied"],"host":{"name":"WINF148104FR.demo.io"},"ecs":{"version":"1.7.0"},"winlog":{"opcode":"Informations","record_id":1582,"task":"","user":{"name":"aausmu","type":"User","identifier":"S-1-5-21-2376127652-1403096981-1664155051-1382","domain":"DEMO"},"computer_name":"WINF148104FR.demo.io","user_data":{"RuleSddlLength":"1","Fqbn":"O=MICROSOFT CORPORATION, L=REDMOND, S=WASHINGTON, C=US\\SYSINTERNALS PSEXEC\\PSEXEC.C\\2.43.0.00","PolicyNameLength":"3","FilePathLength":"51","RuleSddl":"-","FilePath":"%OSDRIVE%\\USERS\\AAUSMU\\APPS\\SYSINTERNALS\\PSEXEC.EXE","FullFilePath":"C:\\Users\\aausmu\\Apps\\Sysinternals\\PsExec.exe","xml_name":"RuleAndFileData","FileHash":"35F4A02299745D2ADD268BE6EBE68A9DBD736F54AD34C8EF67D383F830D2F16F","RuleNameLength":"1","TargetUser":"S-1-5-21-2376127652-1403096981-1664155051-1382","TargetLogonId":"0x1004204","RuleId":"{00000000-0000-0000-0000-000000000000}","FileHashLength":"32","FqbnLength":"93","TargetProcessId":"10108","PolicyName":"EXE","FullFilePathLength":"44","RuleName":"-"},"process":{"pid":4108,"thread":{"id":5864}},"channel":"Microsoft-Windows-AppLocker/EXE and DLL","api":"wineventlog","event_id":8003,"provider_guid":"{cbda4dbf-8d5d-4f69-9578-be14aa540d22}","provider_name":"Microsoft-Windows-AppLocker"}}
{"@version":"1","message":"L’exécution de %SYSTEM32%\\CONHOST.EXE a été autorisée.","event":{"created":"2023-09-08T13:15:18.082Z","code":8002,"provider":"Microsoft-Windows-AppLocker","kind":"event","original":"L’exécution de %SYSTEM32%\\CONHOST.EXE a été autorisée."},"collector_node_id":"WINF148104FR","@timestamp":"2023-09-08T13:15:15.443Z","agent":{"id":"f087d310-4eed-48d8-ba60-041b027dd6fa","ephemeral_id":"af4af741-de30-4778-8118-3d804a8b90a3","name":"WINF148104FR","hostname":"WINF148104FR","type":"winlogbeat","version":"7.11.1"},"gl2_source_collector":"f2fdff80-b545-496c-a718-b68f491f256a","log":{"level":"information"},"tags":["applocker","beats_input_codec_plain_applied"],"ecs":{"version":"1.7.0"},"host":{"name":"WINF148104FR.demo.io"},"winlog":{"opcode":"Informations","record_id":1584,"task":"","user":{"name":"aausmu","type":"User","identifier":"S-1-5-21-2376127652-1403096981-1664155051-1382","domain":"DEMO"},"computer_name":"WINF148104FR.demo.io","user_data":{"RuleSddlLength":"57","PolicyNameLength":"3","FilePathLength":"22","Fqbn":"O=MICROSOFT CORPORATION, L=REDMOND, S=WASHINGTON, C=US\\MICROSOFT® WINDOWS® OPERATING SYSTEM\\CONHOST.EXE\\10.0.20348.558","RuleSddl":"D:(XA;;FX;;;S-1-1-0;(APPID://PATH Contains \"%WINDIR%\\*\"))","FileHash":"1193ED0D8668057F34AA2C805BA48AFC6B65025131C75D32A647F50EF774B83C","FilePath":"%SYSTEM32%\\CONHOST.EXE","xml_name":"RuleAndFileData","FullFilePath":"\\SystemRoot\\System32\\Conhost.exe","RuleNameLength":"54","TargetUser":"S-1-5-21-2376127652-1403096981-1664155051-1382","FileHashLength":"32","RuleId":"{a61c8b2c-a319-4cd0-9690-d2177cad7b51}","TargetLogonId":"0x1004204","FqbnLength":"118","TargetProcessId":"9092","PolicyName":"EXE","FullFilePathLength":"32","RuleName":"(Default Rule) All files located in the Windows folder"},"process":{"pid":10108,"thread":{"id":9376}},"channel":"Microsoft-Windows-AppLocker/EXE and DLL","api":"wineventlog","event_id":8002,"provider_guid":"{cbda4dbf-8d5d-4f69-9578-be14aa540d22}","provider_name":"Microsoft-Windows-AppLocker"}}
{"@version":"1","message":"L’exécution de %SYSTEM32%\\CONHOST.EXE a été autorisée.","event":{"created":"2023-09-08T13:15:18.832Z","code":8002,"provider":"Microsoft-Windows-AppLocker","kind":"event","original":"L’exécution de %SYSTEM32%\\CONHOST.EXE a été autorisée."},"collector_node_id":"WINF148104FR","@timestamp":"2023-09-08T13:15:16.091Z","agent":{"id":"f087d310-4eed-48d8-ba60-041b027dd6fa","ephemeral_id":"af4af741-de30-4778-8118-3d804a8b90a3","name":"WINF148104FR","hostname":"WINF148104FR","type":"winlogbeat","version":"7.11.1"},"gl2_source_collector":"f2fdff80-b545-496c-a718-b68f491f256a","log":{"level":"information"},"tags":["applocker","beats_input_codec_plain_applied"],"host":{"name":"WINF148104FR.demo.io"},"ecs":{"version":"1.7.0"},"winlog":{"opcode":"Informations","record_id":1586,"task":"","user":{"name":"aausmu","type":"User","identifier":"S-1-5-21-2376127652-1403096981-1664155051-1382","domain":"DEMO"},"computer_name":"WINF148104FR.demo.io","user_data":{"RuleSddlLength":"57","Fqbn":"O=MICROSOFT CORPORATION, L=REDMOND, S=WASHINGTON, C=US\\MICROSOFT® WINDOWS® OPERATING SYSTEM\\CONHOST.EXE\\10.0.20348.558","FilePathLength":"22","PolicyNameLength":"3","RuleSddl":"D:(XA;;FX;;;S-1-1-0;(APPID://PATH Contains \"%WINDIR%\\*\"))","FileHash":"1193ED0D8668057F34AA2C805BA48AFC6B65025131C75D32A647F50EF774B83C","xml_name":"RuleAndFileData","FilePath":"%SYSTEM32%\\CONHOST.EXE","FullFilePath":"\\SystemRoot\\System32\\Conhost.exe","RuleNameLength":"54","TargetUser":"S-1-5-21-2376127652-1403096981-1664155051-1382","TargetLogonId":"0x1004204","RuleId":"{a61c8b2c-a319-4cd0-9690-d2177cad7b51}","FileHashLength":"32","FqbnLength":"118","TargetProcessId":"9452","PolicyName":"EXE","FullFilePathLength":"32","RuleName":"(Default Rule) All files located in the Windows folder"},"process":{"pid":1440,"thread":{"id":9396}},"channel":"Microsoft-Windows-AppLocker/EXE and DLL","api":"wineventlog","event_id":8002,"provider_guid":"{cbda4dbf-8d5d-4f69-9578-be14aa540d22}","provider_name":"Microsoft-Windows-AppLocker"}}
{"@version":"1","message":"L’exécution de %OSDRIVE%\\USERS\\AAUSMU\\APPS\\SYSINTERNALS\\TCPVIEW.EXE a été autorisée mais elle aurait été empêchée si la stratégie AppLocker avait été appliquée.","event":{"created":"2023-09-08T13:15:18.832Z","code":8003,"provider":"Microsoft-Windows-AppLocker","kind":"event","original":"L’exécution de %OSDRIVE%\\USERS\\AAUSMU\\APPS\\SYSINTERNALS\\TCPVIEW.EXE a été autorisée mais elle aurait été empêchée si la stratégie AppLocker avait été appliquée."},"collector_node_id":"WINF148104FR","@timestamp":"2023-09-08T13:15:16.211Z","agent":{"name":"WINF148104FR","ephemeral_id":"af4af741-de30-4778-8118-3d804a8b90a3","id":"f087d310-4eed-48d8-ba60-041b027dd6fa","hostname":"WINF148104FR","type":"winlogbeat","version":"7.11.1"},"gl2_source_collector":"f2fdff80-b545-496c-a718-b68f491f256a","log":{"level":"avertissement"},"tags":["applocker","beats_input_codec_plain_applied"],"ecs":{"version":"1.7.0"},"host":{"name":"WINF148104FR.demo.io"},"winlog":{"opcode":"Informations","record_id":1587,"task":"","user":{"name":"aausmu","type":"User","identifier":"S-1-5-21-2376127652-1403096981-1664155051-1382","domain":"DEMO"},"computer_name":"WINF148104FR.demo.io","user_data":{"RuleSddlLength":"1","Fqbn":"O=MICROSOFT CORPORATION, L=REDMOND, S=WASHINGTON, C=US\\TCPVIEW\\TCPVIEW.EXE\\4.19.0.00","FilePathLength":"52","PolicyNameLength":"3","FilePath":"%OSDRIVE%\\USERS\\AAUSMU\\APPS\\SYSINTERNALS\\TCPVIEW.EXE","FileHash":"4D8035CD5F63F07B4B3B13540AEC8B555D2731835C1B44FE72DCED36957ACEB3","FullFilePath":"C:\\Users\\aausmu\\Apps\\Sysinternals\\tcpview.exe","xml_name":"RuleAndFileData","RuleSddl":"-","RuleNameLength":"1","TargetUser":"S-1-5-21-2376127652-1403096981-1664155051-1382","FileHashLength":"32","RuleId":"{00000000-0000-0000-0000-000000000000}","TargetLogonId":"0x1004204","FqbnLength":"84","TargetProcessId":"9048","PolicyName":"EXE","FullFilePathLength":"45","RuleName":"-"},"process":{"pid":4108,"thread":{"id":5864}},"channel":"Microsoft-Windows-AppLocker/EXE and DLL","api":"wineventlog","event_id":8003,"provider_guid":"{cbda4dbf-8d5d-4f69-9578-be14aa540d22}","provider_name":"Microsoft-Windows-AppLocker"}}
