{"@version":"1","message":"L’exécution de %SYSTEM32%\\MSPAINT.EXE a été autorisée.","event":{"created":"2023-09-08T13:15:16.649Z","code":8002,"provider":"Microsoft-Windows-AppLocker","kind":"event","original":"L’exécution de %SYSTEM32%\\MSPAINT.EXE a été autorisée."},"collector_node_id":"WINF148104FR","@timestamp":"2023-09-08T13:15:13.184Z","agent":{"id":"f087d310-4eed-48d8-ba60-041b027dd6fa","ephemeral_id":"af4af741-de30-4778-8118-3d804a8b90a3","name":"WINF148104FR","hostname":"WINF148104FR","type":"winlogbeat","version":"7.11.1"},"gl2_source_collector":"f2fdff80-b545-496c-a718-b68f491f256a","log":{"level":"information"},"tags":["applocker","beats_input_codec_plain_applied"],"ecs":{"version":"1.7.0"},"host":{"name":"WINF148104FR.demo.io"},"winlog":{"opcode":"Informations","record_id":1554,"task":"","user":{"name":"aausmu","type":"User","identifier":"S-1-5-21-2376127652-1403096981-1664155051-1382","domain":"DEMO"},"computer_name":"WINF148104FR.demo.io","user_data":{"RuleSddlLength":"57","Fqbn":"O=MICROSOFT CORPORATION, L=REDMOND, S=WASHINGTON, C=US\\MICROSOFT® WINDOWS® OPERATING SYSTEM\\MSPAINT.EXE\\10.0.20348.01","FilePathLength":"22","PolicyNameLength":"3","RuleSddl":"D:(XA;;FX;;;S-1-1-0;(APPID://PATH Contains \"%WINDIR%\\*\"))","FilePath":"%SYSTEM32%\\MSPAINT.EXE","FullFilePath":"C:\\WINDOWS\\System32\\mspaint.exe","FileHash":"B7627231F1E5461A4C7B923670F556CD920ABA05B2C8CA1489E25C6AB295054A","xml_name":"RuleAndFileData","RuleNameLength":"54","TargetUser":"S-1-5-21-2376127652-1403096981-1664155051-1382","FileHashLength":"32","TargetLogonId":"0x1004204","RuleId":"{a61c8b2c-a319-4cd0-9690-d2177cad7b51}","FqbnLength":"117","TargetProcessId":"7804","PolicyName":"EXE","FullFilePathLength":"31","RuleName":"(Default Rule) All files located in the Windows folder"},"process":{"thread":{"id":5864},"pid":4108},"channel":"Microsoft-Windows-AppLocker/EXE and DLL","api":"wineventlog","event_id":8002,"provider_guid":"{cbda4dbf-8d5d-4f69-9578-be14aa540d22}","provider_name":"Microsoft-Windows-AppLocker"}}
{"@version":"1","message":"L’exécution de %SYSTEM32%\\PSR.EXE a été autorisée.","event":{"created":"2023-09-08T13:15:16.650Z","code":8002,"provider":"Microsoft-Windows-AppLocker","kind":"event","original":"L’exécution de %SYSTEM32%\\PSR.EXE a été autorisée."},"collector_node_id":"WINF148104FR","@timestamp":"2023-09-08T13:15:13.256Z","agent":{"id":"f087d310-4eed-48d8-ba60-041b027dd6fa","ephemeral_id":"af4af741-de30-4778-8118-3d804a8b90a3","name":"WINF148104FR","hostname":"WINF148104FR","type":"winlogbeat","version":"7.11.1"},"gl2_source_collector":"f2fdff80-b545-496c-a718-b68f491f256a","log":{"level":"information"},"tags":["applocker","beats_input_codec_plain_applied"],"ecs":{"version":"1.7.0"},"host":{"name":"WINF148104FR.demo.io"},"winlog":{"record_id":1556,"opcode":"Informations","task":"","user":{"name":"aausmu","type":"User","identifier":"S-1-5-21-2376127652-1403096981-1664155051-1382","domain":"DEMO"},"computer_name":"WINF148104FR.demo.io","user_data":{"RuleSddlLength":"57","Fqbn":"O=MICROSOFT CORPORATION, L=REDMOND, S=WASHINGTON, C=US\\MICROSOFT® WINDOWS® OPERATING SYSTEM\\PSR.EXE\\10.0.20348.01","PolicyNameLength":"3","FilePathLength":"18","RuleSddl":"D:(XA;;FX;;;S-1-1-0;(APPID://PATH Contains \"%WINDIR%\\*\"))","FileHash":"1B4E65F8066F4805BCC2762BEB6A61FC333E2C715DA7130726E7993481AC3739","FullFilePath":"C:\\WINDOWS\\System32\\psr.exe","xml_name":"RuleAndFileData","FilePath":"%SYSTEM32%\\PSR.EXE","RuleNameLength":"54","TargetUser":"S-1-5-21-2376127652-1403096981-1664155051-1382","FileHashLength":"32","RuleId":"{a61c8b2c-a319-4cd0-9690-d2177cad7b51}","TargetLogonId":"0x1004204","FqbnLength":"113","TargetProcessId":"4800","PolicyName":"EXE","FullFilePathLength":"27","RuleName":"(Default Rule) All files located in the Windows folder"},"process":{"pid":4108,"thread":{"id":5864}},"channel":"Microsoft-Windows-AppLocker/EXE and DLL","api":"wineventlog","event_id":8002,"provider_guid":"{cbda4dbf-8d5d-4f69-9578-be14aa540d22}","provider_name":"Microsoft-Windows-AppLocker"}}
{"@version":"1","message":"L’exécution de %OSDRIVE%\\USERS\\AAUSMU\\APPDATA\\LOCAL\\TEMP\\__PSSCRIPTPOLICYTEST_MEB5EGCX.APU.PS1 a été autorisée mais elle aurait été empêchée si la stratégie AppLocker avait été appliquée.","event":{"created":"2023-09-08T13:15:16.066Z","code":8006,"provider":"Microsoft-Windows-AppLocker","kind":"event","original":"L’exécution de %OSDRIVE%\\USERS\\AAUSMU\\APPDATA\\LOCAL\\TEMP\\__PSSCRIPTPOLICYTEST_MEB5EGCX.APU.PS1 a été autorisée mais elle aurait été empêchée si la stratégie AppLocker avait été appliquée."},"collector_node_id":"WINF148104FR","@timestamp":"2023-09-08T13:15:14.783Z","agent":{"id":"f087d310-4eed-48d8-ba60-041b027dd6fa","ephemeral_id":"af4af741-de30-4778-8118-3d804a8b90a3","name":"WINF148104FR","hostname":"WINF148104FR","type":"winlogbeat","version":"7.11.1"},"gl2_source_collector":"f2fdff80-b545-496c-a718-b68f491f256a","log":{"level":"avertissement"},"tags":["applocker","beats_input_codec_plain_applied"],"ecs":{"version":"1.7.0"},"host":{"name":"WINF148104FR.demo.io"},"winlog":{"opcode":"Informations","record_id":204,"task":"","user":{"name":"aausmu","type":"User","identifier":"S-1-5-21-2376127652-1403096981-1664155051-1382","domain":"DEMO"},"computer_name":"WINF148104FR.demo.io","user_data":{"RuleSddlLength":"1","Fqbn":"-","FilePathLength":"79","PolicyNameLength":"6","RuleSddl":"-","FileHash":"96AD1146EB96877EAB5942AE0736B82D8B5E2039A80D3D6932665C1A4C87DCF7","FullFilePath":"C:\\Users\\aausmu\\AppData\\Local\\Temp\\__PSScriptPolicyTest_meb5egcx.apu.ps1","FilePath":"%OSDRIVE%\\USERS\\AAUSMU\\APPDATA\\LOCAL\\TEMP\\__PSSCRIPTPOLICYTEST_MEB5EGCX.APU.PS1","xml_name":"RuleAndFileData","RuleNameLength":"1","FileHashLength":"32","TargetUser":"S-1-5-21-2376127652-1403096981-1664155051-1382","RuleId":"{00000000-0000-0000-0000-000000000000}","TargetLogonId":"0x1004204","FqbnLength":"1","TargetProcessId":"8292","PolicyName":"SCRIPT","FullFilePathLength":"72","RuleName":"-"},"process":{"thread":{"id":8972},"pid":8292},"channel":"Microsoft-Windows-AppLocker/MSI and Script","api":"wineventlog","event_id":8006,"provider_guid":"{cbda4dbf-8d5d-4f69-9578-be14aa540d22}","provider_name":"Microsoft-Windows-AppLocker"}}
{"@version":"1","message":"L’exécution de %OSDRIVE%\\USERS\\AAUSMU\\APPDATA\\LOCAL\\TEMP\\__PSSCRIPTPOLICYTEST_1NHDB1AJ.YOI.PS1 a été autorisée mais elle aurait été empêchée si la stratégie AppLocker avait été appliquée.","event":{"created":"2023-09-08T13:15:16.066Z","code":8006,"provider":"Microsoft-Windows-AppLocker","kind":"event","original":"L’exécution de %OSDRIVE%\\USERS\\AAUSMU\\APPDATA\\LOCAL\\TEMP\\__PSSCRIPTPOLICYTEST_1NHDB1AJ.YOI.PS1 a été autorisée mais elle aurait été empêchée si la stratégie AppLocker avait été appliquée."},"collector_node_id":"WINF148104FR","@timestamp":"2023-09-08T13:15:15.052Z","agent":{"name":"WINF148104FR","ephemeral_id":"af4af741-de30-4778-8118-3d804a8b90a3","id":"f087d310-4eed-48d8-ba60-041b027dd6fa","hostname":"WINF148104FR","type":"winlogbeat","version":"7.11.1"},"gl2_source_collector":"f2fdff80-b545-496c-a718-b68f491f256a","log":{"level":"avertissement"},"tags":["applocker","beats_input_codec_plain_applied"],"ecs":{"version":"1.7.0"},"host":{"name":"WINF148104FR.demo.io"},"winlog":{"record_id":205,"opcode":"Informations","task":"","user":{"name":"aausmu","type":"User","identifier":"S-1-5-21-2376127652-1403096981-1664155051-1382","domain":"DEMO"},"computer_name":"WINF148104FR.demo.io","activity_id":"{74e957bf-e225-0002-d62e-ea7425e2d901}","user_data":{"RuleSddlLength":"1","PolicyNameLength":"6","FilePathLength":"79","Fqbn":"-","FilePath":"%OSDRIVE%\\USERS\\AAUSMU\\APPDATA\\LOCAL\\TEMP\\__PSSCRIPTPOLICYTEST_1NHDB1AJ.YOI.PS1","RuleSddl":"-","xml_name":"RuleAndFileData","FullFilePath":"C:\\Users\\aausmu\\AppData\\Local\\Temp\\__PSScriptPolicyTest_1nhdb1aj.yoi.ps1","FileHash":"96AD1146EB96877EAB5942AE0736B82D8B5E2039A80D3D6932665C1A4C87DCF7","RuleNameLength":"1","TargetLogonId":"0x1004204","FileHashLength":"32","RuleId":"{00000000-0000-0000-0000-000000000000}","TargetUser":"S-1-5-21-2376127652-1403096981-1664155051-1382","FqbnLength":"1","TargetProcessId":"9732","PolicyName":"SCRIPT","FullFilePathLength":"72","RuleName":"-"},"process":{"pid":9732,"thread":{"id":9736}},"channel":"Microsoft-Windows-AppLocker/MSI and Script","api":"wineventlog","event_id":8006,"provider_guid":"{cbda4dbf-8d5d-4f69-9578-be14aa540d22}","provider_name":"Microsoft-Windows-AppLocker"}}
{"@version":"1","message":"L’exécution de %SYSTEM32%\\TSTHEME.EXE a été autorisée.","event":{"created":"2023-09-08T13:15:16.649Z","code":8002,"provider":"Microsoft-Windows-AppLocker","kind":"event","original":"L’exécution de %SYSTEM32%\\TSTHEME.EXE a été autorisée."},"collector_node_id":"WINF148104FR","@timestamp":"2023-09-08T13:15:12.624Z","agent":{"id":"f087d310-4eed-48d8-ba60-041b027dd6fa","ephemeral_id":"af4af741-de30-4778-8118-3d804a8b90a3","name":"WINF148104FR","hostname":"WINF148104FR","type":"winlogbeat","version":"7.11.1"},"gl2_source_collector":"f2fdff80-b545-496c-a718-b68f491f256a","log":{"level":"information"},"tags":["applocker","beats_input_codec_plain_applied"],"ecs":{"version":"1.7.0"},"host":{"name":"WINF148104FR.demo.io"},"winlog":{"record_id":1533,"opcode":"Informations","task":"","user":{"name":"aausmu","type":"User","identifier":"S-1-5-21-2376127652-1403096981-1664155051-1382","domain":"DEMO"},"computer_name":"WINF148104FR.demo.io","user_data":{"RuleSddlLength":"57","PolicyNameLength":"3","FilePathLength":"22","Fqbn":"O=MICROSOFT CORPORATION, L=REDMOND, S=WASHINGTON, C=US\\MICROSOFT® WINDOWS® OPERATING SYSTEM\\TSTHEMES.EXE\\10.0.20348.01","RuleSddl":"D:(XA;;FX;;;S-1-1-0;(APPID://PATH Contains \"%WINDIR%\\*\"))","FilePath":"%SYSTEM32%\\TSTHEME.EXE","xml_name":"RuleAndFileData","FullFilePath":"C:\\WINDOWS\\system32\\TSTheme.exe","FileHash":"C493D81A98851B5158330D7869BEF4099D0F282B84E3897B49AEFF80C78DFAC4","RuleNameLength":"54","TargetUser":"S-1-5-21-2376127652-1403096981-1664155051-1382","FileHashLength":"32","RuleId":"{a61c8b2c-a319-4cd0-9690-d2177cad7b51}","TargetLogonId":"0x1004204","FqbnLength":"118","TargetProcessId":"7568","PolicyName":"EXE","FullFilePathLength":"31","RuleName":"(Default Rule) All files located in the Windows folder"},"process":{"thread":{"id":804},"pid":816},"channel":"Microsoft-Windows-AppLocker/EXE and DLL","api":"wineventlog","event_id":8002,"provider_guid":"{cbda4dbf-8d5d-4f69-9578-be14aa540d22}","provider_name":"Microsoft-Windows-AppLocker"}}
{"@version":"1","message":"L’exécution de %SYSTEM32%\\RDPCLIP.EXE a été autorisée.","event":{"created":"2023-09-08T13:15:16.649Z","provider":"Microsoft-Windows-AppLocker","code":8002,"kind":"event","original":"L’exécution de %SYSTEM32%\\RDPCLIP.EXE a été autorisée."},"collector_node_id":"WINF148104FR","@timestamp":"2023-09-08T13:15:12.648Z","agent":{"name":"WINF148104FR","ephemeral_id":"af4af741-de30-4778-8118-3d804a8b90a3","id":"f087d310-4eed-48d8-ba60-041b027dd6fa","hostname":"WINF148104FR","type":"winlogbeat","version":"7.11.1"},"gl2_source_collector":"f2fdff80-b545-496c-a718-b68f491f256a","log":{"level":"information"},"tags":["applocker","beats_input_codec_plain_applied"],"host":{"name":"WINF148104FR.demo.io"},"ecs":{"version":"1.7.0"},"winlog":{"opcode":"Informations","record_id":1534,"task":"","user":{"name":"aausmu","type":"User","identifier":"S-1-5-21-2376127652-1403096981-1664155051-1382","domain":"DEMO"},"computer_name":"WINF148104FR.demo.io","user_data":{"RuleSddlLength":"57","PolicyNameLength":"3","Fqbn":"O=MICROSOFT CORPORATION, L=REDMOND, S=WASHINGTON, C=US\\MICROSOFT® WINDOWS® OPERATING SYSTEM\\RDPCLIP.EXE\\10.0.20348.405","FilePathLength":"22","FilePath":"%SYSTEM32%\\RDPCLIP.EXE","FileHash":"0435785BEB4DBE74BA991AB3C1C850B745FF1827B9448DE15263FD86137BB842","xml_name":"RuleAndFileData","RuleSddl":"D:(XA;;FX;;;S-1-1-0;(APPID://PATH Contains \"%WINDIR%\\*\"))","FullFilePath":"C:\\WINDOWS\\System32\\rdpclip.exe","RuleNameLength":"54","FileHashLength":"32","TargetLogonId":"0x1004204","RuleId":"{a61c8b2c-a319-4cd0-9690-d2177cad7b51}","TargetUser":"S-1-5-21-2376127652-1403096981-1664155051-1382","FqbnLength":"118","TargetProcessId":"7516","PolicyName":"EXE","FullFilePathLength":"31","RuleName":"(Default Rule) All files located in the Windows folder"},"process":{"pid":1156,"thread":{"id":2160}},"channel":"Microsoft-Windows-AppLocker/EXE and DLL","api":"wineventlog","event_id":8002,"provider_guid":"{cbda4dbf-8d5d-4f69-9578-be14aa540d22}","provider_name":"Microsoft-Windows-AppLocker"}}
{"@version":"1","message":"L’exécution de %SYSTEM32%\\SNIPPINGTOOL.EXE a été autorisée.","event":{"created":"2023-09-08T13:15:16.650Z","code":8002,"provider":"Microsoft-Windows-AppLocker","kind":"event","original":"L’exécution de %SYSTEM32%\\SNIPPINGTOOL.EXE a été autorisée."},"collector_node_id":"WINF148104FR","@timestamp":"2023-09-08T13:15:13.238Z","agent":{"id":"f087d310-4eed-48d8-ba60-041b027dd6fa","ephemeral_id":"af4af741-de30-4778-8118-3d804a8b90a3","name":"WINF148104FR","hostname":"WINF148104FR","type":"winlogbeat","version":"7.11.1"},"gl2_source_collector":"f2fdff80-b545-496c-a718-b68f491f256a","log":{"level":"information"},"tags":["applocker","beats_input_codec_plain_applied"],"host":{"name":"WINF148104FR.demo.io"},"ecs":{"version":"1.7.0"},"winlog":{"opcode":"Informations","record_id":1555,"task":"","user":{"name":"aausmu","type":"User","identifier":"S-1-5-21-2376127652-1403096981-1664155051-1382","domain":"DEMO"},"computer_name":"WINF148104FR.demo.io","user_data":{"RuleSddlLength":"57","PolicyNameLength":"3","FilePathLength":"27","Fqbn":"O=MICROSOFT CORPORATION, L=REDMOND, S=WASHINGTON, C=US\\MICROSOFT® WINDOWS® OPERATING SYSTEM\\SNIPPINGTOOL.EXE\\10.0.20348.143","FilePath":"%SYSTEM32%\\SNIPPINGTOOL.EXE","FileHash":"3EF5359AC19E7EC4B6415E478CCC94CCCE7691E0FB145BEBDD15219201C2210C","FullFilePath":"C:\\WINDOWS\\System32\\SnippingTool.exe","xml_name":"RuleAndFileData","RuleSddl":"D:(XA;;FX;;;S-1-1-0;(APPID://PATH Contains \"%WINDIR%\\*\"))","RuleNameLength":"54","FileHashLength":"32","TargetLogonId":"0x1004204","RuleId":"{a61c8b2c-a319-4cd0-9690-d2177cad7b51}","TargetUser":"S-1-5-21-2376127652-1403096981-1664155051-1382","FqbnLength":"123","TargetProcessId":"5448","PolicyName":"EXE","FullFilePathLength":"36","RuleName":"(Default Rule) All files located in the Windows folder"},"process":{"pid":4108,"thread":{"id":5864}},"channel":"Microsoft-Windows-AppLocker/EXE and DLL","api":"wineventlog","event_id":8002,"provider_guid":"{cbda4dbf-8d5d-4f69-9578-be14aa540d22}","provider_name":"Microsoft-Windows-AppLocker"}}
{"@version":"1","message":"L’exécution de %SYSTEM32%\\PSR.EXE a été autorisée.","event":{"created":"2023-09-08T13:15:16.650Z","code":8002,"provider":"Microsoft-Windows-AppLocker","kind":"event","original":"L’exécution de %SYSTEM32%\\PSR.EXE a été autorisée."},"collector_node_id":"WINF148104FR","@timestamp":"2023-09-08T13:15:13.337Z","agent":{"name":"WINF148104FR","ephemeral_id":"af4af741-de30-4778-8118-3d804a8b90a3","id":"f087d310-4eed-48d8-ba60-041b027dd6fa","hostname":"WINF148104FR","type":"winlogbeat","version":"7.11.1"},"gl2_source_collector":"f2fdff80-b545-496c-a718-b68f491f256a","log":{"level":"information"},"tags":["applocker","beats_input_codec_plain_applied"],"ecs":{"version":"1.7.0"},"host":{"name":"WINF148104FR.demo.io"},"winlog":{"record_id":1557,"opcode":"Informations","task":"","user":{"name":"aausmu","type":"User","identifier":"S-1-5-21-2376127652-1403096981-1664155051-1382","domain":"DEMO"},"computer_name":"WINF148104FR.demo.io","user_data":{"RuleSddlLength":"57","Fqbn":"O=MICROSOFT CORPORATION, L=REDMOND, S=WASHINGTON, C=US\\MICROSOFT® WINDOWS® OPERATING SYSTEM\\PSR.EXE\\10.0.20348.01","FilePathLength":"18","PolicyNameLength":"3","RuleSddl":"D:(XA;;FX;;;S-1-1-0;(APPID://PATH Contains \"%WINDIR%\\*\"))","FileHash":"1B4E65F8066F4805BCC2762BEB6A61FC333E2C715DA7130726E7993481AC3739","FullFilePath":"C:\\WINDOWS\\System32\\psr.exe","xml_name":"RuleAndFileData","FilePath":"%SYSTEM32%\\PSR.EXE","RuleNameLength":"54","TargetLogonId":"0x1004204","FileHashLength":"32","RuleId":"{a61c8b2c-a319-4cd0-9690-d2177cad7b51}","TargetUser":"S-1-5-21-2376127652-1403096981-1664155051-1382","FqbnLength":"113","TargetProcessId":"1200","PolicyName":"EXE","FullFilePathLength":"27","RuleName":"(Default Rule) All files located in the Windows folder"},"process":{"thread":{"id":5864},"pid":4108},"channel":"Microsoft-Windows-AppLocker/EXE and DLL","api":"wineventlog","event_id":8002,"provider_guid":"{cbda4dbf-8d5d-4f69-9578-be14aa540d22}","provider_name":"Microsoft-Windows-AppLocker"}}
{"@version":"1","message":"L’exécution de %SYSTEM32%\\PSR.EXE a été autorisée.","event":{"created":"2023-09-08T13:15:16.650Z","code":8002,"provider":"Microsoft-Windows-AppLocker","kind":"event","original":"L’exécution de %SYSTEM32%\\PSR.EXE a été autorisée."},"collector_node_id":"WINF148104FR","@timestamp":"2023-09-08T13:15:13.413Z","agent":{"id":"f087d310-4eed-48d8-ba60-041b027dd6fa","ephemeral_id":"af4af741-de30-4778-8118-3d804a8b90a3","name":"WINF148104FR","hostname":"WINF148104FR","type":"winlogbeat","version":"7.11.1"},"gl2_source_collector":"f2fdff80-b545-496c-a718-b68f491f256a","log":{"level":"information"},"tags":["applocker","beats_input_codec_plain_applied"],"ecs":{"version":"1.7.0"},"host":{"name":"WINF148104FR.demo.io"},"winlog":{"record_id":1558,"opcode":"Informations","task":"","user":{"name":"aausmu","type":"User","identifier":"S-1-5-21-2376127652-1403096981-1664155051-1382","domain":"DEMO"},"computer_name":"WINF148104FR.demo.io","user_data":{"RuleSddlLength":"57","PolicyNameLength":"3","Fqbn":"O=MICROSOFT CORPORATION, L=REDMOND, S=WASHINGTON, C=US\\MICROSOFT® WINDOWS® OPERATING SYSTEM\\PSR.EXE\\10.0.20348.01","FilePathLength":"18","FilePath":"%SYSTEM32%\\PSR.EXE","RuleSddl":"D:(XA;;FX;;;S-1-1-0;(APPID://PATH Contains \"%WINDIR%\\*\"))","xml_name":"RuleAndFileData","FileHash":"1B4E65F8066F4805BCC2762BEB6A61FC333E2C715DA7130726E7993481AC3739","FullFilePath":"C:\\WINDOWS\\System32\\psr.exe","RuleNameLength":"54","TargetLogonId":"0x1004204","TargetUser":"S-1-5-21-2376127652-1403096981-1664155051-1382","RuleId":"{a61c8b2c-a319-4cd0-9690-d2177cad7b51}","FileHashLength":"32","FqbnLength":"113","TargetProcessId":"9944","PolicyName":"EXE","FullFilePathLength":"27","RuleName":"(Default Rule) All files located in the Windows folder"},"process":{"pid":2752,"thread":{"id":7260}},"channel":"Microsoft-Windows-AppLocker/EXE and DLL","api":"wineventlog","event_id":8002,"provider_guid":"{cbda4dbf-8d5d-4f69-9578-be14aa540d22}","provider_name":"Microsoft-Windows-AppLocker"}}
{"@version":"1","message":"L’exécution de %SYSTEM32%\\XPSRCHVW.EXE a été autorisée.","event":{"created":"2023-09-08T13:15:16.650Z","code":8002,"provider":"Microsoft-Windows-AppLocker","kind":"event","original":"L’exécution de %SYSTEM32%\\XPSRCHVW.EXE a été autorisée."},"collector_node_id":"WINF148104FR","@timestamp":"2023-09-08T13:15:13.435Z","agent":{"name":"WINF148104FR","ephemeral_id":"af4af741-de30-4778-8118-3d804a8b90a3","id":"f087d310-4eed-48d8-ba60-041b027dd6fa","hostname":"WINF148104FR","type":"winlogbeat","version":"7.11.1"},"gl2_source_collector":"f2fdff80-b545-496c-a718-b68f491f256a","log":{"level":"information"},"tags":["applocker","beats_input_codec_plain_applied"],"ecs":{"version":"1.7.0"},"host":{"name":"WINF148104FR.demo.io"},"winlog":{"record_id":1559,"opcode":"Informations","task":"","user":{"name":"aausmu","type":"User","identifier":"S-1-5-21-2376127652-1403096981-1664155051-1382","domain":"DEMO"},"computer_name":"WINF148104FR.demo.io","user_data":{"RuleSddlLength":"57","PolicyNameLength":"3","Fqbn":"O=MICROSOFT CORPORATION, L=REDMOND, S=WASHINGTON, C=US\\MICROSOFT® WINDOWS® OPERATING SYSTEM\\XPSRCHVW.EXE\\10.0.20348.01","FilePathLength":"23","RuleSddl":"D:(XA;;FX;;;S-1-1-0;(APPID://PATH Contains \"%WINDIR%\\*\"))","FileHash":"D348B940827586F444946DF0380E50DC958F3202F3B9C2B3A1418458F0E8DD29","FullFilePath":"C:\\WINDOWS\\System32\\xpsrchvw.exe","FilePath":"%SYSTEM32%\\XPSRCHVW.EXE","xml_name":"RuleAndFileData","RuleNameLength":"54","FileHashLength":"32","TargetLogonId":"0x1004204","RuleId":"{a61c8b2c-a319-4cd0-9690-d2177cad7b51}","TargetUser":"S-1-5-21-2376127652-1403096981-1664155051-1382","FqbnLength":"118","TargetProcessId":"8236","PolicyName":"EXE","FullFilePathLength":"32","RuleName":"(Default Rule) All files located in the Windows folder"},"process":{"pid":4108,"thread":{"id":5864}},"channel":"Microsoft-Windows-AppLocker/EXE and DLL","api":"wineventlog","event_id":8002,"provider_guid":"{cbda4dbf-8d5d-4f69-9578-be14aa540d22}","provider_name":"Microsoft-Windows-AppLocker"}}
{"@version":"1","message":"L’exécution de %SYSTEM32%\\WINDOWSPOWERSHELL\\V1.0\\POWERSHELL.EXE a été autorisée.","event":{"created":"2023-09-08T13:15:16.650Z","provider":"Microsoft-Windows-AppLocker","code":8002,"kind":"event","original":"L’exécution de %SYSTEM32%\\WINDOWSPOWERSHELL\\V1.0\\POWERSHELL.EXE a été autorisée."},"collector_node_id":"WINF148104FR","@timestamp":"2023-09-08T13:15:13.452Z","agent":{"id":"f087d310-4eed-48d8-ba60-041b027dd6fa","ephemeral_id":"af4af741-de30-4778-8118-3d804a8b90a3","name":"WINF148104FR","hostname":"WINF148104FR","type":"winlogbeat","version":"7.11.1"},"gl2_source_collector":"f2fdff80-b545-496c-a718-b68f491f256a","log":{"level":"information"},"tags":["applocker","beats_input_codec_plain_applied"],"ecs":{"version":"1.7.0"},"host":{"name":"WINF148104FR.demo.io"},"winlog":{"record_id":1560,"opcode":"Informations","task":"","user":{"name":"aausmu","type":"User","identifier":"S-1-5-21-2376127652-1403096981-1664155051-1382","domain":"DEMO"},"computer_name":"WINF148104FR.demo.io","user_data":{"RuleSddlLength":"57","PolicyNameLength":"3","FilePathLength":"48","Fqbn":"O=MICROSOFT CORPORATION, L=REDMOND, S=WASHINGTON, C=US\\MICROSOFT® WINDOWS® OPERATING SYSTEM\\POWERSHELL.EXE\\10.0.20348.01","RuleSddl":"D:(XA;;FX;;;S-1-1-0;(APPID://PATH Contains \"%WINDIR%\\*\"))","FileHash":"5EB31885E83725A3C0DECD7384DE4C76E4CA186F317880C7F82EEE4D948DA9E1","FullFilePath":"C:\\WINDOWS\\System32\\WINDOWSPOWERSHELL\\V1.0\\powershell.exe","xml_name":"RuleAndFileData","FilePath":"%SYSTEM32%\\WINDOWSPOWERSHELL\\V1.0\\POWERSHELL.EXE","RuleNameLength":"54","TargetUser":"S-1-5-21-2376127652-1403096981-1664155051-1382","FileHashLength":"32","RuleId":"{a61c8b2c-a319-4cd0-9690-d2177cad7b51}","TargetLogonId":"0x1004204","FqbnLength":"120","TargetProcessId":"9732","PolicyName":"EXE","FullFilePathLength":"57","RuleName":"(Default Rule) All files located in the Windows folder"},"process":{"pid":4108,"thread":{"id":5864}},"channel":"Microsoft-Windows-AppLocker/EXE and DLL","api":"wineventlog","event_id":8002,"provider_guid":"{cbda4dbf-8d5d-4f69-9578-be14aa540d22}","provider_name":"Microsoft-Windows-AppLocker"}}
{"@version":"1","message":"L’exécution de %SYSTEM32%\\CONHOST.EXE a été autorisée.","event":{"created":"2023-09-08T13:15:16.650Z","provider":"Microsoft-Windows-AppLocker","code":8002,"kind":"event","original":"L’exécution de %SYSTEM32%\\CONHOST.EXE a été autorisée."},"collector_node_id":"WINF148104FR","@timestamp":"2023-09-08T13:15:13.464Z","agent":{"id":"f087d310-4eed-48d8-ba60-041b027dd6fa","ephemeral_id":"af4af741-de30-4778-8118-3d804a8b90a3","name":"WINF148104FR","hostname":"WINF148104FR","type":"winlogbeat","version":"7.11.1"},"gl2_source_collector":"f2fdff80-b545-496c-a718-b68f491f256a","log":{"level":"information"},"tags":["applocker","beats_input_codec_plain_applied"],"ecs":{"version":"1.7.0"},"host":{"name":"WINF148104FR.demo.io"},"winlog":{"record_id":1561,"opcode":"Informations","task":"","user":{"name":"aausmu","type":"User","identifier":"S-1-5-21-2376127652-1403096981-1664155051-1382","domain":"DEMO"},"computer_name":"WINF148104FR.demo.io","user_data":{"RuleSddlLength":"57","Fqbn":"O=MICROSOFT CORPORATION, L=REDMOND, S=WASHINGTON, C=US\\MICROSOFT® WINDOWS® OPERATING SYSTEM\\CONHOST.EXE\\10.0.20348.558","PolicyNameLength":"3","FilePathLength":"22","RuleSddl":"D:(XA;;FX;;;S-1-1-0;(APPID://PATH Contains \"%WINDIR%\\*\"))","FileHash":"1193ED0D8668057F34AA2C805BA48AFC6B65025131C75D32A647F50EF774B83C","FullFilePath":"\\SystemRoot\\System32\\Conhost.exe","xml_name":"RuleAndFileData","FilePath":"%SYSTEM32%\\CONHOST.EXE","RuleNameLength":"54","TargetUser":"S-1-5-21-2376127652-1403096981-1664155051-1382","TargetLogonId":"0x1004204","RuleId":"{a61c8b2c-a319-4cd0-9690-d2177cad7b51}","FileHashLength":"32","FqbnLength":"118","TargetProcessId":"7232","PolicyName":"EXE","FullFilePathLength":"32","RuleName":"(Default Rule) All files located in the Windows folder"},"process":{"pid":9732,"thread":{"id":9736}},"channel":"Microsoft-Windows-AppLocker/EXE and DLL","api":"wineventlog","event_id":8002,"provider_guid":"{cbda4dbf-8d5d-4f69-9578-be14aa540d22}","provider_name":"Microsoft-Windows-AppLocker"}}
{"@version":"1","message":"L’exécution de %SYSTEM32%\\WINDOWSPOWERSHELL\\V1.0\\POWERSHELL_ISE.EXE a été autorisée.","event":{"created":"2023-09-08T13:15:16.650Z","code":8002,"provider":"Microsoft-Windows-AppLocker","kind":"event","original":"L’exécution de %SYSTEM32%\\WINDOWSPOWERSHELL\\V1.0\\POWERSHELL_ISE.EXE a été autorisée."},"collector_node_id":"WINF148104FR","@timestamp":"2023-09-08T13:15:13.469Z","agent":{"id":"f087d310-4eed-48d8-ba60-041b027dd6fa","name":"WINF148104FR","ephemeral_id":"af4af741-de30-4778-8118-3d804a8b90a3","hostname":"WINF148104FR","type":"winlogbeat","version":"7.11.1"},"gl2_source_collector":"f2fdff80-b545-496c-a718-b68f491f256a","log":{"level":"information"},"tags":["applocker","beats_input_codec_plain_applied"],"ecs":{"version":"1.7.0"},"host":{"name":"WINF148104FR.demo.io"},"winlog":{"opcode":"Informations","record_id":1562,"task":"","user":{"name":"aausmu","type":"User","identifier":"S-1-5-21-2376127652-1403096981-1664155051-1382","domain":"DEMO"},"computer_name":"WINF148104FR.demo.io","user_data":{"RuleSddlLength":"57","PolicyNameLength":"3","FilePathLength":"52","Fqbn":"O=MICROSOFT CORPORATION, L=REDMOND, S=WASHINGTON, C=US\\MICROSOFT® WINDOWS® OPERATING SYSTEM\\POWERSHELL_ISE.EXE\\10.0.20348.01","RuleSddl":"D:(XA;;FX;;;S-1-1-0;(APPID://PATH Contains \"%WINDIR%\\*\"))","FileHash":"F3A517A1FCE2B0CD3D4779175E52326992D76A4A13669AD3E8A3E3D2C35991A1","FullFilePath":"C:\\WINDOWS\\System32\\WINDOWSPOWERSHELL\\V1.0\\powershell_ise.exe","xml_name":"RuleAndFileData","FilePath":"%SYSTEM32%\\WINDOWSPOWERSHELL\\V1.0\\POWERSHELL_ISE.EXE","RuleNameLength":"54","FileHashLength":"32","TargetUser":"S-1-5-21-2376127652-1403096981-1664155051-1382","TargetLogonId":"0x1004204","RuleId":"{a61c8b2c-a319-4cd0-9690-d2177cad7b51}","FqbnLength":"124","TargetProcessId":"8292","PolicyName":"EXE","FullFilePathLength":"61","RuleName":"(Default Rule) All files located in the Windows folder"},"process":{"thread":{"id":5864},"pid":4108},"channel":"Microsoft-Windows-AppLocker/EXE and DLL","api":"wineventlog","event_id":8002,"provider_guid":"{cbda4dbf-8d5d-4f69-9578-be14aa540d22}","provider_name":"Microsoft-Windows-AppLocker"}}
{"@version":"1","message":"L’exécution de %PROGRAMFILES%\\GOOGLE\\CHROME\\APPLICATION\\CHROME.EXE a été autorisée.","event":{"created":"2023-09-08T13:15:16.650Z","code":8002,"provider":"Microsoft-Windows-AppLocker","kind":"event","original":"L’exécution de %PROGRAMFILES%\\GOOGLE\\CHROME\\APPLICATION\\CHROME.EXE a été autorisée."},"collector_node_id":"WINF148104FR","@timestamp":"2023-09-08T13:15:13.500Z","agent":{"id":"f087d310-4eed-48d8-ba60-041b027dd6fa","name":"WINF148104FR","ephemeral_id":"af4af741-de30-4778-8118-3d804a8b90a3","hostname":"WINF148104FR","type":"winlogbeat","version":"7.11.1"},"gl2_source_collector":"f2fdff80-b545-496c-a718-b68f491f256a","log":{"level":"information"},"tags":["applocker","beats_input_codec_plain_applied"],"ecs":{"version":"1.7.0"},"host":{"name":"WINF148104FR.demo.io"},"winlog":{"opcode":"Informations","record_id":1563,"task":"","user":{"name":"aausmu","type":"User","identifier":"S-1-5-21-2376127652-1403096981-1664155051-1382","domain":"DEMO"},"computer_name":"WINF148104FR.demo.io","user_data":{"RuleSddlLength":"63","PolicyNameLength":"3","FilePathLength":"51","Fqbn":"O=GOOGLE LLC, L=MOUNTAIN VIEW, S=CALIFORNIA, C=US\\GOOGLE CHROME\\CHROME.EXE\\114.0.5735.199","FilePath":"%PROGRAMFILES%\\GOOGLE\\CHROME\\APPLICATION\\CHROME.EXE","FileHash":"AEF638992D1D27745EBDF06B1D63328534673D81784E73AF54DAE669C07024B4","xml_name":"RuleAndFileData","FullFilePath":"C:\\Program Files\\GOOGLE\\CHROME\\APPLICATION\\chrome.exe","RuleSddl":"D:(XA;;FX;;;S-1-1-0;(APPID://PATH Contains \"%PROGRAMFILES%\\*\"))","RuleNameLength":"60","FileHashLength":"32","TargetUser":"S-1-5-21-2376127652-1403096981-1664155051-1382","RuleId":"{921cc481-6e17-4653-8f75-050b80acca20}","TargetLogonId":"0x1004204","FqbnLength":"89","TargetProcessId":"4976","PolicyName":"EXE","FullFilePathLength":"53","RuleName":"(Default Rule) All files located in the Program Files folder"},"process":{"pid":4108,"thread":{"id":5864}},"channel":"Microsoft-Windows-AppLocker/EXE and DLL","api":"wineventlog","event_id":8002,"provider_guid":"{cbda4dbf-8d5d-4f69-9578-be14aa540d22}","provider_name":"Microsoft-Windows-AppLocker"}}
{"@version":"1","message":"L’exécution de %PROGRAMFILES%\\GOOGLE\\CHROME\\APPLICATION\\CHROME.EXE a été autorisée.","event":{"created":"2023-09-08T13:15:16.650Z","code":8002,"provider":"Microsoft-Windows-AppLocker","kind":"event","original":"L’exécution de %PROGRAMFILES%\\GOOGLE\\CHROME\\APPLICATION\\CHROME.EXE a été autorisée."},"collector_node_id":"WINF148104FR","@timestamp":"2023-09-08T13:15:13.522Z","agent":{"id":"f087d310-4eed-48d8-ba60-041b027dd6fa","ephemeral_id":"af4af741-de30-4778-8118-3d804a8b90a3","name":"WINF148104FR","hostname":"WINF148104FR","type":"winlogbeat","version":"7.11.1"},"gl2_source_collector":"f2fdff80-b545-496c-a718-b68f491f256a","log":{"level":"information"},"tags":["applocker","beats_input_codec_plain_applied"],"ecs":{"version":"1.7.0"},"host":{"name":"WINF148104FR.demo.io"},"winlog":{"opcode":"Informations","record_id":1564,"task":"","user":{"name":"aausmu","type":"User","identifier":"S-1-5-21-2376127652-1403096981-1664155051-1382","domain":"DEMO"},"computer_name":"WINF148104FR.demo.io","user_data":{"RuleSddlLength":"63","PolicyNameLength":"3","FilePathLength":"51","Fqbn":"O=GOOGLE LLC, L=MOUNTAIN VIEW, S=CALIFORNIA, C=US\\GOOGLE CHROME\\CHROME.EXE\\114.0.5735.199","FilePath":"%PROGRAMFILES%\\GOOGLE\\CHROME\\APPLICATION\\CHROME.EXE","RuleSddl":"D:(XA;;FX;;;S-1-1-0;(APPID://PATH Contains \"%PROGRAMFILES%\\*\"))","xml_name":"RuleAndFileData","FullFilePath":"C:\\Program Files\\GOOGLE\\CHROME\\APPLICATION\\chrome.exe","FileHash":"AEF638992D1D27745EBDF06B1D63328534673D81784E73AF54DAE669C07024B4","RuleNameLength":"60","TargetLogonId":"0x1004204","TargetUser":"S-1-5-21-2376127652-1403096981-1664155051-1382","RuleId":"{921cc481-6e17-4653-8f75-050b80acca20}","FileHashLength":"32","FqbnLength":"89","TargetProcessId":"6760","PolicyName":"EXE","FullFilePathLength":"53","RuleName":"(Default Rule) All files located in the Program Files folder"},"process":{"pid":4976,"thread":{"id":8564}},"channel":"Microsoft-Windows-AppLocker/EXE and DLL","api":"wineventlog","event_id":8002,"provider_guid":"{cbda4dbf-8d5d-4f69-9578-be14aa540d22}","provider_name":"Microsoft-Windows-AppLocker"}}
{"@version":"1","message":"\\\\DEMO.IO\\SYSVOL\\DEMO.IO\\POLICIES\\{6B93DEE2-D0C4-4498-876A-C2BA7A6473F2}\\USER\\SCRIPTS\\LOGON\\INITIATE_APPS.TXT.BAT was allowed to run but would have been prevented from running if the AppLocker policy were enforced.","event":{"created":"2023-09-08T13:15:16.495Z","code":8006,"provider":"Microsoft-Windows-AppLocker","kind":"event","original":"\\\\DEMO.IO\\SYSVOL\\DEMO.IO\\POLICIES\\{6B93DEE2-D0C4-4498-876A-C2BA7A6473F2}\\USER\\SCRIPTS\\LOGON\\INITIATE_APPS.TXT.BAT was allowed to run but would have been prevented from running if the AppLocker policy were enforced."},"collector_node_id":"WINF148103EN","@timestamp":"2023-09-08T13:15:15.490Z","agent":{"id":"8a461181-cb3e-4de6-b2da-019fe221fa3a","ephemeral_id":"343f4297-6201-4238-bffe-46f62781abd1","name":"WINF148103EN","hostname":"WINF148103EN","type":"winlogbeat","version":"7.11.1"},"gl2_source_collector":"1df5757b-0293-45c8-beef-9cb7782160ac","log":{"level":"warning"},"tags":["applocker","beats_input_codec_plain_applied"],"ecs":{"version":"1.7.0"},"host":{"name":"WINF148103EN.demo.io"},"winlog":{"opcode":"Info","record_id":359,"task":"","user":{"name":"discho","type":"User","identifier":"S-1-5-21-2376127652-1403096981-1664155051-1338","domain":"DEMO"},"computer_name":"WINF148103EN.demo.io","user_data":{"RuleSddlLength":"1","PolicyNameLength":"6","FilePathLength":"113","Fqbn":"-","RuleSddl":"-","FilePath":"\\\\DEMO.IO\\SYSVOL\\DEMO.IO\\POLICIES\\{6B93DEE2-D0C4-4498-876A-C2BA7A6473F2}\\USER\\SCRIPTS\\LOGON\\INITIATE_APPS.TXT.BAT","xml_name":"RuleAndFileData","FullFilePath":"\\\\demo.io\\SysVol\\demo.io\\Policies\\{6B93DEE2-D0C4-4498-876A-C2BA7A6473F2}\\User\\Scripts\\Logon\\initiate_apps.txt.bat","FileHash":"D673F390D4E4ED80791A818D3C0C9094F9B200CEB344507274AA0E91DB01353A","RuleNameLength":"1","TargetUser":"S-1-5-21-2376127652-1403096981-1664155051-1338","TargetLogonId":"0x10dc6eb","RuleId":"{00000000-0000-0000-0000-000000000000}","FileHashLength":"32","FqbnLength":"1","TargetProcessId":"9584","PolicyName":"SCRIPT","FullFilePathLength":"113","RuleName":"-"},"process":{"pid":9584,"thread":{"id":8268}},"channel":"Microsoft-Windows-AppLocker/MSI and Script","api":"wineventlog","event_id":8006,"provider_guid":"{cbda4dbf-8d5d-4f69-9578-be14aa540d22}","provider_name":"Microsoft-Windows-AppLocker"}}
{"@version":"1","message":"L’exécution de %PROGRAMFILES%\\GOOGLE\\CHROME\\APPLICATION\\CHROME.EXE a été autorisée.","event":{"created":"2023-09-08T13:15:18.080Z","code":8002,"provider":"Microsoft-Windows-AppLocker","kind":"event","original":"L’exécution de %PROGRAMFILES%\\GOOGLE\\CHROME\\APPLICATION\\CHROME.EXE a été autorisée."},"collector_node_id":"WINF148104FR","@timestamp":"2023-09-08T13:15:13.976Z","agent":{"id":"f087d310-4eed-48d8-ba60-041b027dd6fa","name":"WINF148104FR","ephemeral_id":"af4af741-de30-4778-8118-3d804a8b90a3","hostname":"WINF148104FR","type":"winlogbeat","version":"7.11.1"},"gl2_source_collector":"f2fdff80-b545-496c-a718-b68f491f256a","log":{"level":"information"},"tags":["applocker","beats_input_codec_plain_applied"],"host":{"name":"WINF148104FR.demo.io"},"ecs":{"version":"1.7.0"},"winlog":{"opcode":"Informations","record_id":1575,"task":"","user":{"name":"aausmu","type":"User","identifier":"S-1-5-21-2376127652-1403096981-1664155051-1382","domain":"DEMO"},"computer_name":"WINF148104FR.demo.io","user_data":{"RuleSddlLength":"63","Fqbn":"O=GOOGLE LLC, L=MOUNTAIN VIEW, S=CALIFORNIA, C=US\\GOOGLE CHROME\\CHROME.EXE\\114.0.5735.199","FilePathLength":"51","PolicyNameLength":"3","FilePath":"%PROGRAMFILES%\\GOOGLE\\CHROME\\APPLICATION\\CHROME.EXE","FileHash":"AEF638992D1D27745EBDF06B1D63328534673D81784E73AF54DAE669C07024B4","xml_name":"RuleAndFileData","RuleSddl":"D:(XA;;FX;;;S-1-1-0;(APPID://PATH Contains \"%PROGRAMFILES%\\*\"))","FullFilePath":"C:\\Program Files\\GOOGLE\\CHROME\\APPLICATION\\chrome.exe","RuleNameLength":"60","FileHashLength":"32","TargetLogonId":"0x1004204","RuleId":"{921cc481-6e17-4653-8f75-050b80acca20}","TargetUser":"S-1-5-21-2376127652-1403096981-1664155051-1382","FqbnLength":"89","TargetProcessId":"992","PolicyName":"EXE","FullFilePathLength":"53","RuleName":"(Default Rule) All files located in the Program Files folder"},"process":{"pid":4976,"thread":{"id":6976}},"channel":"Microsoft-Windows-AppLocker/EXE and DLL","api":"wineventlog","event_id":8002,"provider_guid":"{cbda4dbf-8d5d-4f69-9578-be14aa540d22}","provider_name":"Microsoft-Windows-AppLocker"}}
{"@version":"1","message":"L’exécution de %PROGRAMFILES%\\GOOGLE\\CHROME\\APPLICATION\\CHROME.EXE a été autorisée.","event":{"created":"2023-09-08T13:15:18.080Z","provider":"Microsoft-Windows-AppLocker","code":8002,"kind":"event","original":"L’exécution de %PROGRAMFILES%\\GOOGLE\\CHROME\\APPLICATION\\CHROME.EXE a été autorisée."},"collector_node_id":"WINF148104FR","@timestamp":"2023-09-08T13:15:14.105Z","agent":{"id":"f087d310-4eed-48d8-ba60-041b027dd6fa","ephemeral_id":"af4af741-de30-4778-8118-3d804a8b90a3","name":"WINF148104FR","hostname":"WINF148104FR","type":"winlogbeat","version":"7.11.1"},"gl2_source_collector":"f2fdff80-b545-496c-a718-b68f491f256a","log":{"level":"information"},"tags":["applocker","beats_input_codec_plain_applied"],"ecs":{"version":"1.7.0"},"host":{"name":"WINF148104FR.demo.io"},"winlog":{"record_id":1577,"opcode":"Informations","task":"","user":{"name":"aausmu","type":"User","identifier":"S-1-5-21-2376127652-1403096981-1664155051-1382","domain":"DEMO"},"computer_name":"WINF148104FR.demo.io","user_data":{"RuleSddlLength":"63","PolicyNameLength":"3","Fqbn":"O=GOOGLE LLC, L=MOUNTAIN VIEW, S=CALIFORNIA, C=US\\GOOGLE CHROME\\CHROME.EXE\\114.0.5735.199","FilePathLength":"51","FilePath":"%PROGRAMFILES%\\GOOGLE\\CHROME\\APPLICATION\\CHROME.EXE","RuleSddl":"D:(XA;;FX;;;S-1-1-0;(APPID://PATH Contains \"%PROGRAMFILES%\\*\"))","xml_name":"RuleAndFileData","FullFilePath":"C:\\Program Files\\GOOGLE\\CHROME\\APPLICATION\\chrome.exe","FileHash":"AEF638992D1D27745EBDF06B1D63328534673D81784E73AF54DAE669C07024B4","RuleNameLength":"60","TargetLogonId":"0x1004204","TargetUser":"S-1-5-21-2376127652-1403096981-1664155051-1382","FileHashLength":"32","RuleId":"{921cc481-6e17-4653-8f75-050b80acca20}","FqbnLength":"89","TargetProcessId":"4168","PolicyName":"EXE","FullFilePathLength":"53","RuleName":"(Default Rule) All files located in the Program Files folder"},"process":{"thread":{"id":6976},"pid":4976},"channel":"Microsoft-Windows-AppLocker/EXE and DLL","api":"wineventlog","event_id":8002,"provider_guid":"{cbda4dbf-8d5d-4f69-9578-be14aa540d22}","provider_name":"Microsoft-Windows-AppLocker"}}
{"@version":"1","message":"L’exécution de %OSDRIVE%\\USERS\\AAUSMU\\APPS\\SYSINTERNALS\\PROCEXP.EXE a été autorisée mais elle aurait été empêchée si la stratégie AppLocker avait été appliquée.","event":{"created":"2023-09-08T13:15:18.080Z","code":8003,"provider":"Microsoft-Windows-AppLocker","kind":"event","original":"L’exécution de %OSDRIVE%\\USERS\\AAUSMU\\APPS\\SYSINTERNALS\\PROCEXP.EXE a été autorisée mais elle aurait été empêchée si la stratégie AppLocker avait été appliquée."},"collector_node_id":"WINF148104FR","@timestamp":"2023-09-08T13:15:14.206Z","agent":{"id":"f087d310-4eed-48d8-ba60-041b027dd6fa","ephemeral_id":"af4af741-de30-4778-8118-3d804a8b90a3","name":"WINF148104FR","hostname":"WINF148104FR","type":"winlogbeat","version":"7.11.1"},"gl2_source_collector":"f2fdff80-b545-496c-a718-b68f491f256a","log":{"level":"avertissement"},"tags":["applocker","beats_input_codec_plain_applied"],"ecs":{"version":"1.7.0"},"host":{"name":"WINF148104FR.demo.io"},"winlog":{"opcode":"Informations","record_id":1579,"task":"","user":{"name":"aausmu","type":"User","identifier":"S-1-5-21-2376127652-1403096981-1664155051-1382","domain":"DEMO"},"computer_name":"WINF148104FR.demo.io","user_data":{"RuleSddlLength":"1","Fqbn":"O=MICROSOFT CORPORATION, L=REDMOND, S=WASHINGTON, C=US\\PROCESS EXPLORER\\PROCEXP.EXE\\17.4.0.00","FilePathLength":"52","PolicyNameLength":"3","FilePath":"%OSDRIVE%\\USERS\\AAUSMU\\APPS\\SYSINTERNALS\\PROCEXP.EXE","FileHash":"BF6FBF8F8ACB1795FF2C86B1E9AB91662940AC11B788C9D7531263DDEE6ACD37","FullFilePath":"C:\\Users\\aausmu\\Apps\\Sysinternals\\procexp.exe","RuleSddl":"-","xml_name":"RuleAndFileData","RuleNameLength":"1","FileHashLength":"32","TargetUser":"S-1-5-21-2376127652-1403096981-1664155051-1382","RuleId":"{00000000-0000-0000-0000-000000000000}","TargetLogonId":"0x1004204","FqbnLength":"93","TargetProcessId":"4780","PolicyName":"EXE","FullFilePathLength":"45","RuleName":"-"},"process":{"pid":4108,"thread":{"id":5864}},"channel":"Microsoft-Windows-AppLocker/EXE and DLL","api":"wineventlog","event_id":8003,"provider_guid":"{cbda4dbf-8d5d-4f69-9578-be14aa540d22}","provider_name":"Microsoft-Windows-AppLocker"}}
{"@version":"1","message":"L’exécution de %OSDRIVE%\\USERS\\AAUSMU\\APPDATA\\LOCAL\\TEMP\\PROCEXP64.EXE a été autorisée mais elle aurait été empêchée si la stratégie AppLocker avait été appliquée.","event":{"created":"2023-09-08T13:15:18.080Z","code":8003,"provider":"Microsoft-Windows-AppLocker","kind":"event","original":"L’exécution de %OSDRIVE%\\USERS\\AAUSMU\\APPDATA\\LOCAL\\TEMP\\PROCEXP64.EXE a été autorisée mais elle aurait été empêchée si la stratégie AppLocker avait été appliquée."},"collector_node_id":"WINF148104FR","@timestamp":"2023-09-08T13:15:14.766Z","agent":{"name":"WINF148104FR","ephemeral_id":"af4af741-de30-4778-8118-3d804a8b90a3","id":"f087d310-4eed-48d8-ba60-041b027dd6fa","hostname":"WINF148104FR","type":"winlogbeat","version":"7.11.1"},"gl2_source_collector":"f2fdff80-b545-496c-a718-b68f491f256a","log":{"level":"avertissement"},"tags":["applocker","beats_input_codec_plain_applied"],"host":{"name":"WINF148104FR.demo.io"},"ecs":{"version":"1.7.0"},"winlog":{"opcode":"Informations","record_id":1581,"task":"","user":{"name":"aausmu","type":"User","identifier":"S-1-5-21-2376127652-1403096981-1664155051-1382","domain":"DEMO"},"computer_name":"WINF148104FR.demo.io","user_data":{"RuleSddlLength":"1","Fqbn":"O=MICROSOFT CORPORATION, L=REDMOND, S=WASHINGTON, C=US\\PROCESS EXPLORER\\PROCEXP.EXE\\17.4.0.00","PolicyNameLength":"3","FilePathLength":"55","RuleSddl":"-","FilePath":"%OSDRIVE%\\USERS\\AAUSMU\\APPDATA\\LOCAL\\TEMP\\PROCEXP64.EXE","FullFilePath":"C:\\Users\\aausmu\\AppData\\Local\\Temp\\procexp64.exe","xml_name":"RuleAndFileData","FileHash":"B75F1211AF749133EA975C68E4C0EA5089AF446A1D5BA01C43F8A04AE7EE8C6C","RuleNameLength":"1","TargetUser":"S-1-5-21-2376127652-1403096981-1664155051-1382","FileHashLength":"32","RuleId":"{00000000-0000-0000-0000-000000000000}","TargetLogonId":"0x1004204","FqbnLength":"93","TargetProcessId":"8256","PolicyName":"EXE","FullFilePathLength":"48","RuleName":"-"},"process":{"pid":4780,"thread":{"id":9408}},"channel":"Microsoft-Windows-AppLocker/EXE and DLL","api":"wineventlog","event_id":8003,"provider_guid":"{cbda4dbf-8d5d-4f69-9578-be14aa540d22}","provider_name":"Microsoft-Windows-AppLocker"}}
{"@version":"1","message":"L’exécution de %PROGRAMFILES%\\GOOGLE\\CHROME\\APPLICATION\\CHROME.EXE a été autorisée.","event":{"created":"2023-09-08T13:15:18.081Z","code":8002,"provider":"Microsoft-Windows-AppLocker","kind":"event","original":"L’exécution de %PROGRAMFILES%\\GOOGLE\\CHROME\\APPLICATION\\CHROME.EXE a été autorisée."},"collector_node_id":"WINF148104FR","@timestamp":"2023-09-08T13:15:15.377Z","agent":{"name":"WINF148104FR","ephemeral_id":"af4af741-de30-4778-8118-3d804a8b90a3","id":"f087d310-4eed-48d8-ba60-041b027dd6fa","hostname":"WINF148104FR","type":"winlogbeat","version":"7.11.1"},"gl2_source_collector":"f2fdff80-b545-496c-a718-b68f491f256a","log":{"level":"information"},"tags":["applocker","beats_input_codec_plain_applied"],"host":{"name":"WINF148104FR.demo.io"},"ecs":{"version":"1.7.0"},"winlog":{"record_id":1583,"opcode":"Informations","task":"","user":{"name":"aausmu","type":"User","identifier":"S-1-5-21-2376127652-1403096981-1664155051-1382","domain":"DEMO"},"computer_name":"WINF148104FR.demo.io","user_data":{"RuleSddlLength":"63","PolicyNameLength":"3","FilePathLength":"51","Fqbn":"O=GOOGLE LLC, L=MOUNTAIN VIEW, S=CALIFORNIA, C=US\\GOOGLE CHROME\\CHROME.EXE\\114.0.5735.199","FilePath":"%PROGRAMFILES%\\GOOGLE\\CHROME\\APPLICATION\\CHROME.EXE","FileHash":"AEF638992D1D27745EBDF06B1D63328534673D81784E73AF54DAE669C07024B4","xml_name":"RuleAndFileData","RuleSddl":"D:(XA;;FX;;;S-1-1-0;(APPID://PATH Contains \"%PROGRAMFILES%\\*\"))","FullFilePath":"C:\\Program Files\\GOOGLE\\CHROME\\APPLICATION\\chrome.exe","RuleNameLength":"60","TargetUser":"S-1-5-21-2376127652-1403096981-1664155051-1382","FileHashLength":"32","RuleId":"{921cc481-6e17-4653-8f75-050b80acca20}","TargetLogonId":"0x1004204","FqbnLength":"89","TargetProcessId":"3364","PolicyName":"EXE","FullFilePathLength":"53","RuleName":"(Default Rule) All files located in the Program Files folder"},"process":{"thread":{"id":6976},"pid":4976},"channel":"Microsoft-Windows-AppLocker/EXE and DLL","api":"wineventlog","event_id":8002,"provider_guid":"{cbda4dbf-8d5d-4f69-9578-be14aa540d22}","provider_name":"Microsoft-Windows-AppLocker"}}
{"@version":"1","message":"L’exécution de %SYSTEM32%\\CMD.EXE a été autorisée.","event":{"created":"2023-09-08T13:15:18.831Z","code":8002,"provider":"Microsoft-Windows-AppLocker","kind":"event","original":"L’exécution de %SYSTEM32%\\CMD.EXE a été autorisée."},"collector_node_id":"WINF148104FR","@timestamp":"2023-09-08T13:15:16.064Z","agent":{"name":"WINF148104FR","ephemeral_id":"af4af741-de30-4778-8118-3d804a8b90a3","id":"f087d310-4eed-48d8-ba60-041b027dd6fa","hostname":"WINF148104FR","type":"winlogbeat","version":"7.11.1"},"gl2_source_collector":"f2fdff80-b545-496c-a718-b68f491f256a","log":{"level":"information"},"tags":["applocker","beats_input_codec_plain_applied"],"ecs":{"version":"1.7.0"},"host":{"name":"WINF148104FR.demo.io"},"winlog":{"record_id":1585,"opcode":"Informations","task":"","user":{"name":"aausmu","type":"User","identifier":"S-1-5-21-2376127652-1403096981-1664155051-1382","domain":"DEMO"},"computer_name":"WINF148104FR.demo.io","user_data":{"RuleSddlLength":"57","PolicyNameLength":"3","FilePathLength":"18","Fqbn":"O=MICROSOFT CORPORATION, L=REDMOND, S=WASHINGTON, C=US\\MICROSOFT® WINDOWS® OPERATING SYSTEM\\CMD.EXE\\10.0.20348.01","RuleSddl":"D:(XA;;FX;;;S-1-1-0;(APPID://PATH Contains \"%WINDIR%\\*\"))","FilePath":"%SYSTEM32%\\CMD.EXE","xml_name":"RuleAndFileData","FileHash":"C7EAE27088EB649D3CF2B8A133D9679096F59D9C1120EEEB8C37132D61923531","FullFilePath":"C:\\WINDOWS\\SysWOW64\\cmd.exe","RuleNameLength":"54","TargetLogonId":"0x1004204","TargetUser":"S-1-5-21-2376127652-1403096981-1664155051-1382","RuleId":"{a61c8b2c-a319-4cd0-9690-d2177cad7b51}","FileHashLength":"32","FqbnLength":"113","TargetProcessId":"1440","PolicyName":"EXE","FullFilePathLength":"27","RuleName":"(Default Rule) All files located in the Windows folder"},"process":{"pid":10108,"thread":{"id":9376}},"channel":"Microsoft-Windows-AppLocker/EXE and DLL","api":"wineventlog","event_id":8002,"provider_guid":"{cbda4dbf-8d5d-4f69-9578-be14aa540d22}","provider_name":"Microsoft-Windows-AppLocker"}}
{"@version":"1","message":"%SYSTEM32%\\TSTHEME.EXE was allowed to run.","event":{"created":"2023-09-08T13:15:18.304Z","code":8002,"provider":"Microsoft-Windows-AppLocker","kind":"event","original":"%SYSTEM32%\\TSTHEME.EXE was allowed to run."},"collector_node_id":"WINF148103EN","@timestamp":"2023-09-08T13:15:14.846Z","agent":{"id":"8a461181-cb3e-4de6-b2da-019fe221fa3a","name":"WINF148103EN","ephemeral_id":"343f4297-6201-4238-bffe-46f62781abd1","hostname":"WINF148103EN","type":"winlogbeat","version":"7.11.1"},"gl2_source_collector":"1df5757b-0293-45c8-beef-9cb7782160ac","log":{"level":"information"},"tags":["applocker","beats_input_codec_plain_applied"],"ecs":{"version":"1.7.0"},"host":{"name":"WINF148103EN.demo.io"},"winlog":{"opcode":"Info","record_id":2326,"task":"","user":{"name":"discho","type":"User","identifier":"S-1-5-21-2376127652-1403096981-1664155051-1338","domain":"DEMO"},"computer_name":"WINF148103EN.demo.io","user_data":{"RuleSddlLength":"57","Fqbn":"O=MICROSOFT CORPORATION, L=REDMOND, S=WASHINGTON, C=US\\MICROSOFT® WINDOWS® OPERATING SYSTEM\\TSTHEMES.EXE\\10.0.20348.01","PolicyNameLength":"3","FilePathLength":"22","RuleSddl":"D:(XA;;FX;;;S-1-1-0;(APPID://PATH Contains \"%WINDIR%\\*\"))","FilePath":"%SYSTEM32%\\TSTHEME.EXE","xml_name":"RuleAndFileData","FileHash":"C493D81A98851B5158330D7869BEF4099D0F282B84E3897B49AEFF80C78DFAC4","FullFilePath":"C:\\WINDOWS\\system32\\TSTheme.exe","RuleNameLength":"54","TargetLogonId":"0x10dc6eb","FileHashLength":"32","RuleId":"{a61c8b2c-a319-4cd0-9690-d2177cad7b51}","TargetUser":"S-1-5-21-2376127652-1403096981-1664155051-1338","FqbnLength":"118","TargetProcessId":"6988","PolicyName":"EXE","FullFilePathLength":"31","RuleName":"(Default Rule) All files located in the Windows folder"},"process":{"thread":{"id":4160},"pid":820},"channel":"Microsoft-Windows-AppLocker/EXE and DLL","api":"wineventlog","event_id":8002,"provider_guid":"{cbda4dbf-8d5d-4f69-9578-be14aa540d22}","provider_name":"Microsoft-Windows-AppLocker"}}
