{"@version":"1","message":"%SYSTEM32%\\CSCRIPT.EXE was allowed to run.","event":{"created":"2023-09-08T13:15:26.957Z","code":8002,"provider":"Microsoft-Windows-AppLocker","kind":"event","original":"%SYSTEM32%\\CSCRIPT.EXE was allowed to run."},"collector_node_id":"WINF148103EN","@timestamp":"2023-09-08T13:15:25.947Z","agent":{"id":"8a461181-cb3e-4de6-b2da-019fe221fa3a","name":"WINF148103EN","ephemeral_id":"343f4297-6201-4238-bffe-46f62781abd1","hostname":"WINF148103EN","type":"winlogbeat","version":"7.11.1"},"gl2_source_collector":"1df5757b-0293-45c8-beef-9cb7782160ac","log":{"level":"information"},"tags":["applocker","beats_input_codec_plain_applied"],"host":{"name":"WINF148103EN.demo.io"},"ecs":{"version":"1.7.0"},"winlog":{"record_id":2404,"opcode":"Info","task":"","user":{"name":"discho","type":"User","identifier":"S-1-5-21-2376127652-1403096981-1664155051-1338","domain":"DEMO"},"computer_name":"WINF148103EN.demo.io","user_data":{"RuleSddlLength":"57","Fqbn":"O=MICROSOFT CORPORATION, L=REDMOND, S=WASHINGTON, C=US\\MICROSOFT ® WINDOWS SCRIPT HOST\\CSCRIPT.EXE\\5.812.10240.16384","FilePathLength":"22","PolicyNameLength":"3","RuleSddl":"D:(XA;;FX;;;S-1-1-0;(APPID://PATH Contains \"%WINDIR%\\*\"))","FileHash":"CF803C2DFF20E03F2E77B1F18E957F6E63E140558D42A3690C5FB2F265DC7F0E","xml_name":"RuleAndFileData","FilePath":"%SYSTEM32%\\CSCRIPT.EXE","FullFilePath":"C:\\WINDOWS\\system32\\cscript.exe","RuleNameLength":"54","FileHashLength":"32","TargetUser":"S-1-5-21-2376127652-1403096981-1664155051-1338","TargetLogonId":"0x10dc6eb","RuleId":"{a61c8b2c-a319-4cd0-9690-d2177cad7b51}","FqbnLength":"116","TargetProcessId":"7012","PolicyName":"EXE","FullFilePathLength":"31","RuleName":"(Default Rule) All files located in the Windows folder"},"process":{"pid":404,"thread":{"id":10200}},"channel":"Microsoft-Windows-AppLocker/EXE and DLL","api":"wineventlog","event_id":8002,"provider_guid":"{cbda4dbf-8d5d-4f69-9578-be14aa540d22}","provider_name":"Microsoft-Windows-AppLocker"}}
{"@version":"1","message":"\\\\WINF148101DE\\SHARE\\ACCESSENUM.EXE was allowed to run but would have been prevented from running if the AppLocker policy were enforced.","event":{"created":"2023-09-08T13:15:26.957Z","code":8003,"provider":"Microsoft-Windows-AppLocker","kind":"event","original":"\\\\WINF148101DE\\SHARE\\ACCESSENUM.EXE was allowed to run but would have been prevented from running if the AppLocker policy were enforced."},"collector_node_id":"WINF148103EN","@timestamp":"2023-09-08T13:15:26.236Z","agent":{"id":"8a461181-cb3e-4de6-b2da-019fe221fa3a","ephemeral_id":"343f4297-6201-4238-bffe-46f62781abd1","name":"WINF148103EN","hostname":"WINF148103EN","type":"winlogbeat","version":"7.11.1"},"gl2_source_collector":"1df5757b-0293-45c8-beef-9cb7782160ac","log":{"level":"warning"},"tags":["applocker","beats_input_codec_plain_applied"],"host":{"name":"WINF148103EN.demo.io"},"ecs":{"version":"1.7.0"},"winlog":{"opcode":"Info","record_id":2405,"task":"","user":{"name":"discho","type":"User","identifier":"S-1-5-21-2376127652-1403096981-1664155051-1338","domain":"DEMO"},"computer_name":"WINF148103EN.demo.io","user_data":{"RuleSddlLength":"1","Fqbn":"O=MICROSOFT CORPORATION, L=REDMOND, S=WASHINGTON, C=US\\SYSINTERNALS ACCESSENUM\\ACCESSENUM.EXE\\1.35.0.00","FilePathLength":"35","PolicyNameLength":"3","RuleSddl":"-","FilePath":"\\\\WINF148101DE\\SHARE\\ACCESSENUM.EXE","FullFilePath":"\\\\WINF148101DE\\Share\\AccessEnum.exe","xml_name":"RuleAndFileData","FileHash":"EDA0B9CCED86CD3E434F0427CAA15C9B2892F78F939144C2327AD108D9F4F8A5","RuleNameLength":"1","FileHashLength":"32","TargetUser":"S-1-5-21-2376127652-1403096981-1664155051-1338","RuleId":"{00000000-0000-0000-0000-000000000000}","TargetLogonId":"0x10dc6eb","FqbnLength":"103","TargetProcessId":"5472","PolicyName":"EXE","FullFilePathLength":"35","RuleName":"-"},"process":{"pid":9584,"thread":{"id":8268}},"channel":"Microsoft-Windows-AppLocker/EXE and DLL","api":"wineventlog","event_id":8003,"provider_guid":"{cbda4dbf-8d5d-4f69-9578-be14aa540d22}","provider_name":"Microsoft-Windows-AppLocker"}}
{"@version":"1","message":"%SYSTEM32%\\TIMEOUT.EXE was allowed to run.","event":{"created":"2023-09-08T13:15:26.957Z","provider":"Microsoft-Windows-AppLocker","code":8002,"kind":"event","original":"%SYSTEM32%\\TIMEOUT.EXE was allowed to run."},"collector_node_id":"WINF148103EN","@timestamp":"2023-09-08T13:15:26.535Z","agent":{"id":"8a461181-cb3e-4de6-b2da-019fe221fa3a","name":"WINF148103EN","ephemeral_id":"343f4297-6201-4238-bffe-46f62781abd1","hostname":"WINF148103EN","type":"winlogbeat","version":"7.11.1"},"gl2_source_collector":"1df5757b-0293-45c8-beef-9cb7782160ac","log":{"level":"information"},"tags":["applocker","beats_input_codec_plain_applied"],"ecs":{"version":"1.7.0"},"host":{"name":"WINF148103EN.demo.io"},"winlog":{"record_id":2406,"opcode":"Info","task":"","user":{"name":"discho","type":"User","identifier":"S-1-5-21-2376127652-1403096981-1664155051-1338","domain":"DEMO"},"computer_name":"WINF148103EN.demo.io","user_data":{"RuleSddlLength":"57","PolicyNameLength":"3","FilePathLength":"22","Fqbn":"O=MICROSOFT CORPORATION, L=REDMOND, S=WASHINGTON, C=US\\MICROSOFT® WINDOWS® OPERATING SYSTEM\\TIMEOUT.EXE\\10.0.20348.01","FilePath":"%SYSTEM32%\\TIMEOUT.EXE","FileHash":"A4273E737A304668EABED2303F2262F71746BBD425DEB886E9B1A49C91580184","xml_name":"RuleAndFileData","FullFilePath":"C:\\WINDOWS\\system32\\timeout.exe","RuleSddl":"D:(XA;;FX;;;S-1-1-0;(APPID://PATH Contains \"%WINDIR%\\*\"))","RuleNameLength":"54","TargetUser":"S-1-5-21-2376127652-1403096981-1664155051-1338","FileHashLength":"32","TargetLogonId":"0x10dc6eb","RuleId":"{a61c8b2c-a319-4cd0-9690-d2177cad7b51}","FqbnLength":"117","TargetProcessId":"720","PolicyName":"EXE","FullFilePathLength":"31","RuleName":"(Default Rule) All files located in the Windows folder"},"process":{"pid":9584,"thread":{"id":8268}},"channel":"Microsoft-Windows-AppLocker/EXE and DLL","api":"wineventlog","event_id":8002,"provider_guid":"{cbda4dbf-8d5d-4f69-9578-be14aa540d22}","provider_name":"Microsoft-Windows-AppLocker"}}
{"@version":"1","message":"%OSDRIVE%\\USERS\\DISCHO\\APPS\\SCRIPTS\\RECON-POWER.VBS was allowed to run but would have been prevented from running if the AppLocker policy were enforced.","event":{"created":"2023-09-08T13:15:27.446Z","code":8006,"provider":"Microsoft-Windows-AppLocker","kind":"event","original":"%OSDRIVE%\\USERS\\DISCHO\\APPS\\SCRIPTS\\RECON-POWER.VBS was allowed to run but would have been prevented from running if the AppLocker policy were enforced."},"collector_node_id":"WINF148103EN","@timestamp":"2023-09-08T13:15:26.225Z","agent":{"id":"8a461181-cb3e-4de6-b2da-019fe221fa3a","name":"WINF148103EN","ephemeral_id":"343f4297-6201-4238-bffe-46f62781abd1","hostname":"WINF148103EN","type":"winlogbeat","version":"7.11.1"},"gl2_source_collector":"1df5757b-0293-45c8-beef-9cb7782160ac","log":{"level":"warning"},"tags":["applocker","beats_input_codec_plain_applied"],"host":{"name":"WINF148103EN.demo.io"},"ecs":{"version":"1.7.0"},"winlog":{"record_id":365,"opcode":"Info","task":"","user":{"name":"discho","type":"User","identifier":"S-1-5-21-2376127652-1403096981-1664155051-1338","domain":"DEMO"},"computer_name":"WINF148103EN.demo.io","user_data":{"RuleSddlLength":"1","Fqbn":"-","FilePathLength":"51","PolicyNameLength":"6","FilePath":"%OSDRIVE%\\USERS\\DISCHO\\APPS\\SCRIPTS\\RECON-POWER.VBS","RuleSddl":"-","xml_name":"RuleAndFileData","FileHash":"66DA1545543C17E284238EC8A1EA0BCB48AEE83520C0815E2930C1F9D3686869","FullFilePath":"C:\\Users\\DISCHO\\Apps\\Scripts\\recon-power.vbs","RuleNameLength":"1","TargetLogonId":"0x10dc6eb","FileHashLength":"32","RuleId":"{00000000-0000-0000-0000-000000000000}","TargetUser":"S-1-5-21-2376127652-1403096981-1664155051-1338","FqbnLength":"1","TargetProcessId":"7012","PolicyName":"SCRIPT","FullFilePathLength":"44","RuleName":"-"},"process":{"pid":7012,"thread":{"id":8436}},"channel":"Microsoft-Windows-AppLocker/MSI and Script","api":"wineventlog","event_id":8006,"provider_guid":"{cbda4dbf-8d5d-4f69-9578-be14aa540d22}","provider_name":"Microsoft-Windows-AppLocker"}}
{"@version":"1","message":"%OSDRIVE%\\USERS\\DISCHO\\APPDATA\\LOCAL\\TEMP\\__PSSCRIPTPOLICYTEST_5IPTOLZR.FWY.PS1 was allowed to run but would have been prevented from running if the AppLocker policy were enforced.","event":{"created":"2023-09-08T13:15:27.446Z","code":8006,"provider":"Microsoft-Windows-AppLocker","kind":"event","original":"%OSDRIVE%\\USERS\\DISCHO\\APPDATA\\LOCAL\\TEMP\\__PSSCRIPTPOLICYTEST_5IPTOLZR.FWY.PS1 was allowed to run but would have been prevented from running if the AppLocker policy were enforced."},"collector_node_id":"WINF148103EN","@timestamp":"2023-09-08T13:15:26.316Z","agent":{"id":"8a461181-cb3e-4de6-b2da-019fe221fa3a","ephemeral_id":"343f4297-6201-4238-bffe-46f62781abd1","name":"WINF148103EN","hostname":"WINF148103EN","type":"winlogbeat","version":"7.11.1"},"gl2_source_collector":"1df5757b-0293-45c8-beef-9cb7782160ac","log":{"level":"warning"},"tags":["applocker","beats_input_codec_plain_applied"],"ecs":{"version":"1.7.0"},"host":{"name":"WINF148103EN.demo.io"},"winlog":{"record_id":366,"opcode":"Info","task":"","user":{"name":"discho","type":"User","identifier":"S-1-5-21-2376127652-1403096981-1664155051-1338","domain":"DEMO"},"computer_name":"WINF148103EN.demo.io","activity_id":"{729ae5f9-e225-0002-39c5-9b7225e2d901}","user_data":{"RuleSddlLength":"1","Fqbn":"-","FilePathLength":"79","PolicyNameLength":"6","RuleSddl":"-","FileHash":"96AD1146EB96877EAB5942AE0736B82D8B5E2039A80D3D6932665C1A4C87DCF7","xml_name":"RuleAndFileData","FilePath":"%OSDRIVE%\\USERS\\DISCHO\\APPDATA\\LOCAL\\TEMP\\__PSSCRIPTPOLICYTEST_5IPTOLZR.FWY.PS1","FullFilePath":"C:\\Users\\DISCHO\\AppData\\Local\\Temp\\__PSScriptPolicyTest_5iptolzr.fwy.ps1","RuleNameLength":"1","FileHashLength":"32","TargetLogonId":"0x10dc6eb","RuleId":"{00000000-0000-0000-0000-000000000000}","TargetUser":"S-1-5-21-2376127652-1403096981-1664155051-1338","FqbnLength":"1","TargetProcessId":"7180","PolicyName":"SCRIPT","FullFilePathLength":"72","RuleName":"-"},"process":{"pid":7180,"thread":{"id":6236}},"channel":"Microsoft-Windows-AppLocker/MSI and Script","api":"wineventlog","event_id":8006,"provider_guid":"{cbda4dbf-8d5d-4f69-9578-be14aa540d22}","provider_name":"Microsoft-Windows-AppLocker"}}
{"@version":"1","message":"%OSDRIVE%\\USERS\\DISCHO\\APPDATA\\LOCAL\\TEMP\\__PSSCRIPTPOLICYTEST_E0HLGZAY.2MR.PS1 was allowed to run but would have been prevented from running if the AppLocker policy were enforced.","event":{"created":"2023-09-08T13:15:27.446Z","code":8006,"provider":"Microsoft-Windows-AppLocker","kind":"event","original":"%OSDRIVE%\\USERS\\DISCHO\\APPDATA\\LOCAL\\TEMP\\__PSSCRIPTPOLICYTEST_E0HLGZAY.2MR.PS1 was allowed to run but would have been prevented from running if the AppLocker policy were enforced."},"collector_node_id":"WINF148103EN","@timestamp":"2023-09-08T13:15:26.468Z","agent":{"id":"8a461181-cb3e-4de6-b2da-019fe221fa3a","ephemeral_id":"343f4297-6201-4238-bffe-46f62781abd1","name":"WINF148103EN","hostname":"WINF148103EN","type":"winlogbeat","version":"7.11.1"},"gl2_source_collector":"1df5757b-0293-45c8-beef-9cb7782160ac","log":{"level":"warning"},"tags":["applocker","beats_input_codec_plain_applied"],"host":{"name":"WINF148103EN.demo.io"},"ecs":{"version":"1.7.0"},"winlog":{"opcode":"Info","record_id":367,"task":"","user":{"name":"discho","type":"User","identifier":"S-1-5-21-2376127652-1403096981-1664155051-1338","domain":"DEMO"},"computer_name":"WINF148103EN.demo.io","activity_id":"{729ae5f9-e225-0000-3bd2-9b7225e2d901}","user_data":{"RuleSddlLength":"1","Fqbn":"-","FilePathLength":"79","PolicyNameLength":"6","RuleSddl":"-","FilePath":"%OSDRIVE%\\USERS\\DISCHO\\APPDATA\\LOCAL\\TEMP\\__PSSCRIPTPOLICYTEST_E0HLGZAY.2MR.PS1","FullFilePath":"C:\\Users\\DISCHO\\AppData\\Local\\Temp\\__PSScriptPolicyTest_e0hlgzay.2mr.ps1","FileHash":"96AD1146EB96877EAB5942AE0736B82D8B5E2039A80D3D6932665C1A4C87DCF7","xml_name":"RuleAndFileData","RuleNameLength":"1","TargetUser":"S-1-5-21-2376127652-1403096981-1664155051-1338","FileHashLength":"32","RuleId":"{00000000-0000-0000-0000-000000000000}","TargetLogonId":"0x10dc6eb","FqbnLength":"1","TargetProcessId":"7780","PolicyName":"SCRIPT","FullFilePathLength":"72","RuleName":"-"},"process":{"pid":7780,"thread":{"id":4420}},"channel":"Microsoft-Windows-AppLocker/MSI and Script","api":"wineventlog","event_id":8006,"provider_guid":"{cbda4dbf-8d5d-4f69-9578-be14aa540d22}","provider_name":"Microsoft-Windows-AppLocker"}}
{"@version":"1","message":"%OSDRIVE%\\USERS\\DISCHO\\APPDATA\\LOCAL\\TEMP\\__PSSCRIPTPOLICYTEST_5SZ50Z30.GTL.PS1 was allowed to run but would have been prevented from running if the AppLocker policy were enforced.","event":{"created":"2023-09-08T13:15:27.446Z","code":8006,"provider":"Microsoft-Windows-AppLocker","kind":"event","original":"%OSDRIVE%\\USERS\\DISCHO\\APPDATA\\LOCAL\\TEMP\\__PSSCRIPTPOLICYTEST_5SZ50Z30.GTL.PS1 was allowed to run but would have been prevented from running if the AppLocker policy were enforced."},"collector_node_id":"WINF148103EN","@timestamp":"2023-09-08T13:15:26.541Z","agent":{"id":"8a461181-cb3e-4de6-b2da-019fe221fa3a","ephemeral_id":"343f4297-6201-4238-bffe-46f62781abd1","name":"WINF148103EN","hostname":"WINF148103EN","type":"winlogbeat","version":"7.11.1"},"gl2_source_collector":"1df5757b-0293-45c8-beef-9cb7782160ac","log":{"level":"warning"},"tags":["applocker","beats_input_codec_plain_applied"],"host":{"name":"WINF148103EN.demo.io"},"ecs":{"version":"1.7.0"},"winlog":{"record_id":368,"opcode":"Info","task":"","user":{"name":"discho","type":"User","identifier":"S-1-5-21-2376127652-1403096981-1664155051-1338","domain":"DEMO"},"computer_name":"WINF148103EN.demo.io","activity_id":"{729ae5f9-e225-0001-0cda-9b7225e2d901}","user_data":{"RuleSddlLength":"1","Fqbn":"-","PolicyNameLength":"6","FilePathLength":"79","RuleSddl":"-","FileHash":"96AD1146EB96877EAB5942AE0736B82D8B5E2039A80D3D6932665C1A4C87DCF7","FilePath":"%OSDRIVE%\\USERS\\DISCHO\\APPDATA\\LOCAL\\TEMP\\__PSSCRIPTPOLICYTEST_5SZ50Z30.GTL.PS1","xml_name":"RuleAndFileData","FullFilePath":"C:\\Users\\DISCHO\\AppData\\Local\\Temp\\__PSScriptPolicyTest_5sz50z30.gtl.ps1","RuleNameLength":"1","TargetLogonId":"0x10dc6eb","TargetUser":"S-1-5-21-2376127652-1403096981-1664155051-1338","RuleId":"{00000000-0000-0000-0000-000000000000}","FileHashLength":"32","FqbnLength":"1","TargetProcessId":"6188","PolicyName":"SCRIPT","FullFilePathLength":"72","RuleName":"-"},"process":{"pid":6188,"thread":{"id":5372}},"channel":"Microsoft-Windows-AppLocker/MSI and Script","api":"wineventlog","event_id":8006,"provider_guid":"{cbda4dbf-8d5d-4f69-9578-be14aa540d22}","provider_name":"Microsoft-Windows-AppLocker"}}
{"@version":"1","message":"%OSDRIVE%\\USERS\\DISCHO\\APPS\\SCRIPTS\\ORIENTATION-POWER13.PS1 was allowed to run but would have been prevented from running if the AppLocker policy were enforced.","event":{"created":"2023-09-08T13:15:28.456Z","code":8006,"provider":"Microsoft-Windows-AppLocker","kind":"event","original":"%OSDRIVE%\\USERS\\DISCHO\\APPS\\SCRIPTS\\ORIENTATION-POWER13.PS1 was allowed to run but would have been prevented from running if the AppLocker policy were enforced."},"collector_node_id":"WINF148103EN","@timestamp":"2023-09-08T13:15:26.927Z","agent":{"id":"8a461181-cb3e-4de6-b2da-019fe221fa3a","ephemeral_id":"343f4297-6201-4238-bffe-46f62781abd1","name":"WINF148103EN","hostname":"WINF148103EN","type":"winlogbeat","version":"7.11.1"},"gl2_source_collector":"1df5757b-0293-45c8-beef-9cb7782160ac","log":{"level":"warning"},"tags":["applocker","beats_input_codec_plain_applied"],"host":{"name":"WINF148103EN.demo.io"},"ecs":{"version":"1.7.0"},"winlog":{"record_id":369,"opcode":"Info","task":"","user":{"name":"discho","type":"User","identifier":"S-1-5-21-2376127652-1403096981-1664155051-1338","domain":"DEMO"},"computer_name":"WINF148103EN.demo.io","user_data":{"RuleSddlLength":"1","Fqbn":"-","FilePathLength":"59","PolicyNameLength":"6","FilePath":"%OSDRIVE%\\USERS\\DISCHO\\APPS\\SCRIPTS\\ORIENTATION-POWER13.PS1","FileHash":"344335F55BB6E83B8CBCC56A5C835BC4647C54B6003DA3DD5ABBCA54BA4A0DD0","xml_name":"RuleAndFileData","RuleSddl":"-","FullFilePath":"C:\\Users\\DISCHO\\Apps\\Scripts\\orientation-power13.ps1","RuleNameLength":"1","TargetUser":"S-1-5-21-2376127652-1403096981-1664155051-1338","FileHashLength":"32","RuleId":"{00000000-0000-0000-0000-000000000000}","TargetLogonId":"0x10dc6eb","FqbnLength":"1","TargetProcessId":"6188","PolicyName":"SCRIPT","FullFilePathLength":"52","RuleName":"-"},"process":{"thread":{"id":9696},"pid":6188},"channel":"Microsoft-Windows-AppLocker/MSI and Script","api":"wineventlog","event_id":8006,"provider_guid":"{cbda4dbf-8d5d-4f69-9578-be14aa540d22}","provider_name":"Microsoft-Windows-AppLocker"}}
{"@version":"1","message":"%OSDRIVE%\\USERS\\DISCHO\\APPS\\SCRIPTS\\ORIENTATION-POWER12.PS1 was allowed to run but would have been prevented from running if the AppLocker policy were enforced.","event":{"created":"2023-09-08T13:15:28.456Z","code":8006,"provider":"Microsoft-Windows-AppLocker","kind":"event","original":"%OSDRIVE%\\USERS\\DISCHO\\APPS\\SCRIPTS\\ORIENTATION-POWER12.PS1 was allowed to run but would have been prevented from running if the AppLocker policy were enforced."},"collector_node_id":"WINF148103EN","@timestamp":"2023-09-08T13:15:26.937Z","agent":{"id":"8a461181-cb3e-4de6-b2da-019fe221fa3a","ephemeral_id":"343f4297-6201-4238-bffe-46f62781abd1","name":"WINF148103EN","hostname":"WINF148103EN","type":"winlogbeat","version":"7.11.1"},"gl2_source_collector":"1df5757b-0293-45c8-beef-9cb7782160ac","log":{"level":"warning"},"tags":["applocker","beats_input_codec_plain_applied"],"ecs":{"version":"1.7.0"},"host":{"name":"WINF148103EN.demo.io"},"winlog":{"record_id":370,"opcode":"Info","task":"","user":{"name":"discho","type":"User","identifier":"S-1-5-21-2376127652-1403096981-1664155051-1338","domain":"DEMO"},"computer_name":"WINF148103EN.demo.io","user_data":{"RuleSddlLength":"1","Fqbn":"-","PolicyNameLength":"6","FilePathLength":"59","FilePath":"%OSDRIVE%\\USERS\\DISCHO\\APPS\\SCRIPTS\\ORIENTATION-POWER12.PS1","RuleSddl":"-","FullFilePath":"C:\\Users\\DISCHO\\Apps\\Scripts\\orientation-power12.ps1","xml_name":"RuleAndFileData","FileHash":"E0BCC371B71A6A625F28052849C2A8B72CD797B95F1FD6D4BEE956B9546F9E4F","RuleNameLength":"1","TargetUser":"S-1-5-21-2376127652-1403096981-1664155051-1338","TargetLogonId":"0x10dc6eb","FileHashLength":"32","RuleId":"{00000000-0000-0000-0000-000000000000}","FqbnLength":"1","TargetProcessId":"7180","PolicyName":"SCRIPT","FullFilePathLength":"52","RuleName":"-"},"process":{"pid":7180,"thread":{"id":2948}},"channel":"Microsoft-Windows-AppLocker/MSI and Script","api":"wineventlog","event_id":8006,"provider_guid":"{cbda4dbf-8d5d-4f69-9578-be14aa540d22}","provider_name":"Microsoft-Windows-AppLocker"}}
{"@version":"1","message":"%OSDRIVE%\\USERS\\DISCHO\\APPS\\SCRIPTS\\ORIENTATION-POWER11.PS1 was allowed to run but would have been prevented from running if the AppLocker policy were enforced.","event":{"created":"2023-09-08T13:15:28.456Z","code":8006,"provider":"Microsoft-Windows-AppLocker","kind":"event","original":"%OSDRIVE%\\USERS\\DISCHO\\APPS\\SCRIPTS\\ORIENTATION-POWER11.PS1 was allowed to run but would have been prevented from running if the AppLocker policy were enforced."},"collector_node_id":"WINF148103EN","@timestamp":"2023-09-08T13:15:26.965Z","agent":{"id":"8a461181-cb3e-4de6-b2da-019fe221fa3a","ephemeral_id":"343f4297-6201-4238-bffe-46f62781abd1","name":"WINF148103EN","hostname":"WINF148103EN","type":"winlogbeat","version":"7.11.1"},"gl2_source_collector":"1df5757b-0293-45c8-beef-9cb7782160ac","log":{"level":"warning"},"tags":["applocker","beats_input_codec_plain_applied"],"ecs":{"version":"1.7.0"},"host":{"name":"WINF148103EN.demo.io"},"winlog":{"record_id":371,"opcode":"Info","task":"","user":{"name":"discho","type":"User","identifier":"S-1-5-21-2376127652-1403096981-1664155051-1338","domain":"DEMO"},"computer_name":"WINF148103EN.demo.io","user_data":{"RuleSddlLength":"1","PolicyNameLength":"6","FilePathLength":"59","Fqbn":"-","FilePath":"%OSDRIVE%\\USERS\\DISCHO\\APPS\\SCRIPTS\\ORIENTATION-POWER11.PS1","FileHash":"C8BD6B6AFFE4CA81834BC76DA412C4A828A04F3C53D9151D5DAC26C8E9C04803","FullFilePath":"C:\\Users\\DISCHO\\Apps\\Scripts\\orientation-power11.ps1","xml_name":"RuleAndFileData","RuleSddl":"-","RuleNameLength":"1","TargetLogonId":"0x10dc6eb","TargetUser":"S-1-5-21-2376127652-1403096981-1664155051-1338","FileHashLength":"32","RuleId":"{00000000-0000-0000-0000-000000000000}","FqbnLength":"1","TargetProcessId":"7780","PolicyName":"SCRIPT","FullFilePathLength":"52","RuleName":"-"},"process":{"thread":{"id":4604},"pid":7780},"channel":"Microsoft-Windows-AppLocker/MSI and Script","api":"wineventlog","event_id":8006,"provider_guid":"{cbda4dbf-8d5d-4f69-9578-be14aa540d22}","provider_name":"Microsoft-Windows-AppLocker"}}
{"@version":"1","message":"%SYSTEM32%\\NLTEST.EXE was allowed to run.","event":{"created":"2023-09-08T13:15:28.963Z","code":8002,"provider":"Microsoft-Windows-AppLocker","kind":"event","original":"%SYSTEM32%\\NLTEST.EXE was allowed to run."},"collector_node_id":"WINF148103EN","@timestamp":"2023-09-08T13:15:27.003Z","agent":{"id":"8a461181-cb3e-4de6-b2da-019fe221fa3a","ephemeral_id":"343f4297-6201-4238-bffe-46f62781abd1","name":"WINF148103EN","hostname":"WINF148103EN","type":"winlogbeat","version":"7.11.1"},"gl2_source_collector":"1df5757b-0293-45c8-beef-9cb7782160ac","log":{"level":"information"},"tags":["applocker","beats_input_codec_plain_applied"],"ecs":{"version":"1.7.0"},"host":{"name":"WINF148103EN.demo.io"},"winlog":{"record_id":2407,"opcode":"Info","task":"","user":{"name":"discho","type":"User","identifier":"S-1-5-21-2376127652-1403096981-1664155051-1338","domain":"DEMO"},"computer_name":"WINF148103EN.demo.io","user_data":{"RuleSddlLength":"57","PolicyNameLength":"3","Fqbn":"O=MICROSOFT CORPORATION, L=REDMOND, S=WASHINGTON, C=US\\MICROSOFT® WINDOWS® OPERATING SYSTEM\\NLTESTRK.EXE\\10.0.20348.587","FilePathLength":"21","FilePath":"%SYSTEM32%\\NLTEST.EXE","FileHash":"90A98D32DC91326C8AD51FF1AA885A889361625B094B43D56B2207297622D9C9","FullFilePath":"C:\\WINDOWS\\system32\\nltest.exe","xml_name":"RuleAndFileData","RuleSddl":"D:(XA;;FX;;;S-1-1-0;(APPID://PATH Contains \"%WINDIR%\\*\"))","RuleNameLength":"54","TargetLogonId":"0x10dc6eb","TargetUser":"S-1-5-21-2376127652-1403096981-1664155051-1338","RuleId":"{a61c8b2c-a319-4cd0-9690-d2177cad7b51}","FileHashLength":"32","FqbnLength":"119","TargetProcessId":"1208","PolicyName":"EXE","FullFilePathLength":"30","RuleName":"(Default Rule) All files located in the Windows folder"},"process":{"pid":6188,"thread":{"id":9696}},"channel":"Microsoft-Windows-AppLocker/EXE and DLL","api":"wineventlog","event_id":8002,"provider_guid":"{cbda4dbf-8d5d-4f69-9578-be14aa540d22}","provider_name":"Microsoft-Windows-AppLocker"}}
{"@version":"1","message":"%SYSTEM32%\\NLTEST.EXE was allowed to run.","event":{"created":"2023-09-08T13:15:28.963Z","provider":"Microsoft-Windows-AppLocker","code":8002,"kind":"event","original":"%SYSTEM32%\\NLTEST.EXE was allowed to run."},"collector_node_id":"WINF148103EN","@timestamp":"2023-09-08T13:15:27.024Z","agent":{"id":"8a461181-cb3e-4de6-b2da-019fe221fa3a","ephemeral_id":"343f4297-6201-4238-bffe-46f62781abd1","name":"WINF148103EN","hostname":"WINF148103EN","type":"winlogbeat","version":"7.11.1"},"gl2_source_collector":"1df5757b-0293-45c8-beef-9cb7782160ac","log":{"level":"information"},"tags":["applocker","beats_input_codec_plain_applied"],"host":{"name":"WINF148103EN.demo.io"},"ecs":{"version":"1.7.0"},"winlog":{"opcode":"Info","record_id":2408,"task":"","user":{"name":"discho","type":"User","identifier":"S-1-5-21-2376127652-1403096981-1664155051-1338","domain":"DEMO"},"computer_name":"WINF148103EN.demo.io","user_data":{"RuleSddlLength":"57","Fqbn":"O=MICROSOFT CORPORATION, L=REDMOND, S=WASHINGTON, C=US\\MICROSOFT® WINDOWS® OPERATING SYSTEM\\NLTESTRK.EXE\\10.0.20348.587","FilePathLength":"21","PolicyNameLength":"3","FilePath":"%SYSTEM32%\\NLTEST.EXE","FileHash":"90A98D32DC91326C8AD51FF1AA885A889361625B094B43D56B2207297622D9C9","FullFilePath":"C:\\WINDOWS\\system32\\nltest.exe","RuleSddl":"D:(XA;;FX;;;S-1-1-0;(APPID://PATH Contains \"%WINDIR%\\*\"))","xml_name":"RuleAndFileData","RuleNameLength":"54","TargetUser":"S-1-5-21-2376127652-1403096981-1664155051-1338","FileHashLength":"32","RuleId":"{a61c8b2c-a319-4cd0-9690-d2177cad7b51}","TargetLogonId":"0x10dc6eb","FqbnLength":"119","TargetProcessId":"6540","PolicyName":"EXE","FullFilePathLength":"30","RuleName":"(Default Rule) All files located in the Windows folder"},"process":{"pid":7180,"thread":{"id":2948}},"channel":"Microsoft-Windows-AppLocker/EXE and DLL","api":"wineventlog","event_id":8002,"provider_guid":"{cbda4dbf-8d5d-4f69-9578-be14aa540d22}","provider_name":"Microsoft-Windows-AppLocker"}}
{"@version":"1","message":"%SYSTEM32%\\NLTEST.EXE was allowed to run.","event":{"created":"2023-09-08T13:15:28.963Z","code":8002,"provider":"Microsoft-Windows-AppLocker","kind":"event","original":"%SYSTEM32%\\NLTEST.EXE was allowed to run."},"collector_node_id":"WINF148103EN","@timestamp":"2023-09-08T13:15:27.024Z","agent":{"id":"8a461181-cb3e-4de6-b2da-019fe221fa3a","ephemeral_id":"343f4297-6201-4238-bffe-46f62781abd1","name":"WINF148103EN","hostname":"WINF148103EN","type":"winlogbeat","version":"7.11.1"},"gl2_source_collector":"1df5757b-0293-45c8-beef-9cb7782160ac","log":{"level":"information"},"tags":["applocker","beats_input_codec_plain_applied"],"ecs":{"version":"1.7.0"},"host":{"name":"WINF148103EN.demo.io"},"winlog":{"opcode":"Info","record_id":2409,"task":"","user":{"name":"discho","type":"User","identifier":"S-1-5-21-2376127652-1403096981-1664155051-1338","domain":"DEMO"},"computer_name":"WINF148103EN.demo.io","user_data":{"RuleSddlLength":"57","PolicyNameLength":"3","Fqbn":"O=MICROSOFT CORPORATION, L=REDMOND, S=WASHINGTON, C=US\\MICROSOFT® WINDOWS® OPERATING SYSTEM\\NLTESTRK.EXE\\10.0.20348.587","FilePathLength":"21","FilePath":"%SYSTEM32%\\NLTEST.EXE","FileHash":"90A98D32DC91326C8AD51FF1AA885A889361625B094B43D56B2207297622D9C9","xml_name":"RuleAndFileData","FullFilePath":"C:\\WINDOWS\\system32\\nltest.exe","RuleSddl":"D:(XA;;FX;;;S-1-1-0;(APPID://PATH Contains \"%WINDIR%\\*\"))","RuleNameLength":"54","TargetUser":"S-1-5-21-2376127652-1403096981-1664155051-1338","TargetLogonId":"0x10dc6eb","RuleId":"{a61c8b2c-a319-4cd0-9690-d2177cad7b51}","FileHashLength":"32","FqbnLength":"119","TargetProcessId":"796","PolicyName":"EXE","FullFilePathLength":"30","RuleName":"(Default Rule) All files located in the Windows folder"},"process":{"pid":7780,"thread":{"id":4604}},"channel":"Microsoft-Windows-AppLocker/EXE and DLL","api":"wineventlog","event_id":8002,"provider_guid":"{cbda4dbf-8d5d-4f69-9578-be14aa540d22}","provider_name":"Microsoft-Windows-AppLocker"}}
{"@version":"1","message":"%SYSTEM32%\\SLUI.EXE was allowed to run.","event":{"created":"2023-09-08T13:15:28.963Z","code":8002,"provider":"Microsoft-Windows-AppLocker","kind":"event","original":"%SYSTEM32%\\SLUI.EXE was allowed to run."},"collector_node_id":"WINF148103EN","@timestamp":"2023-09-08T13:15:27.208Z","agent":{"name":"WINF148103EN","ephemeral_id":"343f4297-6201-4238-bffe-46f62781abd1","id":"8a461181-cb3e-4de6-b2da-019fe221fa3a","hostname":"WINF148103EN","type":"winlogbeat","version":"7.11.1"},"gl2_source_collector":"1df5757b-0293-45c8-beef-9cb7782160ac","log":{"level":"information"},"tags":["applocker","beats_input_codec_plain_applied"],"ecs":{"version":"1.7.0"},"host":{"name":"WINF148103EN.demo.io"},"winlog":{"record_id":2410,"opcode":"Info","task":"","user":{"name":"discho","type":"User","identifier":"S-1-5-21-2376127652-1403096981-1664155051-1338","domain":"DEMO"},"computer_name":"WINF148103EN.demo.io","user_data":{"RuleSddlLength":"57","PolicyNameLength":"3","FilePathLength":"19","Fqbn":"O=MICROSOFT CORPORATION, L=REDMOND, S=WASHINGTON, C=US\\MICROSOFT® WINDOWS® OPERATING SYSTEM\\SLUI.EXE\\10.0.20348.502","RuleSddl":"D:(XA;;FX;;;S-1-1-0;(APPID://PATH Contains \"%WINDIR%\\*\"))","FileHash":"8E9DDF5EACC04785C6EFBE8561E0BC87F04037C8FBDCFE3C2265D9D5443FFD2A","xml_name":"RuleAndFileData","FullFilePath":"C:\\WINDOWS\\System32\\slui.exe","FilePath":"%SYSTEM32%\\SLUI.EXE","RuleNameLength":"54","TargetUser":"S-1-5-21-2376127652-1403096981-1664155051-1338","FileHashLength":"32","RuleId":"{a61c8b2c-a319-4cd0-9690-d2177cad7b51}","TargetLogonId":"0x10dc6eb","FqbnLength":"115","TargetProcessId":"9768","PolicyName":"EXE","FullFilePathLength":"28","RuleName":"(Default Rule) All files located in the Windows folder"},"process":{"pid":820,"thread":{"id":1800}},"channel":"Microsoft-Windows-AppLocker/EXE and DLL","api":"wineventlog","event_id":8002,"provider_guid":"{cbda4dbf-8d5d-4f69-9578-be14aa540d22}","provider_name":"Microsoft-Windows-AppLocker"}}
{"@version":"1","message":"%PROGRAMFILES%\\GOOGLE\\CHROME\\APPLICATION\\CHROME.EXE was allowed to run.","event":{"created":"2023-09-08T13:15:28.963Z","code":8002,"provider":"Microsoft-Windows-AppLocker","kind":"event","original":"%PROGRAMFILES%\\GOOGLE\\CHROME\\APPLICATION\\CHROME.EXE was allowed to run."},"collector_node_id":"WINF148103EN","@timestamp":"2023-09-08T13:15:27.427Z","agent":{"id":"8a461181-cb3e-4de6-b2da-019fe221fa3a","ephemeral_id":"343f4297-6201-4238-bffe-46f62781abd1","name":"WINF148103EN","hostname":"WINF148103EN","type":"winlogbeat","version":"7.11.1"},"gl2_source_collector":"1df5757b-0293-45c8-beef-9cb7782160ac","log":{"level":"information"},"tags":["applocker","beats_input_codec_plain_applied"],"host":{"name":"WINF148103EN.demo.io"},"ecs":{"version":"1.7.0"},"winlog":{"record_id":2411,"opcode":"Info","task":"","user":{"name":"discho","type":"User","identifier":"S-1-5-21-2376127652-1403096981-1664155051-1338","domain":"DEMO"},"computer_name":"WINF148103EN.demo.io","user_data":{"RuleSddlLength":"63","PolicyNameLength":"3","FilePathLength":"51","Fqbn":"O=GOOGLE LLC, L=MOUNTAIN VIEW, S=CALIFORNIA, C=US\\GOOGLE CHROME\\CHROME.EXE\\114.0.5735.199","RuleSddl":"D:(XA;;FX;;;S-1-1-0;(APPID://PATH Contains \"%PROGRAMFILES%\\*\"))","FileHash":"AEF638992D1D27745EBDF06B1D63328534673D81784E73AF54DAE669C07024B4","xml_name":"RuleAndFileData","FullFilePath":"C:\\Program Files\\GOOGLE\\CHROME\\APPLICATION\\chrome.exe","FilePath":"%PROGRAMFILES%\\GOOGLE\\CHROME\\APPLICATION\\CHROME.EXE","RuleNameLength":"60","FileHashLength":"32","TargetLogonId":"0x10dc6eb","RuleId":"{921cc481-6e17-4653-8f75-050b80acca20}","TargetUser":"S-1-5-21-2376127652-1403096981-1664155051-1338","FqbnLength":"89","TargetProcessId":"9280","PolicyName":"EXE","FullFilePathLength":"53","RuleName":"(Default Rule) All files located in the Program Files folder"},"process":{"thread":{"id":6908},"pid":7256},"channel":"Microsoft-Windows-AppLocker/EXE and DLL","api":"wineventlog","event_id":8002,"provider_guid":"{cbda4dbf-8d5d-4f69-9578-be14aa540d22}","provider_name":"Microsoft-Windows-AppLocker"}}
{"@version":"1","message":"%PROGRAMFILES%\\GOOGLE\\CHROME\\APPLICATION\\CHROME.EXE was allowed to run.","event":{"created":"2023-09-08T13:15:28.963Z","code":8002,"provider":"Microsoft-Windows-AppLocker","kind":"event","original":"%PROGRAMFILES%\\GOOGLE\\CHROME\\APPLICATION\\CHROME.EXE was allowed to run."},"collector_node_id":"WINF148103EN","@timestamp":"2023-09-08T13:15:27.631Z","agent":{"id":"8a461181-cb3e-4de6-b2da-019fe221fa3a","ephemeral_id":"343f4297-6201-4238-bffe-46f62781abd1","name":"WINF148103EN","hostname":"WINF148103EN","type":"winlogbeat","version":"7.11.1"},"gl2_source_collector":"1df5757b-0293-45c8-beef-9cb7782160ac","log":{"level":"information"},"tags":["applocker","beats_input_codec_plain_applied"],"ecs":{"version":"1.7.0"},"host":{"name":"WINF148103EN.demo.io"},"winlog":{"opcode":"Info","record_id":2412,"task":"","user":{"name":"discho","type":"User","identifier":"S-1-5-21-2376127652-1403096981-1664155051-1338","domain":"DEMO"},"computer_name":"WINF148103EN.demo.io","user_data":{"RuleSddlLength":"63","PolicyNameLength":"3","Fqbn":"O=GOOGLE LLC, L=MOUNTAIN VIEW, S=CALIFORNIA, C=US\\GOOGLE CHROME\\CHROME.EXE\\114.0.5735.199","FilePathLength":"51","FilePath":"%PROGRAMFILES%\\GOOGLE\\CHROME\\APPLICATION\\CHROME.EXE","FileHash":"AEF638992D1D27745EBDF06B1D63328534673D81784E73AF54DAE669C07024B4","FullFilePath":"C:\\Program Files\\GOOGLE\\CHROME\\APPLICATION\\chrome.exe","xml_name":"RuleAndFileData","RuleSddl":"D:(XA;;FX;;;S-1-1-0;(APPID://PATH Contains \"%PROGRAMFILES%\\*\"))","RuleNameLength":"60","FileHashLength":"32","TargetLogonId":"0x10dc6eb","RuleId":"{921cc481-6e17-4653-8f75-050b80acca20}","TargetUser":"S-1-5-21-2376127652-1403096981-1664155051-1338","FqbnLength":"89","TargetProcessId":"3052","PolicyName":"EXE","FullFilePathLength":"53","RuleName":"(Default Rule) All files located in the Program Files folder"},"process":{"pid":7256,"thread":{"id":6908}},"channel":"Microsoft-Windows-AppLocker/EXE and DLL","api":"wineventlog","event_id":8002,"provider_guid":"{cbda4dbf-8d5d-4f69-9578-be14aa540d22}","provider_name":"Microsoft-Windows-AppLocker"}}
{"@version":"1","message":"%SYSTEM32%\\SVCHOST.EXE was allowed to run.","event":{"created":"2023-09-08T13:15:28.963Z","provider":"Microsoft-Windows-AppLocker","code":8002,"kind":"event","original":"%SYSTEM32%\\SVCHOST.EXE was allowed to run."},"collector_node_id":"WINF148103EN","@timestamp":"2023-09-08T13:15:27.897Z","agent":{"id":"8a461181-cb3e-4de6-b2da-019fe221fa3a","ephemeral_id":"343f4297-6201-4238-bffe-46f62781abd1","name":"WINF148103EN","hostname":"WINF148103EN","type":"winlogbeat","version":"7.11.1"},"gl2_source_collector":"1df5757b-0293-45c8-beef-9cb7782160ac","log":{"level":"information"},"tags":["applocker","beats_input_codec_plain_applied"],"ecs":{"version":"1.7.0"},"host":{"name":"WINF148103EN.demo.io"},"winlog":{"record_id":2413,"opcode":"Info","task":"","user":{"name":"discho","type":"User","identifier":"S-1-5-21-2376127652-1403096981-1664155051-1338","domain":"DEMO"},"computer_name":"WINF148103EN.demo.io","user_data":{"RuleSddlLength":"57","Fqbn":"O=MICROSOFT CORPORATION, L=REDMOND, S=WASHINGTON, C=US\\MICROSOFT® WINDOWS® OPERATING SYSTEM\\SVCHOST.EXE\\10.0.20348.558","PolicyNameLength":"3","FilePathLength":"22","RuleSddl":"D:(XA;;FX;;;S-1-1-0;(APPID://PATH Contains \"%WINDIR%\\*\"))","FileHash":"075F3FC7F0BD26D40524BDA48081FD4F1ECF81EC0307288A0D7F87797A42D09A","FullFilePath":"C:\\WINDOWS\\system32\\svchost.exe","FilePath":"%SYSTEM32%\\SVCHOST.EXE","xml_name":"RuleAndFileData","RuleNameLength":"54","TargetUser":"S-1-5-21-2376127652-1403096981-1664155051-1338","FileHashLength":"32","RuleId":"{a61c8b2c-a319-4cd0-9690-d2177cad7b51}","TargetLogonId":"0x10dc6eb","FqbnLength":"118","TargetProcessId":"8572","PolicyName":"EXE","FullFilePathLength":"31","RuleName":"(Default Rule) All files located in the Windows folder"},"process":{"pid":680,"thread":{"id":1888}},"channel":"Microsoft-Windows-AppLocker/EXE and DLL","api":"wineventlog","event_id":8002,"provider_guid":"{cbda4dbf-8d5d-4f69-9578-be14aa540d22}","provider_name":"Microsoft-Windows-AppLocker"}}
{"@version":"1","message":"L’exécution de %SYSTEM32%\\SHUTDOWN.EXE a été autorisée.","event":{"created":"2023-09-08T13:15:31.064Z","code":8002,"provider":"Microsoft-Windows-AppLocker","kind":"event","original":"L’exécution de %SYSTEM32%\\SHUTDOWN.EXE a été autorisée."},"collector_node_id":"WINF148104FR","@timestamp":"2023-09-08T13:15:29.194Z","agent":{"id":"f087d310-4eed-48d8-ba60-041b027dd6fa","ephemeral_id":"af4af741-de30-4778-8118-3d804a8b90a3","name":"WINF148104FR","hostname":"WINF148104FR","type":"winlogbeat","version":"7.11.1"},"gl2_source_collector":"f2fdff80-b545-496c-a718-b68f491f256a","log":{"level":"information"},"tags":["applocker","beats_input_codec_plain_applied"],"ecs":{"version":"1.7.0"},"host":{"name":"WINF148104FR.demo.io"},"winlog":{"opcode":"Informations","record_id":1620,"task":"","user":{"name":"aausmu","type":"User","identifier":"S-1-5-21-2376127652-1403096981-1664155051-1382","domain":"DEMO"},"computer_name":"WINF148104FR.demo.io","user_data":{"RuleSddlLength":"57","Fqbn":"O=MICROSOFT CORPORATION, L=REDMOND, S=WASHINGTON, C=US\\MICROSOFT® WINDOWS® OPERATING SYSTEM\\SHUTDOWN.EXE\\10.0.20348.01","FilePathLength":"23","PolicyNameLength":"3","RuleSddl":"D:(XA;;FX;;;S-1-1-0;(APPID://PATH Contains \"%WINDIR%\\*\"))","FilePath":"%SYSTEM32%\\SHUTDOWN.EXE","FullFilePath":"C:\\WINDOWS\\system32\\shutdown.exe","FileHash":"FB5CAA314716E42AC19DACD18CFC91ECE0640E3DF235DB0E6A6C0670DDFA0C90","xml_name":"RuleAndFileData","RuleNameLength":"54","FileHashLength":"32","TargetUser":"S-1-5-21-2376127652-1403096981-1664155051-1382","RuleId":"{a61c8b2c-a319-4cd0-9690-d2177cad7b51}","TargetLogonId":"0x1004204","FqbnLength":"118","TargetProcessId":"6364","PolicyName":"EXE","FullFilePathLength":"32","RuleName":"(Default Rule) All files located in the Windows folder"},"process":{"pid":4108,"thread":{"id":5864}},"channel":"Microsoft-Windows-AppLocker/EXE and DLL","api":"wineventlog","event_id":8002,"provider_guid":"{cbda4dbf-8d5d-4f69-9578-be14aa540d22}","provider_name":"Microsoft-Windows-AppLocker"}}
{"@version":"1","message":"L’exécution de %SYSTEM32%\\SMARTSCREEN.EXE a été autorisée.","event":{"created":"2023-09-08T13:15:33.092Z","code":8002,"provider":"Microsoft-Windows-AppLocker","kind":"event","original":"L’exécution de %SYSTEM32%\\SMARTSCREEN.EXE a été autorisée."},"collector_node_id":"WINF148104FR","@timestamp":"2023-09-08T13:15:31.869Z","agent":{"name":"WINF148104FR","ephemeral_id":"af4af741-de30-4778-8118-3d804a8b90a3","id":"f087d310-4eed-48d8-ba60-041b027dd6fa","hostname":"WINF148104FR","type":"winlogbeat","version":"7.11.1"},"gl2_source_collector":"f2fdff80-b545-496c-a718-b68f491f256a","log":{"level":"information"},"tags":["applocker","beats_input_codec_plain_applied"],"host":{"name":"WINF148104FR.demo.io"},"ecs":{"version":"1.7.0"},"winlog":{"record_id":1621,"opcode":"Informations","task":"","user":{"name":"aausmu","type":"User","identifier":"S-1-5-21-2376127652-1403096981-1664155051-1382","domain":"DEMO"},"computer_name":"WINF148104FR.demo.io","user_data":{"RuleSddlLength":"57","PolicyNameLength":"3","FilePathLength":"26","Fqbn":"O=MICROSOFT CORPORATION, L=REDMOND, S=WASHINGTON, C=US\\MICROSOFT® WINDOWS® OPERATING SYSTEM\\SMARTSCREEN.EXE\\10.0.20348.01","RuleSddl":"D:(XA;;FX;;;S-1-1-0;(APPID://PATH Contains \"%WINDIR%\\*\"))","FilePath":"%SYSTEM32%\\SMARTSCREEN.EXE","FullFilePath":"C:\\Windows\\System32\\smartscreen.exe","xml_name":"RuleAndFileData","FileHash":"0D6F2C048E89EB4A85860137CAF718FA3C8B7DD24C6904B0614616FD91A23D56","RuleNameLength":"54","TargetLogonId":"0x1004204","TargetUser":"S-1-5-21-2376127652-1403096981-1664155051-1382","RuleId":"{a61c8b2c-a319-4cd0-9690-d2177cad7b51}","FileHashLength":"32","FqbnLength":"121","TargetProcessId":"6744","PolicyName":"EXE","FullFilePathLength":"35","RuleName":"(Default Rule) All files located in the Windows folder"},"process":{"pid":816,"thread":{"id":9212}},"channel":"Microsoft-Windows-AppLocker/EXE and DLL","api":"wineventlog","event_id":8002,"provider_guid":"{cbda4dbf-8d5d-4f69-9578-be14aa540d22}","provider_name":"Microsoft-Windows-AppLocker"}}
{"@version":"1","message":"L’exécution de %SYSTEM32%\\SECURITYHEALTHSYSTRAY.EXE a été autorisée.","event":{"created":"2023-09-08T13:15:33.092Z","code":8002,"provider":"Microsoft-Windows-AppLocker","kind":"event","original":"L’exécution de %SYSTEM32%\\SECURITYHEALTHSYSTRAY.EXE a été autorisée."},"collector_node_id":"WINF148104FR","@timestamp":"2023-09-08T13:15:31.886Z","agent":{"id":"f087d310-4eed-48d8-ba60-041b027dd6fa","ephemeral_id":"af4af741-de30-4778-8118-3d804a8b90a3","name":"WINF148104FR","hostname":"WINF148104FR","type":"winlogbeat","version":"7.11.1"},"gl2_source_collector":"f2fdff80-b545-496c-a718-b68f491f256a","log":{"level":"information"},"tags":["applocker","beats_input_codec_plain_applied"],"host":{"name":"WINF148104FR.demo.io"},"ecs":{"version":"1.7.0"},"winlog":{"record_id":1622,"opcode":"Informations","task":"","user":{"name":"aausmu","type":"User","identifier":"S-1-5-21-2376127652-1403096981-1664155051-1382","domain":"DEMO"},"computer_name":"WINF148104FR.demo.io","user_data":{"RuleSddlLength":"57","PolicyNameLength":"3","Fqbn":"O=MICROSOFT CORPORATION, L=REDMOND, S=WASHINGTON, C=US\\MICROSOFT® WINDOWS® OPERATING SYSTEM\\SECURITYHEALTHSYSTRAY.EXE\\10.0.20348.01","FilePathLength":"36","RuleSddl":"D:(XA;;FX;;;S-1-1-0;(APPID://PATH Contains \"%WINDIR%\\*\"))","FileHash":"F3D95783360D1D6BE9C72D4FDAD1F9A4E78DF760A5BE8180887FA6C1822B8415","xml_name":"RuleAndFileData","FullFilePath":"C:\\Windows\\System32\\SecurityHealthSystray.exe","FilePath":"%SYSTEM32%\\SECURITYHEALTHSYSTRAY.EXE","RuleNameLength":"54","TargetUser":"S-1-5-21-2376127652-1403096981-1664155051-1382","FileHashLength":"32","RuleId":"{a61c8b2c-a319-4cd0-9690-d2177cad7b51}","TargetLogonId":"0x1004204","FqbnLength":"131","TargetProcessId":"10220","PolicyName":"EXE","FullFilePathLength":"45","RuleName":"(Default Rule) All files located in the Windows folder"},"process":{"pid":9928,"thread":{"id":7840}},"channel":"Microsoft-Windows-AppLocker/EXE and DLL","api":"wineventlog","event_id":8002,"provider_guid":"{cbda4dbf-8d5d-4f69-9578-be14aa540d22}","provider_name":"Microsoft-Windows-AppLocker"}}
{"@version":"1","message":"%SYSTEM32%\\SHUTDOWN.EXE was allowed to run.","event":{"created":"2023-09-08T13:15:34.974Z","code":8002,"provider":"Microsoft-Windows-AppLocker","kind":"event","original":"%SYSTEM32%\\SHUTDOWN.EXE was allowed to run."},"collector_node_id":"WINF148103EN","@timestamp":"2023-09-08T13:15:33.126Z","agent":{"id":"8a461181-cb3e-4de6-b2da-019fe221fa3a","ephemeral_id":"343f4297-6201-4238-bffe-46f62781abd1","name":"WINF148103EN","hostname":"WINF148103EN","type":"winlogbeat","version":"7.11.1"},"gl2_source_collector":"1df5757b-0293-45c8-beef-9cb7782160ac","log":{"level":"information"},"tags":["applocker","beats_input_codec_plain_applied"],"ecs":{"version":"1.7.0"},"host":{"name":"WINF148103EN.demo.io"},"winlog":{"record_id":2414,"opcode":"Info","task":"","user":{"name":"discho","type":"User","identifier":"S-1-5-21-2376127652-1403096981-1664155051-1338","domain":"DEMO"},"computer_name":"WINF148103EN.demo.io","user_data":{"RuleSddlLength":"57","PolicyNameLength":"3","Fqbn":"O=MICROSOFT CORPORATION, L=REDMOND, S=WASHINGTON, C=US\\MICROSOFT® WINDOWS® OPERATING SYSTEM\\SHUTDOWN.EXE\\10.0.20348.01","FilePathLength":"23","RuleSddl":"D:(XA;;FX;;;S-1-1-0;(APPID://PATH Contains \"%WINDIR%\\*\"))","FileHash":"FB5CAA314716E42AC19DACD18CFC91ECE0640E3DF235DB0E6A6C0670DDFA0C90","xml_name":"RuleAndFileData","FullFilePath":"C:\\WINDOWS\\system32\\shutdown.exe","FilePath":"%SYSTEM32%\\SHUTDOWN.EXE","RuleNameLength":"54","TargetUser":"S-1-5-21-2376127652-1403096981-1664155051-1338","FileHashLength":"32","RuleId":"{a61c8b2c-a319-4cd0-9690-d2177cad7b51}","TargetLogonId":"0x10dc6eb","FqbnLength":"118","TargetProcessId":"4948","PolicyName":"EXE","FullFilePathLength":"32","RuleName":"(Default Rule) All files located in the Windows folder"},"process":{"pid":9584,"thread":{"id":8268}},"channel":"Microsoft-Windows-AppLocker/EXE and DLL","api":"wineventlog","event_id":8002,"provider_guid":"{cbda4dbf-8d5d-4f69-9578-be14aa540d22}","provider_name":"Microsoft-Windows-AppLocker"}}
{"@version":"1","message":"%SYSTEM32%\\SMARTSCREEN.EXE was allowed to run.","event":{"created":"2023-09-08T13:15:35.986Z","code":8002,"provider":"Microsoft-Windows-AppLocker","kind":"event","original":"%SYSTEM32%\\SMARTSCREEN.EXE was allowed to run."},"collector_node_id":"WINF148103EN","@timestamp":"2023-09-08T13:15:34.871Z","agent":{"id":"8a461181-cb3e-4de6-b2da-019fe221fa3a","ephemeral_id":"343f4297-6201-4238-bffe-46f62781abd1","name":"WINF148103EN","hostname":"WINF148103EN","type":"winlogbeat","version":"7.11.1"},"gl2_source_collector":"1df5757b-0293-45c8-beef-9cb7782160ac","log":{"level":"information"},"tags":["applocker","beats_input_codec_plain_applied"],"host":{"name":"WINF148103EN.demo.io"},"ecs":{"version":"1.7.0"},"winlog":{"opcode":"Info","record_id":2415,"task":"","user":{"name":"discho","type":"User","identifier":"S-1-5-21-2376127652-1403096981-1664155051-1338","domain":"DEMO"},"computer_name":"WINF148103EN.demo.io","user_data":{"RuleSddlLength":"57","PolicyNameLength":"3","FilePathLength":"26","Fqbn":"O=MICROSOFT CORPORATION, L=REDMOND, S=WASHINGTON, C=US\\MICROSOFT® WINDOWS® OPERATING SYSTEM\\SMARTSCREEN.EXE\\10.0.20348.01","RuleSddl":"D:(XA;;FX;;;S-1-1-0;(APPID://PATH Contains \"%WINDIR%\\*\"))","FileHash":"0D6F2C048E89EB4A85860137CAF718FA3C8B7DD24C6904B0614616FD91A23D56","FullFilePath":"C:\\Windows\\System32\\smartscreen.exe","xml_name":"RuleAndFileData","FilePath":"%SYSTEM32%\\SMARTSCREEN.EXE","RuleNameLength":"54","TargetUser":"S-1-5-21-2376127652-1403096981-1664155051-1338","FileHashLength":"32","RuleId":"{a61c8b2c-a319-4cd0-9690-d2177cad7b51}","TargetLogonId":"0x10dc6eb","FqbnLength":"121","TargetProcessId":"6316","PolicyName":"EXE","FullFilePathLength":"35","RuleName":"(Default Rule) All files located in the Windows folder"},"process":{"pid":820,"thread":{"id":1484}},"channel":"Microsoft-Windows-AppLocker/EXE and DLL","api":"wineventlog","event_id":8002,"provider_guid":"{cbda4dbf-8d5d-4f69-9578-be14aa540d22}","provider_name":"Microsoft-Windows-AppLocker"}}
{"@version":"1","message":"%SYSTEM32%\\SECURITYHEALTHSYSTRAY.EXE was allowed to run.","event":{"created":"2023-09-08T13:15:35.986Z","code":8002,"provider":"Microsoft-Windows-AppLocker","kind":"event","original":"%SYSTEM32%\\SECURITYHEALTHSYSTRAY.EXE was allowed to run."},"collector_node_id":"WINF148103EN","@timestamp":"2023-09-08T13:15:34.892Z","agent":{"name":"WINF148103EN","ephemeral_id":"343f4297-6201-4238-bffe-46f62781abd1","id":"8a461181-cb3e-4de6-b2da-019fe221fa3a","hostname":"WINF148103EN","type":"winlogbeat","version":"7.11.1"},"gl2_source_collector":"1df5757b-0293-45c8-beef-9cb7782160ac","log":{"level":"information"},"tags":["applocker","beats_input_codec_plain_applied"],"ecs":{"version":"1.7.0"},"host":{"name":"WINF148103EN.demo.io"},"winlog":{"opcode":"Info","record_id":2416,"task":"","user":{"name":"discho","type":"User","identifier":"S-1-5-21-2376127652-1403096981-1664155051-1338","domain":"DEMO"},"computer_name":"WINF148103EN.demo.io","user_data":{"RuleSddlLength":"57","PolicyNameLength":"3","FilePathLength":"36","Fqbn":"O=MICROSOFT CORPORATION, L=REDMOND, S=WASHINGTON, C=US\\MICROSOFT® WINDOWS® OPERATING SYSTEM\\SECURITYHEALTHSYSTRAY.EXE\\10.0.20348.01","RuleSddl":"D:(XA;;FX;;;S-1-1-0;(APPID://PATH Contains \"%WINDIR%\\*\"))","FileHash":"F3D95783360D1D6BE9C72D4FDAD1F9A4E78DF760A5BE8180887FA6C1822B8415","FullFilePath":"C:\\Windows\\System32\\SecurityHealthSystray.exe","FilePath":"%SYSTEM32%\\SECURITYHEALTHSYSTRAY.EXE","xml_name":"RuleAndFileData","RuleNameLength":"54","FileHashLength":"32","TargetUser":"S-1-5-21-2376127652-1403096981-1664155051-1338","RuleId":"{a61c8b2c-a319-4cd0-9690-d2177cad7b51}","TargetLogonId":"0x10dc6eb","FqbnLength":"131","TargetProcessId":"1652","PolicyName":"EXE","FullFilePathLength":"45","RuleName":"(Default Rule) All files located in the Windows folder"},"process":{"pid":6416,"thread":{"id":1508}},"channel":"Microsoft-Windows-AppLocker/EXE and DLL","api":"wineventlog","event_id":8002,"provider_guid":"{cbda4dbf-8d5d-4f69-9578-be14aa540d22}","provider_name":"Microsoft-Windows-AppLocker"}}
{"@version":"1","message":"L’exécution de %SYSTEM32%\\GPSCRIPT.EXE a été autorisée.","event":{"created":"2023-09-08T13:15:36.124Z","code":8002,"provider":"Microsoft-Windows-AppLocker","kind":"event","original":"L’exécution de %SYSTEM32%\\GPSCRIPT.EXE a été autorisée."},"collector_node_id":"WINF148104FR","@timestamp":"2023-09-08T13:15:34.276Z","agent":{"name":"WINF148104FR","ephemeral_id":"af4af741-de30-4778-8118-3d804a8b90a3","id":"f087d310-4eed-48d8-ba60-041b027dd6fa","hostname":"WINF148104FR","type":"winlogbeat","version":"7.11.1"},"gl2_source_collector":"f2fdff80-b545-496c-a718-b68f491f256a","log":{"level":"information"},"tags":["applocker","beats_input_codec_plain_applied"],"ecs":{"version":"1.7.0"},"host":{"name":"WINF148104FR.demo.io"},"winlog":{"opcode":"Informations","record_id":1623,"task":"","user":{"name":"Système","type":"User","identifier":"S-1-5-18","domain":"AUTORITE NT"},"computer_name":"WINF148104FR.demo.io","user_data":{"RuleSddlLength":"57","PolicyNameLength":"3","FilePathLength":"23","Fqbn":"O=MICROSOFT CORPORATION, L=REDMOND, S=WASHINGTON, C=US\\MICROSOFT® WINDOWS® OPERATING SYSTEM\\GPSCRIPT.EXE\\10.0.20348.01","RuleSddl":"D:(XA;;FX;;;S-1-1-0;(APPID://PATH Contains \"%WINDIR%\\*\"))","FileHash":"3DD304EB35C47D3BAA69CC98911AC7D56E64A5FD46CF306801AB22EFD83E137C","FullFilePath":"C:\\WINDOWS\\system32\\gpscript.exe","xml_name":"RuleAndFileData","FilePath":"%SYSTEM32%\\GPSCRIPT.EXE","RuleNameLength":"54","TargetUser":"S-1-5-21-2376127652-1403096981-1664155051-1382","FileHashLength":"32","TargetLogonId":"0x1004204","RuleId":"{a61c8b2c-a319-4cd0-9690-d2177cad7b51}","FqbnLength":"118","TargetProcessId":"1468","PolicyName":"EXE","FullFilePathLength":"32","RuleName":"(Default Rule) All files located in the Windows folder"},"process":{"pid":1748,"thread":{"id":3668}},"channel":"Microsoft-Windows-AppLocker/EXE and DLL","api":"wineventlog","event_id":8002,"provider_guid":"{cbda4dbf-8d5d-4f69-9578-be14aa540d22}","provider_name":"Microsoft-Windows-AppLocker"}}
