{"@version":"1","message":"%OSDRIVE%\\USERS\\DISCHO\\APPDATA\\LOCAL\\TEMP\\PROCEXP64.EXE was allowed to run but would have been prevented from running if the AppLocker policy were enforced.","event":{"created":"2023-09-08T13:15:20.410Z","code":8003,"provider":"Microsoft-Windows-AppLocker","kind":"event","original":"%OSDRIVE%\\USERS\\DISCHO\\APPDATA\\LOCAL\\TEMP\\PROCEXP64.EXE was allowed to run but would have been prevented from running if the AppLocker policy were enforced."},"collector_node_id":"WINF148103EN","@timestamp":"2023-09-08T13:15:18.490Z","agent":{"id":"8a461181-cb3e-4de6-b2da-019fe221fa3a","ephemeral_id":"343f4297-6201-4238-bffe-46f62781abd1","name":"WINF148103EN","hostname":"WINF148103EN","type":"winlogbeat","version":"7.11.1"},"gl2_source_collector":"1df5757b-0293-45c8-beef-9cb7782160ac","log":{"level":"warning"},"tags":["applocker","beats_input_codec_plain_applied"],"host":{"name":"WINF148103EN.demo.io"},"ecs":{"version":"1.7.0"},"winlog":{"opcode":"Info","record_id":2373,"task":"","user":{"name":"discho","type":"User","identifier":"S-1-5-21-2376127652-1403096981-1664155051-1338","domain":"DEMO"},"computer_name":"WINF148103EN.demo.io","user_data":{"RuleSddlLength":"1","Fqbn":"O=MICROSOFT CORPORATION, L=REDMOND, S=WASHINGTON, C=US\\PROCESS EXPLORER\\PROCEXP.EXE\\17.4.0.00","FilePathLength":"55","PolicyNameLength":"3","FilePath":"%OSDRIVE%\\USERS\\DISCHO\\APPDATA\\LOCAL\\TEMP\\PROCEXP64.EXE","FileHash":"B75F1211AF749133EA975C68E4C0EA5089AF446A1D5BA01C43F8A04AE7EE8C6C","FullFilePath":"C:\\Users\\DISCHO\\AppData\\Local\\Temp\\procexp64.exe","xml_name":"RuleAndFileData","RuleSddl":"-","RuleNameLength":"1","FileHashLength":"32","TargetUser":"S-1-5-21-2376127652-1403096981-1664155051-1338","TargetLogonId":"0x10dc6eb","RuleId":"{00000000-0000-0000-0000-000000000000}","FqbnLength":"93","TargetProcessId":"2624","PolicyName":"EXE","FullFilePathLength":"48","RuleName":"-"},"process":{"thread":{"id":8840},"pid":4752},"channel":"Microsoft-Windows-AppLocker/EXE and DLL","api":"wineventlog","event_id":8003,"provider_guid":"{cbda4dbf-8d5d-4f69-9578-be14aa540d22}","provider_name":"Microsoft-Windows-AppLocker"}}
{"@version":"1","message":"%OSDRIVE%\\USERS\\DISCHO\\APPS\\SYSINTERNALS\\PSEXEC.EXE was allowed to run but would have been prevented from running if the AppLocker policy were enforced.","event":{"created":"2023-09-08T13:15:20.410Z","code":8003,"provider":"Microsoft-Windows-AppLocker","kind":"event","original":"%OSDRIVE%\\USERS\\DISCHO\\APPS\\SYSINTERNALS\\PSEXEC.EXE was allowed to run but would have been prevented from running if the AppLocker policy were enforced."},"collector_node_id":"WINF148103EN","@timestamp":"2023-09-08T13:15:18.715Z","agent":{"id":"8a461181-cb3e-4de6-b2da-019fe221fa3a","name":"WINF148103EN","ephemeral_id":"343f4297-6201-4238-bffe-46f62781abd1","hostname":"WINF148103EN","type":"winlogbeat","version":"7.11.1"},"gl2_source_collector":"1df5757b-0293-45c8-beef-9cb7782160ac","log":{"level":"warning"},"tags":["applocker","beats_input_codec_plain_applied"],"ecs":{"version":"1.7.0"},"host":{"name":"WINF148103EN.demo.io"},"winlog":{"opcode":"Info","record_id":2374,"task":"","user":{"name":"discho","type":"User","identifier":"S-1-5-21-2376127652-1403096981-1664155051-1338","domain":"DEMO"},"computer_name":"WINF148103EN.demo.io","user_data":{"RuleSddlLength":"1","PolicyNameLength":"3","FilePathLength":"51","Fqbn":"O=MICROSOFT CORPORATION, L=REDMOND, S=WASHINGTON, C=US\\SYSINTERNALS PSEXEC\\PSEXEC.C\\2.43.0.00","RuleSddl":"-","FileHash":"35F4A02299745D2ADD268BE6EBE68A9DBD736F54AD34C8EF67D383F830D2F16F","xml_name":"RuleAndFileData","FilePath":"%OSDRIVE%\\USERS\\DISCHO\\APPS\\SYSINTERNALS\\PSEXEC.EXE","FullFilePath":"C:\\Users\\DISCHO\\Apps\\Sysinternals\\PsExec.exe","RuleNameLength":"1","TargetUser":"S-1-5-21-2376127652-1403096981-1664155051-1338","FileHashLength":"32","RuleId":"{00000000-0000-0000-0000-000000000000}","TargetLogonId":"0x10dc6eb","FqbnLength":"93","TargetProcessId":"3772","PolicyName":"EXE","FullFilePathLength":"44","RuleName":"-"},"process":{"pid":9584,"thread":{"id":8268}},"channel":"Microsoft-Windows-AppLocker/EXE and DLL","api":"wineventlog","event_id":8003,"provider_guid":"{cbda4dbf-8d5d-4f69-9578-be14aa540d22}","provider_name":"Microsoft-Windows-AppLocker"}}
{"@version":"1","message":"%SYSTEM32%\\CONHOST.EXE was allowed to run.","event":{"created":"2023-09-08T13:15:20.410Z","code":8002,"provider":"Microsoft-Windows-AppLocker","kind":"event","original":"%SYSTEM32%\\CONHOST.EXE was allowed to run."},"collector_node_id":"WINF148103EN","@timestamp":"2023-09-08T13:15:18.766Z","agent":{"id":"8a461181-cb3e-4de6-b2da-019fe221fa3a","ephemeral_id":"343f4297-6201-4238-bffe-46f62781abd1","name":"WINF148103EN","hostname":"WINF148103EN","type":"winlogbeat","version":"7.11.1"},"gl2_source_collector":"1df5757b-0293-45c8-beef-9cb7782160ac","log":{"level":"information"},"tags":["applocker","beats_input_codec_plain_applied"],"ecs":{"version":"1.7.0"},"host":{"name":"WINF148103EN.demo.io"},"winlog":{"record_id":2375,"opcode":"Info","task":"","user":{"name":"discho","type":"User","identifier":"S-1-5-21-2376127652-1403096981-1664155051-1338","domain":"DEMO"},"computer_name":"WINF148103EN.demo.io","user_data":{"RuleSddlLength":"57","Fqbn":"O=MICROSOFT CORPORATION, L=REDMOND, S=WASHINGTON, C=US\\MICROSOFT® WINDOWS® OPERATING SYSTEM\\CONHOST.EXE\\10.0.20348.558","FilePathLength":"22","PolicyNameLength":"3","RuleSddl":"D:(XA;;FX;;;S-1-1-0;(APPID://PATH Contains \"%WINDIR%\\*\"))","FileHash":"1193ED0D8668057F34AA2C805BA48AFC6B65025131C75D32A647F50EF774B83C","FilePath":"%SYSTEM32%\\CONHOST.EXE","FullFilePath":"\\SystemRoot\\System32\\Conhost.exe","xml_name":"RuleAndFileData","RuleNameLength":"54","TargetLogonId":"0x10dc6eb","TargetUser":"S-1-5-21-2376127652-1403096981-1664155051-1338","FileHashLength":"32","RuleId":"{a61c8b2c-a319-4cd0-9690-d2177cad7b51}","FqbnLength":"118","TargetProcessId":"2656","PolicyName":"EXE","FullFilePathLength":"32","RuleName":"(Default Rule) All files located in the Windows folder"},"process":{"thread":{"id":6624},"pid":3772},"channel":"Microsoft-Windows-AppLocker/EXE and DLL","api":"wineventlog","event_id":8002,"provider_guid":"{cbda4dbf-8d5d-4f69-9578-be14aa540d22}","provider_name":"Microsoft-Windows-AppLocker"}}
{"@version":"1","message":"%SYSTEM32%\\CMD.EXE was allowed to run.","event":{"created":"2023-09-08T13:15:20.410Z","code":8002,"provider":"Microsoft-Windows-AppLocker","kind":"event","original":"%SYSTEM32%\\CMD.EXE was allowed to run."},"collector_node_id":"WINF148103EN","@timestamp":"2023-09-08T13:15:19.258Z","agent":{"id":"8a461181-cb3e-4de6-b2da-019fe221fa3a","ephemeral_id":"343f4297-6201-4238-bffe-46f62781abd1","name":"WINF148103EN","hostname":"WINF148103EN","type":"winlogbeat","version":"7.11.1"},"gl2_source_collector":"1df5757b-0293-45c8-beef-9cb7782160ac","log":{"level":"information"},"tags":["applocker","beats_input_codec_plain_applied"],"host":{"name":"WINF148103EN.demo.io"},"ecs":{"version":"1.7.0"},"winlog":{"opcode":"Info","record_id":2376,"task":"","user":{"name":"discho","type":"User","identifier":"S-1-5-21-2376127652-1403096981-1664155051-1338","domain":"DEMO"},"computer_name":"WINF148103EN.demo.io","user_data":{"RuleSddlLength":"57","Fqbn":"O=MICROSOFT CORPORATION, L=REDMOND, S=WASHINGTON, C=US\\MICROSOFT® WINDOWS® OPERATING SYSTEM\\CMD.EXE\\10.0.20348.01","FilePathLength":"18","PolicyNameLength":"3","FilePath":"%SYSTEM32%\\CMD.EXE","FileHash":"C7EAE27088EB649D3CF2B8A133D9679096F59D9C1120EEEB8C37132D61923531","xml_name":"RuleAndFileData","FullFilePath":"C:\\WINDOWS\\SysWOW64\\cmd.exe","RuleSddl":"D:(XA;;FX;;;S-1-1-0;(APPID://PATH Contains \"%WINDIR%\\*\"))","RuleNameLength":"54","FileHashLength":"32","TargetUser":"S-1-5-21-2376127652-1403096981-1664155051-1338","RuleId":"{a61c8b2c-a319-4cd0-9690-d2177cad7b51}","TargetLogonId":"0x10dc6eb","FqbnLength":"113","TargetProcessId":"6212","PolicyName":"EXE","FullFilePathLength":"27","RuleName":"(Default Rule) All files located in the Windows folder"},"process":{"pid":3772,"thread":{"id":6624}},"channel":"Microsoft-Windows-AppLocker/EXE and DLL","api":"wineventlog","event_id":8002,"provider_guid":"{cbda4dbf-8d5d-4f69-9578-be14aa540d22}","provider_name":"Microsoft-Windows-AppLocker"}}
{"@version":"1","message":"%SYSTEM32%\\CONHOST.EXE was allowed to run.","event":{"created":"2023-09-08T13:15:20.410Z","code":8002,"provider":"Microsoft-Windows-AppLocker","kind":"event","original":"%SYSTEM32%\\CONHOST.EXE was allowed to run."},"collector_node_id":"WINF148103EN","@timestamp":"2023-09-08T13:15:19.291Z","agent":{"id":"8a461181-cb3e-4de6-b2da-019fe221fa3a","ephemeral_id":"343f4297-6201-4238-bffe-46f62781abd1","name":"WINF148103EN","hostname":"WINF148103EN","type":"winlogbeat","version":"7.11.1"},"gl2_source_collector":"1df5757b-0293-45c8-beef-9cb7782160ac","log":{"level":"information"},"tags":["applocker","beats_input_codec_plain_applied"],"ecs":{"version":"1.7.0"},"host":{"name":"WINF148103EN.demo.io"},"winlog":{"record_id":2377,"opcode":"Info","task":"","user":{"name":"discho","type":"User","identifier":"S-1-5-21-2376127652-1403096981-1664155051-1338","domain":"DEMO"},"computer_name":"WINF148103EN.demo.io","user_data":{"RuleSddlLength":"57","PolicyNameLength":"3","FilePathLength":"22","Fqbn":"O=MICROSOFT CORPORATION, L=REDMOND, S=WASHINGTON, C=US\\MICROSOFT® WINDOWS® OPERATING SYSTEM\\CONHOST.EXE\\10.0.20348.558","RuleSddl":"D:(XA;;FX;;;S-1-1-0;(APPID://PATH Contains \"%WINDIR%\\*\"))","FileHash":"1193ED0D8668057F34AA2C805BA48AFC6B65025131C75D32A647F50EF774B83C","xml_name":"RuleAndFileData","FilePath":"%SYSTEM32%\\CONHOST.EXE","FullFilePath":"\\SystemRoot\\System32\\Conhost.exe","RuleNameLength":"54","FileHashLength":"32","TargetUser":"S-1-5-21-2376127652-1403096981-1664155051-1338","TargetLogonId":"0x10dc6eb","RuleId":"{a61c8b2c-a319-4cd0-9690-d2177cad7b51}","FqbnLength":"118","TargetProcessId":"9524","PolicyName":"EXE","FullFilePathLength":"32","RuleName":"(Default Rule) All files located in the Windows folder"},"process":{"pid":6212,"thread":{"id":6488}},"channel":"Microsoft-Windows-AppLocker/EXE and DLL","api":"wineventlog","event_id":8002,"provider_guid":"{cbda4dbf-8d5d-4f69-9578-be14aa540d22}","provider_name":"Microsoft-Windows-AppLocker"}}
{"@version":"1","message":"%OSDRIVE%\\USERS\\DISCHO\\APPS\\SYSINTERNALS\\TCPVIEW.EXE was allowed to run but would have been prevented from running if the AppLocker policy were enforced.","event":{"created":"2023-09-08T13:15:20.410Z","code":8003,"provider":"Microsoft-Windows-AppLocker","kind":"event","original":"%OSDRIVE%\\USERS\\DISCHO\\APPS\\SYSINTERNALS\\TCPVIEW.EXE was allowed to run but would have been prevented from running if the AppLocker policy were enforced."},"collector_node_id":"WINF148103EN","@timestamp":"2023-09-08T13:15:19.330Z","agent":{"id":"8a461181-cb3e-4de6-b2da-019fe221fa3a","ephemeral_id":"343f4297-6201-4238-bffe-46f62781abd1","name":"WINF148103EN","hostname":"WINF148103EN","type":"winlogbeat","version":"7.11.1"},"gl2_source_collector":"1df5757b-0293-45c8-beef-9cb7782160ac","log":{"level":"warning"},"tags":["applocker","beats_input_codec_plain_applied"],"host":{"name":"WINF148103EN.demo.io"},"ecs":{"version":"1.7.0"},"winlog":{"opcode":"Info","record_id":2378,"task":"","user":{"name":"discho","type":"User","identifier":"S-1-5-21-2376127652-1403096981-1664155051-1338","domain":"DEMO"},"computer_name":"WINF148103EN.demo.io","user_data":{"RuleSddlLength":"1","Fqbn":"O=MICROSOFT CORPORATION, L=REDMOND, S=WASHINGTON, C=US\\TCPVIEW\\TCPVIEW.EXE\\4.19.0.00","PolicyNameLength":"3","FilePathLength":"52","RuleSddl":"-","FilePath":"%OSDRIVE%\\USERS\\DISCHO\\APPS\\SYSINTERNALS\\TCPVIEW.EXE","xml_name":"RuleAndFileData","FileHash":"4D8035CD5F63F07B4B3B13540AEC8B555D2731835C1B44FE72DCED36957ACEB3","FullFilePath":"C:\\Users\\DISCHO\\Apps\\Sysinternals\\tcpview.exe","RuleNameLength":"1","TargetUser":"S-1-5-21-2376127652-1403096981-1664155051-1338","FileHashLength":"32","RuleId":"{00000000-0000-0000-0000-000000000000}","TargetLogonId":"0x10dc6eb","FqbnLength":"84","TargetProcessId":"8416","PolicyName":"EXE","FullFilePathLength":"45","RuleName":"-"},"process":{"pid":9584,"thread":{"id":8268}},"channel":"Microsoft-Windows-AppLocker/EXE and DLL","api":"wineventlog","event_id":8003,"provider_guid":"{cbda4dbf-8d5d-4f69-9578-be14aa540d22}","provider_name":"Microsoft-Windows-AppLocker"}}
{"@version":"1","message":"%OSDRIVE%\\USERS\\DISCHO\\APPS\\SYSINTERNALS\\ADEXPLORER.EXE was allowed to run but would have been prevented from running if the AppLocker policy were enforced.","event":{"created":"2023-09-08T13:15:20.410Z","code":8003,"provider":"Microsoft-Windows-AppLocker","kind":"event","original":"%OSDRIVE%\\USERS\\DISCHO\\APPS\\SYSINTERNALS\\ADEXPLORER.EXE was allowed to run but would have been prevented from running if the AppLocker policy were enforced."},"collector_node_id":"WINF148103EN","@timestamp":"2023-09-08T13:15:19.703Z","agent":{"id":"8a461181-cb3e-4de6-b2da-019fe221fa3a","name":"WINF148103EN","ephemeral_id":"343f4297-6201-4238-bffe-46f62781abd1","hostname":"WINF148103EN","type":"winlogbeat","version":"7.11.1"},"gl2_source_collector":"1df5757b-0293-45c8-beef-9cb7782160ac","log":{"level":"warning"},"tags":["applocker","beats_input_codec_plain_applied"],"host":{"name":"WINF148103EN.demo.io"},"ecs":{"version":"1.7.0"},"winlog":{"record_id":2379,"opcode":"Info","task":"","user":{"name":"discho","type":"User","identifier":"S-1-5-21-2376127652-1403096981-1664155051-1338","domain":"DEMO"},"computer_name":"WINF148103EN.demo.io","user_data":{"RuleSddlLength":"1","PolicyNameLength":"3","FilePathLength":"55","Fqbn":"O=MICROSOFT CORPORATION, L=REDMOND, S=WASHINGTON, C=US\\SYSINTERNALS ADEXPLORER\\ADEXP\\1.52.0.00","FilePath":"%OSDRIVE%\\USERS\\DISCHO\\APPS\\SYSINTERNALS\\ADEXPLORER.EXE","FileHash":"31F5B70359C90A288965496766729ED51CB4B45712421204A92771F7C7F4065A","xml_name":"RuleAndFileData","RuleSddl":"-","FullFilePath":"C:\\Users\\DISCHO\\Apps\\Sysinternals\\ADExplorer.exe","RuleNameLength":"1","FileHashLength":"32","TargetLogonId":"0x10dc6eb","RuleId":"{00000000-0000-0000-0000-000000000000}","TargetUser":"S-1-5-21-2376127652-1403096981-1664155051-1338","FqbnLength":"94","TargetProcessId":"7624","PolicyName":"EXE","FullFilePathLength":"48","RuleName":"-"},"process":{"thread":{"id":8268},"pid":9584},"channel":"Microsoft-Windows-AppLocker/EXE and DLL","api":"wineventlog","event_id":8003,"provider_guid":"{cbda4dbf-8d5d-4f69-9578-be14aa540d22}","provider_name":"Microsoft-Windows-AppLocker"}}
{"@version":"1","message":"L’exécution de %OSDRIVE%\\USERS\\AAUSMU\\APPS\\SCRIPTS\\ORIENTATION-POWER1.CMD a été autorisée mais elle aurait été empêchée si la stratégie AppLocker avait été appliquée.","event":{"created":"2023-09-08T13:15:21.888Z","code":8006,"provider":"Microsoft-Windows-AppLocker","kind":"event","original":"L’exécution de %OSDRIVE%\\USERS\\AAUSMU\\APPS\\SCRIPTS\\ORIENTATION-POWER1.CMD a été autorisée mais elle aurait été empêchée si la stratégie AppLocker avait été appliquée."},"collector_node_id":"WINF148104FR","@timestamp":"2023-09-08T13:15:18.514Z","agent":{"id":"f087d310-4eed-48d8-ba60-041b027dd6fa","name":"WINF148104FR","ephemeral_id":"af4af741-de30-4778-8118-3d804a8b90a3","hostname":"WINF148104FR","type":"winlogbeat","version":"7.11.1"},"gl2_source_collector":"f2fdff80-b545-496c-a718-b68f491f256a","log":{"level":"avertissement"},"tags":["applocker","beats_input_codec_plain_applied"],"host":{"name":"WINF148104FR.demo.io"},"ecs":{"version":"1.7.0"},"winlog":{"opcode":"Informations","record_id":206,"task":"","user":{"name":"aausmu","type":"User","identifier":"S-1-5-21-2376127652-1403096981-1664155051-1382","domain":"DEMO"},"computer_name":"WINF148104FR.demo.io","user_data":{"RuleSddlLength":"1","PolicyNameLength":"6","Fqbn":"-","FilePathLength":"58","FilePath":"%OSDRIVE%\\USERS\\AAUSMU\\APPS\\SCRIPTS\\ORIENTATION-POWER1.CMD","FileHash":"6B8B02388421D2A22EE344C5700C89B11959EE4CCD6371BBDDC591E90382CC21","FullFilePath":"C:\\Users\\aausmu\\Apps\\Scripts\\orientation-power1.cmd","RuleSddl":"-","xml_name":"RuleAndFileData","RuleNameLength":"1","FileHashLength":"32","TargetLogonId":"0x1004204","RuleId":"{00000000-0000-0000-0000-000000000000}","TargetUser":"S-1-5-21-2376127652-1403096981-1664155051-1382","FqbnLength":"1","TargetProcessId":"7792","PolicyName":"SCRIPT","FullFilePathLength":"51","RuleName":"-"},"process":{"pid":7792,"thread":{"id":3400}},"channel":"Microsoft-Windows-AppLocker/MSI and Script","api":"wineventlog","event_id":8006,"provider_guid":"{cbda4dbf-8d5d-4f69-9578-be14aa540d22}","provider_name":"Microsoft-Windows-AppLocker"}}
{"@version":"1","message":"L’exécution de %OSDRIVE%\\USERS\\AAUSMU\\APPS\\SCRIPTS\\ORIENTATION-POWER2.BAT a été autorisée mais elle aurait été empêchée si la stratégie AppLocker avait été appliquée.","event":{"created":"2023-09-08T13:15:21.888Z","code":8006,"provider":"Microsoft-Windows-AppLocker","kind":"event","original":"L’exécution de %OSDRIVE%\\USERS\\AAUSMU\\APPS\\SCRIPTS\\ORIENTATION-POWER2.BAT a été autorisée mais elle aurait été empêchée si la stratégie AppLocker avait été appliquée."},"collector_node_id":"WINF148104FR","@timestamp":"2023-09-08T13:15:19.233Z","agent":{"id":"f087d310-4eed-48d8-ba60-041b027dd6fa","name":"WINF148104FR","ephemeral_id":"af4af741-de30-4778-8118-3d804a8b90a3","hostname":"WINF148104FR","type":"winlogbeat","version":"7.11.1"},"gl2_source_collector":"f2fdff80-b545-496c-a718-b68f491f256a","log":{"level":"avertissement"},"tags":["applocker","beats_input_codec_plain_applied"],"host":{"name":"WINF148104FR.demo.io"},"ecs":{"version":"1.7.0"},"winlog":{"record_id":207,"opcode":"Informations","task":"","user":{"name":"aausmu","type":"User","identifier":"S-1-5-21-2376127652-1403096981-1664155051-1382","domain":"DEMO"},"computer_name":"WINF148104FR.demo.io","user_data":{"RuleSddlLength":"1","PolicyNameLength":"6","FilePathLength":"58","Fqbn":"-","FilePath":"%OSDRIVE%\\USERS\\AAUSMU\\APPS\\SCRIPTS\\ORIENTATION-POWER2.BAT","RuleSddl":"-","FullFilePath":"C:\\Users\\aausmu\\Apps\\Scripts\\orientation-power2.bat","xml_name":"RuleAndFileData","FileHash":"27B29A63C004E2A4114CF35B713803BFE284947A289F7DB73D59385454FB0B48","RuleNameLength":"1","FileHashLength":"32","TargetLogonId":"0x1004204","RuleId":"{00000000-0000-0000-0000-000000000000}","TargetUser":"S-1-5-21-2376127652-1403096981-1664155051-1382","FqbnLength":"1","TargetProcessId":"3024","PolicyName":"SCRIPT","FullFilePathLength":"51","RuleName":"-"},"process":{"pid":3024,"thread":{"id":6180}},"channel":"Microsoft-Windows-AppLocker/MSI and Script","api":"wineventlog","event_id":8006,"provider_guid":"{cbda4dbf-8d5d-4f69-9578-be14aa540d22}","provider_name":"Microsoft-Windows-AppLocker"}}
{"@version":"1","message":"L’exécution de %SYSTEM32%\\CMD.EXE a été autorisée.","event":{"created":"2023-09-08T13:15:21.923Z","code":8002,"provider":"Microsoft-Windows-AppLocker","kind":"event","original":"L’exécution de %SYSTEM32%\\CMD.EXE a été autorisée."},"collector_node_id":"WINF148104FR","@timestamp":"2023-09-08T13:15:18.271Z","agent":{"name":"WINF148104FR","ephemeral_id":"af4af741-de30-4778-8118-3d804a8b90a3","id":"f087d310-4eed-48d8-ba60-041b027dd6fa","hostname":"WINF148104FR","type":"winlogbeat","version":"7.11.1"},"gl2_source_collector":"f2fdff80-b545-496c-a718-b68f491f256a","log":{"level":"information"},"tags":["applocker","beats_input_codec_plain_applied"],"ecs":{"version":"1.7.0"},"host":{"name":"WINF148104FR.demo.io"},"winlog":{"record_id":1593,"opcode":"Informations","task":"","user":{"name":"aausmu","type":"User","identifier":"S-1-5-21-2376127652-1403096981-1664155051-1382","domain":"DEMO"},"computer_name":"WINF148104FR.demo.io","user_data":{"RuleSddlLength":"57","Fqbn":"O=MICROSOFT CORPORATION, L=REDMOND, S=WASHINGTON, C=US\\MICROSOFT® WINDOWS® OPERATING SYSTEM\\CMD.EXE\\10.0.20348.01","FilePathLength":"18","PolicyNameLength":"3","FilePath":"%SYSTEM32%\\CMD.EXE","RuleSddl":"D:(XA;;FX;;;S-1-1-0;(APPID://PATH Contains \"%WINDIR%\\*\"))","FullFilePath":"C:\\WINDOWS\\system32\\cmd.exe","FileHash":"DF448CC4BCF0E3213CF29D7ECC05FA78A6CF093B98357D04EA7AFB0800869EFE","xml_name":"RuleAndFileData","RuleNameLength":"54","TargetLogonId":"0x1004204","TargetUser":"S-1-5-21-2376127652-1403096981-1664155051-1382","RuleId":"{a61c8b2c-a319-4cd0-9690-d2177cad7b51}","FileHashLength":"32","FqbnLength":"113","TargetProcessId":"7792","PolicyName":"EXE","FullFilePathLength":"27","RuleName":"(Default Rule) All files located in the Windows folder"},"process":{"pid":4108,"thread":{"id":5864}},"channel":"Microsoft-Windows-AppLocker/EXE and DLL","api":"wineventlog","event_id":8002,"provider_guid":"{cbda4dbf-8d5d-4f69-9578-be14aa540d22}","provider_name":"Microsoft-Windows-AppLocker"}}
{"@version":"1","message":"L’exécution de %SYSTEM32%\\WHOAMI.EXE a été autorisée.","event":{"created":"2023-09-08T13:15:21.923Z","code":8002,"provider":"Microsoft-Windows-AppLocker","kind":"event","original":"L’exécution de %SYSTEM32%\\WHOAMI.EXE a été autorisée."},"collector_node_id":"WINF148104FR","@timestamp":"2023-09-08T13:15:18.566Z","agent":{"name":"WINF148104FR","ephemeral_id":"af4af741-de30-4778-8118-3d804a8b90a3","id":"f087d310-4eed-48d8-ba60-041b027dd6fa","hostname":"WINF148104FR","type":"winlogbeat","version":"7.11.1"},"gl2_source_collector":"f2fdff80-b545-496c-a718-b68f491f256a","log":{"level":"information"},"tags":["applocker","beats_input_codec_plain_applied"],"host":{"name":"WINF148104FR.demo.io"},"ecs":{"version":"1.7.0"},"winlog":{"record_id":1594,"opcode":"Informations","task":"","user":{"name":"aausmu","type":"User","identifier":"S-1-5-21-2376127652-1403096981-1664155051-1382","domain":"DEMO"},"computer_name":"WINF148104FR.demo.io","user_data":{"RuleSddlLength":"57","PolicyNameLength":"3","FilePathLength":"21","Fqbn":"O=MICROSOFT CORPORATION, L=REDMOND, S=WASHINGTON, C=US\\MICROSOFT® WINDOWS® OPERATING SYSTEM\\WHOAMI.EXE\\10.0.20348.01","FilePath":"%SYSTEM32%\\WHOAMI.EXE","FileHash":"2AC159CE1CD9BBDCA12A5C89C3358222A2E53CE255F7481ED4D32048AEDD2440","xml_name":"RuleAndFileData","RuleSddl":"D:(XA;;FX;;;S-1-1-0;(APPID://PATH Contains \"%WINDIR%\\*\"))","FullFilePath":"C:\\WINDOWS\\system32\\whoami.exe","RuleNameLength":"54","TargetUser":"S-1-5-21-2376127652-1403096981-1664155051-1382","TargetLogonId":"0x1004204","FileHashLength":"32","RuleId":"{a61c8b2c-a319-4cd0-9690-d2177cad7b51}","FqbnLength":"116","TargetProcessId":"4204","PolicyName":"EXE","FullFilePathLength":"30","RuleName":"(Default Rule) All files located in the Windows folder"},"process":{"pid":7792,"thread":{"id":3400}},"channel":"Microsoft-Windows-AppLocker/EXE and DLL","api":"wineventlog","event_id":8002,"provider_guid":"{cbda4dbf-8d5d-4f69-9578-be14aa540d22}","provider_name":"Microsoft-Windows-AppLocker"}}
{"@version":"1","message":"L’exécution de %SYSTEM32%\\CMD.EXE a été autorisée.","event":{"created":"2023-09-08T13:15:21.923Z","code":8002,"provider":"Microsoft-Windows-AppLocker","kind":"event","original":"L’exécution de %SYSTEM32%\\CMD.EXE a été autorisée."},"collector_node_id":"WINF148104FR","@timestamp":"2023-09-08T13:15:19.139Z","agent":{"name":"WINF148104FR","ephemeral_id":"af4af741-de30-4778-8118-3d804a8b90a3","id":"f087d310-4eed-48d8-ba60-041b027dd6fa","hostname":"WINF148104FR","type":"winlogbeat","version":"7.11.1"},"gl2_source_collector":"f2fdff80-b545-496c-a718-b68f491f256a","log":{"level":"information"},"tags":["applocker","beats_input_codec_plain_applied"],"host":{"name":"WINF148104FR.demo.io"},"ecs":{"version":"1.7.0"},"winlog":{"record_id":1595,"opcode":"Informations","task":"","user":{"name":"aausmu","type":"User","identifier":"S-1-5-21-2376127652-1403096981-1664155051-1382","domain":"DEMO"},"computer_name":"WINF148104FR.demo.io","user_data":{"RuleSddlLength":"57","PolicyNameLength":"3","Fqbn":"O=MICROSOFT CORPORATION, L=REDMOND, S=WASHINGTON, C=US\\MICROSOFT® WINDOWS® OPERATING SYSTEM\\CMD.EXE\\10.0.20348.01","FilePathLength":"18","RuleSddl":"D:(XA;;FX;;;S-1-1-0;(APPID://PATH Contains \"%WINDIR%\\*\"))","FileHash":"DF448CC4BCF0E3213CF29D7ECC05FA78A6CF093B98357D04EA7AFB0800869EFE","xml_name":"RuleAndFileData","FullFilePath":"C:\\WINDOWS\\system32\\cmd.exe","FilePath":"%SYSTEM32%\\CMD.EXE","RuleNameLength":"54","TargetLogonId":"0x1004204","TargetUser":"S-1-5-21-2376127652-1403096981-1664155051-1382","RuleId":"{a61c8b2c-a319-4cd0-9690-d2177cad7b51}","FileHashLength":"32","FqbnLength":"113","TargetProcessId":"3024","PolicyName":"EXE","FullFilePathLength":"27","RuleName":"(Default Rule) All files located in the Windows folder"},"process":{"thread":{"id":5864},"pid":4108},"channel":"Microsoft-Windows-AppLocker/EXE and DLL","api":"wineventlog","event_id":8002,"provider_guid":"{cbda4dbf-8d5d-4f69-9578-be14aa540d22}","provider_name":"Microsoft-Windows-AppLocker"}}
{"@version":"1","message":"L’exécution de %SYSTEM32%\\NLTEST.EXE a été autorisée.","event":{"created":"2023-09-08T13:15:21.923Z","provider":"Microsoft-Windows-AppLocker","code":8002,"kind":"event","original":"L’exécution de %SYSTEM32%\\NLTEST.EXE a été autorisée."},"collector_node_id":"WINF148104FR","@timestamp":"2023-09-08T13:15:19.268Z","agent":{"id":"f087d310-4eed-48d8-ba60-041b027dd6fa","ephemeral_id":"af4af741-de30-4778-8118-3d804a8b90a3","name":"WINF148104FR","hostname":"WINF148104FR","type":"winlogbeat","version":"7.11.1"},"gl2_source_collector":"f2fdff80-b545-496c-a718-b68f491f256a","log":{"level":"information"},"tags":["applocker","beats_input_codec_plain_applied"],"host":{"name":"WINF148104FR.demo.io"},"ecs":{"version":"1.7.0"},"winlog":{"record_id":1596,"opcode":"Informations","task":"","user":{"name":"aausmu","type":"User","identifier":"S-1-5-21-2376127652-1403096981-1664155051-1382","domain":"DEMO"},"computer_name":"WINF148104FR.demo.io","user_data":{"RuleSddlLength":"57","Fqbn":"O=MICROSOFT CORPORATION, L=REDMOND, S=WASHINGTON, C=US\\MICROSOFT® WINDOWS® OPERATING SYSTEM\\NLTESTRK.EXE\\10.0.20348.587","FilePathLength":"21","PolicyNameLength":"3","FilePath":"%SYSTEM32%\\NLTEST.EXE","RuleSddl":"D:(XA;;FX;;;S-1-1-0;(APPID://PATH Contains \"%WINDIR%\\*\"))","FullFilePath":"C:\\WINDOWS\\system32\\nltest.exe","FileHash":"90A98D32DC91326C8AD51FF1AA885A889361625B094B43D56B2207297622D9C9","xml_name":"RuleAndFileData","RuleNameLength":"54","TargetUser":"S-1-5-21-2376127652-1403096981-1664155051-1382","TargetLogonId":"0x1004204","RuleId":"{a61c8b2c-a319-4cd0-9690-d2177cad7b51}","FileHashLength":"32","FqbnLength":"119","TargetProcessId":"5068","PolicyName":"EXE","FullFilePathLength":"30","RuleName":"(Default Rule) All files located in the Windows folder"},"process":{"thread":{"id":6180},"pid":3024},"channel":"Microsoft-Windows-AppLocker/EXE and DLL","api":"wineventlog","event_id":8002,"provider_guid":"{cbda4dbf-8d5d-4f69-9578-be14aa540d22}","provider_name":"Microsoft-Windows-AppLocker"}}
{"@version":"1","message":"L’exécution de %SYSTEM32%\\CTFMON.EXE a été autorisée.","event":{"created":"2023-09-08T13:15:22.976Z","provider":"Microsoft-Windows-AppLocker","code":8002,"kind":"event","original":"L’exécution de %SYSTEM32%\\CTFMON.EXE a été autorisée."},"collector_node_id":"WINF148104FR","@timestamp":"2023-09-08T13:15:21.752Z","agent":{"name":"WINF148104FR","ephemeral_id":"af4af741-de30-4778-8118-3d804a8b90a3","id":"f087d310-4eed-48d8-ba60-041b027dd6fa","hostname":"WINF148104FR","type":"winlogbeat","version":"7.11.1"},"gl2_source_collector":"f2fdff80-b545-496c-a718-b68f491f256a","log":{"level":"information"},"tags":["applocker","beats_input_codec_plain_applied"],"ecs":{"version":"1.7.0"},"host":{"name":"WINF148104FR.demo.io"},"winlog":{"record_id":1597,"opcode":"Informations","task":"","user":{"name":"Système","type":"User","identifier":"S-1-5-18","domain":"AUTORITE NT"},"computer_name":"WINF148104FR.demo.io","user_data":{"RuleSddlLength":"57","PolicyNameLength":"3","FilePathLength":"21","Fqbn":"O=MICROSOFT CORPORATION, L=REDMOND, S=WASHINGTON, C=US\\MICROSOFT® WINDOWS® OPERATING SYSTEM\\CTFMON.EXE\\10.0.20348.01","FilePath":"%SYSTEM32%\\CTFMON.EXE","FileHash":"E54C1F65CF555A2F070D3BF60D3E6AC3BFC092721AA9B9942EA8AF0968FD632F","xml_name":"RuleAndFileData","RuleSddl":"D:(XA;;FX;;;S-1-1-0;(APPID://PATH Contains \"%WINDIR%\\*\"))","FullFilePath":"C:\\WINDOWS\\system32\\ctfmon.exe","RuleNameLength":"54","TargetUser":"S-1-5-21-2376127652-1403096981-1664155051-1382","FileHashLength":"32","RuleId":"{a61c8b2c-a319-4cd0-9690-d2177cad7b51}","TargetLogonId":"0x1004204","FqbnLength":"116","TargetProcessId":"7400","PolicyName":"EXE","FullFilePathLength":"30","RuleName":"(Default Rule) All files located in the Windows folder"},"process":{"pid":4944,"thread":{"id":1096}},"channel":"Microsoft-Windows-AppLocker/EXE and DLL","api":"wineventlog","event_id":8002,"provider_guid":"{cbda4dbf-8d5d-4f69-9578-be14aa540d22}","provider_name":"Microsoft-Windows-AppLocker"}}
{"@version":"1","message":"L’exécution de %SYSTEM32%\\MOBSYNC.EXE a été autorisée.","event":{"created":"2023-09-08T13:15:22.976Z","code":8002,"provider":"Microsoft-Windows-AppLocker","kind":"event","original":"L’exécution de %SYSTEM32%\\MOBSYNC.EXE a été autorisée."},"collector_node_id":"WINF148104FR","@timestamp":"2023-09-08T13:15:21.842Z","agent":{"id":"f087d310-4eed-48d8-ba60-041b027dd6fa","name":"WINF148104FR","ephemeral_id":"af4af741-de30-4778-8118-3d804a8b90a3","hostname":"WINF148104FR","type":"winlogbeat","version":"7.11.1"},"gl2_source_collector":"f2fdff80-b545-496c-a718-b68f491f256a","log":{"level":"information"},"tags":["applocker","beats_input_codec_plain_applied"],"ecs":{"version":"1.7.0"},"host":{"name":"WINF148104FR.demo.io"},"winlog":{"record_id":1598,"opcode":"Informations","task":"","user":{"name":"aausmu","type":"User","identifier":"S-1-5-21-2376127652-1403096981-1664155051-1382","domain":"DEMO"},"computer_name":"WINF148104FR.demo.io","user_data":{"RuleSddlLength":"57","Fqbn":"O=MICROSOFT CORPORATION, L=REDMOND, S=WASHINGTON, C=US\\MICROSOFT® WINDOWS® OPERATING SYSTEM\\MOBSYNC.EXE\\10.0.20348.01","FilePathLength":"22","PolicyNameLength":"3","FilePath":"%SYSTEM32%\\MOBSYNC.EXE","FileHash":"6D967B3ECA1800D0E2F318E3A67A24EE48819669422B8EBDB7FD7FCCA89211BB","FullFilePath":"C:\\WINDOWS\\System32\\mobsync.exe","xml_name":"RuleAndFileData","RuleSddl":"D:(XA;;FX;;;S-1-1-0;(APPID://PATH Contains \"%WINDIR%\\*\"))","RuleNameLength":"54","TargetUser":"S-1-5-21-2376127652-1403096981-1664155051-1382","TargetLogonId":"0x1004204","RuleId":"{a61c8b2c-a319-4cd0-9690-d2177cad7b51}","FileHashLength":"32","FqbnLength":"117","TargetProcessId":"5296","PolicyName":"EXE","FullFilePathLength":"31","RuleName":"(Default Rule) All files located in the Windows folder"},"process":{"thread":{"id":9212},"pid":816},"channel":"Microsoft-Windows-AppLocker/EXE and DLL","api":"wineventlog","event_id":8002,"provider_guid":"{cbda4dbf-8d5d-4f69-9578-be14aa540d22}","provider_name":"Microsoft-Windows-AppLocker"}}
{"@version":"1","message":"L’exécution de %SYSTEM32%\\CMD.EXE a été autorisée.","event":{"created":"2023-09-08T13:15:22.976Z","provider":"Microsoft-Windows-AppLocker","code":8002,"kind":"event","original":"L’exécution de %SYSTEM32%\\CMD.EXE a été autorisée."},"collector_node_id":"WINF148104FR","@timestamp":"2023-09-08T13:15:22.236Z","agent":{"name":"WINF148104FR","ephemeral_id":"af4af741-de30-4778-8118-3d804a8b90a3","id":"f087d310-4eed-48d8-ba60-041b027dd6fa","hostname":"WINF148104FR","type":"winlogbeat","version":"7.11.1"},"gl2_source_collector":"f2fdff80-b545-496c-a718-b68f491f256a","log":{"level":"information"},"tags":["applocker","beats_input_codec_plain_applied"],"host":{"name":"WINF148104FR.demo.io"},"ecs":{"version":"1.7.0"},"winlog":{"record_id":1599,"opcode":"Informations","task":"","user":{"name":"aausmu","type":"User","identifier":"S-1-5-21-2376127652-1403096981-1664155051-1382","domain":"DEMO"},"computer_name":"WINF148104FR.demo.io","user_data":{"RuleSddlLength":"57","PolicyNameLength":"3","FilePathLength":"18","Fqbn":"O=MICROSOFT CORPORATION, L=REDMOND, S=WASHINGTON, C=US\\MICROSOFT® WINDOWS® OPERATING SYSTEM\\CMD.EXE\\10.0.20348.01","FilePath":"%SYSTEM32%\\CMD.EXE","FileHash":"DF448CC4BCF0E3213CF29D7ECC05FA78A6CF093B98357D04EA7AFB0800869EFE","FullFilePath":"C:\\WINDOWS\\system32\\cmd.exe","xml_name":"RuleAndFileData","RuleSddl":"D:(XA;;FX;;;S-1-1-0;(APPID://PATH Contains \"%WINDIR%\\*\"))","RuleNameLength":"54","TargetUser":"S-1-5-21-2376127652-1403096981-1664155051-1382","TargetLogonId":"0x1004204","RuleId":"{a61c8b2c-a319-4cd0-9690-d2177cad7b51}","FileHashLength":"32","FqbnLength":"113","TargetProcessId":"6304","PolicyName":"EXE","FullFilePathLength":"27","RuleName":"(Default Rule) All files located in the Windows folder"},"process":{"thread":{"id":5864},"pid":4108},"channel":"Microsoft-Windows-AppLocker/EXE and DLL","api":"wineventlog","event_id":8002,"provider_guid":"{cbda4dbf-8d5d-4f69-9578-be14aa540d22}","provider_name":"Microsoft-Windows-AppLocker"}}
{"@version":"1","message":"L’exécution de %SYSTEM32%\\NET.EXE a été autorisée.","event":{"created":"2023-09-08T13:15:22.976Z","provider":"Microsoft-Windows-AppLocker","code":8002,"kind":"event","original":"L’exécution de %SYSTEM32%\\NET.EXE a été autorisée."},"collector_node_id":"WINF148104FR","@timestamp":"2023-09-08T13:15:22.302Z","agent":{"id":"f087d310-4eed-48d8-ba60-041b027dd6fa","ephemeral_id":"af4af741-de30-4778-8118-3d804a8b90a3","name":"WINF148104FR","hostname":"WINF148104FR","type":"winlogbeat","version":"7.11.1"},"gl2_source_collector":"f2fdff80-b545-496c-a718-b68f491f256a","log":{"level":"information"},"tags":["applocker","beats_input_codec_plain_applied"],"ecs":{"version":"1.7.0"},"host":{"name":"WINF148104FR.demo.io"},"winlog":{"record_id":1600,"opcode":"Informations","task":"","user":{"name":"aausmu","type":"User","identifier":"S-1-5-21-2376127652-1403096981-1664155051-1382","domain":"DEMO"},"computer_name":"WINF148104FR.demo.io","user_data":{"RuleSddlLength":"57","PolicyNameLength":"3","FilePathLength":"18","Fqbn":"O=MICROSOFT CORPORATION, L=REDMOND, S=WASHINGTON, C=US\\MICROSOFT® WINDOWS® OPERATING SYSTEM\\NET.EXE\\10.0.20348.01","RuleSddl":"D:(XA;;FX;;;S-1-1-0;(APPID://PATH Contains \"%WINDIR%\\*\"))","FilePath":"%SYSTEM32%\\NET.EXE","xml_name":"RuleAndFileData","FileHash":"1533AD8F92894D7A1316F83CE38D0FC7B5D55DC44A4F60C7C506144BC531823A","FullFilePath":"C:\\WINDOWS\\system32\\net.exe","RuleNameLength":"54","TargetUser":"S-1-5-21-2376127652-1403096981-1664155051-1382","FileHashLength":"32","RuleId":"{a61c8b2c-a319-4cd0-9690-d2177cad7b51}","TargetLogonId":"0x1004204","FqbnLength":"113","TargetProcessId":"7020","PolicyName":"EXE","FullFilePathLength":"27","RuleName":"(Default Rule) All files located in the Windows folder"},"process":{"thread":{"id":8028},"pid":6304},"channel":"Microsoft-Windows-AppLocker/EXE and DLL","api":"wineventlog","event_id":8002,"provider_guid":"{cbda4dbf-8d5d-4f69-9578-be14aa540d22}","provider_name":"Microsoft-Windows-AppLocker"}}
{"@version":"1","message":"L’exécution de %SYSTEM32%\\NET1.EXE a été autorisée.","event":{"created":"2023-09-08T13:15:22.976Z","provider":"Microsoft-Windows-AppLocker","code":8002,"kind":"event","original":"L’exécution de %SYSTEM32%\\NET1.EXE a été autorisée."},"collector_node_id":"WINF148104FR","@timestamp":"2023-09-08T13:15:22.317Z","agent":{"name":"WINF148104FR","ephemeral_id":"af4af741-de30-4778-8118-3d804a8b90a3","id":"f087d310-4eed-48d8-ba60-041b027dd6fa","hostname":"WINF148104FR","type":"winlogbeat","version":"7.11.1"},"gl2_source_collector":"f2fdff80-b545-496c-a718-b68f491f256a","log":{"level":"information"},"tags":["applocker","beats_input_codec_plain_applied"],"host":{"name":"WINF148104FR.demo.io"},"ecs":{"version":"1.7.0"},"winlog":{"opcode":"Informations","record_id":1601,"task":"","user":{"name":"aausmu","type":"User","identifier":"S-1-5-21-2376127652-1403096981-1664155051-1382","domain":"DEMO"},"computer_name":"WINF148104FR.demo.io","user_data":{"RuleSddlLength":"57","PolicyNameLength":"3","FilePathLength":"19","Fqbn":"O=MICROSOFT CORPORATION, L=REDMOND, S=WASHINGTON, C=US\\MICROSOFT® WINDOWS® OPERATING SYSTEM\\NET1.EXE\\10.0.20348.469","RuleSddl":"D:(XA;;FX;;;S-1-1-0;(APPID://PATH Contains \"%WINDIR%\\*\"))","FileHash":"6F5C984C940275F00FC9134E69EA3CAD99AAEDC95E54D03FEDA8F39AD3563E4F","FullFilePath":"C:\\WINDOWS\\system32\\net1.exe","FilePath":"%SYSTEM32%\\NET1.EXE","xml_name":"RuleAndFileData","RuleNameLength":"54","TargetLogonId":"0x1004204","FileHashLength":"32","RuleId":"{a61c8b2c-a319-4cd0-9690-d2177cad7b51}","TargetUser":"S-1-5-21-2376127652-1403096981-1664155051-1382","FqbnLength":"115","TargetProcessId":"2544","PolicyName":"EXE","FullFilePathLength":"28","RuleName":"(Default Rule) All files located in the Windows folder"},"process":{"pid":7020,"thread":{"id":3968}},"channel":"Microsoft-Windows-AppLocker/EXE and DLL","api":"wineventlog","event_id":8002,"provider_guid":"{cbda4dbf-8d5d-4f69-9578-be14aa540d22}","provider_name":"Microsoft-Windows-AppLocker"}}
{"@version":"1","message":"L’exécution de %SYSTEM32%\\CMD.EXE a été autorisée.","event":{"created":"2023-09-08T13:15:22.976Z","code":8002,"provider":"Microsoft-Windows-AppLocker","kind":"event","original":"L’exécution de %SYSTEM32%\\CMD.EXE a été autorisée."},"collector_node_id":"WINF148104FR","@timestamp":"2023-09-08T13:15:22.378Z","agent":{"name":"WINF148104FR","ephemeral_id":"af4af741-de30-4778-8118-3d804a8b90a3","id":"f087d310-4eed-48d8-ba60-041b027dd6fa","hostname":"WINF148104FR","type":"winlogbeat","version":"7.11.1"},"gl2_source_collector":"f2fdff80-b545-496c-a718-b68f491f256a","log":{"level":"information"},"tags":["applocker","beats_input_codec_plain_applied"],"ecs":{"version":"1.7.0"},"host":{"name":"WINF148104FR.demo.io"},"winlog":{"opcode":"Informations","record_id":1602,"task":"","user":{"name":"aausmu","type":"User","identifier":"S-1-5-21-2376127652-1403096981-1664155051-1382","domain":"DEMO"},"computer_name":"WINF148104FR.demo.io","user_data":{"RuleSddlLength":"57","Fqbn":"O=MICROSOFT CORPORATION, L=REDMOND, S=WASHINGTON, C=US\\MICROSOFT® WINDOWS® OPERATING SYSTEM\\CMD.EXE\\10.0.20348.01","PolicyNameLength":"3","FilePathLength":"18","RuleSddl":"D:(XA;;FX;;;S-1-1-0;(APPID://PATH Contains \"%WINDIR%\\*\"))","FilePath":"%SYSTEM32%\\CMD.EXE","xml_name":"RuleAndFileData","FullFilePath":"C:\\WINDOWS\\system32\\cmd.exe","FileHash":"DF448CC4BCF0E3213CF29D7ECC05FA78A6CF093B98357D04EA7AFB0800869EFE","RuleNameLength":"54","TargetUser":"S-1-5-21-2376127652-1403096981-1664155051-1382","TargetLogonId":"0x1004204","RuleId":"{a61c8b2c-a319-4cd0-9690-d2177cad7b51}","FileHashLength":"32","FqbnLength":"113","TargetProcessId":"7932","PolicyName":"EXE","FullFilePathLength":"27","RuleName":"(Default Rule) All files located in the Windows folder"},"process":{"pid":4108,"thread":{"id":5864}},"channel":"Microsoft-Windows-AppLocker/EXE and DLL","api":"wineventlog","event_id":8002,"provider_guid":"{cbda4dbf-8d5d-4f69-9578-be14aa540d22}","provider_name":"Microsoft-Windows-AppLocker"}}
{"@version":"1","message":"L’exécution de %SYSTEM32%\\CONHOST.EXE a été autorisée.","event":{"created":"2023-09-08T13:15:22.976Z","code":8002,"provider":"Microsoft-Windows-AppLocker","kind":"event","original":"L’exécution de %SYSTEM32%\\CONHOST.EXE a été autorisée."},"collector_node_id":"WINF148104FR","@timestamp":"2023-09-08T13:15:22.386Z","agent":{"id":"f087d310-4eed-48d8-ba60-041b027dd6fa","ephemeral_id":"af4af741-de30-4778-8118-3d804a8b90a3","name":"WINF148104FR","hostname":"WINF148104FR","type":"winlogbeat","version":"7.11.1"},"gl2_source_collector":"f2fdff80-b545-496c-a718-b68f491f256a","log":{"level":"information"},"tags":["applocker","beats_input_codec_plain_applied"],"ecs":{"version":"1.7.0"},"host":{"name":"WINF148104FR.demo.io"},"winlog":{"record_id":1603,"opcode":"Informations","task":"","user":{"name":"aausmu","type":"User","identifier":"S-1-5-21-2376127652-1403096981-1664155051-1382","domain":"DEMO"},"computer_name":"WINF148104FR.demo.io","user_data":{"RuleSddlLength":"57","Fqbn":"O=MICROSOFT CORPORATION, L=REDMOND, S=WASHINGTON, C=US\\MICROSOFT® WINDOWS® OPERATING SYSTEM\\CONHOST.EXE\\10.0.20348.558","FilePathLength":"22","PolicyNameLength":"3","FilePath":"%SYSTEM32%\\CONHOST.EXE","RuleSddl":"D:(XA;;FX;;;S-1-1-0;(APPID://PATH Contains \"%WINDIR%\\*\"))","xml_name":"RuleAndFileData","FullFilePath":"\\SystemRoot\\System32\\Conhost.exe","FileHash":"1193ED0D8668057F34AA2C805BA48AFC6B65025131C75D32A647F50EF774B83C","RuleNameLength":"54","TargetLogonId":"0x1004204","TargetUser":"S-1-5-21-2376127652-1403096981-1664155051-1382","RuleId":"{a61c8b2c-a319-4cd0-9690-d2177cad7b51}","FileHashLength":"32","FqbnLength":"118","TargetProcessId":"876","PolicyName":"EXE","FullFilePathLength":"32","RuleName":"(Default Rule) All files located in the Windows folder"},"process":{"pid":7932,"thread":{"id":1000}},"channel":"Microsoft-Windows-AppLocker/EXE and DLL","api":"wineventlog","event_id":8002,"provider_guid":"{cbda4dbf-8d5d-4f69-9578-be14aa540d22}","provider_name":"Microsoft-Windows-AppLocker"}}
{"@version":"1","message":"L’exécution de %SYSTEM32%\\WINDOWSPOWERSHELL\\V1.0\\POWERSHELL.EXE a été autorisée.","event":{"created":"2023-09-08T13:15:22.976Z","code":8002,"provider":"Microsoft-Windows-AppLocker","kind":"event","original":"L’exécution de %SYSTEM32%\\WINDOWSPOWERSHELL\\V1.0\\POWERSHELL.EXE a été autorisée."},"collector_node_id":"WINF148104FR","@timestamp":"2023-09-08T13:15:22.391Z","agent":{"name":"WINF148104FR","ephemeral_id":"af4af741-de30-4778-8118-3d804a8b90a3","id":"f087d310-4eed-48d8-ba60-041b027dd6fa","hostname":"WINF148104FR","type":"winlogbeat","version":"7.11.1"},"gl2_source_collector":"f2fdff80-b545-496c-a718-b68f491f256a","log":{"level":"information"},"tags":["applocker","beats_input_codec_plain_applied"],"host":{"name":"WINF148104FR.demo.io"},"ecs":{"version":"1.7.0"},"winlog":{"opcode":"Informations","record_id":1604,"task":"","user":{"name":"aausmu","type":"User","identifier":"S-1-5-21-2376127652-1403096981-1664155051-1382","domain":"DEMO"},"computer_name":"WINF148104FR.demo.io","user_data":{"RuleSddlLength":"57","Fqbn":"O=MICROSOFT CORPORATION, L=REDMOND, S=WASHINGTON, C=US\\MICROSOFT® WINDOWS® OPERATING SYSTEM\\POWERSHELL.EXE\\10.0.20348.01","FilePathLength":"48","PolicyNameLength":"3","FilePath":"%SYSTEM32%\\WINDOWSPOWERSHELL\\V1.0\\POWERSHELL.EXE","FileHash":"5EB31885E83725A3C0DECD7384DE4C76E4CA186F317880C7F82EEE4D948DA9E1","xml_name":"RuleAndFileData","FullFilePath":"C:\\WINDOWS\\System32\\WINDOWSPOWERSHELL\\V1.0\\powershell.exe","RuleSddl":"D:(XA;;FX;;;S-1-1-0;(APPID://PATH Contains \"%WINDIR%\\*\"))","RuleNameLength":"54","TargetUser":"S-1-5-21-2376127652-1403096981-1664155051-1382","TargetLogonId":"0x1004204","FileHashLength":"32","RuleId":"{a61c8b2c-a319-4cd0-9690-d2177cad7b51}","FqbnLength":"120","TargetProcessId":"6276","PolicyName":"EXE","FullFilePathLength":"57","RuleName":"(Default Rule) All files located in the Windows folder"},"process":{"pid":4108,"thread":{"id":5864}},"channel":"Microsoft-Windows-AppLocker/EXE and DLL","api":"wineventlog","event_id":8002,"provider_guid":"{cbda4dbf-8d5d-4f69-9578-be14aa540d22}","provider_name":"Microsoft-Windows-AppLocker"}}
{"@version":"1","message":"L’exécution de %SYSTEM32%\\WINDOWSPOWERSHELL\\V1.0\\POWERSHELL.EXE a été autorisée.","event":{"created":"2023-09-08T13:15:22.976Z","provider":"Microsoft-Windows-AppLocker","code":8002,"kind":"event","original":"L’exécution de %SYSTEM32%\\WINDOWSPOWERSHELL\\V1.0\\POWERSHELL.EXE a été autorisée."},"collector_node_id":"WINF148104FR","@timestamp":"2023-09-08T13:15:22.400Z","agent":{"id":"f087d310-4eed-48d8-ba60-041b027dd6fa","ephemeral_id":"af4af741-de30-4778-8118-3d804a8b90a3","name":"WINF148104FR","hostname":"WINF148104FR","type":"winlogbeat","version":"7.11.1"},"gl2_source_collector":"f2fdff80-b545-496c-a718-b68f491f256a","log":{"level":"information"},"tags":["applocker","beats_input_codec_plain_applied"],"host":{"name":"WINF148104FR.demo.io"},"ecs":{"version":"1.7.0"},"winlog":{"record_id":1605,"opcode":"Informations","task":"","user":{"name":"aausmu","type":"User","identifier":"S-1-5-21-2376127652-1403096981-1664155051-1382","domain":"DEMO"},"computer_name":"WINF148104FR.demo.io","user_data":{"RuleSddlLength":"57","PolicyNameLength":"3","FilePathLength":"48","Fqbn":"O=MICROSOFT CORPORATION, L=REDMOND, S=WASHINGTON, C=US\\MICROSOFT® WINDOWS® OPERATING SYSTEM\\POWERSHELL.EXE\\10.0.20348.01","FilePath":"%SYSTEM32%\\WINDOWSPOWERSHELL\\V1.0\\POWERSHELL.EXE","FileHash":"5EB31885E83725A3C0DECD7384DE4C76E4CA186F317880C7F82EEE4D948DA9E1","FullFilePath":"C:\\WINDOWS\\System32\\WINDOWSPOWERSHELL\\V1.0\\powershell.exe","xml_name":"RuleAndFileData","RuleSddl":"D:(XA;;FX;;;S-1-1-0;(APPID://PATH Contains \"%WINDIR%\\*\"))","RuleNameLength":"54","TargetUser":"S-1-5-21-2376127652-1403096981-1664155051-1382","TargetLogonId":"0x1004204","RuleId":"{a61c8b2c-a319-4cd0-9690-d2177cad7b51}","FileHashLength":"32","FqbnLength":"120","TargetProcessId":"7960","PolicyName":"EXE","FullFilePathLength":"57","RuleName":"(Default Rule) All files located in the Windows folder"},"process":{"thread":{"id":5864},"pid":4108},"channel":"Microsoft-Windows-AppLocker/EXE and DLL","api":"wineventlog","event_id":8002,"provider_guid":"{cbda4dbf-8d5d-4f69-9578-be14aa540d22}","provider_name":"Microsoft-Windows-AppLocker"}}
{"@version":"1","message":"L’exécution de %SYSTEM32%\\CONHOST.EXE a été autorisée.","event":{"created":"2023-09-08T13:15:22.976Z","code":8002,"provider":"Microsoft-Windows-AppLocker","kind":"event","original":"L’exécution de %SYSTEM32%\\CONHOST.EXE a été autorisée."},"collector_node_id":"WINF148104FR","@timestamp":"2023-09-08T13:15:22.403Z","agent":{"name":"WINF148104FR","ephemeral_id":"af4af741-de30-4778-8118-3d804a8b90a3","id":"f087d310-4eed-48d8-ba60-041b027dd6fa","hostname":"WINF148104FR","type":"winlogbeat","version":"7.11.1"},"gl2_source_collector":"f2fdff80-b545-496c-a718-b68f491f256a","log":{"level":"information"},"tags":["applocker","beats_input_codec_plain_applied"],"ecs":{"version":"1.7.0"},"host":{"name":"WINF148104FR.demo.io"},"winlog":{"record_id":1606,"opcode":"Informations","task":"","user":{"name":"aausmu","type":"User","identifier":"S-1-5-21-2376127652-1403096981-1664155051-1382","domain":"DEMO"},"computer_name":"WINF148104FR.demo.io","user_data":{"RuleSddlLength":"57","PolicyNameLength":"3","FilePathLength":"22","Fqbn":"O=MICROSOFT CORPORATION, L=REDMOND, S=WASHINGTON, C=US\\MICROSOFT® WINDOWS® OPERATING SYSTEM\\CONHOST.EXE\\10.0.20348.558","RuleSddl":"D:(XA;;FX;;;S-1-1-0;(APPID://PATH Contains \"%WINDIR%\\*\"))","FileHash":"1193ED0D8668057F34AA2C805BA48AFC6B65025131C75D32A647F50EF774B83C","xml_name":"RuleAndFileData","FilePath":"%SYSTEM32%\\CONHOST.EXE","FullFilePath":"\\SystemRoot\\System32\\Conhost.exe","RuleNameLength":"54","FileHashLength":"32","TargetUser":"S-1-5-21-2376127652-1403096981-1664155051-1382","RuleId":"{a61c8b2c-a319-4cd0-9690-d2177cad7b51}","TargetLogonId":"0x1004204","FqbnLength":"118","TargetProcessId":"8196","PolicyName":"EXE","FullFilePathLength":"32","RuleName":"(Default Rule) All files located in the Windows folder"},"process":{"pid":6276,"thread":{"id":5416}},"channel":"Microsoft-Windows-AppLocker/EXE and DLL","api":"wineventlog","event_id":8002,"provider_guid":"{cbda4dbf-8d5d-4f69-9578-be14aa540d22}","provider_name":"Microsoft-Windows-AppLocker"}}
{"@version":"1","message":"L’exécution de %SYSTEM32%\\WINDOWSPOWERSHELL\\V1.0\\POWERSHELL.EXE a été autorisée.","event":{"created":"2023-09-08T13:15:22.976Z","code":8002,"provider":"Microsoft-Windows-AppLocker","kind":"event","original":"L’exécution de %SYSTEM32%\\WINDOWSPOWERSHELL\\V1.0\\POWERSHELL.EXE a été autorisée."},"collector_node_id":"WINF148104FR","@timestamp":"2023-09-08T13:15:22.408Z","agent":{"id":"f087d310-4eed-48d8-ba60-041b027dd6fa","ephemeral_id":"af4af741-de30-4778-8118-3d804a8b90a3","name":"WINF148104FR","hostname":"WINF148104FR","type":"winlogbeat","version":"7.11.1"},"gl2_source_collector":"f2fdff80-b545-496c-a718-b68f491f256a","log":{"level":"information"},"tags":["applocker","beats_input_codec_plain_applied"],"host":{"name":"WINF148104FR.demo.io"},"ecs":{"version":"1.7.0"},"winlog":{"opcode":"Informations","record_id":1607,"task":"","user":{"name":"aausmu","type":"User","identifier":"S-1-5-21-2376127652-1403096981-1664155051-1382","domain":"DEMO"},"computer_name":"WINF148104FR.demo.io","user_data":{"RuleSddlLength":"57","PolicyNameLength":"3","FilePathLength":"48","Fqbn":"O=MICROSOFT CORPORATION, L=REDMOND, S=WASHINGTON, C=US\\MICROSOFT® WINDOWS® OPERATING SYSTEM\\POWERSHELL.EXE\\10.0.20348.01","RuleSddl":"D:(XA;;FX;;;S-1-1-0;(APPID://PATH Contains \"%WINDIR%\\*\"))","FileHash":"5EB31885E83725A3C0DECD7384DE4C76E4CA186F317880C7F82EEE4D948DA9E1","xml_name":"RuleAndFileData","FilePath":"%SYSTEM32%\\WINDOWSPOWERSHELL\\V1.0\\POWERSHELL.EXE","FullFilePath":"C:\\WINDOWS\\System32\\WINDOWSPOWERSHELL\\V1.0\\powershell.exe","RuleNameLength":"54","TargetUser":"S-1-5-21-2376127652-1403096981-1664155051-1382","TargetLogonId":"0x1004204","RuleId":"{a61c8b2c-a319-4cd0-9690-d2177cad7b51}","FileHashLength":"32","FqbnLength":"120","TargetProcessId":"5468","PolicyName":"EXE","FullFilePathLength":"57","RuleName":"(Default Rule) All files located in the Windows folder"},"process":{"pid":4108,"thread":{"id":5864}},"channel":"Microsoft-Windows-AppLocker/EXE and DLL","api":"wineventlog","event_id":8002,"provider_guid":"{cbda4dbf-8d5d-4f69-9578-be14aa540d22}","provider_name":"Microsoft-Windows-AppLocker"}}
