{"@version":"1","message":"%SYSTEM32%\\XPSRCHVW.EXE was allowed to run.","event":{"created":"2023-09-08T13:15:19.963Z","code":8002,"provider":"Microsoft-Windows-AppLocker","kind":"event","original":"%SYSTEM32%\\XPSRCHVW.EXE was allowed to run."},"collector_node_id":"WINF148103EN","@timestamp":"2023-09-08T13:15:16.176Z","agent":{"id":"8a461181-cb3e-4de6-b2da-019fe221fa3a","name":"WINF148103EN","ephemeral_id":"343f4297-6201-4238-bffe-46f62781abd1","hostname":"WINF148103EN","type":"winlogbeat","version":"7.11.1"},"gl2_source_collector":"1df5757b-0293-45c8-beef-9cb7782160ac","log":{"level":"information"},"tags":["applocker","beats_input_codec_plain_applied"],"host":{"name":"WINF148103EN.demo.io"},"ecs":{"version":"1.7.0"},"winlog":{"record_id":2350,"opcode":"Info","task":"","user":{"name":"discho","type":"User","identifier":"S-1-5-21-2376127652-1403096981-1664155051-1338","domain":"DEMO"},"computer_name":"WINF148103EN.demo.io","user_data":{"RuleSddlLength":"57","PolicyNameLength":"3","Fqbn":"O=MICROSOFT CORPORATION, L=REDMOND, S=WASHINGTON, C=US\\MICROSOFT® WINDOWS® OPERATING SYSTEM\\XPSRCHVW.EXE\\10.0.20348.01","FilePathLength":"23","RuleSddl":"D:(XA;;FX;;;S-1-1-0;(APPID://PATH Contains \"%WINDIR%\\*\"))","FilePath":"%SYSTEM32%\\XPSRCHVW.EXE","FullFilePath":"C:\\WINDOWS\\System32\\xpsrchvw.exe","xml_name":"RuleAndFileData","FileHash":"D348B940827586F444946DF0380E50DC958F3202F3B9C2B3A1418458F0E8DD29","RuleNameLength":"54","TargetLogonId":"0x10dc6eb","TargetUser":"S-1-5-21-2376127652-1403096981-1664155051-1338","RuleId":"{a61c8b2c-a319-4cd0-9690-d2177cad7b51}","FileHashLength":"32","FqbnLength":"118","TargetProcessId":"4832","PolicyName":"EXE","FullFilePathLength":"32","RuleName":"(Default Rule) All files located in the Windows folder"},"process":{"pid":9584,"thread":{"id":8268}},"channel":"Microsoft-Windows-AppLocker/EXE and DLL","api":"wineventlog","event_id":8002,"provider_guid":"{cbda4dbf-8d5d-4f69-9578-be14aa540d22}","provider_name":"Microsoft-Windows-AppLocker"}}
{"@version":"1","message":"%SYSTEM32%\\WINDOWSPOWERSHELL\\V1.0\\POWERSHELL.EXE was allowed to run.","event":{"created":"2023-09-08T13:15:19.963Z","code":8002,"provider":"Microsoft-Windows-AppLocker","kind":"event","original":"%SYSTEM32%\\WINDOWSPOWERSHELL\\V1.0\\POWERSHELL.EXE was allowed to run."},"collector_node_id":"WINF148103EN","@timestamp":"2023-09-08T13:15:16.198Z","agent":{"id":"8a461181-cb3e-4de6-b2da-019fe221fa3a","ephemeral_id":"343f4297-6201-4238-bffe-46f62781abd1","name":"WINF148103EN","hostname":"WINF148103EN","type":"winlogbeat","version":"7.11.1"},"gl2_source_collector":"1df5757b-0293-45c8-beef-9cb7782160ac","log":{"level":"information"},"tags":["applocker","beats_input_codec_plain_applied"],"host":{"name":"WINF148103EN.demo.io"},"ecs":{"version":"1.7.0"},"winlog":{"record_id":2351,"opcode":"Info","task":"","user":{"name":"discho","type":"User","identifier":"S-1-5-21-2376127652-1403096981-1664155051-1338","domain":"DEMO"},"computer_name":"WINF148103EN.demo.io","user_data":{"RuleSddlLength":"57","Fqbn":"O=MICROSOFT CORPORATION, L=REDMOND, S=WASHINGTON, C=US\\MICROSOFT® WINDOWS® OPERATING SYSTEM\\POWERSHELL.EXE\\10.0.20348.01","PolicyNameLength":"3","FilePathLength":"48","FilePath":"%SYSTEM32%\\WINDOWSPOWERSHELL\\V1.0\\POWERSHELL.EXE","FileHash":"5EB31885E83725A3C0DECD7384DE4C76E4CA186F317880C7F82EEE4D948DA9E1","FullFilePath":"C:\\WINDOWS\\System32\\WINDOWSPOWERSHELL\\V1.0\\powershell.exe","xml_name":"RuleAndFileData","RuleSddl":"D:(XA;;FX;;;S-1-1-0;(APPID://PATH Contains \"%WINDIR%\\*\"))","RuleNameLength":"54","FileHashLength":"32","TargetLogonId":"0x10dc6eb","RuleId":"{a61c8b2c-a319-4cd0-9690-d2177cad7b51}","TargetUser":"S-1-5-21-2376127652-1403096981-1664155051-1338","FqbnLength":"120","TargetProcessId":"7356","PolicyName":"EXE","FullFilePathLength":"57","RuleName":"(Default Rule) All files located in the Windows folder"},"process":{"thread":{"id":8268},"pid":9584},"channel":"Microsoft-Windows-AppLocker/EXE and DLL","api":"wineventlog","event_id":8002,"provider_guid":"{cbda4dbf-8d5d-4f69-9578-be14aa540d22}","provider_name":"Microsoft-Windows-AppLocker"}}
{"@version":"1","message":"%SYSTEM32%\\CONHOST.EXE was allowed to run.","event":{"created":"2023-09-08T13:15:19.963Z","code":8002,"provider":"Microsoft-Windows-AppLocker","kind":"event","original":"%SYSTEM32%\\CONHOST.EXE was allowed to run."},"collector_node_id":"WINF148103EN","@timestamp":"2023-09-08T13:15:16.215Z","agent":{"id":"8a461181-cb3e-4de6-b2da-019fe221fa3a","ephemeral_id":"343f4297-6201-4238-bffe-46f62781abd1","name":"WINF148103EN","hostname":"WINF148103EN","type":"winlogbeat","version":"7.11.1"},"gl2_source_collector":"1df5757b-0293-45c8-beef-9cb7782160ac","log":{"level":"information"},"tags":["applocker","beats_input_codec_plain_applied"],"host":{"name":"WINF148103EN.demo.io"},"ecs":{"version":"1.7.0"},"winlog":{"opcode":"Info","record_id":2352,"task":"","user":{"name":"discho","type":"User","identifier":"S-1-5-21-2376127652-1403096981-1664155051-1338","domain":"DEMO"},"computer_name":"WINF148103EN.demo.io","user_data":{"RuleSddlLength":"57","Fqbn":"O=MICROSOFT CORPORATION, L=REDMOND, S=WASHINGTON, C=US\\MICROSOFT® WINDOWS® OPERATING SYSTEM\\CONHOST.EXE\\10.0.20348.558","FilePathLength":"22","PolicyNameLength":"3","FilePath":"%SYSTEM32%\\CONHOST.EXE","FileHash":"1193ED0D8668057F34AA2C805BA48AFC6B65025131C75D32A647F50EF774B83C","FullFilePath":"\\SystemRoot\\System32\\Conhost.exe","xml_name":"RuleAndFileData","RuleSddl":"D:(XA;;FX;;;S-1-1-0;(APPID://PATH Contains \"%WINDIR%\\*\"))","RuleNameLength":"54","TargetUser":"S-1-5-21-2376127652-1403096981-1664155051-1338","FileHashLength":"32","RuleId":"{a61c8b2c-a319-4cd0-9690-d2177cad7b51}","TargetLogonId":"0x10dc6eb","FqbnLength":"118","TargetProcessId":"6744","PolicyName":"EXE","FullFilePathLength":"32","RuleName":"(Default Rule) All files located in the Windows folder"},"process":{"pid":7356,"thread":{"id":4328}},"channel":"Microsoft-Windows-AppLocker/EXE and DLL","api":"wineventlog","event_id":8002,"provider_guid":"{cbda4dbf-8d5d-4f69-9578-be14aa540d22}","provider_name":"Microsoft-Windows-AppLocker"}}
{"@version":"1","message":"%SYSTEM32%\\WINDOWSPOWERSHELL\\V1.0\\POWERSHELL_ISE.EXE was allowed to run.","event":{"created":"2023-09-08T13:15:19.963Z","code":8002,"provider":"Microsoft-Windows-AppLocker","kind":"event","original":"%SYSTEM32%\\WINDOWSPOWERSHELL\\V1.0\\POWERSHELL_ISE.EXE was allowed to run."},"collector_node_id":"WINF148103EN","@timestamp":"2023-09-08T13:15:16.226Z","agent":{"id":"8a461181-cb3e-4de6-b2da-019fe221fa3a","name":"WINF148103EN","ephemeral_id":"343f4297-6201-4238-bffe-46f62781abd1","hostname":"WINF148103EN","type":"winlogbeat","version":"7.11.1"},"gl2_source_collector":"1df5757b-0293-45c8-beef-9cb7782160ac","log":{"level":"information"},"tags":["applocker","beats_input_codec_plain_applied"],"host":{"name":"WINF148103EN.demo.io"},"ecs":{"version":"1.7.0"},"winlog":{"opcode":"Info","record_id":2353,"task":"","user":{"name":"discho","type":"User","identifier":"S-1-5-21-2376127652-1403096981-1664155051-1338","domain":"DEMO"},"computer_name":"WINF148103EN.demo.io","user_data":{"RuleSddlLength":"57","Fqbn":"O=MICROSOFT CORPORATION, L=REDMOND, S=WASHINGTON, C=US\\MICROSOFT® WINDOWS® OPERATING SYSTEM\\POWERSHELL_ISE.EXE\\10.0.20348.01","PolicyNameLength":"3","FilePathLength":"52","FilePath":"%SYSTEM32%\\WINDOWSPOWERSHELL\\V1.0\\POWERSHELL_ISE.EXE","FileHash":"F3A517A1FCE2B0CD3D4779175E52326992D76A4A13669AD3E8A3E3D2C35991A1","xml_name":"RuleAndFileData","FullFilePath":"C:\\WINDOWS\\System32\\WINDOWSPOWERSHELL\\V1.0\\powershell_ise.exe","RuleSddl":"D:(XA;;FX;;;S-1-1-0;(APPID://PATH Contains \"%WINDIR%\\*\"))","RuleNameLength":"54","TargetUser":"S-1-5-21-2376127652-1403096981-1664155051-1338","FileHashLength":"32","RuleId":"{a61c8b2c-a319-4cd0-9690-d2177cad7b51}","TargetLogonId":"0x10dc6eb","FqbnLength":"124","TargetProcessId":"4316","PolicyName":"EXE","FullFilePathLength":"61","RuleName":"(Default Rule) All files located in the Windows folder"},"process":{"pid":9584,"thread":{"id":8268}},"channel":"Microsoft-Windows-AppLocker/EXE and DLL","api":"wineventlog","event_id":8002,"provider_guid":"{cbda4dbf-8d5d-4f69-9578-be14aa540d22}","provider_name":"Microsoft-Windows-AppLocker"}}
{"@version":"1","message":"%PROGRAMFILES%\\GOOGLE\\CHROME\\APPLICATION\\CHROME.EXE was allowed to run.","event":{"created":"2023-09-08T13:15:19.963Z","code":8002,"provider":"Microsoft-Windows-AppLocker","kind":"event","original":"%PROGRAMFILES%\\GOOGLE\\CHROME\\APPLICATION\\CHROME.EXE was allowed to run."},"collector_node_id":"WINF148103EN","@timestamp":"2023-09-08T13:15:16.243Z","agent":{"id":"8a461181-cb3e-4de6-b2da-019fe221fa3a","ephemeral_id":"343f4297-6201-4238-bffe-46f62781abd1","name":"WINF148103EN","hostname":"WINF148103EN","type":"winlogbeat","version":"7.11.1"},"gl2_source_collector":"1df5757b-0293-45c8-beef-9cb7782160ac","log":{"level":"information"},"tags":["applocker","beats_input_codec_plain_applied"],"host":{"name":"WINF148103EN.demo.io"},"ecs":{"version":"1.7.0"},"winlog":{"record_id":2354,"opcode":"Info","task":"","user":{"name":"discho","type":"User","identifier":"S-1-5-21-2376127652-1403096981-1664155051-1338","domain":"DEMO"},"computer_name":"WINF148103EN.demo.io","user_data":{"RuleSddlLength":"63","PolicyNameLength":"3","FilePathLength":"51","Fqbn":"O=GOOGLE LLC, L=MOUNTAIN VIEW, S=CALIFORNIA, C=US\\GOOGLE CHROME\\CHROME.EXE\\114.0.5735.199","RuleSddl":"D:(XA;;FX;;;S-1-1-0;(APPID://PATH Contains \"%PROGRAMFILES%\\*\"))","FileHash":"AEF638992D1D27745EBDF06B1D63328534673D81784E73AF54DAE669C07024B4","xml_name":"RuleAndFileData","FullFilePath":"C:\\Program Files\\GOOGLE\\CHROME\\APPLICATION\\chrome.exe","FilePath":"%PROGRAMFILES%\\GOOGLE\\CHROME\\APPLICATION\\CHROME.EXE","RuleNameLength":"60","TargetUser":"S-1-5-21-2376127652-1403096981-1664155051-1338","TargetLogonId":"0x10dc6eb","FileHashLength":"32","RuleId":"{921cc481-6e17-4653-8f75-050b80acca20}","FqbnLength":"89","TargetProcessId":"7256","PolicyName":"EXE","FullFilePathLength":"53","RuleName":"(Default Rule) All files located in the Program Files folder"},"process":{"thread":{"id":8268},"pid":9584},"channel":"Microsoft-Windows-AppLocker/EXE and DLL","api":"wineventlog","event_id":8002,"provider_guid":"{cbda4dbf-8d5d-4f69-9578-be14aa540d22}","provider_name":"Microsoft-Windows-AppLocker"}}
{"@version":"1","message":"%PROGRAMFILES%\\GOOGLE\\CHROME\\APPLICATION\\CHROME.EXE was allowed to run.","event":{"created":"2023-09-08T13:15:19.963Z","code":8002,"provider":"Microsoft-Windows-AppLocker","kind":"event","original":"%PROGRAMFILES%\\GOOGLE\\CHROME\\APPLICATION\\CHROME.EXE was allowed to run."},"collector_node_id":"WINF148103EN","@timestamp":"2023-09-08T13:15:16.263Z","agent":{"id":"8a461181-cb3e-4de6-b2da-019fe221fa3a","name":"WINF148103EN","ephemeral_id":"343f4297-6201-4238-bffe-46f62781abd1","hostname":"WINF148103EN","type":"winlogbeat","version":"7.11.1"},"gl2_source_collector":"1df5757b-0293-45c8-beef-9cb7782160ac","log":{"level":"information"},"tags":["applocker","beats_input_codec_plain_applied"],"ecs":{"version":"1.7.0"},"host":{"name":"WINF148103EN.demo.io"},"winlog":{"opcode":"Info","record_id":2355,"task":"","user":{"name":"discho","type":"User","identifier":"S-1-5-21-2376127652-1403096981-1664155051-1338","domain":"DEMO"},"computer_name":"WINF148103EN.demo.io","user_data":{"RuleSddlLength":"63","PolicyNameLength":"3","FilePathLength":"51","Fqbn":"O=GOOGLE LLC, L=MOUNTAIN VIEW, S=CALIFORNIA, C=US\\GOOGLE CHROME\\CHROME.EXE\\114.0.5735.199","FilePath":"%PROGRAMFILES%\\GOOGLE\\CHROME\\APPLICATION\\CHROME.EXE","FileHash":"AEF638992D1D27745EBDF06B1D63328534673D81784E73AF54DAE669C07024B4","RuleSddl":"D:(XA;;FX;;;S-1-1-0;(APPID://PATH Contains \"%PROGRAMFILES%\\*\"))","xml_name":"RuleAndFileData","FullFilePath":"C:\\Program Files\\GOOGLE\\CHROME\\APPLICATION\\chrome.exe","RuleNameLength":"60","TargetUser":"S-1-5-21-2376127652-1403096981-1664155051-1338","FileHashLength":"32","TargetLogonId":"0x10dc6eb","RuleId":"{921cc481-6e17-4653-8f75-050b80acca20}","FqbnLength":"89","TargetProcessId":"144","PolicyName":"EXE","FullFilePathLength":"53","RuleName":"(Default Rule) All files located in the Program Files folder"},"process":{"pid":7256,"thread":{"id":5820}},"channel":"Microsoft-Windows-AppLocker/EXE and DLL","api":"wineventlog","event_id":8002,"provider_guid":"{cbda4dbf-8d5d-4f69-9578-be14aa540d22}","provider_name":"Microsoft-Windows-AppLocker"}}
{"@version":"1","message":"%PROGRAMFILES%\\COMMON FILES\\MICROSOFT SHARED\\INK\\MIP.EXE was allowed to run.","event":{"created":"2023-09-08T13:15:19.963Z","code":8002,"provider":"Microsoft-Windows-AppLocker","kind":"event","original":"%PROGRAMFILES%\\COMMON FILES\\MICROSOFT SHARED\\INK\\MIP.EXE was allowed to run."},"collector_node_id":"WINF148103EN","@timestamp":"2023-09-08T13:15:16.291Z","agent":{"id":"8a461181-cb3e-4de6-b2da-019fe221fa3a","ephemeral_id":"343f4297-6201-4238-bffe-46f62781abd1","name":"WINF148103EN","hostname":"WINF148103EN","type":"winlogbeat","version":"7.11.1"},"gl2_source_collector":"1df5757b-0293-45c8-beef-9cb7782160ac","log":{"level":"information"},"tags":["applocker","beats_input_codec_plain_applied"],"ecs":{"version":"1.7.0"},"host":{"name":"WINF148103EN.demo.io"},"winlog":{"opcode":"Info","record_id":2356,"task":"","user":{"name":"discho","type":"User","identifier":"S-1-5-21-2376127652-1403096981-1664155051-1338","domain":"DEMO"},"computer_name":"WINF148103EN.demo.io","user_data":{"RuleSddlLength":"63","Fqbn":"O=MICROSOFT CORPORATION, L=REDMOND, S=WASHINGTON, C=US\\MICROSOFT® WINDOWS® OPERATING SYSTEM\\MIP.EXE\\10.0.20348.143","FilePathLength":"56","PolicyNameLength":"3","RuleSddl":"D:(XA;;FX;;;S-1-1-0;(APPID://PATH Contains \"%PROGRAMFILES%\\*\"))","FilePath":"%PROGRAMFILES%\\COMMON FILES\\MICROSOFT SHARED\\INK\\MIP.EXE","xml_name":"RuleAndFileData","FullFilePath":"C:\\Program Files\\COMMON FILES\\MICROSOFT SHARED\\INK\\mip.exe","FileHash":"3B14C2678EE3439E416D2A2341324E8379E82FCB63A7277CA9029EE47BE857B8","RuleNameLength":"60","FileHashLength":"32","TargetUser":"S-1-5-21-2376127652-1403096981-1664155051-1338","RuleId":"{921cc481-6e17-4653-8f75-050b80acca20}","TargetLogonId":"0x10dc6eb","FqbnLength":"114","TargetProcessId":"3272","PolicyName":"EXE","FullFilePathLength":"58","RuleName":"(Default Rule) All files located in the Program Files folder"},"process":{"thread":{"id":8268},"pid":9584},"channel":"Microsoft-Windows-AppLocker/EXE and DLL","api":"wineventlog","event_id":8002,"provider_guid":"{cbda4dbf-8d5d-4f69-9578-be14aa540d22}","provider_name":"Microsoft-Windows-AppLocker"}}
{"@version":"1","message":"%PROGRAMFILES%\\WINDOWS MEDIA PLAYER\\WMPLAYER.EXE was allowed to run.","event":{"created":"2023-09-08T13:15:19.963Z","code":8002,"provider":"Microsoft-Windows-AppLocker","kind":"event","original":"%PROGRAMFILES%\\WINDOWS MEDIA PLAYER\\WMPLAYER.EXE was allowed to run."},"collector_node_id":"WINF148103EN","@timestamp":"2023-09-08T13:15:16.369Z","agent":{"name":"WINF148103EN","ephemeral_id":"343f4297-6201-4238-bffe-46f62781abd1","id":"8a461181-cb3e-4de6-b2da-019fe221fa3a","hostname":"WINF148103EN","type":"winlogbeat","version":"7.11.1"},"gl2_source_collector":"1df5757b-0293-45c8-beef-9cb7782160ac","log":{"level":"information"},"tags":["applocker","beats_input_codec_plain_applied"],"ecs":{"version":"1.7.0"},"host":{"name":"WINF148103EN.demo.io"},"winlog":{"record_id":2357,"opcode":"Info","task":"","user":{"name":"discho","type":"User","identifier":"S-1-5-21-2376127652-1403096981-1664155051-1338","domain":"DEMO"},"computer_name":"WINF148103EN.demo.io","user_data":{"RuleSddlLength":"63","Fqbn":"O=MICROSOFT CORPORATION, L=REDMOND, S=WASHINGTON, C=US\\MICROSOFT® WINDOWS® OPERATING SYSTEM\\WMPLAYER.EXE\\12.0.20348.502","FilePathLength":"48","PolicyNameLength":"3","RuleSddl":"D:(XA;;FX;;;S-1-1-0;(APPID://PATH Contains \"%PROGRAMFILES%\\*\"))","FileHash":"99ACA71C92786D795FA7896C65994C9B24A5FE5097645770549889F1D210F414","xml_name":"RuleAndFileData","FilePath":"%PROGRAMFILES%\\WINDOWS MEDIA PLAYER\\WMPLAYER.EXE","FullFilePath":"C:\\Program Files\\WINDOWS MEDIA PLAYER\\wmplayer.exe","RuleNameLength":"60","TargetUser":"S-1-5-21-2376127652-1403096981-1664155051-1338","FileHashLength":"32","RuleId":"{921cc481-6e17-4653-8f75-050b80acca20}","TargetLogonId":"0x10dc6eb","FqbnLength":"119","TargetProcessId":"7000","PolicyName":"EXE","FullFilePathLength":"50","RuleName":"(Default Rule) All files located in the Program Files folder"},"process":{"pid":9584,"thread":{"id":8268}},"channel":"Microsoft-Windows-AppLocker/EXE and DLL","api":"wineventlog","event_id":8002,"provider_guid":"{cbda4dbf-8d5d-4f69-9578-be14aa540d22}","provider_name":"Microsoft-Windows-AppLocker"}}
{"@version":"1","message":"%PROGRAMFILES%\\WINDOWS NT\\ACCESSORIES\\WORDPAD.EXE was allowed to run.","event":{"created":"2023-09-08T13:15:19.964Z","provider":"Microsoft-Windows-AppLocker","code":8002,"kind":"event","original":"%PROGRAMFILES%\\WINDOWS NT\\ACCESSORIES\\WORDPAD.EXE was allowed to run."},"collector_node_id":"WINF148103EN","@timestamp":"2023-09-08T13:15:16.432Z","agent":{"id":"8a461181-cb3e-4de6-b2da-019fe221fa3a","ephemeral_id":"343f4297-6201-4238-bffe-46f62781abd1","name":"WINF148103EN","hostname":"WINF148103EN","type":"winlogbeat","version":"7.11.1"},"gl2_source_collector":"1df5757b-0293-45c8-beef-9cb7782160ac","log":{"level":"information"},"tags":["applocker","beats_input_codec_plain_applied"],"host":{"name":"WINF148103EN.demo.io"},"ecs":{"version":"1.7.0"},"winlog":{"record_id":2358,"opcode":"Info","task":"","user":{"name":"discho","type":"User","identifier":"S-1-5-21-2376127652-1403096981-1664155051-1338","domain":"DEMO"},"computer_name":"WINF148103EN.demo.io","user_data":{"RuleSddlLength":"63","Fqbn":"O=MICROSOFT CORPORATION, L=REDMOND, S=WASHINGTON, C=US\\MICROSOFT® WINDOWS® OPERATING SYSTEM\\WORDPAD.EXE\\10.0.20348.01","FilePathLength":"49","PolicyNameLength":"3","RuleSddl":"D:(XA;;FX;;;S-1-1-0;(APPID://PATH Contains \"%PROGRAMFILES%\\*\"))","FileHash":"7354CC44651D009B368DE589919D76D72AD927C416F62699C4EF514D99CBF048","xml_name":"RuleAndFileData","FilePath":"%PROGRAMFILES%\\WINDOWS NT\\ACCESSORIES\\WORDPAD.EXE","FullFilePath":"C:\\Program Files\\WINDOWS NT\\ACCESSORIES\\wordpad.exe","RuleNameLength":"60","TargetUser":"S-1-5-21-2376127652-1403096981-1664155051-1338","FileHashLength":"32","RuleId":"{921cc481-6e17-4653-8f75-050b80acca20}","TargetLogonId":"0x10dc6eb","FqbnLength":"117","TargetProcessId":"7488","PolicyName":"EXE","FullFilePathLength":"51","RuleName":"(Default Rule) All files located in the Program Files folder"},"process":{"pid":9584,"thread":{"id":8268}},"channel":"Microsoft-Windows-AppLocker/EXE and DLL","api":"wineventlog","event_id":8002,"provider_guid":"{cbda4dbf-8d5d-4f69-9578-be14aa540d22}","provider_name":"Microsoft-Windows-AppLocker"}}
{"@version":"1","message":"%OSDRIVE%\\USERS\\DISCHO\\APPS\\SYSINTERNALS\\AUTORUNS.EXE was allowed to run but would have been prevented from running if the AppLocker policy were enforced.","event":{"created":"2023-09-08T13:15:19.964Z","code":8003,"provider":"Microsoft-Windows-AppLocker","kind":"event","original":"%OSDRIVE%\\USERS\\DISCHO\\APPS\\SYSINTERNALS\\AUTORUNS.EXE was allowed to run but would have been prevented from running if the AppLocker policy were enforced."},"collector_node_id":"WINF148103EN","@timestamp":"2023-09-08T13:15:16.510Z","agent":{"name":"WINF148103EN","ephemeral_id":"343f4297-6201-4238-bffe-46f62781abd1","id":"8a461181-cb3e-4de6-b2da-019fe221fa3a","hostname":"WINF148103EN","type":"winlogbeat","version":"7.11.1"},"gl2_source_collector":"1df5757b-0293-45c8-beef-9cb7782160ac","log":{"level":"warning"},"tags":["applocker","beats_input_codec_plain_applied"],"host":{"name":"WINF148103EN.demo.io"},"ecs":{"version":"1.7.0"},"winlog":{"record_id":2359,"opcode":"Info","task":"","user":{"name":"discho","type":"User","identifier":"S-1-5-21-2376127652-1403096981-1664155051-1338","domain":"DEMO"},"computer_name":"WINF148103EN.demo.io","user_data":{"RuleSddlLength":"1","PolicyNameLength":"3","Fqbn":"O=MICROSOFT CORPORATION, L=REDMOND, S=WASHINGTON, C=US\\SYSINTERNALS AUTORUNS\\AUTORUNS.EXE\\14.10.0.00","FilePathLength":"53","RuleSddl":"-","FileHash":"BF3020A0420E265E60734349B441B7EDC7D897FA20FC381203A59353984E0DCB","xml_name":"RuleAndFileData","FullFilePath":"C:\\Users\\DISCHO\\Apps\\Sysinternals\\Autoruns.exe","FilePath":"%OSDRIVE%\\USERS\\DISCHO\\APPS\\SYSINTERNALS\\AUTORUNS.EXE","RuleNameLength":"1","TargetUser":"S-1-5-21-2376127652-1403096981-1664155051-1338","FileHashLength":"32","TargetLogonId":"0x10dc6eb","RuleId":"{00000000-0000-0000-0000-000000000000}","FqbnLength":"100","TargetProcessId":"7196","PolicyName":"EXE","FullFilePathLength":"46","RuleName":"-"},"process":{"pid":9584,"thread":{"id":8268}},"channel":"Microsoft-Windows-AppLocker/EXE and DLL","api":"wineventlog","event_id":8003,"provider_guid":"{cbda4dbf-8d5d-4f69-9578-be14aa540d22}","provider_name":"Microsoft-Windows-AppLocker"}}
{"@version":"1","message":"%PROGRAMFILES%\\WINDOWS MEDIA PLAYER\\SETUP_WM.EXE was allowed to run.","event":{"created":"2023-09-08T13:15:19.964Z","code":8002,"provider":"Microsoft-Windows-AppLocker","kind":"event","original":"%PROGRAMFILES%\\WINDOWS MEDIA PLAYER\\SETUP_WM.EXE was allowed to run."},"collector_node_id":"WINF148103EN","@timestamp":"2023-09-08T13:15:16.511Z","agent":{"id":"8a461181-cb3e-4de6-b2da-019fe221fa3a","ephemeral_id":"343f4297-6201-4238-bffe-46f62781abd1","name":"WINF148103EN","hostname":"WINF148103EN","type":"winlogbeat","version":"7.11.1"},"gl2_source_collector":"1df5757b-0293-45c8-beef-9cb7782160ac","log":{"level":"information"},"tags":["applocker","beats_input_codec_plain_applied"],"ecs":{"version":"1.7.0"},"host":{"name":"WINF148103EN.demo.io"},"winlog":{"record_id":2360,"opcode":"Info","task":"","user":{"name":"discho","type":"User","identifier":"S-1-5-21-2376127652-1403096981-1664155051-1338","domain":"DEMO"},"computer_name":"WINF148103EN.demo.io","user_data":{"RuleSddlLength":"63","PolicyNameLength":"3","FilePathLength":"48","Fqbn":"O=MICROSOFT CORPORATION, L=REDMOND, S=WASHINGTON, C=US\\MICROSOFT® WINDOWS® OPERATING SYSTEM\\SETUP_WM.EXE\\12.0.20348.202","FilePath":"%PROGRAMFILES%\\WINDOWS MEDIA PLAYER\\SETUP_WM.EXE","FileHash":"1AE74F75F15A5A2726174A2F83329F0756D87619A3DCC216433339D7895F99DD","xml_name":"RuleAndFileData","FullFilePath":"C:\\Program Files (x86)\\Windows Media Player\\setup_wm.exe","RuleSddl":"D:(XA;;FX;;;S-1-1-0;(APPID://PATH Contains \"%PROGRAMFILES%\\*\"))","RuleNameLength":"60","FileHashLength":"32","TargetUser":"S-1-5-21-2376127652-1403096981-1664155051-1338","RuleId":"{921cc481-6e17-4653-8f75-050b80acca20}","TargetLogonId":"0x10dc6eb","FqbnLength":"119","TargetProcessId":"9284","PolicyName":"EXE","FullFilePathLength":"56","RuleName":"(Default Rule) All files located in the Program Files folder"},"process":{"pid":7000,"thread":{"id":6940}},"channel":"Microsoft-Windows-AppLocker/EXE and DLL","api":"wineventlog","event_id":8002,"provider_guid":"{cbda4dbf-8d5d-4f69-9578-be14aa540d22}","provider_name":"Microsoft-Windows-AppLocker"}}
{"@version":"1","message":"%PROGRAMFILES%\\GOOGLE\\CHROME\\APPLICATION\\CHROME.EXE was allowed to run.","event":{"created":"2023-09-08T13:15:19.964Z","code":8002,"provider":"Microsoft-Windows-AppLocker","kind":"event","original":"%PROGRAMFILES%\\GOOGLE\\CHROME\\APPLICATION\\CHROME.EXE was allowed to run."},"collector_node_id":"WINF148103EN","@timestamp":"2023-09-08T13:15:16.737Z","agent":{"id":"8a461181-cb3e-4de6-b2da-019fe221fa3a","ephemeral_id":"343f4297-6201-4238-bffe-46f62781abd1","name":"WINF148103EN","hostname":"WINF148103EN","type":"winlogbeat","version":"7.11.1"},"gl2_source_collector":"1df5757b-0293-45c8-beef-9cb7782160ac","log":{"level":"information"},"tags":["applocker","beats_input_codec_plain_applied"],"host":{"name":"WINF148103EN.demo.io"},"ecs":{"version":"1.7.0"},"winlog":{"opcode":"Info","record_id":2361,"task":"","user":{"name":"discho","type":"User","identifier":"S-1-5-21-2376127652-1403096981-1664155051-1338","domain":"DEMO"},"computer_name":"WINF148103EN.demo.io","user_data":{"RuleSddlLength":"63","Fqbn":"O=GOOGLE LLC, L=MOUNTAIN VIEW, S=CALIFORNIA, C=US\\GOOGLE CHROME\\CHROME.EXE\\114.0.5735.199","FilePathLength":"51","PolicyNameLength":"3","RuleSddl":"D:(XA;;FX;;;S-1-1-0;(APPID://PATH Contains \"%PROGRAMFILES%\\*\"))","FileHash":"AEF638992D1D27745EBDF06B1D63328534673D81784E73AF54DAE669C07024B4","xml_name":"RuleAndFileData","FilePath":"%PROGRAMFILES%\\GOOGLE\\CHROME\\APPLICATION\\CHROME.EXE","FullFilePath":"C:\\Program Files\\GOOGLE\\CHROME\\APPLICATION\\chrome.exe","RuleNameLength":"60","TargetLogonId":"0x10dc6eb","TargetUser":"S-1-5-21-2376127652-1403096981-1664155051-1338","RuleId":"{921cc481-6e17-4653-8f75-050b80acca20}","FileHashLength":"32","FqbnLength":"89","TargetProcessId":"9136","PolicyName":"EXE","FullFilePathLength":"53","RuleName":"(Default Rule) All files located in the Program Files folder"},"process":{"thread":{"id":6908},"pid":7256},"channel":"Microsoft-Windows-AppLocker/EXE and DLL","api":"wineventlog","event_id":8002,"provider_guid":"{cbda4dbf-8d5d-4f69-9578-be14aa540d22}","provider_name":"Microsoft-Windows-AppLocker"}}
{"@version":"1","message":"%PROGRAMFILES%\\GOOGLE\\CHROME\\APPLICATION\\CHROME.EXE was allowed to run.","event":{"created":"2023-09-08T13:15:19.964Z","provider":"Microsoft-Windows-AppLocker","code":8002,"kind":"event","original":"%PROGRAMFILES%\\GOOGLE\\CHROME\\APPLICATION\\CHROME.EXE was allowed to run."},"collector_node_id":"WINF148103EN","@timestamp":"2023-09-08T13:15:16.744Z","agent":{"id":"8a461181-cb3e-4de6-b2da-019fe221fa3a","ephemeral_id":"343f4297-6201-4238-bffe-46f62781abd1","name":"WINF148103EN","hostname":"WINF148103EN","type":"winlogbeat","version":"7.11.1"},"gl2_source_collector":"1df5757b-0293-45c8-beef-9cb7782160ac","log":{"level":"information"},"tags":["applocker","beats_input_codec_plain_applied"],"ecs":{"version":"1.7.0"},"host":{"name":"WINF148103EN.demo.io"},"winlog":{"opcode":"Info","record_id":2362,"task":"","user":{"name":"discho","type":"User","identifier":"S-1-5-21-2376127652-1403096981-1664155051-1338","domain":"DEMO"},"computer_name":"WINF148103EN.demo.io","user_data":{"RuleSddlLength":"63","PolicyNameLength":"3","Fqbn":"O=GOOGLE LLC, L=MOUNTAIN VIEW, S=CALIFORNIA, C=US\\GOOGLE CHROME\\CHROME.EXE\\114.0.5735.199","FilePathLength":"51","FilePath":"%PROGRAMFILES%\\GOOGLE\\CHROME\\APPLICATION\\CHROME.EXE","FileHash":"AEF638992D1D27745EBDF06B1D63328534673D81784E73AF54DAE669C07024B4","FullFilePath":"C:\\Program Files\\GOOGLE\\CHROME\\APPLICATION\\chrome.exe","xml_name":"RuleAndFileData","RuleSddl":"D:(XA;;FX;;;S-1-1-0;(APPID://PATH Contains \"%PROGRAMFILES%\\*\"))","RuleNameLength":"60","TargetLogonId":"0x10dc6eb","FileHashLength":"32","TargetUser":"S-1-5-21-2376127652-1403096981-1664155051-1338","RuleId":"{921cc481-6e17-4653-8f75-050b80acca20}","FqbnLength":"89","TargetProcessId":"7844","PolicyName":"EXE","FullFilePathLength":"53","RuleName":"(Default Rule) All files located in the Program Files folder"},"process":{"pid":7256,"thread":{"id":6908}},"channel":"Microsoft-Windows-AppLocker/EXE and DLL","api":"wineventlog","event_id":8002,"provider_guid":"{cbda4dbf-8d5d-4f69-9578-be14aa540d22}","provider_name":"Microsoft-Windows-AppLocker"}}
{"@version":"1","message":"%PROGRAMFILES%\\GOOGLE\\CHROME\\APPLICATION\\CHROME.EXE was allowed to run.","event":{"created":"2023-09-08T13:15:19.964Z","code":8002,"provider":"Microsoft-Windows-AppLocker","kind":"event","original":"%PROGRAMFILES%\\GOOGLE\\CHROME\\APPLICATION\\CHROME.EXE was allowed to run."},"collector_node_id":"WINF148103EN","@timestamp":"2023-09-08T13:15:16.750Z","agent":{"name":"WINF148103EN","ephemeral_id":"343f4297-6201-4238-bffe-46f62781abd1","id":"8a461181-cb3e-4de6-b2da-019fe221fa3a","hostname":"WINF148103EN","type":"winlogbeat","version":"7.11.1"},"gl2_source_collector":"1df5757b-0293-45c8-beef-9cb7782160ac","log":{"level":"information"},"tags":["applocker","beats_input_codec_plain_applied"],"host":{"name":"WINF148103EN.demo.io"},"ecs":{"version":"1.7.0"},"winlog":{"record_id":2363,"opcode":"Info","task":"","user":{"name":"discho","type":"User","identifier":"S-1-5-21-2376127652-1403096981-1664155051-1338","domain":"DEMO"},"computer_name":"WINF148103EN.demo.io","user_data":{"RuleSddlLength":"63","Fqbn":"O=GOOGLE LLC, L=MOUNTAIN VIEW, S=CALIFORNIA, C=US\\GOOGLE CHROME\\CHROME.EXE\\114.0.5735.199","FilePathLength":"51","PolicyNameLength":"3","FilePath":"%PROGRAMFILES%\\GOOGLE\\CHROME\\APPLICATION\\CHROME.EXE","FileHash":"AEF638992D1D27745EBDF06B1D63328534673D81784E73AF54DAE669C07024B4","xml_name":"RuleAndFileData","FullFilePath":"C:\\Program Files\\GOOGLE\\CHROME\\APPLICATION\\chrome.exe","RuleSddl":"D:(XA;;FX;;;S-1-1-0;(APPID://PATH Contains \"%PROGRAMFILES%\\*\"))","RuleNameLength":"60","TargetLogonId":"0x10dc6eb","FileHashLength":"32","RuleId":"{921cc481-6e17-4653-8f75-050b80acca20}","TargetUser":"S-1-5-21-2376127652-1403096981-1664155051-1338","FqbnLength":"89","TargetProcessId":"1284","PolicyName":"EXE","FullFilePathLength":"53","RuleName":"(Default Rule) All files located in the Program Files folder"},"process":{"pid":7256,"thread":{"id":6908}},"channel":"Microsoft-Windows-AppLocker/EXE and DLL","api":"wineventlog","event_id":8002,"provider_guid":"{cbda4dbf-8d5d-4f69-9578-be14aa540d22}","provider_name":"Microsoft-Windows-AppLocker"}}
{"@version":"1","message":"%PROGRAMFILES%\\GOOGLE\\CHROME\\APPLICATION\\CHROME.EXE was allowed to run.","event":{"created":"2023-09-08T13:15:19.964Z","code":8002,"provider":"Microsoft-Windows-AppLocker","kind":"event","original":"%PROGRAMFILES%\\GOOGLE\\CHROME\\APPLICATION\\CHROME.EXE was allowed to run."},"collector_node_id":"WINF148103EN","@timestamp":"2023-09-08T13:15:16.913Z","agent":{"id":"8a461181-cb3e-4de6-b2da-019fe221fa3a","ephemeral_id":"343f4297-6201-4238-bffe-46f62781abd1","name":"WINF148103EN","hostname":"WINF148103EN","type":"winlogbeat","version":"7.11.1"},"gl2_source_collector":"1df5757b-0293-45c8-beef-9cb7782160ac","log":{"level":"information"},"tags":["applocker","beats_input_codec_plain_applied"],"host":{"name":"WINF148103EN.demo.io"},"ecs":{"version":"1.7.0"},"winlog":{"record_id":2364,"opcode":"Info","task":"","user":{"name":"discho","type":"User","identifier":"S-1-5-21-2376127652-1403096981-1664155051-1338","domain":"DEMO"},"computer_name":"WINF148103EN.demo.io","user_data":{"RuleSddlLength":"63","Fqbn":"O=GOOGLE LLC, L=MOUNTAIN VIEW, S=CALIFORNIA, C=US\\GOOGLE CHROME\\CHROME.EXE\\114.0.5735.199","PolicyNameLength":"3","FilePathLength":"51","FilePath":"%PROGRAMFILES%\\GOOGLE\\CHROME\\APPLICATION\\CHROME.EXE","RuleSddl":"D:(XA;;FX;;;S-1-1-0;(APPID://PATH Contains \"%PROGRAMFILES%\\*\"))","FullFilePath":"C:\\Program Files\\GOOGLE\\CHROME\\APPLICATION\\chrome.exe","FileHash":"AEF638992D1D27745EBDF06B1D63328534673D81784E73AF54DAE669C07024B4","xml_name":"RuleAndFileData","RuleNameLength":"60","TargetLogonId":"0x10dc6eb","FileHashLength":"32","RuleId":"{921cc481-6e17-4653-8f75-050b80acca20}","TargetUser":"S-1-5-21-2376127652-1403096981-1664155051-1338","FqbnLength":"89","TargetProcessId":"10036","PolicyName":"EXE","FullFilePathLength":"53","RuleName":"(Default Rule) All files located in the Program Files folder"},"process":{"pid":7256,"thread":{"id":6908}},"channel":"Microsoft-Windows-AppLocker/EXE and DLL","api":"wineventlog","event_id":8002,"provider_guid":"{cbda4dbf-8d5d-4f69-9578-be14aa540d22}","provider_name":"Microsoft-Windows-AppLocker"}}
{"@version":"1","message":"%PROGRAMFILES%\\GOOGLE\\CHROME\\APPLICATION\\CHROME.EXE was allowed to run.","event":{"created":"2023-09-08T13:15:19.964Z","code":8002,"provider":"Microsoft-Windows-AppLocker","kind":"event","original":"%PROGRAMFILES%\\GOOGLE\\CHROME\\APPLICATION\\CHROME.EXE was allowed to run."},"collector_node_id":"WINF148103EN","@timestamp":"2023-09-08T13:15:16.920Z","agent":{"name":"WINF148103EN","ephemeral_id":"343f4297-6201-4238-bffe-46f62781abd1","id":"8a461181-cb3e-4de6-b2da-019fe221fa3a","hostname":"WINF148103EN","type":"winlogbeat","version":"7.11.1"},"gl2_source_collector":"1df5757b-0293-45c8-beef-9cb7782160ac","log":{"level":"information"},"tags":["applocker","beats_input_codec_plain_applied"],"ecs":{"version":"1.7.0"},"host":{"name":"WINF148103EN.demo.io"},"winlog":{"record_id":2365,"opcode":"Info","task":"","user":{"name":"discho","type":"User","identifier":"S-1-5-21-2376127652-1403096981-1664155051-1338","domain":"DEMO"},"computer_name":"WINF148103EN.demo.io","user_data":{"RuleSddlLength":"63","PolicyNameLength":"3","Fqbn":"O=GOOGLE LLC, L=MOUNTAIN VIEW, S=CALIFORNIA, C=US\\GOOGLE CHROME\\CHROME.EXE\\114.0.5735.199","FilePathLength":"51","FilePath":"%PROGRAMFILES%\\GOOGLE\\CHROME\\APPLICATION\\CHROME.EXE","FileHash":"AEF638992D1D27745EBDF06B1D63328534673D81784E73AF54DAE669C07024B4","FullFilePath":"C:\\Program Files\\GOOGLE\\CHROME\\APPLICATION\\chrome.exe","xml_name":"RuleAndFileData","RuleSddl":"D:(XA;;FX;;;S-1-1-0;(APPID://PATH Contains \"%PROGRAMFILES%\\*\"))","RuleNameLength":"60","TargetUser":"S-1-5-21-2376127652-1403096981-1664155051-1338","FileHashLength":"32","RuleId":"{921cc481-6e17-4653-8f75-050b80acca20}","TargetLogonId":"0x10dc6eb","FqbnLength":"89","TargetProcessId":"4232","PolicyName":"EXE","FullFilePathLength":"53","RuleName":"(Default Rule) All files located in the Program Files folder"},"process":{"pid":7256,"thread":{"id":6908}},"channel":"Microsoft-Windows-AppLocker/EXE and DLL","api":"wineventlog","event_id":8002,"provider_guid":"{cbda4dbf-8d5d-4f69-9578-be14aa540d22}","provider_name":"Microsoft-Windows-AppLocker"}}
{"@version":"1","message":"%SYSTEM32%\\RUNDLL32.EXE was allowed to run.","event":{"created":"2023-09-08T13:15:19.964Z","code":8002,"provider":"Microsoft-Windows-AppLocker","kind":"event","original":"%SYSTEM32%\\RUNDLL32.EXE was allowed to run."},"collector_node_id":"WINF148103EN","@timestamp":"2023-09-08T13:15:17.617Z","agent":{"id":"8a461181-cb3e-4de6-b2da-019fe221fa3a","ephemeral_id":"343f4297-6201-4238-bffe-46f62781abd1","name":"WINF148103EN","hostname":"WINF148103EN","type":"winlogbeat","version":"7.11.1"},"gl2_source_collector":"1df5757b-0293-45c8-beef-9cb7782160ac","log":{"level":"information"},"tags":["applocker","beats_input_codec_plain_applied"],"ecs":{"version":"1.7.0"},"host":{"name":"WINF148103EN.demo.io"},"winlog":{"opcode":"Info","record_id":2366,"task":"","user":{"name":"discho","type":"User","identifier":"S-1-5-21-2376127652-1403096981-1664155051-1338","domain":"DEMO"},"computer_name":"WINF148103EN.demo.io","user_data":{"RuleSddlLength":"57","PolicyNameLength":"3","Fqbn":"O=MICROSOFT CORPORATION, L=REDMOND, S=WASHINGTON, C=US\\MICROSOFT® WINDOWS® OPERATING SYSTEM\\RUNDLL32.EXE\\10.0.20348.01","FilePathLength":"23","FilePath":"%SYSTEM32%\\RUNDLL32.EXE","FileHash":"4029ECE87D76E6249EBE517D629860B43F76926DB53EB12B395D8CB980FD9F3B","xml_name":"RuleAndFileData","FullFilePath":"C:\\WINDOWS\\System32\\rundll32.exe","RuleSddl":"D:(XA;;FX;;;S-1-1-0;(APPID://PATH Contains \"%WINDIR%\\*\"))","RuleNameLength":"54","TargetUser":"S-1-5-21-2376127652-1403096981-1664155051-1338","TargetLogonId":"0x10dc6eb","FileHashLength":"32","RuleId":"{a61c8b2c-a319-4cd0-9690-d2177cad7b51}","FqbnLength":"118","TargetProcessId":"1196","PolicyName":"EXE","FullFilePathLength":"32","RuleName":"(Default Rule) All files located in the Windows folder"},"process":{"pid":820,"thread":{"id":1484}},"channel":"Microsoft-Windows-AppLocker/EXE and DLL","api":"wineventlog","event_id":8002,"provider_guid":"{cbda4dbf-8d5d-4f69-9578-be14aa540d22}","provider_name":"Microsoft-Windows-AppLocker"}}
{"@version":"1","message":"%OSDRIVE%\\USERS\\DISCHO\\APPS\\SYSINTERNALS\\AUTORUNSC64.EXE was allowed to run but would have been prevented from running if the AppLocker policy were enforced.","event":{"created":"2023-09-08T13:15:20.410Z","provider":"Microsoft-Windows-AppLocker","code":8003,"kind":"event","original":"%OSDRIVE%\\USERS\\DISCHO\\APPS\\SYSINTERNALS\\AUTORUNSC64.EXE was allowed to run but would have been prevented from running if the AppLocker policy were enforced."},"collector_node_id":"WINF148103EN","@timestamp":"2023-09-08T13:15:17.791Z","agent":{"id":"8a461181-cb3e-4de6-b2da-019fe221fa3a","ephemeral_id":"343f4297-6201-4238-bffe-46f62781abd1","name":"WINF148103EN","hostname":"WINF148103EN","type":"winlogbeat","version":"7.11.1"},"gl2_source_collector":"1df5757b-0293-45c8-beef-9cb7782160ac","log":{"level":"warning"},"tags":["applocker","beats_input_codec_plain_applied"],"ecs":{"version":"1.7.0"},"host":{"name":"WINF148103EN.demo.io"},"winlog":{"record_id":2367,"opcode":"Info","task":"","user":{"name":"discho","type":"User","identifier":"S-1-5-21-2376127652-1403096981-1664155051-1338","domain":"DEMO"},"computer_name":"WINF148103EN.demo.io","user_data":{"RuleSddlLength":"1","Fqbn":"O=MICROSOFT CORPORATION, L=REDMOND, S=WASHINGTON, C=US\\SYSINTERNALS AUTORUNS\\AUTORUNS.EXE\\14.10.0.00","FilePathLength":"56","PolicyNameLength":"3","FilePath":"%OSDRIVE%\\USERS\\DISCHO\\APPS\\SYSINTERNALS\\AUTORUNSC64.EXE","FileHash":"1CB18F8816C491EB86CED541B057FA4E8C696AD323924757F72DB6ACE1F31393","FullFilePath":"C:\\Users\\DISCHO\\Apps\\Sysinternals\\autorunsc64.exe","xml_name":"RuleAndFileData","RuleSddl":"-","RuleNameLength":"1","FileHashLength":"32","TargetUser":"S-1-5-21-2376127652-1403096981-1664155051-1338","RuleId":"{00000000-0000-0000-0000-000000000000}","TargetLogonId":"0x10dc6eb","FqbnLength":"100","TargetProcessId":"9252","PolicyName":"EXE","FullFilePathLength":"49","RuleName":"-"},"process":{"pid":9584,"thread":{"id":8268}},"channel":"Microsoft-Windows-AppLocker/EXE and DLL","api":"wineventlog","event_id":8003,"provider_guid":"{cbda4dbf-8d5d-4f69-9578-be14aa540d22}","provider_name":"Microsoft-Windows-AppLocker"}}
{"@version":"1","message":"%SYSTEM32%\\CONHOST.EXE was allowed to run.","event":{"created":"2023-09-08T13:15:20.410Z","code":8002,"provider":"Microsoft-Windows-AppLocker","kind":"event","original":"%SYSTEM32%\\CONHOST.EXE was allowed to run."},"collector_node_id":"WINF148103EN","@timestamp":"2023-09-08T13:15:17.827Z","agent":{"id":"8a461181-cb3e-4de6-b2da-019fe221fa3a","name":"WINF148103EN","ephemeral_id":"343f4297-6201-4238-bffe-46f62781abd1","hostname":"WINF148103EN","type":"winlogbeat","version":"7.11.1"},"gl2_source_collector":"1df5757b-0293-45c8-beef-9cb7782160ac","log":{"level":"information"},"tags":["applocker","beats_input_codec_plain_applied"],"host":{"name":"WINF148103EN.demo.io"},"ecs":{"version":"1.7.0"},"winlog":{"opcode":"Info","record_id":2368,"task":"","user":{"name":"discho","type":"User","identifier":"S-1-5-21-2376127652-1403096981-1664155051-1338","domain":"DEMO"},"computer_name":"WINF148103EN.demo.io","user_data":{"RuleSddlLength":"57","PolicyNameLength":"3","FilePathLength":"22","Fqbn":"O=MICROSOFT CORPORATION, L=REDMOND, S=WASHINGTON, C=US\\MICROSOFT® WINDOWS® OPERATING SYSTEM\\CONHOST.EXE\\10.0.20348.558","FilePath":"%SYSTEM32%\\CONHOST.EXE","FileHash":"1193ED0D8668057F34AA2C805BA48AFC6B65025131C75D32A647F50EF774B83C","RuleSddl":"D:(XA;;FX;;;S-1-1-0;(APPID://PATH Contains \"%WINDIR%\\*\"))","xml_name":"RuleAndFileData","FullFilePath":"\\SystemRoot\\System32\\Conhost.exe","RuleNameLength":"54","FileHashLength":"32","TargetUser":"S-1-5-21-2376127652-1403096981-1664155051-1338","RuleId":"{a61c8b2c-a319-4cd0-9690-d2177cad7b51}","TargetLogonId":"0x10dc6eb","FqbnLength":"118","TargetProcessId":"1036","PolicyName":"EXE","FullFilePathLength":"32","RuleName":"(Default Rule) All files located in the Windows folder"},"process":{"pid":9252,"thread":{"id":7700}},"channel":"Microsoft-Windows-AppLocker/EXE and DLL","api":"wineventlog","event_id":8002,"provider_guid":"{cbda4dbf-8d5d-4f69-9578-be14aa540d22}","provider_name":"Microsoft-Windows-AppLocker"}}
{"@version":"1","message":"%OSDRIVE%\\USERS\\DISCHO\\APPS\\SYSINTERNALS\\PROCDUMP64.EXE was allowed to run but would have been prevented from running if the AppLocker policy were enforced.","event":{"created":"2023-09-08T13:15:20.410Z","code":8003,"provider":"Microsoft-Windows-AppLocker","kind":"event","original":"%OSDRIVE%\\USERS\\DISCHO\\APPS\\SYSINTERNALS\\PROCDUMP64.EXE was allowed to run but would have been prevented from running if the AppLocker policy were enforced."},"collector_node_id":"WINF148103EN","@timestamp":"2023-09-08T13:15:17.831Z","agent":{"id":"8a461181-cb3e-4de6-b2da-019fe221fa3a","ephemeral_id":"343f4297-6201-4238-bffe-46f62781abd1","name":"WINF148103EN","hostname":"WINF148103EN","type":"winlogbeat","version":"7.11.1"},"gl2_source_collector":"1df5757b-0293-45c8-beef-9cb7782160ac","log":{"level":"warning"},"tags":["applocker","beats_input_codec_plain_applied"],"host":{"name":"WINF148103EN.demo.io"},"ecs":{"version":"1.7.0"},"winlog":{"opcode":"Info","record_id":2369,"task":"","user":{"name":"discho","type":"User","identifier":"S-1-5-21-2376127652-1403096981-1664155051-1338","domain":"DEMO"},"computer_name":"WINF148103EN.demo.io","user_data":{"RuleSddlLength":"1","Fqbn":"O=MICROSOFT CORPORATION, L=REDMOND, S=WASHINGTON, C=US\\PROCDUMP\\PROCDUMP\\11.0.0.00","PolicyNameLength":"3","FilePathLength":"55","RuleSddl":"-","FileHash":"3A57370A5FC7A8B5150FCD78788FF7BDE2BA34D48BEFE98F9DB82DE88E9985C3","FullFilePath":"C:\\Users\\DISCHO\\Apps\\Sysinternals\\procdump64.exe","xml_name":"RuleAndFileData","FilePath":"%OSDRIVE%\\USERS\\DISCHO\\APPS\\SYSINTERNALS\\PROCDUMP64.EXE","RuleNameLength":"1","TargetLogonId":"0x10dc6eb","FileHashLength":"32","RuleId":"{00000000-0000-0000-0000-000000000000}","TargetUser":"S-1-5-21-2376127652-1403096981-1664155051-1338","FqbnLength":"82","TargetProcessId":"3824","PolicyName":"EXE","FullFilePathLength":"48","RuleName":"-"},"process":{"pid":9584,"thread":{"id":8268}},"channel":"Microsoft-Windows-AppLocker/EXE and DLL","api":"wineventlog","event_id":8003,"provider_guid":"{cbda4dbf-8d5d-4f69-9578-be14aa540d22}","provider_name":"Microsoft-Windows-AppLocker"}}
{"@version":"1","message":"%PROGRAMFILES%\\GOOGLE\\CHROME\\APPLICATION\\CHROME.EXE was allowed to run.","event":{"created":"2023-09-08T13:15:20.410Z","code":8002,"provider":"Microsoft-Windows-AppLocker","kind":"event","original":"%PROGRAMFILES%\\GOOGLE\\CHROME\\APPLICATION\\CHROME.EXE was allowed to run."},"collector_node_id":"WINF148103EN","@timestamp":"2023-09-08T13:15:17.875Z","agent":{"id":"8a461181-cb3e-4de6-b2da-019fe221fa3a","ephemeral_id":"343f4297-6201-4238-bffe-46f62781abd1","name":"WINF148103EN","hostname":"WINF148103EN","type":"winlogbeat","version":"7.11.1"},"gl2_source_collector":"1df5757b-0293-45c8-beef-9cb7782160ac","log":{"level":"information"},"tags":["applocker","beats_input_codec_plain_applied"],"ecs":{"version":"1.7.0"},"host":{"name":"WINF148103EN.demo.io"},"winlog":{"opcode":"Info","record_id":2370,"task":"","user":{"name":"discho","type":"User","identifier":"S-1-5-21-2376127652-1403096981-1664155051-1338","domain":"DEMO"},"computer_name":"WINF148103EN.demo.io","user_data":{"RuleSddlLength":"63","PolicyNameLength":"3","FilePathLength":"51","Fqbn":"O=GOOGLE LLC, L=MOUNTAIN VIEW, S=CALIFORNIA, C=US\\GOOGLE CHROME\\CHROME.EXE\\114.0.5735.199","RuleSddl":"D:(XA;;FX;;;S-1-1-0;(APPID://PATH Contains \"%PROGRAMFILES%\\*\"))","FilePath":"%PROGRAMFILES%\\GOOGLE\\CHROME\\APPLICATION\\CHROME.EXE","FullFilePath":"C:\\Program Files\\GOOGLE\\CHROME\\APPLICATION\\chrome.exe","xml_name":"RuleAndFileData","FileHash":"AEF638992D1D27745EBDF06B1D63328534673D81784E73AF54DAE669C07024B4","RuleNameLength":"60","TargetLogonId":"0x10dc6eb","FileHashLength":"32","RuleId":"{921cc481-6e17-4653-8f75-050b80acca20}","TargetUser":"S-1-5-21-2376127652-1403096981-1664155051-1338","FqbnLength":"89","TargetProcessId":"9516","PolicyName":"EXE","FullFilePathLength":"53","RuleName":"(Default Rule) All files located in the Program Files folder"},"process":{"pid":7256,"thread":{"id":6908}},"channel":"Microsoft-Windows-AppLocker/EXE and DLL","api":"wineventlog","event_id":8002,"provider_guid":"{cbda4dbf-8d5d-4f69-9578-be14aa540d22}","provider_name":"Microsoft-Windows-AppLocker"}}
{"@version":"1","message":"%SYSTEM32%\\CONHOST.EXE was allowed to run.","event":{"created":"2023-09-08T13:15:20.410Z","code":8002,"provider":"Microsoft-Windows-AppLocker","kind":"event","original":"%SYSTEM32%\\CONHOST.EXE was allowed to run."},"collector_node_id":"WINF148103EN","@timestamp":"2023-09-08T13:15:17.937Z","agent":{"id":"8a461181-cb3e-4de6-b2da-019fe221fa3a","name":"WINF148103EN","ephemeral_id":"343f4297-6201-4238-bffe-46f62781abd1","hostname":"WINF148103EN","type":"winlogbeat","version":"7.11.1"},"gl2_source_collector":"1df5757b-0293-45c8-beef-9cb7782160ac","log":{"level":"information"},"tags":["applocker","beats_input_codec_plain_applied"],"ecs":{"version":"1.7.0"},"host":{"name":"WINF148103EN.demo.io"},"winlog":{"record_id":2371,"opcode":"Info","task":"","user":{"name":"discho","type":"User","identifier":"S-1-5-21-2376127652-1403096981-1664155051-1338","domain":"DEMO"},"computer_name":"WINF148103EN.demo.io","user_data":{"RuleSddlLength":"57","Fqbn":"O=MICROSOFT CORPORATION, L=REDMOND, S=WASHINGTON, C=US\\MICROSOFT® WINDOWS® OPERATING SYSTEM\\CONHOST.EXE\\10.0.20348.558","FilePathLength":"22","PolicyNameLength":"3","RuleSddl":"D:(XA;;FX;;;S-1-1-0;(APPID://PATH Contains \"%WINDIR%\\*\"))","FilePath":"%SYSTEM32%\\CONHOST.EXE","xml_name":"RuleAndFileData","FileHash":"1193ED0D8668057F34AA2C805BA48AFC6B65025131C75D32A647F50EF774B83C","FullFilePath":"\\SystemRoot\\System32\\Conhost.exe","RuleNameLength":"54","FileHashLength":"32","TargetUser":"S-1-5-21-2376127652-1403096981-1664155051-1338","TargetLogonId":"0x10dc6eb","RuleId":"{a61c8b2c-a319-4cd0-9690-d2177cad7b51}","FqbnLength":"118","TargetProcessId":"7740","PolicyName":"EXE","FullFilePathLength":"32","RuleName":"(Default Rule) All files located in the Windows folder"},"process":{"thread":{"id":7412},"pid":3824},"channel":"Microsoft-Windows-AppLocker/EXE and DLL","api":"wineventlog","event_id":8002,"provider_guid":"{cbda4dbf-8d5d-4f69-9578-be14aa540d22}","provider_name":"Microsoft-Windows-AppLocker"}}
{"@version":"1","message":"%OSDRIVE%\\USERS\\DISCHO\\APPS\\SYSINTERNALS\\PROCEXP.EXE was allowed to run but would have been prevented from running if the AppLocker policy were enforced.","event":{"created":"2023-09-08T13:15:20.410Z","code":8003,"provider":"Microsoft-Windows-AppLocker","kind":"event","original":"%OSDRIVE%\\USERS\\DISCHO\\APPS\\SYSINTERNALS\\PROCEXP.EXE was allowed to run but would have been prevented from running if the AppLocker policy were enforced."},"collector_node_id":"WINF148103EN","@timestamp":"2023-09-08T13:15:18.030Z","agent":{"id":"8a461181-cb3e-4de6-b2da-019fe221fa3a","ephemeral_id":"343f4297-6201-4238-bffe-46f62781abd1","name":"WINF148103EN","hostname":"WINF148103EN","type":"winlogbeat","version":"7.11.1"},"gl2_source_collector":"1df5757b-0293-45c8-beef-9cb7782160ac","log":{"level":"warning"},"tags":["applocker","beats_input_codec_plain_applied"],"ecs":{"version":"1.7.0"},"host":{"name":"WINF148103EN.demo.io"},"winlog":{"opcode":"Info","record_id":2372,"task":"","user":{"name":"discho","type":"User","identifier":"S-1-5-21-2376127652-1403096981-1664155051-1338","domain":"DEMO"},"computer_name":"WINF148103EN.demo.io","user_data":{"RuleSddlLength":"1","PolicyNameLength":"3","FilePathLength":"52","Fqbn":"O=MICROSOFT CORPORATION, L=REDMOND, S=WASHINGTON, C=US\\PROCESS EXPLORER\\PROCEXP.EXE\\17.4.0.00","RuleSddl":"-","FileHash":"BF6FBF8F8ACB1795FF2C86B1E9AB91662940AC11B788C9D7531263DDEE6ACD37","xml_name":"RuleAndFileData","FilePath":"%OSDRIVE%\\USERS\\DISCHO\\APPS\\SYSINTERNALS\\PROCEXP.EXE","FullFilePath":"C:\\Users\\DISCHO\\Apps\\Sysinternals\\procexp.exe","RuleNameLength":"1","TargetLogonId":"0x10dc6eb","TargetUser":"S-1-5-21-2376127652-1403096981-1664155051-1338","FileHashLength":"32","RuleId":"{00000000-0000-0000-0000-000000000000}","FqbnLength":"93","TargetProcessId":"4752","PolicyName":"EXE","FullFilePathLength":"45","RuleName":"-"},"process":{"pid":9584,"thread":{"id":8268}},"channel":"Microsoft-Windows-AppLocker/EXE and DLL","api":"wineventlog","event_id":8003,"provider_guid":"{cbda4dbf-8d5d-4f69-9578-be14aa540d22}","provider_name":"Microsoft-Windows-AppLocker"}}
