{"@version":"1","message":"L’exécution de %SYSTEM32%\\CONHOST.EXE a été autorisée.","event":{"created":"2023-09-08T13:15:22.976Z","code":8002,"provider":"Microsoft-Windows-AppLocker","kind":"event","original":"L’exécution de %SYSTEM32%\\CONHOST.EXE a été autorisée."},"collector_node_id":"WINF148104FR","@timestamp":"2023-09-08T13:15:22.422Z","agent":{"id":"f087d310-4eed-48d8-ba60-041b027dd6fa","ephemeral_id":"af4af741-de30-4778-8118-3d804a8b90a3","name":"WINF148104FR","hostname":"WINF148104FR","type":"winlogbeat","version":"7.11.1"},"gl2_source_collector":"f2fdff80-b545-496c-a718-b68f491f256a","log":{"level":"information"},"tags":["applocker","beats_input_codec_plain_applied"],"host":{"name":"WINF148104FR.demo.io"},"ecs":{"version":"1.7.0"},"winlog":{"record_id":1608,"opcode":"Informations","task":"","user":{"name":"aausmu","type":"User","identifier":"S-1-5-21-2376127652-1403096981-1664155051-1382","domain":"DEMO"},"computer_name":"WINF148104FR.demo.io","user_data":{"RuleSddlLength":"57","Fqbn":"O=MICROSOFT CORPORATION, L=REDMOND, S=WASHINGTON, C=US\\MICROSOFT® WINDOWS® OPERATING SYSTEM\\CONHOST.EXE\\10.0.20348.558","FilePathLength":"22","PolicyNameLength":"3","FilePath":"%SYSTEM32%\\CONHOST.EXE","RuleSddl":"D:(XA;;FX;;;S-1-1-0;(APPID://PATH Contains \"%WINDIR%\\*\"))","FullFilePath":"\\SystemRoot\\System32\\Conhost.exe","xml_name":"RuleAndFileData","FileHash":"1193ED0D8668057F34AA2C805BA48AFC6B65025131C75D32A647F50EF774B83C","RuleNameLength":"54","TargetUser":"S-1-5-21-2376127652-1403096981-1664155051-1382","FileHashLength":"32","RuleId":"{a61c8b2c-a319-4cd0-9690-d2177cad7b51}","TargetLogonId":"0x1004204","FqbnLength":"118","TargetProcessId":"5656","PolicyName":"EXE","FullFilePathLength":"32","RuleName":"(Default Rule) All files located in the Windows folder"},"process":{"thread":{"id":6632},"pid":7960},"channel":"Microsoft-Windows-AppLocker/EXE and DLL","api":"wineventlog","event_id":8002,"provider_guid":"{cbda4dbf-8d5d-4f69-9578-be14aa540d22}","provider_name":"Microsoft-Windows-AppLocker"}}
{"@version":"1","message":"L’exécution de %SYSTEM32%\\CONHOST.EXE a été autorisée.","event":{"created":"2023-09-08T13:15:22.976Z","code":8002,"provider":"Microsoft-Windows-AppLocker","kind":"event","original":"L’exécution de %SYSTEM32%\\CONHOST.EXE a été autorisée."},"collector_node_id":"WINF148104FR","@timestamp":"2023-09-08T13:15:22.426Z","agent":{"id":"f087d310-4eed-48d8-ba60-041b027dd6fa","ephemeral_id":"af4af741-de30-4778-8118-3d804a8b90a3","name":"WINF148104FR","hostname":"WINF148104FR","type":"winlogbeat","version":"7.11.1"},"gl2_source_collector":"f2fdff80-b545-496c-a718-b68f491f256a","log":{"level":"information"},"tags":["applocker","beats_input_codec_plain_applied"],"host":{"name":"WINF148104FR.demo.io"},"ecs":{"version":"1.7.0"},"winlog":{"opcode":"Informations","record_id":1609,"task":"","user":{"name":"aausmu","type":"User","identifier":"S-1-5-21-2376127652-1403096981-1664155051-1382","domain":"DEMO"},"computer_name":"WINF148104FR.demo.io","user_data":{"RuleSddlLength":"57","Fqbn":"O=MICROSOFT CORPORATION, L=REDMOND, S=WASHINGTON, C=US\\MICROSOFT® WINDOWS® OPERATING SYSTEM\\CONHOST.EXE\\10.0.20348.558","PolicyNameLength":"3","FilePathLength":"22","FilePath":"%SYSTEM32%\\CONHOST.EXE","RuleSddl":"D:(XA;;FX;;;S-1-1-0;(APPID://PATH Contains \"%WINDIR%\\*\"))","xml_name":"RuleAndFileData","FileHash":"1193ED0D8668057F34AA2C805BA48AFC6B65025131C75D32A647F50EF774B83C","FullFilePath":"\\SystemRoot\\System32\\Conhost.exe","RuleNameLength":"54","TargetUser":"S-1-5-21-2376127652-1403096981-1664155051-1382","FileHashLength":"32","RuleId":"{a61c8b2c-a319-4cd0-9690-d2177cad7b51}","TargetLogonId":"0x1004204","FqbnLength":"118","TargetProcessId":"1388","PolicyName":"EXE","FullFilePathLength":"32","RuleName":"(Default Rule) All files located in the Windows folder"},"process":{"pid":5468,"thread":{"id":7588}},"channel":"Microsoft-Windows-AppLocker/EXE and DLL","api":"wineventlog","event_id":8002,"provider_guid":"{cbda4dbf-8d5d-4f69-9578-be14aa540d22}","provider_name":"Microsoft-Windows-AppLocker"}}
{"@version":"1","message":"L’exécution de \\\\WINF148101DE\\SHARE\\ACCESSENUM.EXE a été autorisée mais elle aurait été empêchée si la stratégie AppLocker avait été appliquée.","event":{"created":"2023-09-08T13:15:22.976Z","code":8003,"provider":"Microsoft-Windows-AppLocker","kind":"event","original":"L’exécution de \\\\WINF148101DE\\SHARE\\ACCESSENUM.EXE a été autorisée mais elle aurait été empêchée si la stratégie AppLocker avait été appliquée."},"collector_node_id":"WINF148104FR","@timestamp":"2023-09-08T13:15:22.647Z","agent":{"id":"f087d310-4eed-48d8-ba60-041b027dd6fa","ephemeral_id":"af4af741-de30-4778-8118-3d804a8b90a3","name":"WINF148104FR","hostname":"WINF148104FR","type":"winlogbeat","version":"7.11.1"},"gl2_source_collector":"f2fdff80-b545-496c-a718-b68f491f256a","log":{"level":"avertissement"},"tags":["applocker","beats_input_codec_plain_applied"],"ecs":{"version":"1.7.0"},"host":{"name":"WINF148104FR.demo.io"},"winlog":{"opcode":"Informations","record_id":1610,"task":"","user":{"name":"aausmu","type":"User","identifier":"S-1-5-21-2376127652-1403096981-1664155051-1382","domain":"DEMO"},"computer_name":"WINF148104FR.demo.io","user_data":{"RuleSddlLength":"1","Fqbn":"O=MICROSOFT CORPORATION, L=REDMOND, S=WASHINGTON, C=US\\SYSINTERNALS ACCESSENUM\\ACCESSENUM.EXE\\1.35.0.00","FilePathLength":"35","PolicyNameLength":"3","FilePath":"\\\\WINF148101DE\\SHARE\\ACCESSENUM.EXE","FileHash":"EDA0B9CCED86CD3E434F0427CAA15C9B2892F78F939144C2327AD108D9F4F8A5","xml_name":"RuleAndFileData","FullFilePath":"\\\\WINF148101DE\\Share\\AccessEnum.exe","RuleSddl":"-","RuleNameLength":"1","TargetUser":"S-1-5-21-2376127652-1403096981-1664155051-1382","FileHashLength":"32","RuleId":"{00000000-0000-0000-0000-000000000000}","TargetLogonId":"0x1004204","FqbnLength":"103","TargetProcessId":"9236","PolicyName":"EXE","FullFilePathLength":"35","RuleName":"-"},"process":{"pid":4108,"thread":{"id":5864}},"channel":"Microsoft-Windows-AppLocker/EXE and DLL","api":"wineventlog","event_id":8003,"provider_guid":"{cbda4dbf-8d5d-4f69-9578-be14aa540d22}","provider_name":"Microsoft-Windows-AppLocker"}}
{"@version":"1","message":"L’exécution de %SYSTEM32%\\CSCRIPT.EXE a été autorisée.","event":{"created":"2023-09-08T13:15:22.976Z","code":8002,"provider":"Microsoft-Windows-AppLocker","kind":"event","original":"L’exécution de %SYSTEM32%\\CSCRIPT.EXE a été autorisée."},"collector_node_id":"WINF148104FR","@timestamp":"2023-09-08T13:15:22.656Z","agent":{"id":"f087d310-4eed-48d8-ba60-041b027dd6fa","ephemeral_id":"af4af741-de30-4778-8118-3d804a8b90a3","name":"WINF148104FR","hostname":"WINF148104FR","type":"winlogbeat","version":"7.11.1"},"gl2_source_collector":"f2fdff80-b545-496c-a718-b68f491f256a","log":{"level":"information"},"tags":["applocker","beats_input_codec_plain_applied"],"ecs":{"version":"1.7.0"},"host":{"name":"WINF148104FR.demo.io"},"winlog":{"record_id":1611,"opcode":"Informations","task":"","user":{"name":"aausmu","type":"User","identifier":"S-1-5-21-2376127652-1403096981-1664155051-1382","domain":"DEMO"},"computer_name":"WINF148104FR.demo.io","user_data":{"RuleSddlLength":"57","Fqbn":"O=MICROSOFT CORPORATION, L=REDMOND, S=WASHINGTON, C=US\\MICROSOFT ® WINDOWS SCRIPT HOST\\CSCRIPT.EXE\\5.812.10240.16384","FilePathLength":"22","PolicyNameLength":"3","FilePath":"%SYSTEM32%\\CSCRIPT.EXE","RuleSddl":"D:(XA;;FX;;;S-1-1-0;(APPID://PATH Contains \"%WINDIR%\\*\"))","xml_name":"RuleAndFileData","FileHash":"CF803C2DFF20E03F2E77B1F18E957F6E63E140558D42A3690C5FB2F265DC7F0E","FullFilePath":"C:\\WINDOWS\\system32\\cscript.exe","RuleNameLength":"54","FileHashLength":"32","TargetUser":"S-1-5-21-2376127652-1403096981-1664155051-1382","RuleId":"{a61c8b2c-a319-4cd0-9690-d2177cad7b51}","TargetLogonId":"0x1004204","FqbnLength":"116","TargetProcessId":"8400","PolicyName":"EXE","FullFilePathLength":"31","RuleName":"(Default Rule) All files located in the Windows folder"},"process":{"pid":7932,"thread":{"id":1000}},"channel":"Microsoft-Windows-AppLocker/EXE and DLL","api":"wineventlog","event_id":8002,"provider_guid":"{cbda4dbf-8d5d-4f69-9578-be14aa540d22}","provider_name":"Microsoft-Windows-AppLocker"}}
{"@version":"1","message":"L’exécution de %OSDRIVE%\\USERS\\AAUSMU\\APPS\\SCRIPTS\\ORIENTATION-POWER3.CMD a été autorisée mais elle aurait été empêchée si la stratégie AppLocker avait été appliquée.","event":{"created":"2023-09-08T13:15:23.913Z","provider":"Microsoft-Windows-AppLocker","code":8006,"kind":"event","original":"L’exécution de %OSDRIVE%\\USERS\\AAUSMU\\APPS\\SCRIPTS\\ORIENTATION-POWER3.CMD a été autorisée mais elle aurait été empêchée si la stratégie AppLocker avait été appliquée."},"collector_node_id":"WINF148104FR","@timestamp":"2023-09-08T13:15:22.290Z","agent":{"name":"WINF148104FR","ephemeral_id":"af4af741-de30-4778-8118-3d804a8b90a3","id":"f087d310-4eed-48d8-ba60-041b027dd6fa","hostname":"WINF148104FR","type":"winlogbeat","version":"7.11.1"},"gl2_source_collector":"f2fdff80-b545-496c-a718-b68f491f256a","log":{"level":"avertissement"},"tags":["applocker","beats_input_codec_plain_applied"],"host":{"name":"WINF148104FR.demo.io"},"ecs":{"version":"1.7.0"},"winlog":{"opcode":"Informations","record_id":208,"task":"","user":{"name":"aausmu","type":"User","identifier":"S-1-5-21-2376127652-1403096981-1664155051-1382","domain":"DEMO"},"computer_name":"WINF148104FR.demo.io","user_data":{"RuleSddlLength":"1","PolicyNameLength":"6","FilePathLength":"58","Fqbn":"-","RuleSddl":"-","FileHash":"AB1F69807DCA83DFF35E9E47F74026DA71497FF291D64A6E5E4C427F51C7B08B","xml_name":"RuleAndFileData","FullFilePath":"C:\\Users\\aausmu\\Apps\\Scripts\\orientation-power3.cmd","FilePath":"%OSDRIVE%\\USERS\\AAUSMU\\APPS\\SCRIPTS\\ORIENTATION-POWER3.CMD","RuleNameLength":"1","FileHashLength":"32","TargetUser":"S-1-5-21-2376127652-1403096981-1664155051-1382","RuleId":"{00000000-0000-0000-0000-000000000000}","TargetLogonId":"0x1004204","FqbnLength":"1","TargetProcessId":"6304","PolicyName":"SCRIPT","FullFilePathLength":"51","RuleName":"-"},"process":{"pid":6304,"thread":{"id":8028}},"channel":"Microsoft-Windows-AppLocker/MSI and Script","api":"wineventlog","event_id":8006,"provider_guid":"{cbda4dbf-8d5d-4f69-9578-be14aa540d22}","provider_name":"Microsoft-Windows-AppLocker"}}
{"@version":"1","message":"L’exécution de %OSDRIVE%\\USERS\\AAUSMU\\APPS\\SCRIPTS\\RECON-POWER.VBS a été autorisée mais elle aurait été empêchée si la stratégie AppLocker avait été appliquée.","event":{"created":"2023-09-08T13:15:23.913Z","provider":"Microsoft-Windows-AppLocker","code":8006,"kind":"event","original":"L’exécution de %OSDRIVE%\\USERS\\AAUSMU\\APPS\\SCRIPTS\\RECON-POWER.VBS a été autorisée mais elle aurait été empêchée si la stratégie AppLocker avait été appliquée."},"collector_node_id":"WINF148104FR","@timestamp":"2023-09-08T13:15:22.841Z","agent":{"name":"WINF148104FR","ephemeral_id":"af4af741-de30-4778-8118-3d804a8b90a3","id":"f087d310-4eed-48d8-ba60-041b027dd6fa","hostname":"WINF148104FR","type":"winlogbeat","version":"7.11.1"},"gl2_source_collector":"f2fdff80-b545-496c-a718-b68f491f256a","log":{"level":"avertissement"},"tags":["applocker","beats_input_codec_plain_applied"],"ecs":{"version":"1.7.0"},"host":{"name":"WINF148104FR.demo.io"},"winlog":{"opcode":"Informations","record_id":209,"task":"","user":{"name":"aausmu","type":"User","identifier":"S-1-5-21-2376127652-1403096981-1664155051-1382","domain":"DEMO"},"computer_name":"WINF148104FR.demo.io","user_data":{"RuleSddlLength":"1","PolicyNameLength":"6","FilePathLength":"51","Fqbn":"-","RuleSddl":"-","FileHash":"66DA1545543C17E284238EC8A1EA0BCB48AEE83520C0815E2930C1F9D3686869","FilePath":"%OSDRIVE%\\USERS\\AAUSMU\\APPS\\SCRIPTS\\RECON-POWER.VBS","FullFilePath":"C:\\Users\\aausmu\\Apps\\Scripts\\recon-power.vbs","xml_name":"RuleAndFileData","RuleNameLength":"1","FileHashLength":"32","TargetUser":"S-1-5-21-2376127652-1403096981-1664155051-1382","RuleId":"{00000000-0000-0000-0000-000000000000}","TargetLogonId":"0x1004204","FqbnLength":"1","TargetProcessId":"8400","PolicyName":"SCRIPT","FullFilePathLength":"44","RuleName":"-"},"process":{"thread":{"id":9400},"pid":8400},"channel":"Microsoft-Windows-AppLocker/MSI and Script","api":"wineventlog","event_id":8006,"provider_guid":"{cbda4dbf-8d5d-4f69-9578-be14aa540d22}","provider_name":"Microsoft-Windows-AppLocker"}}
{"@version":"1","message":"L’exécution de %OSDRIVE%\\USERS\\AAUSMU\\APPDATA\\LOCAL\\TEMP\\__PSSCRIPTPOLICYTEST_TAWP1CC4.QTH.PS1 a été autorisée mais elle aurait été empêchée si la stratégie AppLocker avait été appliquée.","event":{"created":"2023-09-08T13:15:23.913Z","provider":"Microsoft-Windows-AppLocker","code":8006,"kind":"event","original":"L’exécution de %OSDRIVE%\\USERS\\AAUSMU\\APPDATA\\LOCAL\\TEMP\\__PSSCRIPTPOLICYTEST_TAWP1CC4.QTH.PS1 a été autorisée mais elle aurait été empêchée si la stratégie AppLocker avait été appliquée."},"collector_node_id":"WINF148104FR","@timestamp":"2023-09-08T13:15:23.199Z","agent":{"id":"f087d310-4eed-48d8-ba60-041b027dd6fa","ephemeral_id":"af4af741-de30-4778-8118-3d804a8b90a3","name":"WINF148104FR","hostname":"WINF148104FR","type":"winlogbeat","version":"7.11.1"},"gl2_source_collector":"f2fdff80-b545-496c-a718-b68f491f256a","log":{"level":"avertissement"},"tags":["applocker","beats_input_codec_plain_applied"],"ecs":{"version":"1.7.0"},"host":{"name":"WINF148104FR.demo.io"},"winlog":{"opcode":"Informations","record_id":210,"task":"","user":{"name":"aausmu","type":"User","identifier":"S-1-5-21-2376127652-1403096981-1664155051-1382","domain":"DEMO"},"computer_name":"WINF148104FR.demo.io","activity_id":"{74e957bf-e225-0001-013c-ea7425e2d901}","user_data":{"RuleSddlLength":"1","PolicyNameLength":"6","FilePathLength":"79","Fqbn":"-","FilePath":"%OSDRIVE%\\USERS\\AAUSMU\\APPDATA\\LOCAL\\TEMP\\__PSSCRIPTPOLICYTEST_TAWP1CC4.QTH.PS1","FileHash":"96AD1146EB96877EAB5942AE0736B82D8B5E2039A80D3D6932665C1A4C87DCF7","xml_name":"RuleAndFileData","FullFilePath":"C:\\Users\\aausmu\\AppData\\Local\\Temp\\__PSScriptPolicyTest_tawp1cc4.qth.ps1","RuleSddl":"-","RuleNameLength":"1","TargetUser":"S-1-5-21-2376127652-1403096981-1664155051-1382","FileHashLength":"32","RuleId":"{00000000-0000-0000-0000-000000000000}","TargetLogonId":"0x1004204","FqbnLength":"1","TargetProcessId":"7960","PolicyName":"SCRIPT","FullFilePathLength":"72","RuleName":"-"},"process":{"thread":{"id":6632},"pid":7960},"channel":"Microsoft-Windows-AppLocker/MSI and Script","api":"wineventlog","event_id":8006,"provider_guid":"{cbda4dbf-8d5d-4f69-9578-be14aa540d22}","provider_name":"Microsoft-Windows-AppLocker"}}
{"@version":"1","message":"L’exécution de %OSDRIVE%\\USERS\\AAUSMU\\APPDATA\\LOCAL\\TEMP\\__PSSCRIPTPOLICYTEST_ED4OX2AB.FAK.PS1 a été autorisée mais elle aurait été empêchée si la stratégie AppLocker avait été appliquée.","event":{"created":"2023-09-08T13:15:23.913Z","code":8006,"provider":"Microsoft-Windows-AppLocker","kind":"event","original":"L’exécution de %OSDRIVE%\\USERS\\AAUSMU\\APPDATA\\LOCAL\\TEMP\\__PSSCRIPTPOLICYTEST_ED4OX2AB.FAK.PS1 a été autorisée mais elle aurait été empêchée si la stratégie AppLocker avait été appliquée."},"collector_node_id":"WINF148104FR","@timestamp":"2023-09-08T13:15:23.250Z","agent":{"id":"f087d310-4eed-48d8-ba60-041b027dd6fa","ephemeral_id":"af4af741-de30-4778-8118-3d804a8b90a3","name":"WINF148104FR","hostname":"WINF148104FR","type":"winlogbeat","version":"7.11.1"},"gl2_source_collector":"f2fdff80-b545-496c-a718-b68f491f256a","log":{"level":"avertissement"},"tags":["applocker","beats_input_codec_plain_applied"],"host":{"name":"WINF148104FR.demo.io"},"ecs":{"version":"1.7.0"},"winlog":{"record_id":211,"opcode":"Informations","task":"","user":{"name":"aausmu","type":"User","identifier":"S-1-5-21-2376127652-1403096981-1664155051-1382","domain":"DEMO"},"computer_name":"WINF148104FR.demo.io","activity_id":"{74e957bf-e225-0003-482b-ea7425e2d901}","user_data":{"RuleSddlLength":"1","Fqbn":"-","FilePathLength":"79","PolicyNameLength":"6","FilePath":"%OSDRIVE%\\USERS\\AAUSMU\\APPDATA\\LOCAL\\TEMP\\__PSSCRIPTPOLICYTEST_ED4OX2AB.FAK.PS1","FileHash":"96AD1146EB96877EAB5942AE0736B82D8B5E2039A80D3D6932665C1A4C87DCF7","FullFilePath":"C:\\Users\\aausmu\\AppData\\Local\\Temp\\__PSScriptPolicyTest_ed4ox2ab.fak.ps1","xml_name":"RuleAndFileData","RuleSddl":"-","RuleNameLength":"1","FileHashLength":"32","TargetUser":"S-1-5-21-2376127652-1403096981-1664155051-1382","TargetLogonId":"0x1004204","RuleId":"{00000000-0000-0000-0000-000000000000}","FqbnLength":"1","TargetProcessId":"6276","PolicyName":"SCRIPT","FullFilePathLength":"72","RuleName":"-"},"process":{"thread":{"id":5416},"pid":6276},"channel":"Microsoft-Windows-AppLocker/MSI and Script","api":"wineventlog","event_id":8006,"provider_guid":"{cbda4dbf-8d5d-4f69-9578-be14aa540d22}","provider_name":"Microsoft-Windows-AppLocker"}}
{"@version":"1","message":"%OSDRIVE%\\USERS\\DISCHO\\APPDATA\\LOCAL\\TEMP\\SYS1520563673\\ADEXPLORER.EXE was allowed to run but would have been prevented from running if the AppLocker policy were enforced.","event":{"created":"2023-09-08T13:15:21.897Z","code":8003,"provider":"Microsoft-Windows-AppLocker","kind":"event","original":"%OSDRIVE%\\USERS\\DISCHO\\APPDATA\\LOCAL\\TEMP\\SYS1520563673\\ADEXPLORER.EXE was allowed to run but would have been prevented from running if the AppLocker policy were enforced."},"collector_node_id":"WINF148103EN","@timestamp":"2023-09-08T13:15:20.170Z","agent":{"id":"8a461181-cb3e-4de6-b2da-019fe221fa3a","ephemeral_id":"343f4297-6201-4238-bffe-46f62781abd1","name":"WINF148103EN","hostname":"WINF148103EN","type":"winlogbeat","version":"7.11.1"},"gl2_source_collector":"1df5757b-0293-45c8-beef-9cb7782160ac","log":{"level":"warning"},"tags":["applocker","beats_input_codec_plain_applied"],"host":{"name":"WINF148103EN.demo.io"},"ecs":{"version":"1.7.0"},"winlog":{"record_id":2380,"opcode":"Info","task":"","user":{"name":"discho","type":"User","identifier":"S-1-5-21-2376127652-1403096981-1664155051-1338","domain":"DEMO"},"computer_name":"WINF148103EN.demo.io","user_data":{"RuleSddlLength":"1","Fqbn":"O=MICROSOFT CORPORATION, L=REDMOND, S=WASHINGTON, C=US\\SYSINTERNALS ADEXPLORER\\ADEXP\\1.52.0.00","FilePathLength":"70","PolicyNameLength":"3","RuleSddl":"-","FileHash":"49F11624CF20C1471DD2F33620371DA6817506CC36B93756B9E34002391A4491","FullFilePath":"C:\\Users\\DISCHO\\AppData\\Local\\Temp\\SYS1520563673\\ADExplorer.exe","xml_name":"RuleAndFileData","FilePath":"%OSDRIVE%\\USERS\\DISCHO\\APPDATA\\LOCAL\\TEMP\\SYS1520563673\\ADEXPLORER.EXE","RuleNameLength":"1","TargetLogonId":"0x10dc6eb","FileHashLength":"32","TargetUser":"S-1-5-21-2376127652-1403096981-1664155051-1338","RuleId":"{00000000-0000-0000-0000-000000000000}","FqbnLength":"94","TargetProcessId":"6592","PolicyName":"EXE","FullFilePathLength":"63","RuleName":"-"},"process":{"pid":7624,"thread":{"id":4612}},"channel":"Microsoft-Windows-AppLocker/EXE and DLL","api":"wineventlog","event_id":8003,"provider_guid":"{cbda4dbf-8d5d-4f69-9578-be14aa540d22}","provider_name":"Microsoft-Windows-AppLocker"}}
{"@version":"1","message":"%OSDRIVE%\\USERS\\DISCHO\\APPS\\SYSINTERNALS\\ADINSIGHT.EXE was allowed to run but would have been prevented from running if the AppLocker policy were enforced.","event":{"created":"2023-09-08T13:15:21.897Z","provider":"Microsoft-Windows-AppLocker","code":8003,"kind":"event","original":"%OSDRIVE%\\USERS\\DISCHO\\APPS\\SYSINTERNALS\\ADINSIGHT.EXE was allowed to run but would have been prevented from running if the AppLocker policy were enforced."},"collector_node_id":"WINF148103EN","@timestamp":"2023-09-08T13:15:20.267Z","agent":{"id":"8a461181-cb3e-4de6-b2da-019fe221fa3a","name":"WINF148103EN","ephemeral_id":"343f4297-6201-4238-bffe-46f62781abd1","hostname":"WINF148103EN","type":"winlogbeat","version":"7.11.1"},"gl2_source_collector":"1df5757b-0293-45c8-beef-9cb7782160ac","log":{"level":"warning"},"tags":["applocker","beats_input_codec_plain_applied"],"host":{"name":"WINF148103EN.demo.io"},"ecs":{"version":"1.7.0"},"winlog":{"record_id":2381,"opcode":"Info","task":"","user":{"name":"discho","type":"User","identifier":"S-1-5-21-2376127652-1403096981-1664155051-1338","domain":"DEMO"},"computer_name":"WINF148103EN.demo.io","user_data":{"RuleSddlLength":"1","PolicyNameLength":"3","FilePathLength":"54","Fqbn":"O=MICROSOFT CORPORATION, L=REDMOND, S=WASHINGTON, C=US\\ADINSIGHT\\ADINSIGHT\\1.20.0.00","RuleSddl":"-","FileHash":"8DFF94227C3A0A7DAB47082BFC7065DE57566456C999AB72CD69085A82C1A8B5","FilePath":"%OSDRIVE%\\USERS\\DISCHO\\APPS\\SYSINTERNALS\\ADINSIGHT.EXE","xml_name":"RuleAndFileData","FullFilePath":"C:\\Users\\DISCHO\\Apps\\Sysinternals\\ADInsight.exe","RuleNameLength":"1","TargetUser":"S-1-5-21-2376127652-1403096981-1664155051-1338","FileHashLength":"32","RuleId":"{00000000-0000-0000-0000-000000000000}","TargetLogonId":"0x10dc6eb","FqbnLength":"84","TargetProcessId":"4464","PolicyName":"EXE","FullFilePathLength":"47","RuleName":"-"},"process":{"pid":9584,"thread":{"id":8268}},"channel":"Microsoft-Windows-AppLocker/EXE and DLL","api":"wineventlog","event_id":8003,"provider_guid":"{cbda4dbf-8d5d-4f69-9578-be14aa540d22}","provider_name":"Microsoft-Windows-AppLocker"}}
{"@version":"1","message":"%OSDRIVE%\\USERS\\DISCHO\\APPS\\FREECIV\\APP\\FREECIV\\FREECIV-GTK3.22.EXE was allowed to run but would have been prevented from running if the AppLocker policy were enforced.","event":{"created":"2023-09-08T13:15:21.897Z","code":8003,"provider":"Microsoft-Windows-AppLocker","kind":"event","original":"%OSDRIVE%\\USERS\\DISCHO\\APPS\\FREECIV\\APP\\FREECIV\\FREECIV-GTK3.22.EXE was allowed to run but would have been prevented from running if the AppLocker policy were enforced."},"collector_node_id":"WINF148103EN","@timestamp":"2023-09-08T13:15:20.315Z","agent":{"id":"8a461181-cb3e-4de6-b2da-019fe221fa3a","ephemeral_id":"343f4297-6201-4238-bffe-46f62781abd1","name":"WINF148103EN","hostname":"WINF148103EN","type":"winlogbeat","version":"7.11.1"},"gl2_source_collector":"1df5757b-0293-45c8-beef-9cb7782160ac","log":{"level":"warning"},"tags":["applocker","beats_input_codec_plain_applied"],"host":{"name":"WINF148103EN.demo.io"},"ecs":{"version":"1.7.0"},"winlog":{"record_id":2382,"opcode":"Info","task":"","user":{"name":"discho","type":"User","identifier":"S-1-5-21-2376127652-1403096981-1664155051-1338","domain":"DEMO"},"computer_name":"WINF148103EN.demo.io","user_data":{"RuleSddlLength":"1","Fqbn":"-","FilePathLength":"67","PolicyNameLength":"3","FilePath":"%OSDRIVE%\\USERS\\DISCHO\\APPS\\FREECIV\\APP\\FREECIV\\FREECIV-GTK3.22.EXE","RuleSddl":"-","FullFilePath":"C:\\Users\\DISCHO\\Apps\\Freeciv\\App\\Freeciv\\freeciv-gtk3.22.exe","xml_name":"RuleAndFileData","FileHash":"86570D374723F0C8A06F302745AB0F6CD9F3856E373EB692A01B1B447BA271AF","RuleNameLength":"1","FileHashLength":"32","TargetUser":"S-1-5-21-2376127652-1403096981-1664155051-1338","RuleId":"{00000000-0000-0000-0000-000000000000}","TargetLogonId":"0x10dc6eb","FqbnLength":"1","TargetProcessId":"6796","PolicyName":"EXE","FullFilePathLength":"60","RuleName":"-"},"process":{"pid":9584,"thread":{"id":8268}},"channel":"Microsoft-Windows-AppLocker/EXE and DLL","api":"wineventlog","event_id":8003,"provider_guid":"{cbda4dbf-8d5d-4f69-9578-be14aa540d22}","provider_name":"Microsoft-Windows-AppLocker"}}
{"@version":"1","message":"%OSDRIVE%\\USERS\\DISCHO\\APPDATA\\LOCAL\\TEMP\\ADINSIGHT64.EXE was allowed to run but would have been prevented from running if the AppLocker policy were enforced.","event":{"created":"2023-09-08T13:15:21.897Z","code":8003,"provider":"Microsoft-Windows-AppLocker","kind":"event","original":"%OSDRIVE%\\USERS\\DISCHO\\APPDATA\\LOCAL\\TEMP\\ADINSIGHT64.EXE was allowed to run but would have been prevented from running if the AppLocker policy were enforced."},"collector_node_id":"WINF148103EN","@timestamp":"2023-09-08T13:15:20.961Z","agent":{"id":"8a461181-cb3e-4de6-b2da-019fe221fa3a","ephemeral_id":"343f4297-6201-4238-bffe-46f62781abd1","name":"WINF148103EN","hostname":"WINF148103EN","type":"winlogbeat","version":"7.11.1"},"gl2_source_collector":"1df5757b-0293-45c8-beef-9cb7782160ac","log":{"level":"warning"},"tags":["applocker","beats_input_codec_plain_applied"],"host":{"name":"WINF148103EN.demo.io"},"ecs":{"version":"1.7.0"},"winlog":{"opcode":"Info","record_id":2383,"task":"","user":{"name":"discho","type":"User","identifier":"S-1-5-21-2376127652-1403096981-1664155051-1338","domain":"DEMO"},"computer_name":"WINF148103EN.demo.io","user_data":{"RuleSddlLength":"1","PolicyNameLength":"3","FilePathLength":"57","Fqbn":"O=MICROSOFT CORPORATION, L=REDMOND, S=WASHINGTON, C=US\\ADINSIGHT\\ADINSIGHT\\1.20.0.00","FilePath":"%OSDRIVE%\\USERS\\DISCHO\\APPDATA\\LOCAL\\TEMP\\ADINSIGHT64.EXE","FileHash":"76FCAB4BEEC34F0230AA32D469FDC36173F6AF9DC1C2F49FD3AC35A01466413A","RuleSddl":"-","xml_name":"RuleAndFileData","FullFilePath":"C:\\Users\\DISCHO\\AppData\\Local\\Temp\\ADInsight64.EXE","RuleNameLength":"1","TargetLogonId":"0x10dc6eb","TargetUser":"S-1-5-21-2376127652-1403096981-1664155051-1338","FileHashLength":"32","RuleId":"{00000000-0000-0000-0000-000000000000}","FqbnLength":"84","TargetProcessId":"1756","PolicyName":"EXE","FullFilePathLength":"50","RuleName":"-"},"process":{"pid":4464,"thread":{"id":3944}},"channel":"Microsoft-Windows-AppLocker/EXE and DLL","api":"wineventlog","event_id":8003,"provider_guid":"{cbda4dbf-8d5d-4f69-9578-be14aa540d22}","provider_name":"Microsoft-Windows-AppLocker"}}
{"@version":"1","message":"%SYSTEM32%\\CMD.EXE was allowed to run.","event":{"created":"2023-09-08T13:15:21.897Z","provider":"Microsoft-Windows-AppLocker","code":8002,"kind":"event","original":"%SYSTEM32%\\CMD.EXE was allowed to run."},"collector_node_id":"WINF148103EN","@timestamp":"2023-09-08T13:15:21.104Z","agent":{"name":"WINF148103EN","ephemeral_id":"343f4297-6201-4238-bffe-46f62781abd1","id":"8a461181-cb3e-4de6-b2da-019fe221fa3a","hostname":"WINF148103EN","type":"winlogbeat","version":"7.11.1"},"gl2_source_collector":"1df5757b-0293-45c8-beef-9cb7782160ac","log":{"level":"information"},"tags":["applocker","beats_input_codec_plain_applied"],"host":{"name":"WINF148103EN.demo.io"},"ecs":{"version":"1.7.0"},"winlog":{"record_id":2384,"opcode":"Info","task":"","user":{"name":"discho","type":"User","identifier":"S-1-5-21-2376127652-1403096981-1664155051-1338","domain":"DEMO"},"computer_name":"WINF148103EN.demo.io","user_data":{"RuleSddlLength":"57","PolicyNameLength":"3","FilePathLength":"18","Fqbn":"O=MICROSOFT CORPORATION, L=REDMOND, S=WASHINGTON, C=US\\MICROSOFT® WINDOWS® OPERATING SYSTEM\\CMD.EXE\\10.0.20348.01","FilePath":"%SYSTEM32%\\CMD.EXE","FileHash":"DF448CC4BCF0E3213CF29D7ECC05FA78A6CF093B98357D04EA7AFB0800869EFE","xml_name":"RuleAndFileData","RuleSddl":"D:(XA;;FX;;;S-1-1-0;(APPID://PATH Contains \"%WINDIR%\\*\"))","FullFilePath":"C:\\WINDOWS\\system32\\cmd.exe","RuleNameLength":"54","TargetLogonId":"0x10dc6eb","FileHashLength":"32","RuleId":"{a61c8b2c-a319-4cd0-9690-d2177cad7b51}","TargetUser":"S-1-5-21-2376127652-1403096981-1664155051-1338","FqbnLength":"113","TargetProcessId":"3692","PolicyName":"EXE","FullFilePathLength":"27","RuleName":"(Default Rule) All files located in the Windows folder"},"process":{"thread":{"id":8268},"pid":9584},"channel":"Microsoft-Windows-AppLocker/EXE and DLL","api":"wineventlog","event_id":8002,"provider_guid":"{cbda4dbf-8d5d-4f69-9578-be14aa540d22}","provider_name":"Microsoft-Windows-AppLocker"}}
{"@version":"1","message":"%OSDRIVE%\\USERS\\DISCHO\\APPS\\SCRIPTS\\ORIENTATION-POWER1.CMD was allowed to run but would have been prevented from running if the AppLocker policy were enforced.","event":{"created":"2023-09-08T13:15:21.973Z","code":8006,"provider":"Microsoft-Windows-AppLocker","kind":"event","original":"%OSDRIVE%\\USERS\\DISCHO\\APPS\\SCRIPTS\\ORIENTATION-POWER1.CMD was allowed to run but would have been prevented from running if the AppLocker policy were enforced."},"collector_node_id":"WINF148103EN","@timestamp":"2023-09-08T13:15:21.231Z","agent":{"id":"8a461181-cb3e-4de6-b2da-019fe221fa3a","ephemeral_id":"343f4297-6201-4238-bffe-46f62781abd1","name":"WINF148103EN","hostname":"WINF148103EN","type":"winlogbeat","version":"7.11.1"},"gl2_source_collector":"1df5757b-0293-45c8-beef-9cb7782160ac","log":{"level":"warning"},"tags":["applocker","beats_input_codec_plain_applied"],"host":{"name":"WINF148103EN.demo.io"},"ecs":{"version":"1.7.0"},"winlog":{"opcode":"Info","record_id":362,"task":"","user":{"name":"discho","type":"User","identifier":"S-1-5-21-2376127652-1403096981-1664155051-1338","domain":"DEMO"},"computer_name":"WINF148103EN.demo.io","user_data":{"RuleSddlLength":"1","Fqbn":"-","FilePathLength":"58","PolicyNameLength":"6","RuleSddl":"-","FileHash":"6B8B02388421D2A22EE344C5700C89B11959EE4CCD6371BBDDC591E90382CC21","FilePath":"%OSDRIVE%\\USERS\\DISCHO\\APPS\\SCRIPTS\\ORIENTATION-POWER1.CMD","FullFilePath":"C:\\Users\\DISCHO\\Apps\\Scripts\\orientation-power1.cmd","xml_name":"RuleAndFileData","RuleNameLength":"1","TargetUser":"S-1-5-21-2376127652-1403096981-1664155051-1338","FileHashLength":"32","RuleId":"{00000000-0000-0000-0000-000000000000}","TargetLogonId":"0x10dc6eb","FqbnLength":"1","TargetProcessId":"3692","PolicyName":"SCRIPT","FullFilePathLength":"51","RuleName":"-"},"process":{"pid":3692,"thread":{"id":6760}},"channel":"Microsoft-Windows-AppLocker/MSI and Script","api":"wineventlog","event_id":8006,"provider_guid":"{cbda4dbf-8d5d-4f69-9578-be14aa540d22}","provider_name":"Microsoft-Windows-AppLocker"}}
{"@version":"1","message":"L’exécution de %SYSTEM32%\\NLTEST.EXE a été autorisée.","event":{"created":"2023-09-08T13:15:24.019Z","code":8002,"provider":"Microsoft-Windows-AppLocker","kind":"event","original":"L’exécution de %SYSTEM32%\\NLTEST.EXE a été autorisée."},"collector_node_id":"WINF148104FR","@timestamp":"2023-09-08T13:15:23.642Z","agent":{"id":"f087d310-4eed-48d8-ba60-041b027dd6fa","ephemeral_id":"af4af741-de30-4778-8118-3d804a8b90a3","name":"WINF148104FR","hostname":"WINF148104FR","type":"winlogbeat","version":"7.11.1"},"gl2_source_collector":"f2fdff80-b545-496c-a718-b68f491f256a","log":{"level":"information"},"tags":["applocker","beats_input_codec_plain_applied"],"host":{"name":"WINF148104FR.demo.io"},"ecs":{"version":"1.7.0"},"winlog":{"opcode":"Informations","record_id":1615,"task":"","user":{"name":"aausmu","type":"User","identifier":"S-1-5-21-2376127652-1403096981-1664155051-1382","domain":"DEMO"},"computer_name":"WINF148104FR.demo.io","user_data":{"RuleSddlLength":"57","PolicyNameLength":"3","Fqbn":"O=MICROSOFT CORPORATION, L=REDMOND, S=WASHINGTON, C=US\\MICROSOFT® WINDOWS® OPERATING SYSTEM\\NLTESTRK.EXE\\10.0.20348.587","FilePathLength":"21","RuleSddl":"D:(XA;;FX;;;S-1-1-0;(APPID://PATH Contains \"%WINDIR%\\*\"))","FileHash":"90A98D32DC91326C8AD51FF1AA885A889361625B094B43D56B2207297622D9C9","FullFilePath":"C:\\WINDOWS\\system32\\nltest.exe","xml_name":"RuleAndFileData","FilePath":"%SYSTEM32%\\NLTEST.EXE","RuleNameLength":"54","FileHashLength":"32","TargetLogonId":"0x1004204","RuleId":"{a61c8b2c-a319-4cd0-9690-d2177cad7b51}","TargetUser":"S-1-5-21-2376127652-1403096981-1664155051-1382","FqbnLength":"119","TargetProcessId":"3920","PolicyName":"EXE","FullFilePathLength":"30","RuleName":"(Default Rule) All files located in the Windows folder"},"process":{"thread":{"id":8828},"pid":6276},"channel":"Microsoft-Windows-AppLocker/EXE and DLL","api":"wineventlog","event_id":8002,"provider_guid":"{cbda4dbf-8d5d-4f69-9578-be14aa540d22}","provider_name":"Microsoft-Windows-AppLocker"}}
{"@version":"1","message":"L’exécution de %SYSTEM32%\\TIMEOUT.EXE a été autorisée.","event":{"created":"2023-09-08T13:15:24.019Z","code":8002,"provider":"Microsoft-Windows-AppLocker","kind":"event","original":"L’exécution de %SYSTEM32%\\TIMEOUT.EXE a été autorisée."},"collector_node_id":"WINF148104FR","@timestamp":"2023-09-08T13:15:22.720Z","agent":{"id":"f087d310-4eed-48d8-ba60-041b027dd6fa","ephemeral_id":"af4af741-de30-4778-8118-3d804a8b90a3","name":"WINF148104FR","hostname":"WINF148104FR","type":"winlogbeat","version":"7.11.1"},"gl2_source_collector":"f2fdff80-b545-496c-a718-b68f491f256a","log":{"level":"information"},"tags":["applocker","beats_input_codec_plain_applied"],"ecs":{"version":"1.7.0"},"host":{"name":"WINF148104FR.demo.io"},"winlog":{"opcode":"Informations","record_id":1612,"task":"","user":{"name":"aausmu","type":"User","identifier":"S-1-5-21-2376127652-1403096981-1664155051-1382","domain":"DEMO"},"computer_name":"WINF148104FR.demo.io","user_data":{"RuleSddlLength":"57","PolicyNameLength":"3","FilePathLength":"22","Fqbn":"O=MICROSOFT CORPORATION, L=REDMOND, S=WASHINGTON, C=US\\MICROSOFT® WINDOWS® OPERATING SYSTEM\\TIMEOUT.EXE\\10.0.20348.01","RuleSddl":"D:(XA;;FX;;;S-1-1-0;(APPID://PATH Contains \"%WINDIR%\\*\"))","FileHash":"A4273E737A304668EABED2303F2262F71746BBD425DEB886E9B1A49C91580184","FullFilePath":"C:\\WINDOWS\\system32\\timeout.exe","xml_name":"RuleAndFileData","FilePath":"%SYSTEM32%\\TIMEOUT.EXE","RuleNameLength":"54","TargetLogonId":"0x1004204","FileHashLength":"32","RuleId":"{a61c8b2c-a319-4cd0-9690-d2177cad7b51}","TargetUser":"S-1-5-21-2376127652-1403096981-1664155051-1382","FqbnLength":"117","TargetProcessId":"2740","PolicyName":"EXE","FullFilePathLength":"31","RuleName":"(Default Rule) All files located in the Windows folder"},"process":{"pid":4108,"thread":{"id":5864}},"channel":"Microsoft-Windows-AppLocker/EXE and DLL","api":"wineventlog","event_id":8002,"provider_guid":"{cbda4dbf-8d5d-4f69-9578-be14aa540d22}","provider_name":"Microsoft-Windows-AppLocker"}}
{"@version":"1","message":"L’exécution de %WINDIR%\\CCM\\SCNOTIFICATION.EXE a été autorisée.","event":{"created":"2023-09-08T13:15:24.019Z","code":8002,"provider":"Microsoft-Windows-AppLocker","kind":"event","original":"L’exécution de %WINDIR%\\CCM\\SCNOTIFICATION.EXE a été autorisée."},"collector_node_id":"WINF148104FR","@timestamp":"2023-09-08T13:15:23.074Z","agent":{"name":"WINF148104FR","ephemeral_id":"af4af741-de30-4778-8118-3d804a8b90a3","id":"f087d310-4eed-48d8-ba60-041b027dd6fa","hostname":"WINF148104FR","type":"winlogbeat","version":"7.11.1"},"gl2_source_collector":"f2fdff80-b545-496c-a718-b68f491f256a","log":{"level":"information"},"tags":["applocker","beats_input_codec_plain_applied"],"ecs":{"version":"1.7.0"},"host":{"name":"WINF148104FR.demo.io"},"winlog":{"record_id":1613,"opcode":"Informations","task":"","user":{"name":"Système","type":"User","identifier":"S-1-5-18","domain":"AUTORITE NT"},"computer_name":"WINF148104FR.demo.io","user_data":{"RuleSddlLength":"57","PolicyNameLength":"3","FilePathLength":"31","Fqbn":"O=MICROSOFT CORPORATION, L=REDMOND, S=WASHINGTON, C=US\\MICROSOFT ENDPOINT CONFIGURATION MANAGER\\SCNOTIFICATION.EXE\\5.0.9078.1000","RuleSddl":"D:(XA;;FX;;;S-1-1-0;(APPID://PATH Contains \"%WINDIR%\\*\"))","FileHash":"090377AA90A3173B3A106D2E98F5BA686FA716C3CC5BF351676F9CB47862FB6C","xml_name":"RuleAndFileData","FullFilePath":"C:\\WINDOWS\\CCM\\SCNotification.exe","FilePath":"%WINDIR%\\CCM\\SCNOTIFICATION.EXE","RuleNameLength":"54","TargetLogonId":"0x1004204","TargetUser":"S-1-5-21-2376127652-1403096981-1664155051-1382","FileHashLength":"32","RuleId":"{a61c8b2c-a319-4cd0-9690-d2177cad7b51}","FqbnLength":"128","TargetProcessId":"1280","PolicyName":"EXE","FullFilePathLength":"33","RuleName":"(Default Rule) All files located in the Windows folder"},"process":{"pid":5676,"thread":{"id":6660}},"channel":"Microsoft-Windows-AppLocker/EXE and DLL","api":"wineventlog","event_id":8002,"provider_guid":"{cbda4dbf-8d5d-4f69-9578-be14aa540d22}","provider_name":"Microsoft-Windows-AppLocker"}}
{"@version":"1","message":"L’exécution de %SYSTEM32%\\NLTEST.EXE a été autorisée.","event":{"created":"2023-09-08T13:15:24.019Z","provider":"Microsoft-Windows-AppLocker","code":8002,"kind":"event","original":"L’exécution de %SYSTEM32%\\NLTEST.EXE a été autorisée."},"collector_node_id":"WINF148104FR","@timestamp":"2023-09-08T13:15:23.598Z","agent":{"id":"f087d310-4eed-48d8-ba60-041b027dd6fa","ephemeral_id":"af4af741-de30-4778-8118-3d804a8b90a3","name":"WINF148104FR","hostname":"WINF148104FR","type":"winlogbeat","version":"7.11.1"},"gl2_source_collector":"f2fdff80-b545-496c-a718-b68f491f256a","log":{"level":"information"},"tags":["applocker","beats_input_codec_plain_applied"],"host":{"name":"WINF148104FR.demo.io"},"ecs":{"version":"1.7.0"},"winlog":{"opcode":"Informations","record_id":1614,"task":"","user":{"name":"aausmu","type":"User","identifier":"S-1-5-21-2376127652-1403096981-1664155051-1382","domain":"DEMO"},"computer_name":"WINF148104FR.demo.io","user_data":{"RuleSddlLength":"57","Fqbn":"O=MICROSOFT CORPORATION, L=REDMOND, S=WASHINGTON, C=US\\MICROSOFT® WINDOWS® OPERATING SYSTEM\\NLTESTRK.EXE\\10.0.20348.587","FilePathLength":"21","PolicyNameLength":"3","RuleSddl":"D:(XA;;FX;;;S-1-1-0;(APPID://PATH Contains \"%WINDIR%\\*\"))","FilePath":"%SYSTEM32%\\NLTEST.EXE","xml_name":"RuleAndFileData","FullFilePath":"C:\\WINDOWS\\system32\\nltest.exe","FileHash":"90A98D32DC91326C8AD51FF1AA885A889361625B094B43D56B2207297622D9C9","RuleNameLength":"54","FileHashLength":"32","TargetLogonId":"0x1004204","RuleId":"{a61c8b2c-a319-4cd0-9690-d2177cad7b51}","TargetUser":"S-1-5-21-2376127652-1403096981-1664155051-1382","FqbnLength":"119","TargetProcessId":"8932","PolicyName":"EXE","FullFilePathLength":"30","RuleName":"(Default Rule) All files located in the Windows folder"},"process":{"thread":{"id":3400},"pid":7960},"channel":"Microsoft-Windows-AppLocker/EXE and DLL","api":"wineventlog","event_id":8002,"provider_guid":"{cbda4dbf-8d5d-4f69-9578-be14aa540d22}","provider_name":"Microsoft-Windows-AppLocker"}}
{"@version":"1","message":"L’exécution de %SYSTEM32%\\NLTEST.EXE a été autorisée.","event":{"created":"2023-09-08T13:15:24.019Z","code":8002,"provider":"Microsoft-Windows-AppLocker","kind":"event","original":"L’exécution de %SYSTEM32%\\NLTEST.EXE a été autorisée."},"collector_node_id":"WINF148104FR","@timestamp":"2023-09-08T13:15:23.660Z","agent":{"id":"f087d310-4eed-48d8-ba60-041b027dd6fa","name":"WINF148104FR","ephemeral_id":"af4af741-de30-4778-8118-3d804a8b90a3","hostname":"WINF148104FR","type":"winlogbeat","version":"7.11.1"},"gl2_source_collector":"f2fdff80-b545-496c-a718-b68f491f256a","log":{"level":"information"},"tags":["applocker","beats_input_codec_plain_applied"],"ecs":{"version":"1.7.0"},"host":{"name":"WINF148104FR.demo.io"},"winlog":{"opcode":"Informations","record_id":1616,"task":"","user":{"name":"aausmu","type":"User","identifier":"S-1-5-21-2376127652-1403096981-1664155051-1382","domain":"DEMO"},"computer_name":"WINF148104FR.demo.io","user_data":{"RuleSddlLength":"57","PolicyNameLength":"3","Fqbn":"O=MICROSOFT CORPORATION, L=REDMOND, S=WASHINGTON, C=US\\MICROSOFT® WINDOWS® OPERATING SYSTEM\\NLTESTRK.EXE\\10.0.20348.587","FilePathLength":"21","FilePath":"%SYSTEM32%\\NLTEST.EXE","FileHash":"90A98D32DC91326C8AD51FF1AA885A889361625B094B43D56B2207297622D9C9","FullFilePath":"C:\\WINDOWS\\system32\\nltest.exe","RuleSddl":"D:(XA;;FX;;;S-1-1-0;(APPID://PATH Contains \"%WINDIR%\\*\"))","xml_name":"RuleAndFileData","RuleNameLength":"54","TargetUser":"S-1-5-21-2376127652-1403096981-1664155051-1382","FileHashLength":"32","RuleId":"{a61c8b2c-a319-4cd0-9690-d2177cad7b51}","TargetLogonId":"0x1004204","FqbnLength":"119","TargetProcessId":"8472","PolicyName":"EXE","FullFilePathLength":"30","RuleName":"(Default Rule) All files located in the Windows folder"},"process":{"pid":5468,"thread":{"id":6564}},"channel":"Microsoft-Windows-AppLocker/EXE and DLL","api":"wineventlog","event_id":8002,"provider_guid":"{cbda4dbf-8d5d-4f69-9578-be14aa540d22}","provider_name":"Microsoft-Windows-AppLocker"}}
{"@version":"1","message":"L’exécution de %OSDRIVE%\\USERS\\AAUSMU\\APPDATA\\LOCAL\\TEMP\\__PSSCRIPTPOLICYTEST_ZORJ0LET.CHB.PS1 a été autorisée mais elle aurait été empêchée si la stratégie AppLocker avait été appliquée.","event":{"created":"2023-09-08T13:15:24.927Z","code":8006,"provider":"Microsoft-Windows-AppLocker","kind":"event","original":"L’exécution de %OSDRIVE%\\USERS\\AAUSMU\\APPDATA\\LOCAL\\TEMP\\__PSSCRIPTPOLICYTEST_ZORJ0LET.CHB.PS1 a été autorisée mais elle aurait été empêchée si la stratégie AppLocker avait été appliquée."},"collector_node_id":"WINF148104FR","@timestamp":"2023-09-08T13:15:23.315Z","agent":{"id":"f087d310-4eed-48d8-ba60-041b027dd6fa","ephemeral_id":"af4af741-de30-4778-8118-3d804a8b90a3","name":"WINF148104FR","hostname":"WINF148104FR","type":"winlogbeat","version":"7.11.1"},"gl2_source_collector":"f2fdff80-b545-496c-a718-b68f491f256a","log":{"level":"avertissement"},"tags":["applocker","beats_input_codec_plain_applied"],"host":{"name":"WINF148104FR.demo.io"},"ecs":{"version":"1.7.0"},"winlog":{"opcode":"Informations","record_id":212,"task":"","user":{"name":"aausmu","type":"User","identifier":"S-1-5-21-2376127652-1403096981-1664155051-1382","domain":"DEMO"},"computer_name":"WINF148104FR.demo.io","activity_id":"{74e957bf-e225-0000-9c81-ea7425e2d901}","user_data":{"RuleSddlLength":"1","PolicyNameLength":"6","FilePathLength":"79","Fqbn":"-","RuleSddl":"-","FileHash":"96AD1146EB96877EAB5942AE0736B82D8B5E2039A80D3D6932665C1A4C87DCF7","xml_name":"RuleAndFileData","FullFilePath":"C:\\Users\\aausmu\\AppData\\Local\\Temp\\__PSScriptPolicyTest_zorj0let.chb.ps1","FilePath":"%OSDRIVE%\\USERS\\AAUSMU\\APPDATA\\LOCAL\\TEMP\\__PSSCRIPTPOLICYTEST_ZORJ0LET.CHB.PS1","RuleNameLength":"1","TargetUser":"S-1-5-21-2376127652-1403096981-1664155051-1382","FileHashLength":"32","RuleId":"{00000000-0000-0000-0000-000000000000}","TargetLogonId":"0x1004204","FqbnLength":"1","TargetProcessId":"5468","PolicyName":"SCRIPT","FullFilePathLength":"72","RuleName":"-"},"process":{"thread":{"id":7588},"pid":5468},"channel":"Microsoft-Windows-AppLocker/MSI and Script","api":"wineventlog","event_id":8006,"provider_guid":"{cbda4dbf-8d5d-4f69-9578-be14aa540d22}","provider_name":"Microsoft-Windows-AppLocker"}}
{"@version":"1","message":"L’exécution de %OSDRIVE%\\USERS\\AAUSMU\\APPS\\SCRIPTS\\ORIENTATION-POWER12.PS1 a été autorisée mais elle aurait été empêchée si la stratégie AppLocker avait été appliquée.","event":{"created":"2023-09-08T13:15:24.927Z","code":8006,"provider":"Microsoft-Windows-AppLocker","kind":"event","original":"L’exécution de %OSDRIVE%\\USERS\\AAUSMU\\APPS\\SCRIPTS\\ORIENTATION-POWER12.PS1 a été autorisée mais elle aurait été empêchée si la stratégie AppLocker avait été appliquée."},"collector_node_id":"WINF148104FR","@timestamp":"2023-09-08T13:15:23.498Z","agent":{"id":"f087d310-4eed-48d8-ba60-041b027dd6fa","ephemeral_id":"af4af741-de30-4778-8118-3d804a8b90a3","name":"WINF148104FR","hostname":"WINF148104FR","type":"winlogbeat","version":"7.11.1"},"gl2_source_collector":"f2fdff80-b545-496c-a718-b68f491f256a","log":{"level":"avertissement"},"tags":["applocker","beats_input_codec_plain_applied"],"ecs":{"version":"1.7.0"},"host":{"name":"WINF148104FR.demo.io"},"winlog":{"record_id":213,"opcode":"Informations","task":"","user":{"name":"aausmu","type":"User","identifier":"S-1-5-21-2376127652-1403096981-1664155051-1382","domain":"DEMO"},"computer_name":"WINF148104FR.demo.io","user_data":{"RuleSddlLength":"1","Fqbn":"-","PolicyNameLength":"6","FilePathLength":"59","RuleSddl":"-","FileHash":"E0BCC371B71A6A625F28052849C2A8B72CD797B95F1FD6D4BEE956B9546F9E4F","FullFilePath":"C:\\Users\\aausmu\\Apps\\Scripts\\orientation-power12.ps1","FilePath":"%OSDRIVE%\\USERS\\AAUSMU\\APPS\\SCRIPTS\\ORIENTATION-POWER12.PS1","xml_name":"RuleAndFileData","RuleNameLength":"1","TargetLogonId":"0x1004204","FileHashLength":"32","RuleId":"{00000000-0000-0000-0000-000000000000}","TargetUser":"S-1-5-21-2376127652-1403096981-1664155051-1382","FqbnLength":"1","TargetProcessId":"7960","PolicyName":"SCRIPT","FullFilePathLength":"52","RuleName":"-"},"process":{"pid":7960,"thread":{"id":3400}},"channel":"Microsoft-Windows-AppLocker/MSI and Script","api":"wineventlog","event_id":8006,"provider_guid":"{cbda4dbf-8d5d-4f69-9578-be14aa540d22}","provider_name":"Microsoft-Windows-AppLocker"}}
{"@version":"1","message":"L’exécution de %OSDRIVE%\\USERS\\AAUSMU\\APPS\\SCRIPTS\\ORIENTATION-POWER11.PS1 a été autorisée mais elle aurait été empêchée si la stratégie AppLocker avait été appliquée.","event":{"created":"2023-09-08T13:15:24.927Z","code":8006,"provider":"Microsoft-Windows-AppLocker","kind":"event","original":"L’exécution de %OSDRIVE%\\USERS\\AAUSMU\\APPS\\SCRIPTS\\ORIENTATION-POWER11.PS1 a été autorisée mais elle aurait été empêchée si la stratégie AppLocker avait été appliquée."},"collector_node_id":"WINF148104FR","@timestamp":"2023-09-08T13:15:23.549Z","agent":{"name":"WINF148104FR","ephemeral_id":"af4af741-de30-4778-8118-3d804a8b90a3","id":"f087d310-4eed-48d8-ba60-041b027dd6fa","hostname":"WINF148104FR","type":"winlogbeat","version":"7.11.1"},"gl2_source_collector":"f2fdff80-b545-496c-a718-b68f491f256a","log":{"level":"avertissement"},"tags":["applocker","beats_input_codec_plain_applied"],"ecs":{"version":"1.7.0"},"host":{"name":"WINF148104FR.demo.io"},"winlog":{"record_id":214,"opcode":"Informations","task":"","user":{"name":"aausmu","type":"User","identifier":"S-1-5-21-2376127652-1403096981-1664155051-1382","domain":"DEMO"},"computer_name":"WINF148104FR.demo.io","user_data":{"RuleSddlLength":"1","Fqbn":"-","PolicyNameLength":"6","FilePathLength":"59","RuleSddl":"-","FileHash":"C8BD6B6AFFE4CA81834BC76DA412C4A828A04F3C53D9151D5DAC26C8E9C04803","FullFilePath":"C:\\Users\\aausmu\\Apps\\Scripts\\orientation-power11.ps1","xml_name":"RuleAndFileData","FilePath":"%OSDRIVE%\\USERS\\AAUSMU\\APPS\\SCRIPTS\\ORIENTATION-POWER11.PS1","RuleNameLength":"1","TargetUser":"S-1-5-21-2376127652-1403096981-1664155051-1382","FileHashLength":"32","TargetLogonId":"0x1004204","RuleId":"{00000000-0000-0000-0000-000000000000}","FqbnLength":"1","TargetProcessId":"6276","PolicyName":"SCRIPT","FullFilePathLength":"52","RuleName":"-"},"process":{"pid":6276,"thread":{"id":8828}},"channel":"Microsoft-Windows-AppLocker/MSI and Script","api":"wineventlog","event_id":8006,"provider_guid":"{cbda4dbf-8d5d-4f69-9578-be14aa540d22}","provider_name":"Microsoft-Windows-AppLocker"}}
{"@version":"1","message":"L’exécution de %OSDRIVE%\\USERS\\AAUSMU\\APPS\\SCRIPTS\\ORIENTATION-POWER13.PS1 a été autorisée mais elle aurait été empêchée si la stratégie AppLocker avait été appliquée.","event":{"created":"2023-09-08T13:15:24.927Z","code":8006,"provider":"Microsoft-Windows-AppLocker","kind":"event","original":"L’exécution de %OSDRIVE%\\USERS\\AAUSMU\\APPS\\SCRIPTS\\ORIENTATION-POWER13.PS1 a été autorisée mais elle aurait été empêchée si la stratégie AppLocker avait été appliquée."},"collector_node_id":"WINF148104FR","@timestamp":"2023-09-08T13:15:23.587Z","agent":{"name":"WINF148104FR","ephemeral_id":"af4af741-de30-4778-8118-3d804a8b90a3","id":"f087d310-4eed-48d8-ba60-041b027dd6fa","hostname":"WINF148104FR","type":"winlogbeat","version":"7.11.1"},"gl2_source_collector":"f2fdff80-b545-496c-a718-b68f491f256a","log":{"level":"avertissement"},"tags":["applocker","beats_input_codec_plain_applied"],"host":{"name":"WINF148104FR.demo.io"},"ecs":{"version":"1.7.0"},"winlog":{"opcode":"Informations","record_id":215,"task":"","user":{"name":"aausmu","type":"User","identifier":"S-1-5-21-2376127652-1403096981-1664155051-1382","domain":"DEMO"},"computer_name":"WINF148104FR.demo.io","user_data":{"RuleSddlLength":"1","PolicyNameLength":"6","FilePathLength":"59","Fqbn":"-","RuleSddl":"-","FilePath":"%OSDRIVE%\\USERS\\AAUSMU\\APPS\\SCRIPTS\\ORIENTATION-POWER13.PS1","xml_name":"RuleAndFileData","FileHash":"344335F55BB6E83B8CBCC56A5C835BC4647C54B6003DA3DD5ABBCA54BA4A0DD0","FullFilePath":"C:\\Users\\aausmu\\Apps\\Scripts\\orientation-power13.ps1","RuleNameLength":"1","TargetUser":"S-1-5-21-2376127652-1403096981-1664155051-1382","FileHashLength":"32","RuleId":"{00000000-0000-0000-0000-000000000000}","TargetLogonId":"0x1004204","FqbnLength":"1","TargetProcessId":"5468","PolicyName":"SCRIPT","FullFilePathLength":"52","RuleName":"-"},"process":{"pid":5468,"thread":{"id":6564}},"channel":"Microsoft-Windows-AppLocker/MSI and Script","api":"wineventlog","event_id":8006,"provider_guid":"{cbda4dbf-8d5d-4f69-9578-be14aa540d22}","provider_name":"Microsoft-Windows-AppLocker"}}
